<?xml version="1.0" encoding="UTF-8"?>
<testsuite xmlns:xsi="http://www.w3.org/2001/XMLSchema-instance" xsi:noNamespaceSchemaLocation="https://maven.apache.org/surefire/maven-surefire-plugin/xsd/surefire-test-report-3.0.xsd" version="3.0" name="com.snowflake.kafka.security.KafkaSecurityConfigTest" time="0.264" tests="12" errors="0" skipped="0" failures="0">
  <properties>
    <property name="java.specification.version" value="21"/>
    <property name="sun.jnu.encoding" value="UTF-8"/>
    <property name="java.class.path" value="/Users/tspann/Downloads/code/cursorai/SnowflakeToKafkaCDC/target/test-classes:/Users/tspann/Downloads/code/cursorai/SnowflakeToKafkaCDC/target/classes:/Users/tspann/.m2/repository/net/snowflake/snowflake-jdbc/3.14.4/snowflake-jdbc-3.14.4.jar:/Users/tspann/.m2/repository/org/apache/kafka/kafka-clients/3.6.0/kafka-clients-3.6.0.jar:/Users/tspann/.m2/repository/com/github/luben/zstd-jni/1.5.5-1/zstd-jni-1.5.5-1.jar:/Users/tspann/.m2/repository/org/lz4/lz4-java/1.8.0/lz4-java-1.8.0.jar:/Users/tspann/.m2/repository/org/xerial/snappy/snappy-java/1.1.10.4/snappy-java-1.1.10.4.jar:/Users/tspann/.m2/repository/com/fasterxml/jackson/core/jackson-databind/2.16.0/jackson-databind-2.16.0.jar:/Users/tspann/.m2/repository/com/fasterxml/jackson/core/jackson-annotations/2.16.0/jackson-annotations-2.16.0.jar:/Users/tspann/.m2/repository/com/fasterxml/jackson/core/jackson-core/2.16.0/jackson-core-2.16.0.jar:/Users/tspann/.m2/repository/com/fasterxml/jackson/datatype/jackson-datatype-jsr310/2.16.0/jackson-datatype-jsr310-2.16.0.jar:/Users/tspann/.m2/repository/com/zaxxer/HikariCP/5.1.0/HikariCP-5.1.0.jar:/Users/tspann/.m2/repository/org/apache/commons/commons-pool2/2.12.0/commons-pool2-2.12.0.jar:/Users/tspann/.m2/repository/org/slf4j/slf4j-api/2.0.9/slf4j-api-2.0.9.jar:/Users/tspann/.m2/repository/ch/qos/logback/logback-classic/1.4.14/logback-classic-1.4.14.jar:/Users/tspann/.m2/repository/ch/qos/logback/logback-core/1.4.14/logback-core-1.4.14.jar:/Users/tspann/.m2/repository/io/micrometer/micrometer-core/1.12.0/micrometer-core-1.12.0.jar:/Users/tspann/.m2/repository/io/micrometer/micrometer-commons/1.12.0/micrometer-commons-1.12.0.jar:/Users/tspann/.m2/repository/io/micrometer/micrometer-observation/1.12.0/micrometer-observation-1.12.0.jar:/Users/tspann/.m2/repository/org/hdrhistogram/HdrHistogram/2.1.12/HdrHistogram-2.1.12.jar:/Users/tspann/.m2/repository/org/latencyutils/LatencyUtils/2.0.3/LatencyUtils-2.0.3.jar:/Users/tspann/.m2/repository/io/micrometer/micrometer-registry-jmx/1.12.0/micrometer-registry-jmx-1.12.0.jar:/Users/tspann/.m2/repository/io/dropwizard/metrics/metrics-jmx/4.2.22/metrics-jmx-4.2.22.jar:/Users/tspann/.m2/repository/io/dropwizard/metrics/metrics-core/4.2.22/metrics-core-4.2.22.jar:/Users/tspann/.m2/repository/org/bouncycastle/bcpkix-jdk18on/1.77/bcpkix-jdk18on-1.77.jar:/Users/tspann/.m2/repository/org/bouncycastle/bcutil-jdk18on/1.77/bcutil-jdk18on-1.77.jar:/Users/tspann/.m2/repository/org/bouncycastle/bcprov-jdk18on/1.77/bcprov-jdk18on-1.77.jar:/Users/tspann/.m2/repository/com/typesafe/config/1.4.3/config-1.4.3.jar:/Users/tspann/.m2/repository/org/junit/jupiter/junit-jupiter/5.10.1/junit-jupiter-5.10.1.jar:/Users/tspann/.m2/repository/org/junit/jupiter/junit-jupiter-api/5.10.1/junit-jupiter-api-5.10.1.jar:/Users/tspann/.m2/repository/org/opentest4j/opentest4j/1.3.0/opentest4j-1.3.0.jar:/Users/tspann/.m2/repository/org/junit/platform/junit-platform-commons/1.10.1/junit-platform-commons-1.10.1.jar:/Users/tspann/.m2/repository/org/apiguardian/apiguardian-api/1.1.2/apiguardian-api-1.1.2.jar:/Users/tspann/.m2/repository/org/junit/jupiter/junit-jupiter-params/5.10.1/junit-jupiter-params-5.10.1.jar:/Users/tspann/.m2/repository/org/junit/jupiter/junit-jupiter-engine/5.10.1/junit-jupiter-engine-5.10.1.jar:/Users/tspann/.m2/repository/org/junit/platform/junit-platform-engine/1.10.1/junit-platform-engine-1.10.1.jar:/Users/tspann/.m2/repository/org/testcontainers/junit-jupiter/1.19.3/junit-jupiter-1.19.3.jar:/Users/tspann/.m2/repository/org/testcontainers/testcontainers/1.19.3/testcontainers-1.19.3.jar:/Users/tspann/.m2/repository/junit/junit/4.13.2/junit-4.13.2.jar:/Users/tspann/.m2/repository/org/hamcrest/hamcrest-core/1.3/hamcrest-core-1.3.jar:/Users/tspann/.m2/repository/org/apache/commons/commons-compress/1.24.0/commons-compress-1.24.0.jar:/Users/tspann/.m2/repository/org/rnorth/duct-tape/duct-tape/1.0.8/duct-tape-1.0.8.jar:/Users/tspann/.m2/repository/org/jetbrains/annotations/17.0.0/annotations-17.0.0.jar:/Users/tspann/.m2/repository/com/github/docker-java/docker-java-api/3.3.4/docker-java-api-3.3.4.jar:/Users/tspann/.m2/repository/com/github/docker-java/docker-java-transport-zerodep/3.3.4/docker-java-transport-zerodep-3.3.4.jar:/Users/tspann/.m2/repository/com/github/docker-java/docker-java-transport/3.3.4/docker-java-transport-3.3.4.jar:/Users/tspann/.m2/repository/net/java/dev/jna/jna/5.13.0/jna-5.13.0.jar:/Users/tspann/.m2/repository/org/testcontainers/kafka/1.19.3/kafka-1.19.3.jar:/Users/tspann/.m2/repository/org/mockito/mockito-core/5.8.0/mockito-core-5.8.0.jar:/Users/tspann/.m2/repository/net/bytebuddy/byte-buddy/1.14.10/byte-buddy-1.14.10.jar:/Users/tspann/.m2/repository/net/bytebuddy/byte-buddy-agent/1.14.10/byte-buddy-agent-1.14.10.jar:/Users/tspann/.m2/repository/org/objenesis/objenesis/3.3/objenesis-3.3.jar:"/>
    <property name="java.vm.vendor" value="Eclipse Adoptium"/>
    <property name="sun.arch.data.model" value="64"/>
    <property name="java.vendor.url" value="https://adoptium.net/"/>
    <property name="user.timezone" value="America/New_York"/>
    <property name="os.name" value="Mac OS X"/>
    <property name="java.vm.specification.version" value="21"/>
    <property name="sun.java.launcher" value="SUN_STANDARD"/>
    <property name="user.country" value="US"/>
    <property name="sun.boot.library.path" value="/Users/tspann/.sdkman/candidates/java/21.0.6-tem/lib"/>
    <property name="sun.java.command" value="/Users/tspann/Downloads/code/cursorai/SnowflakeToKafkaCDC/target/surefire/surefirebooter-20251003165408133_3.jar /Users/tspann/Downloads/code/cursorai/SnowflakeToKafkaCDC/target/surefire 2025-10-03T16-54-08_094-jvmRun1 surefire-20251003165408133_1tmp surefire_0-20251003165408133_2tmp"/>
    <property name="http.nonProxyHosts" value="local|*.local|169.254/16|*.169.254/16"/>
    <property name="jdk.debug" value="release"/>
    <property name="surefire.test.class.path" value="/Users/tspann/Downloads/code/cursorai/SnowflakeToKafkaCDC/target/test-classes:/Users/tspann/Downloads/code/cursorai/SnowflakeToKafkaCDC/target/classes:/Users/tspann/.m2/repository/net/snowflake/snowflake-jdbc/3.14.4/snowflake-jdbc-3.14.4.jar:/Users/tspann/.m2/repository/org/apache/kafka/kafka-clients/3.6.0/kafka-clients-3.6.0.jar:/Users/tspann/.m2/repository/com/github/luben/zstd-jni/1.5.5-1/zstd-jni-1.5.5-1.jar:/Users/tspann/.m2/repository/org/lz4/lz4-java/1.8.0/lz4-java-1.8.0.jar:/Users/tspann/.m2/repository/org/xerial/snappy/snappy-java/1.1.10.4/snappy-java-1.1.10.4.jar:/Users/tspann/.m2/repository/com/fasterxml/jackson/core/jackson-databind/2.16.0/jackson-databind-2.16.0.jar:/Users/tspann/.m2/repository/com/fasterxml/jackson/core/jackson-annotations/2.16.0/jackson-annotations-2.16.0.jar:/Users/tspann/.m2/repository/com/fasterxml/jackson/core/jackson-core/2.16.0/jackson-core-2.16.0.jar:/Users/tspann/.m2/repository/com/fasterxml/jackson/datatype/jackson-datatype-jsr310/2.16.0/jackson-datatype-jsr310-2.16.0.jar:/Users/tspann/.m2/repository/com/zaxxer/HikariCP/5.1.0/HikariCP-5.1.0.jar:/Users/tspann/.m2/repository/org/apache/commons/commons-pool2/2.12.0/commons-pool2-2.12.0.jar:/Users/tspann/.m2/repository/org/slf4j/slf4j-api/2.0.9/slf4j-api-2.0.9.jar:/Users/tspann/.m2/repository/ch/qos/logback/logback-classic/1.4.14/logback-classic-1.4.14.jar:/Users/tspann/.m2/repository/ch/qos/logback/logback-core/1.4.14/logback-core-1.4.14.jar:/Users/tspann/.m2/repository/io/micrometer/micrometer-core/1.12.0/micrometer-core-1.12.0.jar:/Users/tspann/.m2/repository/io/micrometer/micrometer-commons/1.12.0/micrometer-commons-1.12.0.jar:/Users/tspann/.m2/repository/io/micrometer/micrometer-observation/1.12.0/micrometer-observation-1.12.0.jar:/Users/tspann/.m2/repository/org/hdrhistogram/HdrHistogram/2.1.12/HdrHistogram-2.1.12.jar:/Users/tspann/.m2/repository/org/latencyutils/LatencyUtils/2.0.3/LatencyUtils-2.0.3.jar:/Users/tspann/.m2/repository/io/micrometer/micrometer-registry-jmx/1.12.0/micrometer-registry-jmx-1.12.0.jar:/Users/tspann/.m2/repository/io/dropwizard/metrics/metrics-jmx/4.2.22/metrics-jmx-4.2.22.jar:/Users/tspann/.m2/repository/io/dropwizard/metrics/metrics-core/4.2.22/metrics-core-4.2.22.jar:/Users/tspann/.m2/repository/org/bouncycastle/bcpkix-jdk18on/1.77/bcpkix-jdk18on-1.77.jar:/Users/tspann/.m2/repository/org/bouncycastle/bcutil-jdk18on/1.77/bcutil-jdk18on-1.77.jar:/Users/tspann/.m2/repository/org/bouncycastle/bcprov-jdk18on/1.77/bcprov-jdk18on-1.77.jar:/Users/tspann/.m2/repository/com/typesafe/config/1.4.3/config-1.4.3.jar:/Users/tspann/.m2/repository/org/junit/jupiter/junit-jupiter/5.10.1/junit-jupiter-5.10.1.jar:/Users/tspann/.m2/repository/org/junit/jupiter/junit-jupiter-api/5.10.1/junit-jupiter-api-5.10.1.jar:/Users/tspann/.m2/repository/org/opentest4j/opentest4j/1.3.0/opentest4j-1.3.0.jar:/Users/tspann/.m2/repository/org/junit/platform/junit-platform-commons/1.10.1/junit-platform-commons-1.10.1.jar:/Users/tspann/.m2/repository/org/apiguardian/apiguardian-api/1.1.2/apiguardian-api-1.1.2.jar:/Users/tspann/.m2/repository/org/junit/jupiter/junit-jupiter-params/5.10.1/junit-jupiter-params-5.10.1.jar:/Users/tspann/.m2/repository/org/junit/jupiter/junit-jupiter-engine/5.10.1/junit-jupiter-engine-5.10.1.jar:/Users/tspann/.m2/repository/org/junit/platform/junit-platform-engine/1.10.1/junit-platform-engine-1.10.1.jar:/Users/tspann/.m2/repository/org/testcontainers/junit-jupiter/1.19.3/junit-jupiter-1.19.3.jar:/Users/tspann/.m2/repository/org/testcontainers/testcontainers/1.19.3/testcontainers-1.19.3.jar:/Users/tspann/.m2/repository/junit/junit/4.13.2/junit-4.13.2.jar:/Users/tspann/.m2/repository/org/hamcrest/hamcrest-core/1.3/hamcrest-core-1.3.jar:/Users/tspann/.m2/repository/org/apache/commons/commons-compress/1.24.0/commons-compress-1.24.0.jar:/Users/tspann/.m2/repository/org/rnorth/duct-tape/duct-tape/1.0.8/duct-tape-1.0.8.jar:/Users/tspann/.m2/repository/org/jetbrains/annotations/17.0.0/annotations-17.0.0.jar:/Users/tspann/.m2/repository/com/github/docker-java/docker-java-api/3.3.4/docker-java-api-3.3.4.jar:/Users/tspann/.m2/repository/com/github/docker-java/docker-java-transport-zerodep/3.3.4/docker-java-transport-zerodep-3.3.4.jar:/Users/tspann/.m2/repository/com/github/docker-java/docker-java-transport/3.3.4/docker-java-transport-3.3.4.jar:/Users/tspann/.m2/repository/net/java/dev/jna/jna/5.13.0/jna-5.13.0.jar:/Users/tspann/.m2/repository/org/testcontainers/kafka/1.19.3/kafka-1.19.3.jar:/Users/tspann/.m2/repository/org/mockito/mockito-core/5.8.0/mockito-core-5.8.0.jar:/Users/tspann/.m2/repository/net/bytebuddy/byte-buddy/1.14.10/byte-buddy-1.14.10.jar:/Users/tspann/.m2/repository/net/bytebuddy/byte-buddy-agent/1.14.10/byte-buddy-agent-1.14.10.jar:/Users/tspann/.m2/repository/org/objenesis/objenesis/3.3/objenesis-3.3.jar:"/>
    <property name="sun.cpu.endian" value="little"/>
    <property name="user.home" value="/Users/tspann"/>
    <property name="user.language" value="en"/>
    <property name="java.specification.vendor" value="Oracle Corporation"/>
    <property name="java.version.date" value="2025-01-21"/>
    <property name="java.home" value="/Users/tspann/.sdkman/candidates/java/21.0.6-tem"/>
    <property name="file.separator" value="/"/>
    <property name="basedir" value="/Users/tspann/Downloads/code/cursorai/SnowflakeToKafkaCDC"/>
    <property name="java.vm.compressedOopsMode" value="Zero based"/>
    <property name="line.separator" value="&#10;"/>
    <property name="java.vm.specification.vendor" value="Oracle Corporation"/>
    <property name="java.specification.name" value="Java Platform API Specification"/>
    <property name="apple.awt.application.name" value="ForkedBooter"/>
    <property name="surefire.real.class.path" value="/Users/tspann/Downloads/code/cursorai/SnowflakeToKafkaCDC/target/surefire/surefirebooter-20251003165408133_3.jar"/>
    <property name="sun.management.compiler" value="HotSpot 64-Bit Tiered Compilers"/>
    <property name="ftp.nonProxyHosts" value="local|*.local|169.254/16|*.169.254/16"/>
    <property name="java.runtime.version" value="21.0.6+7-LTS"/>
    <property name="user.name" value="tspann"/>
    <property name="stdout.encoding" value="UTF-8"/>
    <property name="path.separator" value=":"/>
    <property name="os.version" value="15.7.1"/>
    <property name="java.runtime.name" value="OpenJDK Runtime Environment"/>
    <property name="file.encoding" value="UTF-8"/>
    <property name="java.vm.name" value="OpenJDK 64-Bit Server VM"/>
    <property name="java.vendor.version" value="Temurin-21.0.6+7"/>
    <property name="localRepository" value="/Users/tspann/.m2/repository"/>
    <property name="java.vendor.url.bug" value="https://github.com/adoptium/adoptium-support/issues"/>
    <property name="java.io.tmpdir" value="/var/folders/r0/v5b3ymjx2kj9nf26pmtv2rcr0000gn/T/"/>
    <property name="java.version" value="21.0.6"/>
    <property name="user.dir" value="/Users/tspann/Downloads/code/cursorai/SnowflakeToKafkaCDC"/>
    <property name="os.arch" value="aarch64"/>
    <property name="java.vm.specification.name" value="Java Virtual Machine Specification"/>
    <property name="native.encoding" value="UTF-8"/>
    <property name="java.library.path" value="/Users/tspann/Library/Java/Extensions:/Library/Java/Extensions:/Network/Library/Java/Extensions:/System/Library/Java/Extensions:/usr/lib/java:."/>
    <property name="java.vm.info" value="mixed mode, sharing"/>
    <property name="stderr.encoding" value="UTF-8"/>
    <property name="java.vendor" value="Eclipse Adoptium"/>
    <property name="java.vm.version" value="21.0.6+7-LTS"/>
    <property name="sun.io.unicode.encoding" value="UnicodeBig"/>
    <property name="socksNonProxyHosts" value="local|*.local|169.254/16|*.169.254/16"/>
    <property name="java.class.version" value="65.0"/>
  </properties>
  <testcase name="testSecuritySummaryToString" classname="com.snowflake.kafka.security.KafkaSecurityConfigTest" time="0.061">
    <system-out><![CDATA[16:54:08.455 [main] INFO com.snowflake.kafka.security.KafkaSecurityConfig -- Kafka security configuration validation successful
16:54:08.457 [main] INFO com.snowflake.kafka.security.KafkaSecurityConfig -- Kafka security configuration initialized: protocol=SASL_SSL, mechanism=SCRAM_SHA_256
]]></system-out>
  </testcase>
  <testcase name="testCustomJaasConfiguration" classname="com.snowflake.kafka.security.KafkaSecurityConfigTest" time="0.004">
    <system-out><![CDATA[16:54:08.465 [main] INFO com.snowflake.kafka.security.KafkaSecurityConfig -- Kafka security configuration validation successful
16:54:08.465 [main] INFO com.snowflake.kafka.security.KafkaSecurityConfig -- Kafka security configuration initialized: protocol=SASL_PLAINTEXT, mechanism=PLAIN
16:54:08.465 [main] DEBUG com.snowflake.kafka.security.KafkaSecurityConfig -- Configured SASL settings for Kafka with mechanism: PLAIN
16:54:08.465 [main] DEBUG com.snowflake.kafka.security.KafkaSecurityConfig -- Configured additional security settings for Kafka
16:54:08.465 [main] DEBUG com.snowflake.kafka.security.KafkaSecurityConfig -- Created secure Kafka producer properties with 7 entries
]]></system-out>
  </testcase>
  <testcase name="testSSLConnectivityTest" classname="com.snowflake.kafka.security.KafkaSecurityConfigTest" time="0.037">
    <system-out><![CDATA[16:54:08.469 [main] INFO com.snowflake.kafka.security.KafkaSecurityConfig -- Kafka security configuration validation successful
16:54:08.469 [main] INFO com.snowflake.kafka.security.KafkaSecurityConfig -- Kafka security configuration initialized: protocol=SSL, mechanism=null
16:54:08.503 [main] INFO com.snowflake.kafka.security.KafkaSecurityConfig -- SSL connectivity test successful
16:54:08.503 [main] INFO com.snowflake.kafka.security.KafkaSecurityConfig -- Kafka security configuration validation successful
16:54:08.503 [main] INFO com.snowflake.kafka.security.KafkaSecurityConfig -- Kafka security configuration initialized: protocol=PLAINTEXT, mechanism=null
]]></system-out>
  </testcase>
  <testcase name="testPerformanceWithSecuritySettings" classname="com.snowflake.kafka.security.KafkaSecurityConfigTest" time="0.037">
    <system-out><![CDATA[16:54:08.508 [main] INFO com.snowflake.kafka.security.KafkaSecurityConfig -- Kafka security configuration validation successful
16:54:08.509 [main] INFO com.snowflake.kafka.security.KafkaSecurityConfig -- Kafka security configuration initialized: protocol=SSL, mechanism=null
16:54:08.509 [main] DEBUG com.snowflake.kafka.security.KafkaSecurityConfig -- Configured SSL settings for Kafka
16:54:08.509 [main] DEBUG com.snowflake.kafka.security.KafkaSecurityConfig -- Configured additional security settings for Kafka
16:54:08.509 [main] DEBUG com.snowflake.kafka.security.KafkaSecurityConfig -- Created secure Kafka producer properties with 18 entries
16:54:08.509 [main] DEBUG com.snowflake.kafka.security.KafkaSecurityConfig -- Configured SSL settings for Kafka
16:54:08.509 [main] DEBUG com.snowflake.kafka.security.KafkaSecurityConfig -- Configured additional security settings for Kafka
16:54:08.509 [main] DEBUG com.snowflake.kafka.security.KafkaSecurityConfig -- Created secure Kafka producer properties with 18 entries
16:54:08.509 [main] DEBUG com.snowflake.kafka.security.KafkaSecurityConfig -- Configured SSL settings for Kafka
16:54:08.509 [main] DEBUG com.snowflake.kafka.security.KafkaSecurityConfig -- Configured additional security settings for Kafka
16:54:08.509 [main] DEBUG com.snowflake.kafka.security.KafkaSecurityConfig -- Created secure Kafka producer properties with 18 entries
16:54:08.509 [main] DEBUG com.snowflake.kafka.security.KafkaSecurityConfig -- Configured SSL settings for Kafka
16:54:08.509 [main] DEBUG com.snowflake.kafka.security.KafkaSecurityConfig -- Configured additional security settings for Kafka
16:54:08.509 [main] DEBUG com.snowflake.kafka.security.KafkaSecurityConfig -- Created secure Kafka producer properties with 18 entries
16:54:08.510 [main] DEBUG com.snowflake.kafka.security.KafkaSecurityConfig -- Configured SSL settings for Kafka
16:54:08.510 [main] DEBUG com.snowflake.kafka.security.KafkaSecurityConfig -- Configured additional security settings for Kafka
16:54:08.510 [main] DEBUG com.snowflake.kafka.security.KafkaSecurityConfig -- Created secure Kafka producer properties with 18 entries
16:54:08.510 [main] DEBUG com.snowflake.kafka.security.KafkaSecurityConfig -- Configured SSL settings for Kafka
16:54:08.510 [main] DEBUG com.snowflake.kafka.security.KafkaSecurityConfig -- Configured additional security settings for Kafka
16:54:08.510 [main] DEBUG com.snowflake.kafka.security.KafkaSecurityConfig -- Created secure Kafka producer properties with 18 entries
16:54:08.510 [main] DEBUG com.snowflake.kafka.security.KafkaSecurityConfig -- Configured SSL settings for Kafka
16:54:08.510 [main] DEBUG com.snowflake.kafka.security.KafkaSecurityConfig -- Configured additional security settings for Kafka
16:54:08.510 [main] DEBUG com.snowflake.kafka.security.KafkaSecurityConfig -- Created secure Kafka producer properties with 18 entries
16:54:08.510 [main] DEBUG com.snowflake.kafka.security.KafkaSecurityConfig -- Configured SSL settings for Kafka
16:54:08.510 [main] DEBUG com.snowflake.kafka.security.KafkaSecurityConfig -- Configured additional security settings for Kafka
16:54:08.510 [main] DEBUG com.snowflake.kafka.security.KafkaSecurityConfig -- Created secure Kafka producer properties with 18 entries
16:54:08.510 [main] DEBUG com.snowflake.kafka.security.KafkaSecurityConfig -- Configured SSL settings for Kafka
16:54:08.510 [main] DEBUG com.snowflake.kafka.security.KafkaSecurityConfig -- Configured additional security settings for Kafka
16:54:08.510 [main] DEBUG com.snowflake.kafka.security.KafkaSecurityConfig -- Created secure Kafka producer properties with 18 entries
16:54:08.510 [main] DEBUG com.snowflake.kafka.security.KafkaSecurityConfig -- Configured SSL settings for Kafka
16:54:08.510 [main] DEBUG com.snowflake.kafka.security.KafkaSecurityConfig -- Configured additional security settings for Kafka
16:54:08.510 [main] DEBUG com.snowflake.kafka.security.KafkaSecurityConfig -- Created secure Kafka producer properties with 18 entries
16:54:08.510 [main] DEBUG com.snowflake.kafka.security.KafkaSecurityConfig -- Configured SSL settings for Kafka
16:54:08.510 [main] DEBUG com.snowflake.kafka.security.KafkaSecurityConfig -- Configured additional security settings for Kafka
16:54:08.510 [main] DEBUG com.snowflake.kafka.security.KafkaSecurityConfig -- Created secure Kafka producer properties with 18 entries
16:54:08.510 [main] DEBUG com.snowflake.kafka.security.KafkaSecurityConfig -- Configured SSL settings for Kafka
16:54:08.510 [main] DEBUG com.snowflake.kafka.security.KafkaSecurityConfig -- Configured additional security settings for Kafka
16:54:08.510 [main] DEBUG com.snowflake.kafka.security.KafkaSecurityConfig -- Created secure Kafka producer properties with 18 entries
16:54:08.510 [main] DEBUG com.snowflake.kafka.security.KafkaSecurityConfig -- Configured SSL settings for Kafka
16:54:08.510 [main] DEBUG com.snowflake.kafka.security.KafkaSecurityConfig -- Configured additional security settings for Kafka
16:54:08.510 [main] DEBUG com.snowflake.kafka.security.KafkaSecurityConfig -- Created secure Kafka producer properties with 18 entries
16:54:08.510 [main] DEBUG com.snowflake.kafka.security.KafkaSecurityConfig -- Configured SSL settings for Kafka
16:54:08.510 [main] DEBUG com.snowflake.kafka.security.KafkaSecurityConfig -- Configured additional security settings for Kafka
16:54:08.510 [main] DEBUG com.snowflake.kafka.security.KafkaSecurityConfig -- Created secure Kafka producer properties with 18 entries
16:54:08.510 [main] DEBUG com.snowflake.kafka.security.KafkaSecurityConfig -- Configured SSL settings for Kafka
16:54:08.511 [main] DEBUG com.snowflake.kafka.security.KafkaSecurityConfig -- Configured additional security settings for Kafka
16:54:08.511 [main] DEBUG com.snowflake.kafka.security.KafkaSecurityConfig -- Created secure Kafka producer properties with 18 entries
16:54:08.511 [main] DEBUG com.snowflake.kafka.security.KafkaSecurityConfig -- Configured SSL settings for Kafka
16:54:08.511 [main] DEBUG com.snowflake.kafka.security.KafkaSecurityConfig -- Configured additional security settings for Kafka
16:54:08.511 [main] DEBUG com.snowflake.kafka.security.KafkaSecurityConfig -- Created secure Kafka producer properties with 18 entries
16:54:08.511 [main] DEBUG com.snowflake.kafka.security.KafkaSecurityConfig -- Configured SSL settings for Kafka
16:54:08.511 [main] DEBUG com.snowflake.kafka.security.KafkaSecurityConfig -- Configured additional security settings for Kafka
16:54:08.511 [main] DEBUG com.snowflake.kafka.security.KafkaSecurityConfig -- Created secure Kafka producer properties with 18 entries
16:54:08.511 [main] DEBUG com.snowflake.kafka.security.KafkaSecurityConfig -- Configured SSL settings for Kafka
16:54:08.511 [main] DEBUG com.snowflake.kafka.security.KafkaSecurityConfig -- Configured additional security settings for Kafka
16:54:08.511 [main] DEBUG com.snowflake.kafka.security.KafkaSecurityConfig -- Created secure Kafka producer properties with 18 entries
16:54:08.511 [main] DEBUG com.snowflake.kafka.security.KafkaSecurityConfig -- Configured SSL settings for Kafka
16:54:08.511 [main] DEBUG com.snowflake.kafka.security.KafkaSecurityConfig -- Configured additional security settings for Kafka
16:54:08.511 [main] DEBUG com.snowflake.kafka.security.KafkaSecurityConfig -- Created secure Kafka producer properties with 18 entries
16:54:08.511 [main] DEBUG com.snowflake.kafka.security.KafkaSecurityConfig -- Configured SSL settings for Kafka
16:54:08.511 [main] DEBUG com.snowflake.kafka.security.KafkaSecurityConfig -- Configured additional security settings for Kafka
16:54:08.511 [main] DEBUG com.snowflake.kafka.security.KafkaSecurityConfig -- Created secure Kafka producer properties with 18 entries
16:54:08.511 [main] DEBUG com.snowflake.kafka.security.KafkaSecurityConfig -- Configured SSL settings for Kafka
16:54:08.511 [main] DEBUG com.snowflake.kafka.security.KafkaSecurityConfig -- Configured additional security settings for Kafka
16:54:08.511 [main] DEBUG com.snowflake.kafka.security.KafkaSecurityConfig -- Created secure Kafka producer properties with 18 entries
16:54:08.511 [main] DEBUG com.snowflake.kafka.security.KafkaSecurityConfig -- Configured SSL settings for Kafka
16:54:08.511 [main] DEBUG com.snowflake.kafka.security.KafkaSecurityConfig -- Configured additional security settings for Kafka
16:54:08.511 [main] DEBUG com.snowflake.kafka.security.KafkaSecurityConfig -- Created secure Kafka producer properties with 18 entries
16:54:08.511 [main] DEBUG com.snowflake.kafka.security.KafkaSecurityConfig -- Configured SSL settings for Kafka
16:54:08.511 [main] DEBUG com.snowflake.kafka.security.KafkaSecurityConfig -- Configured additional security settings for Kafka
16:54:08.511 [main] DEBUG com.snowflake.kafka.security.KafkaSecurityConfig -- Created secure Kafka producer properties with 18 entries
16:54:08.511 [main] DEBUG com.snowflake.kafka.security.KafkaSecurityConfig -- Configured SSL settings for Kafka
16:54:08.511 [main] DEBUG com.snowflake.kafka.security.KafkaSecurityConfig -- Configured additional security settings for Kafka
16:54:08.511 [main] DEBUG com.snowflake.kafka.security.KafkaSecurityConfig -- Created secure Kafka producer properties with 18 entries
16:54:08.512 [main] DEBUG com.snowflake.kafka.security.KafkaSecurityConfig -- Configured SSL settings for Kafka
16:54:08.512 [main] DEBUG com.snowflake.kafka.security.KafkaSecurityConfig -- Configured additional security settings for Kafka
16:54:08.512 [main] DEBUG com.snowflake.kafka.security.KafkaSecurityConfig -- Created secure Kafka producer properties with 18 entries
16:54:08.512 [main] DEBUG com.snowflake.kafka.security.KafkaSecurityConfig -- Configured SSL settings for Kafka
16:54:08.512 [main] DEBUG com.snowflake.kafka.security.KafkaSecurityConfig -- Configured additional security settings for Kafka
16:54:08.512 [main] DEBUG com.snowflake.kafka.security.KafkaSecurityConfig -- Created secure Kafka producer properties with 18 entries
16:54:08.512 [main] DEBUG com.snowflake.kafka.security.KafkaSecurityConfig -- Configured SSL settings for Kafka
16:54:08.512 [main] DEBUG com.snowflake.kafka.security.KafkaSecurityConfig -- Configured additional security settings for Kafka
16:54:08.512 [main] DEBUG com.snowflake.kafka.security.KafkaSecurityConfig -- Created secure Kafka producer properties with 18 entries
16:54:08.512 [main] DEBUG com.snowflake.kafka.security.KafkaSecurityConfig -- Configured SSL settings for Kafka
16:54:08.512 [main] DEBUG com.snowflake.kafka.security.KafkaSecurityConfig -- Configured additional security settings for Kafka
16:54:08.512 [main] DEBUG com.snowflake.kafka.security.KafkaSecurityConfig -- Created secure Kafka producer properties with 18 entries
16:54:08.512 [main] DEBUG com.snowflake.kafka.security.KafkaSecurityConfig -- Configured SSL settings for Kafka
16:54:08.512 [main] DEBUG com.snowflake.kafka.security.KafkaSecurityConfig -- Configured additional security settings for Kafka
16:54:08.512 [main] DEBUG com.snowflake.kafka.security.KafkaSecurityConfig -- Created secure Kafka producer properties with 18 entries
16:54:08.512 [main] DEBUG com.snowflake.kafka.security.KafkaSecurityConfig -- Configured SSL settings for Kafka
16:54:08.512 [main] DEBUG com.snowflake.kafka.security.KafkaSecurityConfig -- Configured additional security settings for Kafka
16:54:08.512 [main] DEBUG com.snowflake.kafka.security.KafkaSecurityConfig -- Created secure Kafka producer properties with 18 entries
16:54:08.512 [main] DEBUG com.snowflake.kafka.security.KafkaSecurityConfig -- Configured SSL settings for Kafka
16:54:08.512 [main] DEBUG com.snowflake.kafka.security.KafkaSecurityConfig -- Configured additional security settings for Kafka
16:54:08.512 [main] DEBUG com.snowflake.kafka.security.KafkaSecurityConfig -- Created secure Kafka producer properties with 18 entries
16:54:08.512 [main] DEBUG com.snowflake.kafka.security.KafkaSecurityConfig -- Configured SSL settings for Kafka
16:54:08.512 [main] DEBUG com.snowflake.kafka.security.KafkaSecurityConfig -- Configured additional security settings for Kafka
16:54:08.512 [main] DEBUG com.snowflake.kafka.security.KafkaSecurityConfig -- Created secure Kafka producer properties with 18 entries
16:54:08.512 [main] DEBUG com.snowflake.kafka.security.KafkaSecurityConfig -- Configured SSL settings for Kafka
16:54:08.512 [main] DEBUG com.snowflake.kafka.security.KafkaSecurityConfig -- Configured additional security settings for Kafka
16:54:08.512 [main] DEBUG com.snowflake.kafka.security.KafkaSecurityConfig -- Created secure Kafka producer properties with 18 entries
16:54:08.512 [main] DEBUG com.snowflake.kafka.security.KafkaSecurityConfig -- Configured SSL settings for Kafka
16:54:08.512 [main] DEBUG com.snowflake.kafka.security.KafkaSecurityConfig -- Configured additional security settings for Kafka
16:54:08.512 [main] DEBUG com.snowflake.kafka.security.KafkaSecurityConfig -- Created secure Kafka producer properties with 18 entries
16:54:08.512 [main] DEBUG com.snowflake.kafka.security.KafkaSecurityConfig -- Configured SSL settings for Kafka
16:54:08.512 [main] DEBUG com.snowflake.kafka.security.KafkaSecurityConfig -- Configured additional security settings for Kafka
16:54:08.512 [main] DEBUG com.snowflake.kafka.security.KafkaSecurityConfig -- Created secure Kafka producer properties with 18 entries
16:54:08.512 [main] DEBUG com.snowflake.kafka.security.KafkaSecurityConfig -- Configured SSL settings for Kafka
16:54:08.512 [main] DEBUG com.snowflake.kafka.security.KafkaSecurityConfig -- Configured additional security settings for Kafka
16:54:08.512 [main] DEBUG com.snowflake.kafka.security.KafkaSecurityConfig -- Created secure Kafka producer properties with 18 entries
16:54:08.513 [main] DEBUG com.snowflake.kafka.security.KafkaSecurityConfig -- Configured SSL settings for Kafka
16:54:08.513 [main] DEBUG com.snowflake.kafka.security.KafkaSecurityConfig -- Configured additional security settings for Kafka
16:54:08.513 [main] DEBUG com.snowflake.kafka.security.KafkaSecurityConfig -- Created secure Kafka producer properties with 18 entries
16:54:08.513 [main] DEBUG com.snowflake.kafka.security.KafkaSecurityConfig -- Configured SSL settings for Kafka
16:54:08.513 [main] DEBUG com.snowflake.kafka.security.KafkaSecurityConfig -- Configured additional security settings for Kafka
16:54:08.513 [main] DEBUG com.snowflake.kafka.security.KafkaSecurityConfig -- Created secure Kafka producer properties with 18 entries
16:54:08.513 [main] DEBUG com.snowflake.kafka.security.KafkaSecurityConfig -- Configured SSL settings for Kafka
16:54:08.513 [main] DEBUG com.snowflake.kafka.security.KafkaSecurityConfig -- Configured additional security settings for Kafka
16:54:08.513 [main] DEBUG com.snowflake.kafka.security.KafkaSecurityConfig -- Created secure Kafka producer properties with 18 entries
16:54:08.513 [main] DEBUG com.snowflake.kafka.security.KafkaSecurityConfig -- Configured SSL settings for Kafka
16:54:08.513 [main] DEBUG com.snowflake.kafka.security.KafkaSecurityConfig -- Configured additional security settings for Kafka
16:54:08.513 [main] DEBUG com.snowflake.kafka.security.KafkaSecurityConfig -- Created secure Kafka producer properties with 18 entries
16:54:08.513 [main] DEBUG com.snowflake.kafka.security.KafkaSecurityConfig -- Configured SSL settings for Kafka
16:54:08.513 [main] DEBUG com.snowflake.kafka.security.KafkaSecurityConfig -- Configured additional security settings for Kafka
16:54:08.513 [main] DEBUG com.snowflake.kafka.security.KafkaSecurityConfig -- Created secure Kafka producer properties with 18 entries
16:54:08.513 [main] DEBUG com.snowflake.kafka.security.KafkaSecurityConfig -- Configured SSL settings for Kafka
16:54:08.513 [main] DEBUG com.snowflake.kafka.security.KafkaSecurityConfig -- Configured additional security settings for Kafka
16:54:08.513 [main] DEBUG com.snowflake.kafka.security.KafkaSecurityConfig -- Created secure Kafka producer properties with 18 entries
16:54:08.513 [main] DEBUG com.snowflake.kafka.security.KafkaSecurityConfig -- Configured SSL settings for Kafka
16:54:08.513 [main] DEBUG com.snowflake.kafka.security.KafkaSecurityConfig -- Configured additional security settings for Kafka
16:54:08.513 [main] DEBUG com.snowflake.kafka.security.KafkaSecurityConfig -- Created secure Kafka producer properties with 18 entries
16:54:08.513 [main] DEBUG com.snowflake.kafka.security.KafkaSecurityConfig -- Configured SSL settings for Kafka
16:54:08.513 [main] DEBUG com.snowflake.kafka.security.KafkaSecurityConfig -- Configured additional security settings for Kafka
16:54:08.513 [main] DEBUG com.snowflake.kafka.security.KafkaSecurityConfig -- Created secure Kafka producer properties with 18 entries
16:54:08.513 [main] DEBUG com.snowflake.kafka.security.KafkaSecurityConfig -- Configured SSL settings for Kafka
16:54:08.513 [main] DEBUG com.snowflake.kafka.security.KafkaSecurityConfig -- Configured additional security settings for Kafka
16:54:08.513 [main] DEBUG com.snowflake.kafka.security.KafkaSecurityConfig -- Created secure Kafka producer properties with 18 entries
16:54:08.513 [main] DEBUG com.snowflake.kafka.security.KafkaSecurityConfig -- Configured SSL settings for Kafka
16:54:08.513 [main] DEBUG com.snowflake.kafka.security.KafkaSecurityConfig -- Configured additional security settings for Kafka
16:54:08.513 [main] DEBUG com.snowflake.kafka.security.KafkaSecurityConfig -- Created secure Kafka producer properties with 18 entries
16:54:08.513 [main] DEBUG com.snowflake.kafka.security.KafkaSecurityConfig -- Configured SSL settings for Kafka
16:54:08.513 [main] DEBUG com.snowflake.kafka.security.KafkaSecurityConfig -- Configured additional security settings for Kafka
16:54:08.513 [main] DEBUG com.snowflake.kafka.security.KafkaSecurityConfig -- Created secure Kafka producer properties with 18 entries
16:54:08.513 [main] DEBUG com.snowflake.kafka.security.KafkaSecurityConfig -- Configured SSL settings for Kafka
16:54:08.513 [main] DEBUG com.snowflake.kafka.security.KafkaSecurityConfig -- Configured additional security settings for Kafka
16:54:08.513 [main] DEBUG com.snowflake.kafka.security.KafkaSecurityConfig -- Created secure Kafka producer properties with 18 entries
16:54:08.513 [main] DEBUG com.snowflake.kafka.security.KafkaSecurityConfig -- Configured SSL settings for Kafka
16:54:08.513 [main] DEBUG com.snowflake.kafka.security.KafkaSecurityConfig -- Configured additional security settings for Kafka
16:54:08.513 [main] DEBUG com.snowflake.kafka.security.KafkaSecurityConfig -- Created secure Kafka producer properties with 18 entries
16:54:08.513 [main] DEBUG com.snowflake.kafka.security.KafkaSecurityConfig -- Configured SSL settings for Kafka
16:54:08.513 [main] DEBUG com.snowflake.kafka.security.KafkaSecurityConfig -- Configured additional security settings for Kafka
16:54:08.513 [main] DEBUG com.snowflake.kafka.security.KafkaSecurityConfig -- Created secure Kafka producer properties with 18 entries
16:54:08.513 [main] DEBUG com.snowflake.kafka.security.KafkaSecurityConfig -- Configured SSL settings for Kafka
16:54:08.513 [main] DEBUG com.snowflake.kafka.security.KafkaSecurityConfig -- Configured additional security settings for Kafka
16:54:08.513 [main] DEBUG com.snowflake.kafka.security.KafkaSecurityConfig -- Created secure Kafka producer properties with 18 entries
16:54:08.513 [main] DEBUG com.snowflake.kafka.security.KafkaSecurityConfig -- Configured SSL settings for Kafka
16:54:08.513 [main] DEBUG com.snowflake.kafka.security.KafkaSecurityConfig -- Configured additional security settings for Kafka
16:54:08.513 [main] DEBUG com.snowflake.kafka.security.KafkaSecurityConfig -- Created secure Kafka producer properties with 18 entries
16:54:08.513 [main] DEBUG com.snowflake.kafka.security.KafkaSecurityConfig -- Configured SSL settings for Kafka
16:54:08.513 [main] DEBUG com.snowflake.kafka.security.KafkaSecurityConfig -- Configured additional security settings for Kafka
16:54:08.513 [main] DEBUG com.snowflake.kafka.security.KafkaSecurityConfig -- Created secure Kafka producer properties with 18 entries
16:54:08.513 [main] DEBUG com.snowflake.kafka.security.KafkaSecurityConfig -- Configured SSL settings for Kafka
16:54:08.513 [main] DEBUG com.snowflake.kafka.security.KafkaSecurityConfig -- Configured additional security settings for Kafka
16:54:08.514 [main] DEBUG com.snowflake.kafka.security.KafkaSecurityConfig -- Created secure Kafka producer properties with 18 entries
16:54:08.514 [main] DEBUG com.snowflake.kafka.security.KafkaSecurityConfig -- Configured SSL settings for Kafka
16:54:08.514 [main] DEBUG com.snowflake.kafka.security.KafkaSecurityConfig -- Configured additional security settings for Kafka
16:54:08.514 [main] DEBUG com.snowflake.kafka.security.KafkaSecurityConfig -- Created secure Kafka producer properties with 18 entries
16:54:08.514 [main] DEBUG com.snowflake.kafka.security.KafkaSecurityConfig -- Configured SSL settings for Kafka
16:54:08.514 [main] DEBUG com.snowflake.kafka.security.KafkaSecurityConfig -- Configured additional security settings for Kafka
16:54:08.514 [main] DEBUG com.snowflake.kafka.security.KafkaSecurityConfig -- Created secure Kafka producer properties with 18 entries
16:54:08.514 [main] DEBUG com.snowflake.kafka.security.KafkaSecurityConfig -- Configured SSL settings for Kafka
16:54:08.514 [main] DEBUG com.snowflake.kafka.security.KafkaSecurityConfig -- Configured additional security settings for Kafka
16:54:08.514 [main] DEBUG com.snowflake.kafka.security.KafkaSecurityConfig -- Created secure Kafka producer properties with 18 entries
16:54:08.514 [main] DEBUG com.snowflake.kafka.security.KafkaSecurityConfig -- Configured SSL settings for Kafka
16:54:08.514 [main] DEBUG com.snowflake.kafka.security.KafkaSecurityConfig -- Configured additional security settings for Kafka
16:54:08.514 [main] DEBUG com.snowflake.kafka.security.KafkaSecurityConfig -- Created secure Kafka producer properties with 18 entries
16:54:08.514 [main] DEBUG com.snowflake.kafka.security.KafkaSecurityConfig -- Configured SSL settings for Kafka
16:54:08.514 [main] DEBUG com.snowflake.kafka.security.KafkaSecurityConfig -- Configured additional security settings for Kafka
16:54:08.514 [main] DEBUG com.snowflake.kafka.security.KafkaSecurityConfig -- Created secure Kafka producer properties with 18 entries
16:54:08.514 [main] DEBUG com.snowflake.kafka.security.KafkaSecurityConfig -- Configured SSL settings for Kafka
16:54:08.514 [main] DEBUG com.snowflake.kafka.security.KafkaSecurityConfig -- Configured additional security settings for Kafka
16:54:08.514 [main] DEBUG com.snowflake.kafka.security.KafkaSecurityConfig -- Created secure Kafka producer properties with 18 entries
16:54:08.514 [main] DEBUG com.snowflake.kafka.security.KafkaSecurityConfig -- Configured SSL settings for Kafka
16:54:08.514 [main] DEBUG com.snowflake.kafka.security.KafkaSecurityConfig -- Configured additional security settings for Kafka
16:54:08.514 [main] DEBUG com.snowflake.kafka.security.KafkaSecurityConfig -- Created secure Kafka producer properties with 18 entries
16:54:08.514 [main] DEBUG com.snowflake.kafka.security.KafkaSecurityConfig -- Configured SSL settings for Kafka
16:54:08.514 [main] DEBUG com.snowflake.kafka.security.KafkaSecurityConfig -- Configured additional security settings for Kafka
16:54:08.514 [main] DEBUG com.snowflake.kafka.security.KafkaSecurityConfig -- Created secure Kafka producer properties with 18 entries
16:54:08.514 [main] DEBUG com.snowflake.kafka.security.KafkaSecurityConfig -- Configured SSL settings for Kafka
16:54:08.514 [main] DEBUG com.snowflake.kafka.security.KafkaSecurityConfig -- Configured additional security settings for Kafka
16:54:08.514 [main] DEBUG com.snowflake.kafka.security.KafkaSecurityConfig -- Created secure Kafka producer properties with 18 entries
16:54:08.514 [main] DEBUG com.snowflake.kafka.security.KafkaSecurityConfig -- Configured SSL settings for Kafka
16:54:08.514 [main] DEBUG com.snowflake.kafka.security.KafkaSecurityConfig -- Configured additional security settings for Kafka
16:54:08.514 [main] DEBUG com.snowflake.kafka.security.KafkaSecurityConfig -- Created secure Kafka producer properties with 18 entries
16:54:08.514 [main] DEBUG com.snowflake.kafka.security.KafkaSecurityConfig -- Configured SSL settings for Kafka
16:54:08.514 [main] DEBUG com.snowflake.kafka.security.KafkaSecurityConfig -- Configured additional security settings for Kafka
16:54:08.514 [main] DEBUG com.snowflake.kafka.security.KafkaSecurityConfig -- Created secure Kafka producer properties with 18 entries
16:54:08.514 [main] DEBUG com.snowflake.kafka.security.KafkaSecurityConfig -- Configured SSL settings for Kafka
16:54:08.514 [main] DEBUG com.snowflake.kafka.security.KafkaSecurityConfig -- Configured additional security settings for Kafka
16:54:08.514 [main] DEBUG com.snowflake.kafka.security.KafkaSecurityConfig -- Created secure Kafka producer properties with 18 entries
16:54:08.514 [main] DEBUG com.snowflake.kafka.security.KafkaSecurityConfig -- Configured SSL settings for Kafka
16:54:08.514 [main] DEBUG com.snowflake.kafka.security.KafkaSecurityConfig -- Configured additional security settings for Kafka
16:54:08.514 [main] DEBUG com.snowflake.kafka.security.KafkaSecurityConfig -- Created secure Kafka producer properties with 18 entries
16:54:08.514 [main] DEBUG com.snowflake.kafka.security.KafkaSecurityConfig -- Configured SSL settings for Kafka
16:54:08.514 [main] DEBUG com.snowflake.kafka.security.KafkaSecurityConfig -- Configured additional security settings for Kafka
16:54:08.514 [main] DEBUG com.snowflake.kafka.security.KafkaSecurityConfig -- Created secure Kafka producer properties with 18 entries
16:54:08.514 [main] DEBUG com.snowflake.kafka.security.KafkaSecurityConfig -- Configured SSL settings for Kafka
16:54:08.514 [main] DEBUG com.snowflake.kafka.security.KafkaSecurityConfig -- Configured additional security settings for Kafka
16:54:08.514 [main] DEBUG com.snowflake.kafka.security.KafkaSecurityConfig -- Created secure Kafka producer properties with 18 entries
16:54:08.514 [main] DEBUG com.snowflake.kafka.security.KafkaSecurityConfig -- Configured SSL settings for Kafka
16:54:08.514 [main] DEBUG com.snowflake.kafka.security.KafkaSecurityConfig -- Configured additional security settings for Kafka
16:54:08.514 [main] DEBUG com.snowflake.kafka.security.KafkaSecurityConfig -- Created secure Kafka producer properties with 18 entries
16:54:08.514 [main] DEBUG com.snowflake.kafka.security.KafkaSecurityConfig -- Configured SSL settings for Kafka
16:54:08.514 [main] DEBUG com.snowflake.kafka.security.KafkaSecurityConfig -- Configured additional security settings for Kafka
16:54:08.514 [main] DEBUG com.snowflake.kafka.security.KafkaSecurityConfig -- Created secure Kafka producer properties with 18 entries
16:54:08.514 [main] DEBUG com.snowflake.kafka.security.KafkaSecurityConfig -- Configured SSL settings for Kafka
16:54:08.514 [main] DEBUG com.snowflake.kafka.security.KafkaSecurityConfig -- Configured additional security settings for Kafka
16:54:08.514 [main] DEBUG com.snowflake.kafka.security.KafkaSecurityConfig -- Created secure Kafka producer properties with 18 entries
16:54:08.514 [main] DEBUG com.snowflake.kafka.security.KafkaSecurityConfig -- Configured SSL settings for Kafka
16:54:08.514 [main] DEBUG com.snowflake.kafka.security.KafkaSecurityConfig -- Configured additional security settings for Kafka
16:54:08.514 [main] DEBUG com.snowflake.kafka.security.KafkaSecurityConfig -- Created secure Kafka producer properties with 18 entries
16:54:08.514 [main] DEBUG com.snowflake.kafka.security.KafkaSecurityConfig -- Configured SSL settings for Kafka
16:54:08.514 [main] DEBUG com.snowflake.kafka.security.KafkaSecurityConfig -- Configured additional security settings for Kafka
16:54:08.514 [main] DEBUG com.snowflake.kafka.security.KafkaSecurityConfig -- Created secure Kafka producer properties with 18 entries
16:54:08.514 [main] DEBUG com.snowflake.kafka.security.KafkaSecurityConfig -- Configured SSL settings for Kafka
16:54:08.515 [main] DEBUG com.snowflake.kafka.security.KafkaSecurityConfig -- Configured additional security settings for Kafka
16:54:08.515 [main] DEBUG com.snowflake.kafka.security.KafkaSecurityConfig -- Created secure Kafka producer properties with 18 entries
16:54:08.515 [main] DEBUG com.snowflake.kafka.security.KafkaSecurityConfig -- Configured SSL settings for Kafka
16:54:08.515 [main] DEBUG com.snowflake.kafka.security.KafkaSecurityConfig -- Configured additional security settings for Kafka
16:54:08.515 [main] DEBUG com.snowflake.kafka.security.KafkaSecurityConfig -- Created secure Kafka producer properties with 18 entries
16:54:08.515 [main] DEBUG com.snowflake.kafka.security.KafkaSecurityConfig -- Configured SSL settings for Kafka
16:54:08.515 [main] DEBUG com.snowflake.kafka.security.KafkaSecurityConfig -- Configured additional security settings for Kafka
16:54:08.515 [main] DEBUG com.snowflake.kafka.security.KafkaSecurityConfig -- Created secure Kafka producer properties with 18 entries
16:54:08.515 [main] DEBUG com.snowflake.kafka.security.KafkaSecurityConfig -- Configured SSL settings for Kafka
16:54:08.515 [main] DEBUG com.snowflake.kafka.security.KafkaSecurityConfig -- Configured additional security settings for Kafka
16:54:08.515 [main] DEBUG com.snowflake.kafka.security.KafkaSecurityConfig -- Created secure Kafka producer properties with 18 entries
16:54:08.515 [main] DEBUG com.snowflake.kafka.security.KafkaSecurityConfig -- Configured SSL settings for Kafka
16:54:08.515 [main] DEBUG com.snowflake.kafka.security.KafkaSecurityConfig -- Configured additional security settings for Kafka
16:54:08.515 [main] DEBUG com.snowflake.kafka.security.KafkaSecurityConfig -- Created secure Kafka producer properties with 18 entries
16:54:08.515 [main] DEBUG com.snowflake.kafka.security.KafkaSecurityConfig -- Configured SSL settings for Kafka
16:54:08.515 [main] DEBUG com.snowflake.kafka.security.KafkaSecurityConfig -- Configured additional security settings for Kafka
16:54:08.515 [main] DEBUG com.snowflake.kafka.security.KafkaSecurityConfig -- Created secure Kafka producer properties with 18 entries
16:54:08.515 [main] DEBUG com.snowflake.kafka.security.KafkaSecurityConfig -- Configured SSL settings for Kafka
16:54:08.515 [main] DEBUG com.snowflake.kafka.security.KafkaSecurityConfig -- Configured additional security settings for Kafka
16:54:08.515 [main] DEBUG com.snowflake.kafka.security.KafkaSecurityConfig -- Created secure Kafka producer properties with 18 entries
16:54:08.515 [main] DEBUG com.snowflake.kafka.security.KafkaSecurityConfig -- Configured SSL settings for Kafka
16:54:08.515 [main] DEBUG com.snowflake.kafka.security.KafkaSecurityConfig -- Configured additional security settings for Kafka
16:54:08.515 [main] DEBUG com.snowflake.kafka.security.KafkaSecurityConfig -- Created secure Kafka producer properties with 18 entries
16:54:08.515 [main] DEBUG com.snowflake.kafka.security.KafkaSecurityConfig -- Configured SSL settings for Kafka
16:54:08.515 [main] DEBUG com.snowflake.kafka.security.KafkaSecurityConfig -- Configured additional security settings for Kafka
16:54:08.515 [main] DEBUG com.snowflake.kafka.security.KafkaSecurityConfig -- Created secure Kafka producer properties with 18 entries
16:54:08.515 [main] DEBUG com.snowflake.kafka.security.KafkaSecurityConfig -- Configured SSL settings for Kafka
16:54:08.515 [main] DEBUG com.snowflake.kafka.security.KafkaSecurityConfig -- Configured additional security settings for Kafka
16:54:08.515 [main] DEBUG com.snowflake.kafka.security.KafkaSecurityConfig -- Created secure Kafka producer properties with 18 entries
16:54:08.515 [main] DEBUG com.snowflake.kafka.security.KafkaSecurityConfig -- Configured SSL settings for Kafka
16:54:08.515 [main] DEBUG com.snowflake.kafka.security.KafkaSecurityConfig -- Configured additional security settings for Kafka
16:54:08.515 [main] DEBUG com.snowflake.kafka.security.KafkaSecurityConfig -- Created secure Kafka producer properties with 18 entries
16:54:08.515 [main] DEBUG com.snowflake.kafka.security.KafkaSecurityConfig -- Configured SSL settings for Kafka
16:54:08.515 [main] DEBUG com.snowflake.kafka.security.KafkaSecurityConfig -- Configured additional security settings for Kafka
16:54:08.515 [main] DEBUG com.snowflake.kafka.security.KafkaSecurityConfig -- Created secure Kafka producer properties with 18 entries
16:54:08.515 [main] DEBUG com.snowflake.kafka.security.KafkaSecurityConfig -- Configured SSL settings for Kafka
16:54:08.515 [main] DEBUG com.snowflake.kafka.security.KafkaSecurityConfig -- Configured additional security settings for Kafka
16:54:08.515 [main] DEBUG com.snowflake.kafka.security.KafkaSecurityConfig -- Created secure Kafka producer properties with 18 entries
16:54:08.515 [main] DEBUG com.snowflake.kafka.security.KafkaSecurityConfig -- Configured SSL settings for Kafka
16:54:08.515 [main] DEBUG com.snowflake.kafka.security.KafkaSecurityConfig -- Configured additional security settings for Kafka
16:54:08.515 [main] DEBUG com.snowflake.kafka.security.KafkaSecurityConfig -- Created secure Kafka producer properties with 18 entries
16:54:08.515 [main] DEBUG com.snowflake.kafka.security.KafkaSecurityConfig -- Configured SSL settings for Kafka
16:54:08.515 [main] DEBUG com.snowflake.kafka.security.KafkaSecurityConfig -- Configured additional security settings for Kafka
16:54:08.515 [main] DEBUG com.snowflake.kafka.security.KafkaSecurityConfig -- Created secure Kafka producer properties with 18 entries
16:54:08.515 [main] DEBUG com.snowflake.kafka.security.KafkaSecurityConfig -- Configured SSL settings for Kafka
16:54:08.515 [main] DEBUG com.snowflake.kafka.security.KafkaSecurityConfig -- Configured additional security settings for Kafka
16:54:08.515 [main] DEBUG com.snowflake.kafka.security.KafkaSecurityConfig -- Created secure Kafka producer properties with 18 entries
16:54:08.515 [main] DEBUG com.snowflake.kafka.security.KafkaSecurityConfig -- Configured SSL settings for Kafka
16:54:08.515 [main] DEBUG com.snowflake.kafka.security.KafkaSecurityConfig -- Configured additional security settings for Kafka
16:54:08.515 [main] DEBUG com.snowflake.kafka.security.KafkaSecurityConfig -- Created secure Kafka producer properties with 18 entries
16:54:08.515 [main] DEBUG com.snowflake.kafka.security.KafkaSecurityConfig -- Configured SSL settings for Kafka
16:54:08.515 [main] DEBUG com.snowflake.kafka.security.KafkaSecurityConfig -- Configured additional security settings for Kafka
16:54:08.515 [main] DEBUG com.snowflake.kafka.security.KafkaSecurityConfig -- Created secure Kafka producer properties with 18 entries
16:54:08.515 [main] DEBUG com.snowflake.kafka.security.KafkaSecurityConfig -- Configured SSL settings for Kafka
16:54:08.515 [main] DEBUG com.snowflake.kafka.security.KafkaSecurityConfig -- Configured additional security settings for Kafka
16:54:08.515 [main] DEBUG com.snowflake.kafka.security.KafkaSecurityConfig -- Created secure Kafka producer properties with 18 entries
16:54:08.515 [main] DEBUG com.snowflake.kafka.security.KafkaSecurityConfig -- Configured SSL settings for Kafka
16:54:08.515 [main] DEBUG com.snowflake.kafka.security.KafkaSecurityConfig -- Configured additional security settings for Kafka
16:54:08.515 [main] DEBUG com.snowflake.kafka.security.KafkaSecurityConfig -- Created secure Kafka producer properties with 18 entries
16:54:08.515 [main] DEBUG com.snowflake.kafka.security.KafkaSecurityConfig -- Configured SSL settings for Kafka
16:54:08.515 [main] DEBUG com.snowflake.kafka.security.KafkaSecurityConfig -- Configured additional security settings for Kafka
16:54:08.515 [main] DEBUG com.snowflake.kafka.security.KafkaSecurityConfig -- Created secure Kafka producer properties with 18 entries
16:54:08.515 [main] DEBUG com.snowflake.kafka.security.KafkaSecurityConfig -- Configured SSL settings for Kafka
16:54:08.515 [main] DEBUG com.snowflake.kafka.security.KafkaSecurityConfig -- Configured additional security settings for Kafka
16:54:08.515 [main] DEBUG com.snowflake.kafka.security.KafkaSecurityConfig -- Created secure Kafka producer properties with 18 entries
16:54:08.515 [main] DEBUG com.snowflake.kafka.security.KafkaSecurityConfig -- Configured SSL settings for Kafka
16:54:08.515 [main] DEBUG com.snowflake.kafka.security.KafkaSecurityConfig -- Configured additional security settings for Kafka
16:54:08.515 [main] DEBUG com.snowflake.kafka.security.KafkaSecurityConfig -- Created secure Kafka producer properties with 18 entries
16:54:08.515 [main] DEBUG com.snowflake.kafka.security.KafkaSecurityConfig -- Configured SSL settings for Kafka
16:54:08.515 [main] DEBUG com.snowflake.kafka.security.KafkaSecurityConfig -- Configured additional security settings for Kafka
16:54:08.515 [main] DEBUG com.snowflake.kafka.security.KafkaSecurityConfig -- Created secure Kafka producer properties with 18 entries
16:54:08.516 [main] DEBUG com.snowflake.kafka.security.KafkaSecurityConfig -- Configured SSL settings for Kafka
16:54:08.516 [main] DEBUG com.snowflake.kafka.security.KafkaSecurityConfig -- Configured additional security settings for Kafka
16:54:08.516 [main] DEBUG com.snowflake.kafka.security.KafkaSecurityConfig -- Created secure Kafka producer properties with 18 entries
16:54:08.516 [main] DEBUG com.snowflake.kafka.security.KafkaSecurityConfig -- Configured SSL settings for Kafka
16:54:08.516 [main] DEBUG com.snowflake.kafka.security.KafkaSecurityConfig -- Configured additional security settings for Kafka
16:54:08.516 [main] DEBUG com.snowflake.kafka.security.KafkaSecurityConfig -- Created secure Kafka producer properties with 18 entries
16:54:08.516 [main] DEBUG com.snowflake.kafka.security.KafkaSecurityConfig -- Configured SSL settings for Kafka
16:54:08.516 [main] DEBUG com.snowflake.kafka.security.KafkaSecurityConfig -- Configured additional security settings for Kafka
16:54:08.516 [main] DEBUG com.snowflake.kafka.security.KafkaSecurityConfig -- Created secure Kafka producer properties with 18 entries
16:54:08.516 [main] DEBUG com.snowflake.kafka.security.KafkaSecurityConfig -- Configured SSL settings for Kafka
16:54:08.516 [main] DEBUG com.snowflake.kafka.security.KafkaSecurityConfig -- Configured additional security settings for Kafka
16:54:08.516 [main] DEBUG com.snowflake.kafka.security.KafkaSecurityConfig -- Created secure Kafka producer properties with 18 entries
16:54:08.516 [main] DEBUG com.snowflake.kafka.security.KafkaSecurityConfig -- Configured SSL settings for Kafka
16:54:08.516 [main] DEBUG com.snowflake.kafka.security.KafkaSecurityConfig -- Configured additional security settings for Kafka
16:54:08.516 [main] DEBUG com.snowflake.kafka.security.KafkaSecurityConfig -- Created secure Kafka producer properties with 18 entries
16:54:08.516 [main] DEBUG com.snowflake.kafka.security.KafkaSecurityConfig -- Configured SSL settings for Kafka
16:54:08.516 [main] DEBUG com.snowflake.kafka.security.KafkaSecurityConfig -- Configured additional security settings for Kafka
16:54:08.516 [main] DEBUG com.snowflake.kafka.security.KafkaSecurityConfig -- Created secure Kafka producer properties with 18 entries
16:54:08.516 [main] DEBUG com.snowflake.kafka.security.KafkaSecurityConfig -- Configured SSL settings for Kafka
16:54:08.516 [main] DEBUG com.snowflake.kafka.security.KafkaSecurityConfig -- Configured additional security settings for Kafka
16:54:08.516 [main] DEBUG com.snowflake.kafka.security.KafkaSecurityConfig -- Created secure Kafka producer properties with 18 entries
16:54:08.516 [main] DEBUG com.snowflake.kafka.security.KafkaSecurityConfig -- Configured SSL settings for Kafka
16:54:08.516 [main] DEBUG com.snowflake.kafka.security.KafkaSecurityConfig -- Configured additional security settings for Kafka
16:54:08.516 [main] DEBUG com.snowflake.kafka.security.KafkaSecurityConfig -- Created secure Kafka producer properties with 18 entries
16:54:08.516 [main] DEBUG com.snowflake.kafka.security.KafkaSecurityConfig -- Configured SSL settings for Kafka
16:54:08.516 [main] DEBUG com.snowflake.kafka.security.KafkaSecurityConfig -- Configured additional security settings for Kafka
16:54:08.516 [main] DEBUG com.snowflake.kafka.security.KafkaSecurityConfig -- Created secure Kafka producer properties with 18 entries
16:54:08.516 [main] DEBUG com.snowflake.kafka.security.KafkaSecurityConfig -- Configured SSL settings for Kafka
16:54:08.516 [main] DEBUG com.snowflake.kafka.security.KafkaSecurityConfig -- Configured additional security settings for Kafka
16:54:08.516 [main] DEBUG com.snowflake.kafka.security.KafkaSecurityConfig -- Created secure Kafka producer properties with 18 entries
16:54:08.516 [main] DEBUG com.snowflake.kafka.security.KafkaSecurityConfig -- Configured SSL settings for Kafka
16:54:08.516 [main] DEBUG com.snowflake.kafka.security.KafkaSecurityConfig -- Configured additional security settings for Kafka
16:54:08.516 [main] DEBUG com.snowflake.kafka.security.KafkaSecurityConfig -- Created secure Kafka producer properties with 18 entries
16:54:08.516 [main] DEBUG com.snowflake.kafka.security.KafkaSecurityConfig -- Configured SSL settings for Kafka
16:54:08.516 [main] DEBUG com.snowflake.kafka.security.KafkaSecurityConfig -- Configured additional security settings for Kafka
16:54:08.516 [main] DEBUG com.snowflake.kafka.security.KafkaSecurityConfig -- Created secure Kafka producer properties with 18 entries
16:54:08.516 [main] DEBUG com.snowflake.kafka.security.KafkaSecurityConfig -- Configured SSL settings for Kafka
16:54:08.516 [main] DEBUG com.snowflake.kafka.security.KafkaSecurityConfig -- Configured additional security settings for Kafka
16:54:08.516 [main] DEBUG com.snowflake.kafka.security.KafkaSecurityConfig -- Created secure Kafka producer properties with 18 entries
16:54:08.516 [main] DEBUG com.snowflake.kafka.security.KafkaSecurityConfig -- Configured SSL settings for Kafka
16:54:08.516 [main] DEBUG com.snowflake.kafka.security.KafkaSecurityConfig -- Configured additional security settings for Kafka
16:54:08.516 [main] DEBUG com.snowflake.kafka.security.KafkaSecurityConfig -- Created secure Kafka producer properties with 18 entries
16:54:08.516 [main] DEBUG com.snowflake.kafka.security.KafkaSecurityConfig -- Configured SSL settings for Kafka
16:54:08.516 [main] DEBUG com.snowflake.kafka.security.KafkaSecurityConfig -- Configured additional security settings for Kafka
16:54:08.516 [main] DEBUG com.snowflake.kafka.security.KafkaSecurityConfig -- Created secure Kafka producer properties with 18 entries
16:54:08.516 [main] DEBUG com.snowflake.kafka.security.KafkaSecurityConfig -- Configured SSL settings for Kafka
16:54:08.516 [main] DEBUG com.snowflake.kafka.security.KafkaSecurityConfig -- Configured additional security settings for Kafka
16:54:08.516 [main] DEBUG com.snowflake.kafka.security.KafkaSecurityConfig -- Created secure Kafka producer properties with 18 entries
16:54:08.516 [main] DEBUG com.snowflake.kafka.security.KafkaSecurityConfig -- Configured SSL settings for Kafka
16:54:08.516 [main] DEBUG com.snowflake.kafka.security.KafkaSecurityConfig -- Configured additional security settings for Kafka
16:54:08.516 [main] DEBUG com.snowflake.kafka.security.KafkaSecurityConfig -- Created secure Kafka producer properties with 18 entries
16:54:08.516 [main] DEBUG com.snowflake.kafka.security.KafkaSecurityConfig -- Configured SSL settings for Kafka
16:54:08.516 [main] DEBUG com.snowflake.kafka.security.KafkaSecurityConfig -- Configured additional security settings for Kafka
16:54:08.516 [main] DEBUG com.snowflake.kafka.security.KafkaSecurityConfig -- Created secure Kafka producer properties with 18 entries
16:54:08.516 [main] DEBUG com.snowflake.kafka.security.KafkaSecurityConfig -- Configured SSL settings for Kafka
16:54:08.516 [main] DEBUG com.snowflake.kafka.security.KafkaSecurityConfig -- Configured additional security settings for Kafka
16:54:08.516 [main] DEBUG com.snowflake.kafka.security.KafkaSecurityConfig -- Created secure Kafka producer properties with 18 entries
16:54:08.516 [main] DEBUG com.snowflake.kafka.security.KafkaSecurityConfig -- Configured SSL settings for Kafka
16:54:08.516 [main] DEBUG com.snowflake.kafka.security.KafkaSecurityConfig -- Configured additional security settings for Kafka
16:54:08.516 [main] DEBUG com.snowflake.kafka.security.KafkaSecurityConfig -- Created secure Kafka producer properties with 18 entries
16:54:08.516 [main] DEBUG com.snowflake.kafka.security.KafkaSecurityConfig -- Configured SSL settings for Kafka
16:54:08.516 [main] DEBUG com.snowflake.kafka.security.KafkaSecurityConfig -- Configured additional security settings for Kafka
16:54:08.516 [main] DEBUG com.snowflake.kafka.security.KafkaSecurityConfig -- Created secure Kafka producer properties with 18 entries
16:54:08.516 [main] DEBUG com.snowflake.kafka.security.KafkaSecurityConfig -- Configured SSL settings for Kafka
16:54:08.516 [main] DEBUG com.snowflake.kafka.security.KafkaSecurityConfig -- Configured additional security settings for Kafka
16:54:08.516 [main] DEBUG com.snowflake.kafka.security.KafkaSecurityConfig -- Created secure Kafka producer properties with 18 entries
16:54:08.516 [main] DEBUG com.snowflake.kafka.security.KafkaSecurityConfig -- Configured SSL settings for Kafka
16:54:08.516 [main] DEBUG com.snowflake.kafka.security.KafkaSecurityConfig -- Configured additional security settings for Kafka
16:54:08.516 [main] DEBUG com.snowflake.kafka.security.KafkaSecurityConfig -- Created secure Kafka producer properties with 18 entries
16:54:08.516 [main] DEBUG com.snowflake.kafka.security.KafkaSecurityConfig -- Configured SSL settings for Kafka
16:54:08.516 [main] DEBUG com.snowflake.kafka.security.KafkaSecurityConfig -- Configured additional security settings for Kafka
16:54:08.516 [main] DEBUG com.snowflake.kafka.security.KafkaSecurityConfig -- Created secure Kafka producer properties with 18 entries
16:54:08.516 [main] DEBUG com.snowflake.kafka.security.KafkaSecurityConfig -- Configured SSL settings for Kafka
16:54:08.516 [main] DEBUG com.snowflake.kafka.security.KafkaSecurityConfig -- Configured additional security settings for Kafka
16:54:08.516 [main] DEBUG com.snowflake.kafka.security.KafkaSecurityConfig -- Created secure Kafka producer properties with 18 entries
16:54:08.516 [main] DEBUG com.snowflake.kafka.security.KafkaSecurityConfig -- Configured SSL settings for Kafka
16:54:08.517 [main] DEBUG com.snowflake.kafka.security.KafkaSecurityConfig -- Configured additional security settings for Kafka
16:54:08.517 [main] DEBUG com.snowflake.kafka.security.KafkaSecurityConfig -- Created secure Kafka producer properties with 18 entries
16:54:08.517 [main] DEBUG com.snowflake.kafka.security.KafkaSecurityConfig -- Configured SSL settings for Kafka
16:54:08.517 [main] DEBUG com.snowflake.kafka.security.KafkaSecurityConfig -- Configured additional security settings for Kafka
16:54:08.517 [main] DEBUG com.snowflake.kafka.security.KafkaSecurityConfig -- Created secure Kafka producer properties with 18 entries
16:54:08.517 [main] DEBUG com.snowflake.kafka.security.KafkaSecurityConfig -- Configured SSL settings for Kafka
16:54:08.517 [main] DEBUG com.snowflake.kafka.security.KafkaSecurityConfig -- Configured additional security settings for Kafka
16:54:08.517 [main] DEBUG com.snowflake.kafka.security.KafkaSecurityConfig -- Created secure Kafka producer properties with 18 entries
16:54:08.517 [main] DEBUG com.snowflake.kafka.security.KafkaSecurityConfig -- Configured SSL settings for Kafka
16:54:08.517 [main] DEBUG com.snowflake.kafka.security.KafkaSecurityConfig -- Configured additional security settings for Kafka
16:54:08.517 [main] DEBUG com.snowflake.kafka.security.KafkaSecurityConfig -- Created secure Kafka producer properties with 18 entries
16:54:08.517 [main] DEBUG com.snowflake.kafka.security.KafkaSecurityConfig -- Configured SSL settings for Kafka
16:54:08.517 [main] DEBUG com.snowflake.kafka.security.KafkaSecurityConfig -- Configured additional security settings for Kafka
16:54:08.517 [main] DEBUG com.snowflake.kafka.security.KafkaSecurityConfig -- Created secure Kafka producer properties with 18 entries
16:54:08.517 [main] DEBUG com.snowflake.kafka.security.KafkaSecurityConfig -- Configured SSL settings for Kafka
16:54:08.517 [main] DEBUG com.snowflake.kafka.security.KafkaSecurityConfig -- Configured additional security settings for Kafka
16:54:08.517 [main] DEBUG com.snowflake.kafka.security.KafkaSecurityConfig -- Created secure Kafka producer properties with 18 entries
16:54:08.517 [main] DEBUG com.snowflake.kafka.security.KafkaSecurityConfig -- Configured SSL settings for Kafka
16:54:08.517 [main] DEBUG com.snowflake.kafka.security.KafkaSecurityConfig -- Configured additional security settings for Kafka
16:54:08.517 [main] DEBUG com.snowflake.kafka.security.KafkaSecurityConfig -- Created secure Kafka producer properties with 18 entries
16:54:08.517 [main] DEBUG com.snowflake.kafka.security.KafkaSecurityConfig -- Configured SSL settings for Kafka
16:54:08.517 [main] DEBUG com.snowflake.kafka.security.KafkaSecurityConfig -- Configured additional security settings for Kafka
16:54:08.517 [main] DEBUG com.snowflake.kafka.security.KafkaSecurityConfig -- Created secure Kafka producer properties with 18 entries
16:54:08.517 [main] DEBUG com.snowflake.kafka.security.KafkaSecurityConfig -- Configured SSL settings for Kafka
16:54:08.517 [main] DEBUG com.snowflake.kafka.security.KafkaSecurityConfig -- Configured additional security settings for Kafka
16:54:08.517 [main] DEBUG com.snowflake.kafka.security.KafkaSecurityConfig -- Created secure Kafka producer properties with 18 entries
16:54:08.517 [main] DEBUG com.snowflake.kafka.security.KafkaSecurityConfig -- Configured SSL settings for Kafka
16:54:08.517 [main] DEBUG com.snowflake.kafka.security.KafkaSecurityConfig -- Configured additional security settings for Kafka
16:54:08.517 [main] DEBUG com.snowflake.kafka.security.KafkaSecurityConfig -- Created secure Kafka producer properties with 18 entries
16:54:08.517 [main] DEBUG com.snowflake.kafka.security.KafkaSecurityConfig -- Configured SSL settings for Kafka
16:54:08.517 [main] DEBUG com.snowflake.kafka.security.KafkaSecurityConfig -- Configured additional security settings for Kafka
16:54:08.517 [main] DEBUG com.snowflake.kafka.security.KafkaSecurityConfig -- Created secure Kafka producer properties with 18 entries
16:54:08.517 [main] DEBUG com.snowflake.kafka.security.KafkaSecurityConfig -- Configured SSL settings for Kafka
16:54:08.517 [main] DEBUG com.snowflake.kafka.security.KafkaSecurityConfig -- Configured additional security settings for Kafka
16:54:08.517 [main] DEBUG com.snowflake.kafka.security.KafkaSecurityConfig -- Created secure Kafka producer properties with 18 entries
16:54:08.517 [main] DEBUG com.snowflake.kafka.security.KafkaSecurityConfig -- Configured SSL settings for Kafka
16:54:08.517 [main] DEBUG com.snowflake.kafka.security.KafkaSecurityConfig -- Configured additional security settings for Kafka
16:54:08.517 [main] DEBUG com.snowflake.kafka.security.KafkaSecurityConfig -- Created secure Kafka producer properties with 18 entries
16:54:08.517 [main] DEBUG com.snowflake.kafka.security.KafkaSecurityConfig -- Configured SSL settings for Kafka
16:54:08.517 [main] DEBUG com.snowflake.kafka.security.KafkaSecurityConfig -- Configured additional security settings for Kafka
16:54:08.517 [main] DEBUG com.snowflake.kafka.security.KafkaSecurityConfig -- Created secure Kafka producer properties with 18 entries
16:54:08.517 [main] DEBUG com.snowflake.kafka.security.KafkaSecurityConfig -- Configured SSL settings for Kafka
16:54:08.517 [main] DEBUG com.snowflake.kafka.security.KafkaSecurityConfig -- Configured additional security settings for Kafka
16:54:08.517 [main] DEBUG com.snowflake.kafka.security.KafkaSecurityConfig -- Created secure Kafka producer properties with 18 entries
16:54:08.517 [main] DEBUG com.snowflake.kafka.security.KafkaSecurityConfig -- Configured SSL settings for Kafka
16:54:08.517 [main] DEBUG com.snowflake.kafka.security.KafkaSecurityConfig -- Configured additional security settings for Kafka
16:54:08.517 [main] DEBUG com.snowflake.kafka.security.KafkaSecurityConfig -- Created secure Kafka producer properties with 18 entries
16:54:08.517 [main] DEBUG com.snowflake.kafka.security.KafkaSecurityConfig -- Configured SSL settings for Kafka
16:54:08.517 [main] DEBUG com.snowflake.kafka.security.KafkaSecurityConfig -- Configured additional security settings for Kafka
16:54:08.517 [main] DEBUG com.snowflake.kafka.security.KafkaSecurityConfig -- Created secure Kafka producer properties with 18 entries
16:54:08.517 [main] DEBUG com.snowflake.kafka.security.KafkaSecurityConfig -- Configured SSL settings for Kafka
16:54:08.517 [main] DEBUG com.snowflake.kafka.security.KafkaSecurityConfig -- Configured additional security settings for Kafka
16:54:08.517 [main] DEBUG com.snowflake.kafka.security.KafkaSecurityConfig -- Created secure Kafka producer properties with 18 entries
16:54:08.517 [main] DEBUG com.snowflake.kafka.security.KafkaSecurityConfig -- Configured SSL settings for Kafka
16:54:08.517 [main] DEBUG com.snowflake.kafka.security.KafkaSecurityConfig -- Configured additional security settings for Kafka
16:54:08.517 [main] DEBUG com.snowflake.kafka.security.KafkaSecurityConfig -- Created secure Kafka producer properties with 18 entries
16:54:08.517 [main] DEBUG com.snowflake.kafka.security.KafkaSecurityConfig -- Configured SSL settings for Kafka
16:54:08.517 [main] DEBUG com.snowflake.kafka.security.KafkaSecurityConfig -- Configured additional security settings for Kafka
16:54:08.517 [main] DEBUG com.snowflake.kafka.security.KafkaSecurityConfig -- Created secure Kafka producer properties with 18 entries
16:54:08.517 [main] DEBUG com.snowflake.kafka.security.KafkaSecurityConfig -- Configured SSL settings for Kafka
16:54:08.517 [main] DEBUG com.snowflake.kafka.security.KafkaSecurityConfig -- Configured additional security settings for Kafka
16:54:08.517 [main] DEBUG com.snowflake.kafka.security.KafkaSecurityConfig -- Created secure Kafka producer properties with 18 entries
16:54:08.517 [main] DEBUG com.snowflake.kafka.security.KafkaSecurityConfig -- Configured SSL settings for Kafka
16:54:08.517 [main] DEBUG com.snowflake.kafka.security.KafkaSecurityConfig -- Configured additional security settings for Kafka
16:54:08.517 [main] DEBUG com.snowflake.kafka.security.KafkaSecurityConfig -- Created secure Kafka producer properties with 18 entries
16:54:08.517 [main] DEBUG com.snowflake.kafka.security.KafkaSecurityConfig -- Configured SSL settings for Kafka
16:54:08.517 [main] DEBUG com.snowflake.kafka.security.KafkaSecurityConfig -- Configured additional security settings for Kafka
16:54:08.517 [main] DEBUG com.snowflake.kafka.security.KafkaSecurityConfig -- Created secure Kafka producer properties with 18 entries
16:54:08.517 [main] DEBUG com.snowflake.kafka.security.KafkaSecurityConfig -- Configured SSL settings for Kafka
16:54:08.517 [main] DEBUG com.snowflake.kafka.security.KafkaSecurityConfig -- Configured additional security settings for Kafka
16:54:08.517 [main] DEBUG com.snowflake.kafka.security.KafkaSecurityConfig -- Created secure Kafka producer properties with 18 entries
16:54:08.517 [main] DEBUG com.snowflake.kafka.security.KafkaSecurityConfig -- Configured SSL settings for Kafka
16:54:08.517 [main] DEBUG com.snowflake.kafka.security.KafkaSecurityConfig -- Configured additional security settings for Kafka
16:54:08.517 [main] DEBUG com.snowflake.kafka.security.KafkaSecurityConfig -- Created secure Kafka producer properties with 18 entries
16:54:08.517 [main] DEBUG com.snowflake.kafka.security.KafkaSecurityConfig -- Configured SSL settings for Kafka
16:54:08.517 [main] DEBUG com.snowflake.kafka.security.KafkaSecurityConfig -- Configured additional security settings for Kafka
16:54:08.517 [main] DEBUG com.snowflake.kafka.security.KafkaSecurityConfig -- Created secure Kafka producer properties with 18 entries
16:54:08.517 [main] DEBUG com.snowflake.kafka.security.KafkaSecurityConfig -- Configured SSL settings for Kafka
16:54:08.517 [main] DEBUG com.snowflake.kafka.security.KafkaSecurityConfig -- Configured additional security settings for Kafka
16:54:08.517 [main] DEBUG com.snowflake.kafka.security.KafkaSecurityConfig -- Created secure Kafka producer properties with 18 entries
16:54:08.517 [main] DEBUG com.snowflake.kafka.security.KafkaSecurityConfig -- Configured SSL settings for Kafka
16:54:08.517 [main] DEBUG com.snowflake.kafka.security.KafkaSecurityConfig -- Configured additional security settings for Kafka
16:54:08.517 [main] DEBUG com.snowflake.kafka.security.KafkaSecurityConfig -- Created secure Kafka producer properties with 18 entries
16:54:08.517 [main] DEBUG com.snowflake.kafka.security.KafkaSecurityConfig -- Configured SSL settings for Kafka
16:54:08.517 [main] DEBUG com.snowflake.kafka.security.KafkaSecurityConfig -- Configured additional security settings for Kafka
16:54:08.517 [main] DEBUG com.snowflake.kafka.security.KafkaSecurityConfig -- Created secure Kafka producer properties with 18 entries
16:54:08.517 [main] DEBUG com.snowflake.kafka.security.KafkaSecurityConfig -- Configured SSL settings for Kafka
16:54:08.517 [main] DEBUG com.snowflake.kafka.security.KafkaSecurityConfig -- Configured additional security settings for Kafka
16:54:08.517 [main] DEBUG com.snowflake.kafka.security.KafkaSecurityConfig -- Created secure Kafka producer properties with 18 entries
16:54:08.517 [main] DEBUG com.snowflake.kafka.security.KafkaSecurityConfig -- Configured SSL settings for Kafka
16:54:08.517 [main] DEBUG com.snowflake.kafka.security.KafkaSecurityConfig -- Configured additional security settings for Kafka
16:54:08.517 [main] DEBUG com.snowflake.kafka.security.KafkaSecurityConfig -- Created secure Kafka producer properties with 18 entries
16:54:08.517 [main] DEBUG com.snowflake.kafka.security.KafkaSecurityConfig -- Configured SSL settings for Kafka
16:54:08.517 [main] DEBUG com.snowflake.kafka.security.KafkaSecurityConfig -- Configured additional security settings for Kafka
16:54:08.517 [main] DEBUG com.snowflake.kafka.security.KafkaSecurityConfig -- Created secure Kafka producer properties with 18 entries
16:54:08.517 [main] DEBUG com.snowflake.kafka.security.KafkaSecurityConfig -- Configured SSL settings for Kafka
16:54:08.517 [main] DEBUG com.snowflake.kafka.security.KafkaSecurityConfig -- Configured additional security settings for Kafka
16:54:08.517 [main] DEBUG com.snowflake.kafka.security.KafkaSecurityConfig -- Created secure Kafka producer properties with 18 entries
16:54:08.518 [main] DEBUG com.snowflake.kafka.security.KafkaSecurityConfig -- Configured SSL settings for Kafka
16:54:08.518 [main] DEBUG com.snowflake.kafka.security.KafkaSecurityConfig -- Configured additional security settings for Kafka
16:54:08.518 [main] DEBUG com.snowflake.kafka.security.KafkaSecurityConfig -- Created secure Kafka producer properties with 18 entries
16:54:08.518 [main] DEBUG com.snowflake.kafka.security.KafkaSecurityConfig -- Configured SSL settings for Kafka
16:54:08.518 [main] DEBUG com.snowflake.kafka.security.KafkaSecurityConfig -- Configured additional security settings for Kafka
16:54:08.518 [main] DEBUG com.snowflake.kafka.security.KafkaSecurityConfig -- Created secure Kafka producer properties with 18 entries
16:54:08.518 [main] DEBUG com.snowflake.kafka.security.KafkaSecurityConfig -- Configured SSL settings for Kafka
16:54:08.518 [main] DEBUG com.snowflake.kafka.security.KafkaSecurityConfig -- Configured additional security settings for Kafka
16:54:08.518 [main] DEBUG com.snowflake.kafka.security.KafkaSecurityConfig -- Created secure Kafka producer properties with 18 entries
16:54:08.518 [main] DEBUG com.snowflake.kafka.security.KafkaSecurityConfig -- Configured SSL settings for Kafka
16:54:08.518 [main] DEBUG com.snowflake.kafka.security.KafkaSecurityConfig -- Configured additional security settings for Kafka
16:54:08.518 [main] DEBUG com.snowflake.kafka.security.KafkaSecurityConfig -- Created secure Kafka producer properties with 18 entries
16:54:08.518 [main] DEBUG com.snowflake.kafka.security.KafkaSecurityConfig -- Configured SSL settings for Kafka
16:54:08.518 [main] DEBUG com.snowflake.kafka.security.KafkaSecurityConfig -- Configured additional security settings for Kafka
16:54:08.518 [main] DEBUG com.snowflake.kafka.security.KafkaSecurityConfig -- Created secure Kafka producer properties with 18 entries
16:54:08.518 [main] DEBUG com.snowflake.kafka.security.KafkaSecurityConfig -- Configured SSL settings for Kafka
16:54:08.518 [main] DEBUG com.snowflake.kafka.security.KafkaSecurityConfig -- Configured additional security settings for Kafka
16:54:08.518 [main] DEBUG com.snowflake.kafka.security.KafkaSecurityConfig -- Created secure Kafka producer properties with 18 entries
16:54:08.518 [main] DEBUG com.snowflake.kafka.security.KafkaSecurityConfig -- Configured SSL settings for Kafka
16:54:08.518 [main] DEBUG com.snowflake.kafka.security.KafkaSecurityConfig -- Configured additional security settings for Kafka
16:54:08.518 [main] DEBUG com.snowflake.kafka.security.KafkaSecurityConfig -- Created secure Kafka producer properties with 18 entries
16:54:08.518 [main] DEBUG com.snowflake.kafka.security.KafkaSecurityConfig -- Configured SSL settings for Kafka
16:54:08.518 [main] DEBUG com.snowflake.kafka.security.KafkaSecurityConfig -- Configured additional security settings for Kafka
16:54:08.518 [main] DEBUG com.snowflake.kafka.security.KafkaSecurityConfig -- Created secure Kafka producer properties with 18 entries
16:54:08.518 [main] DEBUG com.snowflake.kafka.security.KafkaSecurityConfig -- Configured SSL settings for Kafka
16:54:08.518 [main] DEBUG com.snowflake.kafka.security.KafkaSecurityConfig -- Configured additional security settings for Kafka
16:54:08.518 [main] DEBUG com.snowflake.kafka.security.KafkaSecurityConfig -- Created secure Kafka producer properties with 18 entries
16:54:08.518 [main] DEBUG com.snowflake.kafka.security.KafkaSecurityConfig -- Configured SSL settings for Kafka
16:54:08.518 [main] DEBUG com.snowflake.kafka.security.KafkaSecurityConfig -- Configured additional security settings for Kafka
16:54:08.518 [main] DEBUG com.snowflake.kafka.security.KafkaSecurityConfig -- Created secure Kafka producer properties with 18 entries
16:54:08.518 [main] DEBUG com.snowflake.kafka.security.KafkaSecurityConfig -- Configured SSL settings for Kafka
16:54:08.518 [main] DEBUG com.snowflake.kafka.security.KafkaSecurityConfig -- Configured additional security settings for Kafka
16:54:08.518 [main] DEBUG com.snowflake.kafka.security.KafkaSecurityConfig -- Created secure Kafka producer properties with 18 entries
16:54:08.518 [main] DEBUG com.snowflake.kafka.security.KafkaSecurityConfig -- Configured SSL settings for Kafka
16:54:08.518 [main] DEBUG com.snowflake.kafka.security.KafkaSecurityConfig -- Configured additional security settings for Kafka
16:54:08.518 [main] DEBUG com.snowflake.kafka.security.KafkaSecurityConfig -- Created secure Kafka producer properties with 18 entries
16:54:08.518 [main] DEBUG com.snowflake.kafka.security.KafkaSecurityConfig -- Configured SSL settings for Kafka
16:54:08.518 [main] DEBUG com.snowflake.kafka.security.KafkaSecurityConfig -- Configured additional security settings for Kafka
16:54:08.518 [main] DEBUG com.snowflake.kafka.security.KafkaSecurityConfig -- Created secure Kafka producer properties with 18 entries
16:54:08.518 [main] DEBUG com.snowflake.kafka.security.KafkaSecurityConfig -- Configured SSL settings for Kafka
16:54:08.518 [main] DEBUG com.snowflake.kafka.security.KafkaSecurityConfig -- Configured additional security settings for Kafka
16:54:08.518 [main] DEBUG com.snowflake.kafka.security.KafkaSecurityConfig -- Created secure Kafka producer properties with 18 entries
16:54:08.518 [main] DEBUG com.snowflake.kafka.security.KafkaSecurityConfig -- Configured SSL settings for Kafka
16:54:08.518 [main] DEBUG com.snowflake.kafka.security.KafkaSecurityConfig -- Configured additional security settings for Kafka
16:54:08.518 [main] DEBUG com.snowflake.kafka.security.KafkaSecurityConfig -- Created secure Kafka producer properties with 18 entries
16:54:08.518 [main] DEBUG com.snowflake.kafka.security.KafkaSecurityConfig -- Configured SSL settings for Kafka
16:54:08.518 [main] DEBUG com.snowflake.kafka.security.KafkaSecurityConfig -- Configured additional security settings for Kafka
16:54:08.518 [main] DEBUG com.snowflake.kafka.security.KafkaSecurityConfig -- Created secure Kafka producer properties with 18 entries
16:54:08.518 [main] DEBUG com.snowflake.kafka.security.KafkaSecurityConfig -- Configured SSL settings for Kafka
16:54:08.518 [main] DEBUG com.snowflake.kafka.security.KafkaSecurityConfig -- Configured additional security settings for Kafka
16:54:08.518 [main] DEBUG com.snowflake.kafka.security.KafkaSecurityConfig -- Created secure Kafka producer properties with 18 entries
16:54:08.518 [main] DEBUG com.snowflake.kafka.security.KafkaSecurityConfig -- Configured SSL settings for Kafka
16:54:08.518 [main] DEBUG com.snowflake.kafka.security.KafkaSecurityConfig -- Configured additional security settings for Kafka
16:54:08.518 [main] DEBUG com.snowflake.kafka.security.KafkaSecurityConfig -- Created secure Kafka producer properties with 18 entries
16:54:08.518 [main] DEBUG com.snowflake.kafka.security.KafkaSecurityConfig -- Configured SSL settings for Kafka
16:54:08.518 [main] DEBUG com.snowflake.kafka.security.KafkaSecurityConfig -- Configured additional security settings for Kafka
16:54:08.518 [main] DEBUG com.snowflake.kafka.security.KafkaSecurityConfig -- Created secure Kafka producer properties with 18 entries
16:54:08.518 [main] DEBUG com.snowflake.kafka.security.KafkaSecurityConfig -- Configured SSL settings for Kafka
16:54:08.518 [main] DEBUG com.snowflake.kafka.security.KafkaSecurityConfig -- Configured additional security settings for Kafka
16:54:08.518 [main] DEBUG com.snowflake.kafka.security.KafkaSecurityConfig -- Created secure Kafka producer properties with 18 entries
16:54:08.518 [main] DEBUG com.snowflake.kafka.security.KafkaSecurityConfig -- Configured SSL settings for Kafka
16:54:08.518 [main] DEBUG com.snowflake.kafka.security.KafkaSecurityConfig -- Configured additional security settings for Kafka
16:54:08.518 [main] DEBUG com.snowflake.kafka.security.KafkaSecurityConfig -- Created secure Kafka producer properties with 18 entries
16:54:08.518 [main] DEBUG com.snowflake.kafka.security.KafkaSecurityConfig -- Configured SSL settings for Kafka
16:54:08.518 [main] DEBUG com.snowflake.kafka.security.KafkaSecurityConfig -- Configured additional security settings for Kafka
16:54:08.518 [main] DEBUG com.snowflake.kafka.security.KafkaSecurityConfig -- Created secure Kafka producer properties with 18 entries
16:54:08.518 [main] DEBUG com.snowflake.kafka.security.KafkaSecurityConfig -- Configured SSL settings for Kafka
16:54:08.518 [main] DEBUG com.snowflake.kafka.security.KafkaSecurityConfig -- Configured additional security settings for Kafka
16:54:08.518 [main] DEBUG com.snowflake.kafka.security.KafkaSecurityConfig -- Created secure Kafka producer properties with 18 entries
16:54:08.518 [main] DEBUG com.snowflake.kafka.security.KafkaSecurityConfig -- Configured SSL settings for Kafka
16:54:08.518 [main] DEBUG com.snowflake.kafka.security.KafkaSecurityConfig -- Configured additional security settings for Kafka
16:54:08.518 [main] DEBUG com.snowflake.kafka.security.KafkaSecurityConfig -- Created secure Kafka producer properties with 18 entries
16:54:08.518 [main] DEBUG com.snowflake.kafka.security.KafkaSecurityConfig -- Configured SSL settings for Kafka
16:54:08.518 [main] DEBUG com.snowflake.kafka.security.KafkaSecurityConfig -- Configured additional security settings for Kafka
16:54:08.518 [main] DEBUG com.snowflake.kafka.security.KafkaSecurityConfig -- Created secure Kafka producer properties with 18 entries
16:54:08.518 [main] DEBUG com.snowflake.kafka.security.KafkaSecurityConfig -- Configured SSL settings for Kafka
16:54:08.518 [main] DEBUG com.snowflake.kafka.security.KafkaSecurityConfig -- Configured additional security settings for Kafka
16:54:08.518 [main] DEBUG com.snowflake.kafka.security.KafkaSecurityConfig -- Created secure Kafka producer properties with 18 entries
16:54:08.518 [main] DEBUG com.snowflake.kafka.security.KafkaSecurityConfig -- Configured SSL settings for Kafka
16:54:08.518 [main] DEBUG com.snowflake.kafka.security.KafkaSecurityConfig -- Configured additional security settings for Kafka
16:54:08.518 [main] DEBUG com.snowflake.kafka.security.KafkaSecurityConfig -- Created secure Kafka producer properties with 18 entries
16:54:08.518 [main] DEBUG com.snowflake.kafka.security.KafkaSecurityConfig -- Configured SSL settings for Kafka
16:54:08.518 [main] DEBUG com.snowflake.kafka.security.KafkaSecurityConfig -- Configured additional security settings for Kafka
16:54:08.518 [main] DEBUG com.snowflake.kafka.security.KafkaSecurityConfig -- Created secure Kafka producer properties with 18 entries
16:54:08.518 [main] DEBUG com.snowflake.kafka.security.KafkaSecurityConfig -- Configured SSL settings for Kafka
16:54:08.518 [main] DEBUG com.snowflake.kafka.security.KafkaSecurityConfig -- Configured additional security settings for Kafka
16:54:08.518 [main] DEBUG com.snowflake.kafka.security.KafkaSecurityConfig -- Created secure Kafka producer properties with 18 entries
16:54:08.518 [main] DEBUG com.snowflake.kafka.security.KafkaSecurityConfig -- Configured SSL settings for Kafka
16:54:08.518 [main] DEBUG com.snowflake.kafka.security.KafkaSecurityConfig -- Configured additional security settings for Kafka
16:54:08.518 [main] DEBUG com.snowflake.kafka.security.KafkaSecurityConfig -- Created secure Kafka producer properties with 18 entries
16:54:08.518 [main] DEBUG com.snowflake.kafka.security.KafkaSecurityConfig -- Configured SSL settings for Kafka
16:54:08.518 [main] DEBUG com.snowflake.kafka.security.KafkaSecurityConfig -- Configured additional security settings for Kafka
16:54:08.518 [main] DEBUG com.snowflake.kafka.security.KafkaSecurityConfig -- Created secure Kafka producer properties with 18 entries
16:54:08.518 [main] DEBUG com.snowflake.kafka.security.KafkaSecurityConfig -- Configured SSL settings for Kafka
16:54:08.519 [main] DEBUG com.snowflake.kafka.security.KafkaSecurityConfig -- Configured additional security settings for Kafka
16:54:08.519 [main] DEBUG com.snowflake.kafka.security.KafkaSecurityConfig -- Created secure Kafka producer properties with 18 entries
16:54:08.519 [main] DEBUG com.snowflake.kafka.security.KafkaSecurityConfig -- Configured SSL settings for Kafka
16:54:08.519 [main] DEBUG com.snowflake.kafka.security.KafkaSecurityConfig -- Configured additional security settings for Kafka
16:54:08.519 [main] DEBUG com.snowflake.kafka.security.KafkaSecurityConfig -- Created secure Kafka producer properties with 18 entries
16:54:08.519 [main] DEBUG com.snowflake.kafka.security.KafkaSecurityConfig -- Configured SSL settings for Kafka
16:54:08.519 [main] DEBUG com.snowflake.kafka.security.KafkaSecurityConfig -- Configured additional security settings for Kafka
16:54:08.519 [main] DEBUG com.snowflake.kafka.security.KafkaSecurityConfig -- Created secure Kafka producer properties with 18 entries
16:54:08.519 [main] DEBUG com.snowflake.kafka.security.KafkaSecurityConfig -- Configured SSL settings for Kafka
16:54:08.519 [main] DEBUG com.snowflake.kafka.security.KafkaSecurityConfig -- Configured additional security settings for Kafka
16:54:08.519 [main] DEBUG com.snowflake.kafka.security.KafkaSecurityConfig -- Created secure Kafka producer properties with 18 entries
16:54:08.519 [main] DEBUG com.snowflake.kafka.security.KafkaSecurityConfig -- Configured SSL settings for Kafka
16:54:08.519 [main] DEBUG com.snowflake.kafka.security.KafkaSecurityConfig -- Configured additional security settings for Kafka
16:54:08.519 [main] DEBUG com.snowflake.kafka.security.KafkaSecurityConfig -- Created secure Kafka producer properties with 18 entries
16:54:08.519 [main] DEBUG com.snowflake.kafka.security.KafkaSecurityConfig -- Configured SSL settings for Kafka
16:54:08.519 [main] DEBUG com.snowflake.kafka.security.KafkaSecurityConfig -- Configured additional security settings for Kafka
16:54:08.519 [main] DEBUG com.snowflake.kafka.security.KafkaSecurityConfig -- Created secure Kafka producer properties with 18 entries
16:54:08.519 [main] DEBUG com.snowflake.kafka.security.KafkaSecurityConfig -- Configured SSL settings for Kafka
16:54:08.519 [main] DEBUG com.snowflake.kafka.security.KafkaSecurityConfig -- Configured additional security settings for Kafka
16:54:08.519 [main] DEBUG com.snowflake.kafka.security.KafkaSecurityConfig -- Created secure Kafka producer properties with 18 entries
16:54:08.519 [main] DEBUG com.snowflake.kafka.security.KafkaSecurityConfig -- Configured SSL settings for Kafka
16:54:08.519 [main] DEBUG com.snowflake.kafka.security.KafkaSecurityConfig -- Configured additional security settings for Kafka
16:54:08.519 [main] DEBUG com.snowflake.kafka.security.KafkaSecurityConfig -- Created secure Kafka producer properties with 18 entries
16:54:08.519 [main] DEBUG com.snowflake.kafka.security.KafkaSecurityConfig -- Configured SSL settings for Kafka
16:54:08.519 [main] DEBUG com.snowflake.kafka.security.KafkaSecurityConfig -- Configured additional security settings for Kafka
16:54:08.519 [main] DEBUG com.snowflake.kafka.security.KafkaSecurityConfig -- Created secure Kafka producer properties with 18 entries
16:54:08.519 [main] DEBUG com.snowflake.kafka.security.KafkaSecurityConfig -- Configured SSL settings for Kafka
16:54:08.519 [main] DEBUG com.snowflake.kafka.security.KafkaSecurityConfig -- Configured additional security settings for Kafka
16:54:08.519 [main] DEBUG com.snowflake.kafka.security.KafkaSecurityConfig -- Created secure Kafka producer properties with 18 entries
16:54:08.519 [main] DEBUG com.snowflake.kafka.security.KafkaSecurityConfig -- Configured SSL settings for Kafka
16:54:08.519 [main] DEBUG com.snowflake.kafka.security.KafkaSecurityConfig -- Configured additional security settings for Kafka
16:54:08.519 [main] DEBUG com.snowflake.kafka.security.KafkaSecurityConfig -- Created secure Kafka producer properties with 18 entries
16:54:08.519 [main] DEBUG com.snowflake.kafka.security.KafkaSecurityConfig -- Configured SSL settings for Kafka
16:54:08.519 [main] DEBUG com.snowflake.kafka.security.KafkaSecurityConfig -- Configured additional security settings for Kafka
16:54:08.519 [main] DEBUG com.snowflake.kafka.security.KafkaSecurityConfig -- Created secure Kafka producer properties with 18 entries
16:54:08.519 [main] DEBUG com.snowflake.kafka.security.KafkaSecurityConfig -- Configured SSL settings for Kafka
16:54:08.519 [main] DEBUG com.snowflake.kafka.security.KafkaSecurityConfig -- Configured additional security settings for Kafka
16:54:08.519 [main] DEBUG com.snowflake.kafka.security.KafkaSecurityConfig -- Created secure Kafka producer properties with 18 entries
16:54:08.519 [main] DEBUG com.snowflake.kafka.security.KafkaSecurityConfig -- Configured SSL settings for Kafka
16:54:08.519 [main] DEBUG com.snowflake.kafka.security.KafkaSecurityConfig -- Configured additional security settings for Kafka
16:54:08.519 [main] DEBUG com.snowflake.kafka.security.KafkaSecurityConfig -- Created secure Kafka producer properties with 18 entries
16:54:08.519 [main] DEBUG com.snowflake.kafka.security.KafkaSecurityConfig -- Configured SSL settings for Kafka
16:54:08.519 [main] DEBUG com.snowflake.kafka.security.KafkaSecurityConfig -- Configured additional security settings for Kafka
16:54:08.519 [main] DEBUG com.snowflake.kafka.security.KafkaSecurityConfig -- Created secure Kafka producer properties with 18 entries
16:54:08.519 [main] DEBUG com.snowflake.kafka.security.KafkaSecurityConfig -- Configured SSL settings for Kafka
16:54:08.519 [main] DEBUG com.snowflake.kafka.security.KafkaSecurityConfig -- Configured additional security settings for Kafka
16:54:08.519 [main] DEBUG com.snowflake.kafka.security.KafkaSecurityConfig -- Created secure Kafka producer properties with 18 entries
16:54:08.519 [main] DEBUG com.snowflake.kafka.security.KafkaSecurityConfig -- Configured SSL settings for Kafka
16:54:08.519 [main] DEBUG com.snowflake.kafka.security.KafkaSecurityConfig -- Configured additional security settings for Kafka
16:54:08.519 [main] DEBUG com.snowflake.kafka.security.KafkaSecurityConfig -- Created secure Kafka producer properties with 18 entries
16:54:08.519 [main] DEBUG com.snowflake.kafka.security.KafkaSecurityConfig -- Configured SSL settings for Kafka
16:54:08.519 [main] DEBUG com.snowflake.kafka.security.KafkaSecurityConfig -- Configured additional security settings for Kafka
16:54:08.519 [main] DEBUG com.snowflake.kafka.security.KafkaSecurityConfig -- Created secure Kafka producer properties with 18 entries
16:54:08.519 [main] DEBUG com.snowflake.kafka.security.KafkaSecurityConfig -- Configured SSL settings for Kafka
16:54:08.519 [main] DEBUG com.snowflake.kafka.security.KafkaSecurityConfig -- Configured additional security settings for Kafka
16:54:08.519 [main] DEBUG com.snowflake.kafka.security.KafkaSecurityConfig -- Created secure Kafka producer properties with 18 entries
16:54:08.519 [main] DEBUG com.snowflake.kafka.security.KafkaSecurityConfig -- Configured SSL settings for Kafka
16:54:08.519 [main] DEBUG com.snowflake.kafka.security.KafkaSecurityConfig -- Configured additional security settings for Kafka
16:54:08.519 [main] DEBUG com.snowflake.kafka.security.KafkaSecurityConfig -- Created secure Kafka producer properties with 18 entries
16:54:08.519 [main] DEBUG com.snowflake.kafka.security.KafkaSecurityConfig -- Configured SSL settings for Kafka
16:54:08.519 [main] DEBUG com.snowflake.kafka.security.KafkaSecurityConfig -- Configured additional security settings for Kafka
16:54:08.519 [main] DEBUG com.snowflake.kafka.security.KafkaSecurityConfig -- Created secure Kafka producer properties with 18 entries
16:54:08.519 [main] DEBUG com.snowflake.kafka.security.KafkaSecurityConfig -- Configured SSL settings for Kafka
16:54:08.519 [main] DEBUG com.snowflake.kafka.security.KafkaSecurityConfig -- Configured additional security settings for Kafka
16:54:08.519 [main] DEBUG com.snowflake.kafka.security.KafkaSecurityConfig -- Created secure Kafka producer properties with 18 entries
16:54:08.519 [main] DEBUG com.snowflake.kafka.security.KafkaSecurityConfig -- Configured SSL settings for Kafka
16:54:08.519 [main] DEBUG com.snowflake.kafka.security.KafkaSecurityConfig -- Configured additional security settings for Kafka
16:54:08.519 [main] DEBUG com.snowflake.kafka.security.KafkaSecurityConfig -- Created secure Kafka producer properties with 18 entries
16:54:08.519 [main] DEBUG com.snowflake.kafka.security.KafkaSecurityConfig -- Configured SSL settings for Kafka
16:54:08.519 [main] DEBUG com.snowflake.kafka.security.KafkaSecurityConfig -- Configured additional security settings for Kafka
16:54:08.519 [main] DEBUG com.snowflake.kafka.security.KafkaSecurityConfig -- Created secure Kafka producer properties with 18 entries
16:54:08.519 [main] DEBUG com.snowflake.kafka.security.KafkaSecurityConfig -- Configured SSL settings for Kafka
16:54:08.519 [main] DEBUG com.snowflake.kafka.security.KafkaSecurityConfig -- Configured additional security settings for Kafka
16:54:08.519 [main] DEBUG com.snowflake.kafka.security.KafkaSecurityConfig -- Created secure Kafka producer properties with 18 entries
16:54:08.519 [main] DEBUG com.snowflake.kafka.security.KafkaSecurityConfig -- Configured SSL settings for Kafka
16:54:08.519 [main] DEBUG com.snowflake.kafka.security.KafkaSecurityConfig -- Configured additional security settings for Kafka
16:54:08.519 [main] DEBUG com.snowflake.kafka.security.KafkaSecurityConfig -- Created secure Kafka producer properties with 18 entries
16:54:08.519 [main] DEBUG com.snowflake.kafka.security.KafkaSecurityConfig -- Configured SSL settings for Kafka
16:54:08.519 [main] DEBUG com.snowflake.kafka.security.KafkaSecurityConfig -- Configured additional security settings for Kafka
16:54:08.519 [main] DEBUG com.snowflake.kafka.security.KafkaSecurityConfig -- Created secure Kafka producer properties with 18 entries
16:54:08.519 [main] DEBUG com.snowflake.kafka.security.KafkaSecurityConfig -- Configured SSL settings for Kafka
16:54:08.519 [main] DEBUG com.snowflake.kafka.security.KafkaSecurityConfig -- Configured additional security settings for Kafka
16:54:08.519 [main] DEBUG com.snowflake.kafka.security.KafkaSecurityConfig -- Created secure Kafka producer properties with 18 entries
16:54:08.519 [main] DEBUG com.snowflake.kafka.security.KafkaSecurityConfig -- Configured SSL settings for Kafka
16:54:08.519 [main] DEBUG com.snowflake.kafka.security.KafkaSecurityConfig -- Configured additional security settings for Kafka
16:54:08.519 [main] DEBUG com.snowflake.kafka.security.KafkaSecurityConfig -- Created secure Kafka producer properties with 18 entries
16:54:08.519 [main] DEBUG com.snowflake.kafka.security.KafkaSecurityConfig -- Configured SSL settings for Kafka
16:54:08.519 [main] DEBUG com.snowflake.kafka.security.KafkaSecurityConfig -- Configured additional security settings for Kafka
16:54:08.520 [main] DEBUG com.snowflake.kafka.security.KafkaSecurityConfig -- Created secure Kafka producer properties with 18 entries
16:54:08.520 [main] DEBUG com.snowflake.kafka.security.KafkaSecurityConfig -- Configured SSL settings for Kafka
16:54:08.520 [main] DEBUG com.snowflake.kafka.security.KafkaSecurityConfig -- Configured additional security settings for Kafka
16:54:08.520 [main] DEBUG com.snowflake.kafka.security.KafkaSecurityConfig -- Created secure Kafka producer properties with 18 entries
16:54:08.520 [main] DEBUG com.snowflake.kafka.security.KafkaSecurityConfig -- Configured SSL settings for Kafka
16:54:08.520 [main] DEBUG com.snowflake.kafka.security.KafkaSecurityConfig -- Configured additional security settings for Kafka
16:54:08.520 [main] DEBUG com.snowflake.kafka.security.KafkaSecurityConfig -- Created secure Kafka producer properties with 18 entries
16:54:08.520 [main] DEBUG com.snowflake.kafka.security.KafkaSecurityConfig -- Configured SSL settings for Kafka
16:54:08.520 [main] DEBUG com.snowflake.kafka.security.KafkaSecurityConfig -- Configured additional security settings for Kafka
16:54:08.520 [main] DEBUG com.snowflake.kafka.security.KafkaSecurityConfig -- Created secure Kafka producer properties with 18 entries
16:54:08.520 [main] DEBUG com.snowflake.kafka.security.KafkaSecurityConfig -- Configured SSL settings for Kafka
16:54:08.520 [main] DEBUG com.snowflake.kafka.security.KafkaSecurityConfig -- Configured additional security settings for Kafka
16:54:08.520 [main] DEBUG com.snowflake.kafka.security.KafkaSecurityConfig -- Created secure Kafka producer properties with 18 entries
16:54:08.520 [main] DEBUG com.snowflake.kafka.security.KafkaSecurityConfig -- Configured SSL settings for Kafka
16:54:08.520 [main] DEBUG com.snowflake.kafka.security.KafkaSecurityConfig -- Configured additional security settings for Kafka
16:54:08.520 [main] DEBUG com.snowflake.kafka.security.KafkaSecurityConfig -- Created secure Kafka producer properties with 18 entries
16:54:08.520 [main] DEBUG com.snowflake.kafka.security.KafkaSecurityConfig -- Configured SSL settings for Kafka
16:54:08.520 [main] DEBUG com.snowflake.kafka.security.KafkaSecurityConfig -- Configured additional security settings for Kafka
16:54:08.520 [main] DEBUG com.snowflake.kafka.security.KafkaSecurityConfig -- Created secure Kafka producer properties with 18 entries
16:54:08.520 [main] DEBUG com.snowflake.kafka.security.KafkaSecurityConfig -- Configured SSL settings for Kafka
16:54:08.521 [main] DEBUG com.snowflake.kafka.security.KafkaSecurityConfig -- Configured additional security settings for Kafka
16:54:08.521 [main] DEBUG com.snowflake.kafka.security.KafkaSecurityConfig -- Created secure Kafka producer properties with 18 entries
16:54:08.521 [main] DEBUG com.snowflake.kafka.security.KafkaSecurityConfig -- Configured SSL settings for Kafka
16:54:08.521 [main] DEBUG com.snowflake.kafka.security.KafkaSecurityConfig -- Configured additional security settings for Kafka
16:54:08.521 [main] DEBUG com.snowflake.kafka.security.KafkaSecurityConfig -- Created secure Kafka producer properties with 18 entries
16:54:08.521 [main] DEBUG com.snowflake.kafka.security.KafkaSecurityConfig -- Configured SSL settings for Kafka
16:54:08.521 [main] DEBUG com.snowflake.kafka.security.KafkaSecurityConfig -- Configured additional security settings for Kafka
16:54:08.521 [main] DEBUG com.snowflake.kafka.security.KafkaSecurityConfig -- Created secure Kafka producer properties with 18 entries
16:54:08.521 [main] DEBUG com.snowflake.kafka.security.KafkaSecurityConfig -- Configured SSL settings for Kafka
16:54:08.521 [main] DEBUG com.snowflake.kafka.security.KafkaSecurityConfig -- Configured additional security settings for Kafka
16:54:08.521 [main] DEBUG com.snowflake.kafka.security.KafkaSecurityConfig -- Created secure Kafka producer properties with 18 entries
16:54:08.521 [main] DEBUG com.snowflake.kafka.security.KafkaSecurityConfig -- Configured SSL settings for Kafka
16:54:08.521 [main] DEBUG com.snowflake.kafka.security.KafkaSecurityConfig -- Configured additional security settings for Kafka
16:54:08.521 [main] DEBUG com.snowflake.kafka.security.KafkaSecurityConfig -- Created secure Kafka producer properties with 18 entries
16:54:08.521 [main] DEBUG com.snowflake.kafka.security.KafkaSecurityConfig -- Configured SSL settings for Kafka
16:54:08.521 [main] DEBUG com.snowflake.kafka.security.KafkaSecurityConfig -- Configured additional security settings for Kafka
16:54:08.521 [main] DEBUG com.snowflake.kafka.security.KafkaSecurityConfig -- Created secure Kafka producer properties with 18 entries
16:54:08.521 [main] DEBUG com.snowflake.kafka.security.KafkaSecurityConfig -- Configured SSL settings for Kafka
16:54:08.521 [main] DEBUG com.snowflake.kafka.security.KafkaSecurityConfig -- Configured additional security settings for Kafka
16:54:08.521 [main] DEBUG com.snowflake.kafka.security.KafkaSecurityConfig -- Created secure Kafka producer properties with 18 entries
16:54:08.521 [main] DEBUG com.snowflake.kafka.security.KafkaSecurityConfig -- Configured SSL settings for Kafka
16:54:08.521 [main] DEBUG com.snowflake.kafka.security.KafkaSecurityConfig -- Configured additional security settings for Kafka
16:54:08.521 [main] DEBUG com.snowflake.kafka.security.KafkaSecurityConfig -- Created secure Kafka producer properties with 18 entries
16:54:08.521 [main] DEBUG com.snowflake.kafka.security.KafkaSecurityConfig -- Configured SSL settings for Kafka
16:54:08.521 [main] DEBUG com.snowflake.kafka.security.KafkaSecurityConfig -- Configured additional security settings for Kafka
16:54:08.521 [main] DEBUG com.snowflake.kafka.security.KafkaSecurityConfig -- Created secure Kafka producer properties with 18 entries
16:54:08.521 [main] DEBUG com.snowflake.kafka.security.KafkaSecurityConfig -- Configured SSL settings for Kafka
16:54:08.521 [main] DEBUG com.snowflake.kafka.security.KafkaSecurityConfig -- Configured additional security settings for Kafka
16:54:08.521 [main] DEBUG com.snowflake.kafka.security.KafkaSecurityConfig -- Created secure Kafka producer properties with 18 entries
16:54:08.521 [main] DEBUG com.snowflake.kafka.security.KafkaSecurityConfig -- Configured SSL settings for Kafka
16:54:08.521 [main] DEBUG com.snowflake.kafka.security.KafkaSecurityConfig -- Configured additional security settings for Kafka
16:54:08.521 [main] DEBUG com.snowflake.kafka.security.KafkaSecurityConfig -- Created secure Kafka producer properties with 18 entries
16:54:08.521 [main] DEBUG com.snowflake.kafka.security.KafkaSecurityConfig -- Configured SSL settings for Kafka
16:54:08.521 [main] DEBUG com.snowflake.kafka.security.KafkaSecurityConfig -- Configured additional security settings for Kafka
16:54:08.521 [main] DEBUG com.snowflake.kafka.security.KafkaSecurityConfig -- Created secure Kafka producer properties with 18 entries
16:54:08.521 [main] DEBUG com.snowflake.kafka.security.KafkaSecurityConfig -- Configured SSL settings for Kafka
16:54:08.521 [main] DEBUG com.snowflake.kafka.security.KafkaSecurityConfig -- Configured additional security settings for Kafka
16:54:08.521 [main] DEBUG com.snowflake.kafka.security.KafkaSecurityConfig -- Created secure Kafka producer properties with 18 entries
16:54:08.521 [main] DEBUG com.snowflake.kafka.security.KafkaSecurityConfig -- Configured SSL settings for Kafka
16:54:08.521 [main] DEBUG com.snowflake.kafka.security.KafkaSecurityConfig -- Configured additional security settings for Kafka
16:54:08.521 [main] DEBUG com.snowflake.kafka.security.KafkaSecurityConfig -- Created secure Kafka producer properties with 18 entries
16:54:08.521 [main] DEBUG com.snowflake.kafka.security.KafkaSecurityConfig -- Configured SSL settings for Kafka
16:54:08.521 [main] DEBUG com.snowflake.kafka.security.KafkaSecurityConfig -- Configured additional security settings for Kafka
16:54:08.521 [main] DEBUG com.snowflake.kafka.security.KafkaSecurityConfig -- Created secure Kafka producer properties with 18 entries
16:54:08.521 [main] DEBUG com.snowflake.kafka.security.KafkaSecurityConfig -- Configured SSL settings for Kafka
16:54:08.521 [main] DEBUG com.snowflake.kafka.security.KafkaSecurityConfig -- Configured additional security settings for Kafka
16:54:08.521 [main] DEBUG com.snowflake.kafka.security.KafkaSecurityConfig -- Created secure Kafka producer properties with 18 entries
16:54:08.521 [main] DEBUG com.snowflake.kafka.security.KafkaSecurityConfig -- Configured SSL settings for Kafka
16:54:08.521 [main] DEBUG com.snowflake.kafka.security.KafkaSecurityConfig -- Configured additional security settings for Kafka
16:54:08.521 [main] DEBUG com.snowflake.kafka.security.KafkaSecurityConfig -- Created secure Kafka producer properties with 18 entries
16:54:08.521 [main] DEBUG com.snowflake.kafka.security.KafkaSecurityConfig -- Configured SSL settings for Kafka
16:54:08.521 [main] DEBUG com.snowflake.kafka.security.KafkaSecurityConfig -- Configured additional security settings for Kafka
16:54:08.521 [main] DEBUG com.snowflake.kafka.security.KafkaSecurityConfig -- Created secure Kafka producer properties with 18 entries
16:54:08.521 [main] DEBUG com.snowflake.kafka.security.KafkaSecurityConfig -- Configured SSL settings for Kafka
16:54:08.521 [main] DEBUG com.snowflake.kafka.security.KafkaSecurityConfig -- Configured additional security settings for Kafka
16:54:08.521 [main] DEBUG com.snowflake.kafka.security.KafkaSecurityConfig -- Created secure Kafka producer properties with 18 entries
16:54:08.521 [main] DEBUG com.snowflake.kafka.security.KafkaSecurityConfig -- Configured SSL settings for Kafka
16:54:08.521 [main] DEBUG com.snowflake.kafka.security.KafkaSecurityConfig -- Configured additional security settings for Kafka
16:54:08.521 [main] DEBUG com.snowflake.kafka.security.KafkaSecurityConfig -- Created secure Kafka producer properties with 18 entries
16:54:08.521 [main] DEBUG com.snowflake.kafka.security.KafkaSecurityConfig -- Configured SSL settings for Kafka
16:54:08.521 [main] DEBUG com.snowflake.kafka.security.KafkaSecurityConfig -- Configured additional security settings for Kafka
16:54:08.521 [main] DEBUG com.snowflake.kafka.security.KafkaSecurityConfig -- Created secure Kafka producer properties with 18 entries
16:54:08.521 [main] DEBUG com.snowflake.kafka.security.KafkaSecurityConfig -- Configured SSL settings for Kafka
16:54:08.521 [main] DEBUG com.snowflake.kafka.security.KafkaSecurityConfig -- Configured additional security settings for Kafka
16:54:08.521 [main] DEBUG com.snowflake.kafka.security.KafkaSecurityConfig -- Created secure Kafka producer properties with 18 entries
16:54:08.521 [main] DEBUG com.snowflake.kafka.security.KafkaSecurityConfig -- Configured SSL settings for Kafka
16:54:08.521 [main] DEBUG com.snowflake.kafka.security.KafkaSecurityConfig -- Configured additional security settings for Kafka
16:54:08.521 [main] DEBUG com.snowflake.kafka.security.KafkaSecurityConfig -- Created secure Kafka producer properties with 18 entries
16:54:08.521 [main] DEBUG com.snowflake.kafka.security.KafkaSecurityConfig -- Configured SSL settings for Kafka
16:54:08.521 [main] DEBUG com.snowflake.kafka.security.KafkaSecurityConfig -- Configured additional security settings for Kafka
16:54:08.521 [main] DEBUG com.snowflake.kafka.security.KafkaSecurityConfig -- Created secure Kafka producer properties with 18 entries
16:54:08.521 [main] DEBUG com.snowflake.kafka.security.KafkaSecurityConfig -- Configured SSL settings for Kafka
16:54:08.521 [main] DEBUG com.snowflake.kafka.security.KafkaSecurityConfig -- Configured additional security settings for Kafka
16:54:08.521 [main] DEBUG com.snowflake.kafka.security.KafkaSecurityConfig -- Created secure Kafka producer properties with 18 entries
16:54:08.521 [main] DEBUG com.snowflake.kafka.security.KafkaSecurityConfig -- Configured SSL settings for Kafka
16:54:08.521 [main] DEBUG com.snowflake.kafka.security.KafkaSecurityConfig -- Configured additional security settings for Kafka
16:54:08.521 [main] DEBUG com.snowflake.kafka.security.KafkaSecurityConfig -- Created secure Kafka producer properties with 18 entries
16:54:08.521 [main] DEBUG com.snowflake.kafka.security.KafkaSecurityConfig -- Configured SSL settings for Kafka
16:54:08.521 [main] DEBUG com.snowflake.kafka.security.KafkaSecurityConfig -- Configured additional security settings for Kafka
16:54:08.521 [main] DEBUG com.snowflake.kafka.security.KafkaSecurityConfig -- Created secure Kafka producer properties with 18 entries
16:54:08.521 [main] DEBUG com.snowflake.kafka.security.KafkaSecurityConfig -- Configured SSL settings for Kafka
16:54:08.521 [main] DEBUG com.snowflake.kafka.security.KafkaSecurityConfig -- Configured additional security settings for Kafka
16:54:08.521 [main] DEBUG com.snowflake.kafka.security.KafkaSecurityConfig -- Created secure Kafka producer properties with 18 entries
16:54:08.521 [main] DEBUG com.snowflake.kafka.security.KafkaSecurityConfig -- Configured SSL settings for Kafka
16:54:08.521 [main] DEBUG com.snowflake.kafka.security.KafkaSecurityConfig -- Configured additional security settings for Kafka
16:54:08.521 [main] DEBUG com.snowflake.kafka.security.KafkaSecurityConfig -- Created secure Kafka producer properties with 18 entries
16:54:08.521 [main] DEBUG com.snowflake.kafka.security.KafkaSecurityConfig -- Configured SSL settings for Kafka
16:54:08.521 [main] DEBUG com.snowflake.kafka.security.KafkaSecurityConfig -- Configured additional security settings for Kafka
16:54:08.521 [main] DEBUG com.snowflake.kafka.security.KafkaSecurityConfig -- Created secure Kafka producer properties with 18 entries
16:54:08.521 [main] DEBUG com.snowflake.kafka.security.KafkaSecurityConfig -- Configured SSL settings for Kafka
16:54:08.521 [main] DEBUG com.snowflake.kafka.security.KafkaSecurityConfig -- Configured additional security settings for Kafka
16:54:08.521 [main] DEBUG com.snowflake.kafka.security.KafkaSecurityConfig -- Created secure Kafka producer properties with 18 entries
16:54:08.521 [main] DEBUG com.snowflake.kafka.security.KafkaSecurityConfig -- Configured SSL settings for Kafka
16:54:08.521 [main] DEBUG com.snowflake.kafka.security.KafkaSecurityConfig -- Configured additional security settings for Kafka
16:54:08.521 [main] DEBUG com.snowflake.kafka.security.KafkaSecurityConfig -- Created secure Kafka producer properties with 18 entries
16:54:08.521 [main] DEBUG com.snowflake.kafka.security.KafkaSecurityConfig -- Configured SSL settings for Kafka
16:54:08.521 [main] DEBUG com.snowflake.kafka.security.KafkaSecurityConfig -- Configured additional security settings for Kafka
16:54:08.521 [main] DEBUG com.snowflake.kafka.security.KafkaSecurityConfig -- Created secure Kafka producer properties with 18 entries
16:54:08.521 [main] DEBUG com.snowflake.kafka.security.KafkaSecurityConfig -- Configured SSL settings for Kafka
16:54:08.521 [main] DEBUG com.snowflake.kafka.security.KafkaSecurityConfig -- Configured additional security settings for Kafka
16:54:08.521 [main] DEBUG com.snowflake.kafka.security.KafkaSecurityConfig -- Created secure Kafka producer properties with 18 entries
16:54:08.521 [main] DEBUG com.snowflake.kafka.security.KafkaSecurityConfig -- Configured SSL settings for Kafka
16:54:08.521 [main] DEBUG com.snowflake.kafka.security.KafkaSecurityConfig -- Configured additional security settings for Kafka
16:54:08.521 [main] DEBUG com.snowflake.kafka.security.KafkaSecurityConfig -- Created secure Kafka producer properties with 18 entries
16:54:08.521 [main] DEBUG com.snowflake.kafka.security.KafkaSecurityConfig -- Configured SSL settings for Kafka
16:54:08.521 [main] DEBUG com.snowflake.kafka.security.KafkaSecurityConfig -- Configured additional security settings for Kafka
16:54:08.521 [main] DEBUG com.snowflake.kafka.security.KafkaSecurityConfig -- Created secure Kafka producer properties with 18 entries
16:54:08.521 [main] DEBUG com.snowflake.kafka.security.KafkaSecurityConfig -- Configured SSL settings for Kafka
16:54:08.521 [main] DEBUG com.snowflake.kafka.security.KafkaSecurityConfig -- Configured additional security settings for Kafka
16:54:08.521 [main] DEBUG com.snowflake.kafka.security.KafkaSecurityConfig -- Created secure Kafka producer properties with 18 entries
16:54:08.521 [main] DEBUG com.snowflake.kafka.security.KafkaSecurityConfig -- Configured SSL settings for Kafka
16:54:08.521 [main] DEBUG com.snowflake.kafka.security.KafkaSecurityConfig -- Configured additional security settings for Kafka
16:54:08.521 [main] DEBUG com.snowflake.kafka.security.KafkaSecurityConfig -- Created secure Kafka producer properties with 18 entries
16:54:08.521 [main] DEBUG com.snowflake.kafka.security.KafkaSecurityConfig -- Configured SSL settings for Kafka
16:54:08.521 [main] DEBUG com.snowflake.kafka.security.KafkaSecurityConfig -- Configured additional security settings for Kafka
16:54:08.521 [main] DEBUG com.snowflake.kafka.security.KafkaSecurityConfig -- Created secure Kafka producer properties with 18 entries
16:54:08.521 [main] DEBUG com.snowflake.kafka.security.KafkaSecurityConfig -- Configured SSL settings for Kafka
16:54:08.521 [main] DEBUG com.snowflake.kafka.security.KafkaSecurityConfig -- Configured additional security settings for Kafka
16:54:08.521 [main] DEBUG com.snowflake.kafka.security.KafkaSecurityConfig -- Created secure Kafka producer properties with 18 entries
16:54:08.521 [main] DEBUG com.snowflake.kafka.security.KafkaSecurityConfig -- Configured SSL settings for Kafka
16:54:08.521 [main] DEBUG com.snowflake.kafka.security.KafkaSecurityConfig -- Configured additional security settings for Kafka
16:54:08.521 [main] DEBUG com.snowflake.kafka.security.KafkaSecurityConfig -- Created secure Kafka producer properties with 18 entries
16:54:08.521 [main] DEBUG com.snowflake.kafka.security.KafkaSecurityConfig -- Configured SSL settings for Kafka
16:54:08.521 [main] DEBUG com.snowflake.kafka.security.KafkaSecurityConfig -- Configured additional security settings for Kafka
16:54:08.521 [main] DEBUG com.snowflake.kafka.security.KafkaSecurityConfig -- Created secure Kafka producer properties with 18 entries
16:54:08.521 [main] DEBUG com.snowflake.kafka.security.KafkaSecurityConfig -- Configured SSL settings for Kafka
16:54:08.521 [main] DEBUG com.snowflake.kafka.security.KafkaSecurityConfig -- Configured additional security settings for Kafka
16:54:08.521 [main] DEBUG com.snowflake.kafka.security.KafkaSecurityConfig -- Created secure Kafka producer properties with 18 entries
16:54:08.521 [main] DEBUG com.snowflake.kafka.security.KafkaSecurityConfig -- Configured SSL settings for Kafka
16:54:08.521 [main] DEBUG com.snowflake.kafka.security.KafkaSecurityConfig -- Configured additional security settings for Kafka
16:54:08.521 [main] DEBUG com.snowflake.kafka.security.KafkaSecurityConfig -- Created secure Kafka producer properties with 18 entries
16:54:08.522 [main] DEBUG com.snowflake.kafka.security.KafkaSecurityConfig -- Configured SSL settings for Kafka
16:54:08.522 [main] DEBUG com.snowflake.kafka.security.KafkaSecurityConfig -- Configured additional security settings for Kafka
16:54:08.522 [main] DEBUG com.snowflake.kafka.security.KafkaSecurityConfig -- Created secure Kafka producer properties with 18 entries
16:54:08.522 [main] DEBUG com.snowflake.kafka.security.KafkaSecurityConfig -- Configured SSL settings for Kafka
16:54:08.522 [main] DEBUG com.snowflake.kafka.security.KafkaSecurityConfig -- Configured additional security settings for Kafka
16:54:08.522 [main] DEBUG com.snowflake.kafka.security.KafkaSecurityConfig -- Created secure Kafka producer properties with 18 entries
16:54:08.522 [main] DEBUG com.snowflake.kafka.security.KafkaSecurityConfig -- Configured SSL settings for Kafka
16:54:08.522 [main] DEBUG com.snowflake.kafka.security.KafkaSecurityConfig -- Configured additional security settings for Kafka
16:54:08.522 [main] DEBUG com.snowflake.kafka.security.KafkaSecurityConfig -- Created secure Kafka producer properties with 18 entries
16:54:08.522 [main] DEBUG com.snowflake.kafka.security.KafkaSecurityConfig -- Configured SSL settings for Kafka
16:54:08.522 [main] DEBUG com.snowflake.kafka.security.KafkaSecurityConfig -- Configured additional security settings for Kafka
16:54:08.522 [main] DEBUG com.snowflake.kafka.security.KafkaSecurityConfig -- Created secure Kafka producer properties with 18 entries
16:54:08.522 [main] DEBUG com.snowflake.kafka.security.KafkaSecurityConfig -- Configured SSL settings for Kafka
16:54:08.522 [main] DEBUG com.snowflake.kafka.security.KafkaSecurityConfig -- Configured additional security settings for Kafka
16:54:08.522 [main] DEBUG com.snowflake.kafka.security.KafkaSecurityConfig -- Created secure Kafka producer properties with 18 entries
16:54:08.522 [main] DEBUG com.snowflake.kafka.security.KafkaSecurityConfig -- Configured SSL settings for Kafka
16:54:08.522 [main] DEBUG com.snowflake.kafka.security.KafkaSecurityConfig -- Configured additional security settings for Kafka
16:54:08.522 [main] DEBUG com.snowflake.kafka.security.KafkaSecurityConfig -- Created secure Kafka producer properties with 18 entries
16:54:08.522 [main] DEBUG com.snowflake.kafka.security.KafkaSecurityConfig -- Configured SSL settings for Kafka
16:54:08.522 [main] DEBUG com.snowflake.kafka.security.KafkaSecurityConfig -- Configured additional security settings for Kafka
16:54:08.522 [main] DEBUG com.snowflake.kafka.security.KafkaSecurityConfig -- Created secure Kafka producer properties with 18 entries
16:54:08.522 [main] DEBUG com.snowflake.kafka.security.KafkaSecurityConfig -- Configured SSL settings for Kafka
16:54:08.522 [main] DEBUG com.snowflake.kafka.security.KafkaSecurityConfig -- Configured additional security settings for Kafka
16:54:08.522 [main] DEBUG com.snowflake.kafka.security.KafkaSecurityConfig -- Created secure Kafka producer properties with 18 entries
16:54:08.522 [main] DEBUG com.snowflake.kafka.security.KafkaSecurityConfig -- Configured SSL settings for Kafka
16:54:08.522 [main] DEBUG com.snowflake.kafka.security.KafkaSecurityConfig -- Configured additional security settings for Kafka
16:54:08.522 [main] DEBUG com.snowflake.kafka.security.KafkaSecurityConfig -- Created secure Kafka producer properties with 18 entries
16:54:08.522 [main] DEBUG com.snowflake.kafka.security.KafkaSecurityConfig -- Configured SSL settings for Kafka
16:54:08.522 [main] DEBUG com.snowflake.kafka.security.KafkaSecurityConfig -- Configured additional security settings for Kafka
16:54:08.522 [main] DEBUG com.snowflake.kafka.security.KafkaSecurityConfig -- Created secure Kafka producer properties with 18 entries
16:54:08.522 [main] DEBUG com.snowflake.kafka.security.KafkaSecurityConfig -- Configured SSL settings for Kafka
16:54:08.522 [main] DEBUG com.snowflake.kafka.security.KafkaSecurityConfig -- Configured additional security settings for Kafka
16:54:08.522 [main] DEBUG com.snowflake.kafka.security.KafkaSecurityConfig -- Created secure Kafka producer properties with 18 entries
16:54:08.522 [main] DEBUG com.snowflake.kafka.security.KafkaSecurityConfig -- Configured SSL settings for Kafka
16:54:08.522 [main] DEBUG com.snowflake.kafka.security.KafkaSecurityConfig -- Configured additional security settings for Kafka
16:54:08.522 [main] DEBUG com.snowflake.kafka.security.KafkaSecurityConfig -- Created secure Kafka producer properties with 18 entries
16:54:08.522 [main] DEBUG com.snowflake.kafka.security.KafkaSecurityConfig -- Configured SSL settings for Kafka
16:54:08.522 [main] DEBUG com.snowflake.kafka.security.KafkaSecurityConfig -- Configured additional security settings for Kafka
16:54:08.522 [main] DEBUG com.snowflake.kafka.security.KafkaSecurityConfig -- Created secure Kafka producer properties with 18 entries
16:54:08.522 [main] DEBUG com.snowflake.kafka.security.KafkaSecurityConfig -- Configured SSL settings for Kafka
16:54:08.522 [main] DEBUG com.snowflake.kafka.security.KafkaSecurityConfig -- Configured additional security settings for Kafka
16:54:08.522 [main] DEBUG com.snowflake.kafka.security.KafkaSecurityConfig -- Created secure Kafka producer properties with 18 entries
16:54:08.522 [main] DEBUG com.snowflake.kafka.security.KafkaSecurityConfig -- Configured SSL settings for Kafka
16:54:08.522 [main] DEBUG com.snowflake.kafka.security.KafkaSecurityConfig -- Configured additional security settings for Kafka
16:54:08.522 [main] DEBUG com.snowflake.kafka.security.KafkaSecurityConfig -- Created secure Kafka producer properties with 18 entries
16:54:08.522 [main] DEBUG com.snowflake.kafka.security.KafkaSecurityConfig -- Configured SSL settings for Kafka
16:54:08.522 [main] DEBUG com.snowflake.kafka.security.KafkaSecurityConfig -- Configured additional security settings for Kafka
16:54:08.522 [main] DEBUG com.snowflake.kafka.security.KafkaSecurityConfig -- Created secure Kafka producer properties with 18 entries
16:54:08.522 [main] DEBUG com.snowflake.kafka.security.KafkaSecurityConfig -- Configured SSL settings for Kafka
16:54:08.522 [main] DEBUG com.snowflake.kafka.security.KafkaSecurityConfig -- Configured additional security settings for Kafka
16:54:08.522 [main] DEBUG com.snowflake.kafka.security.KafkaSecurityConfig -- Created secure Kafka producer properties with 18 entries
16:54:08.522 [main] DEBUG com.snowflake.kafka.security.KafkaSecurityConfig -- Configured SSL settings for Kafka
16:54:08.522 [main] DEBUG com.snowflake.kafka.security.KafkaSecurityConfig -- Configured additional security settings for Kafka
16:54:08.522 [main] DEBUG com.snowflake.kafka.security.KafkaSecurityConfig -- Created secure Kafka producer properties with 18 entries
16:54:08.522 [main] DEBUG com.snowflake.kafka.security.KafkaSecurityConfig -- Configured SSL settings for Kafka
16:54:08.522 [main] DEBUG com.snowflake.kafka.security.KafkaSecurityConfig -- Configured additional security settings for Kafka
16:54:08.522 [main] DEBUG com.snowflake.kafka.security.KafkaSecurityConfig -- Created secure Kafka producer properties with 18 entries
16:54:08.522 [main] DEBUG com.snowflake.kafka.security.KafkaSecurityConfig -- Configured SSL settings for Kafka
16:54:08.522 [main] DEBUG com.snowflake.kafka.security.KafkaSecurityConfig -- Configured additional security settings for Kafka
16:54:08.522 [main] DEBUG com.snowflake.kafka.security.KafkaSecurityConfig -- Created secure Kafka producer properties with 18 entries
16:54:08.522 [main] DEBUG com.snowflake.kafka.security.KafkaSecurityConfig -- Configured SSL settings for Kafka
16:54:08.522 [main] DEBUG com.snowflake.kafka.security.KafkaSecurityConfig -- Configured additional security settings for Kafka
16:54:08.522 [main] DEBUG com.snowflake.kafka.security.KafkaSecurityConfig -- Created secure Kafka producer properties with 18 entries
16:54:08.522 [main] DEBUG com.snowflake.kafka.security.KafkaSecurityConfig -- Configured SSL settings for Kafka
16:54:08.522 [main] DEBUG com.snowflake.kafka.security.KafkaSecurityConfig -- Configured additional security settings for Kafka
16:54:08.522 [main] DEBUG com.snowflake.kafka.security.KafkaSecurityConfig -- Created secure Kafka producer properties with 18 entries
16:54:08.522 [main] DEBUG com.snowflake.kafka.security.KafkaSecurityConfig -- Configured SSL settings for Kafka
16:54:08.522 [main] DEBUG com.snowflake.kafka.security.KafkaSecurityConfig -- Configured additional security settings for Kafka
16:54:08.522 [main] DEBUG com.snowflake.kafka.security.KafkaSecurityConfig -- Created secure Kafka producer properties with 18 entries
16:54:08.522 [main] DEBUG com.snowflake.kafka.security.KafkaSecurityConfig -- Configured SSL settings for Kafka
16:54:08.522 [main] DEBUG com.snowflake.kafka.security.KafkaSecurityConfig -- Configured additional security settings for Kafka
16:54:08.522 [main] DEBUG com.snowflake.kafka.security.KafkaSecurityConfig -- Created secure Kafka producer properties with 18 entries
16:54:08.522 [main] DEBUG com.snowflake.kafka.security.KafkaSecurityConfig -- Configured SSL settings for Kafka
16:54:08.522 [main] DEBUG com.snowflake.kafka.security.KafkaSecurityConfig -- Configured additional security settings for Kafka
16:54:08.522 [main] DEBUG com.snowflake.kafka.security.KafkaSecurityConfig -- Created secure Kafka producer properties with 18 entries
16:54:08.522 [main] DEBUG com.snowflake.kafka.security.KafkaSecurityConfig -- Configured SSL settings for Kafka
16:54:08.522 [main] DEBUG com.snowflake.kafka.security.KafkaSecurityConfig -- Configured additional security settings for Kafka
16:54:08.522 [main] DEBUG com.snowflake.kafka.security.KafkaSecurityConfig -- Created secure Kafka producer properties with 18 entries
16:54:08.522 [main] DEBUG com.snowflake.kafka.security.KafkaSecurityConfig -- Configured SSL settings for Kafka
16:54:08.522 [main] DEBUG com.snowflake.kafka.security.KafkaSecurityConfig -- Configured additional security settings for Kafka
16:54:08.522 [main] DEBUG com.snowflake.kafka.security.KafkaSecurityConfig -- Created secure Kafka producer properties with 18 entries
16:54:08.522 [main] DEBUG com.snowflake.kafka.security.KafkaSecurityConfig -- Configured SSL settings for Kafka
16:54:08.522 [main] DEBUG com.snowflake.kafka.security.KafkaSecurityConfig -- Configured additional security settings for Kafka
16:54:08.522 [main] DEBUG com.snowflake.kafka.security.KafkaSecurityConfig -- Created secure Kafka producer properties with 18 entries
16:54:08.522 [main] DEBUG com.snowflake.kafka.security.KafkaSecurityConfig -- Configured SSL settings for Kafka
16:54:08.522 [main] DEBUG com.snowflake.kafka.security.KafkaSecurityConfig -- Configured additional security settings for Kafka
16:54:08.522 [main] DEBUG com.snowflake.kafka.security.KafkaSecurityConfig -- Created secure Kafka producer properties with 18 entries
16:54:08.522 [main] DEBUG com.snowflake.kafka.security.KafkaSecurityConfig -- Configured SSL settings for Kafka
16:54:08.522 [main] DEBUG com.snowflake.kafka.security.KafkaSecurityConfig -- Configured additional security settings for Kafka
16:54:08.522 [main] DEBUG com.snowflake.kafka.security.KafkaSecurityConfig -- Created secure Kafka producer properties with 18 entries
16:54:08.522 [main] DEBUG com.snowflake.kafka.security.KafkaSecurityConfig -- Configured SSL settings for Kafka
16:54:08.522 [main] DEBUG com.snowflake.kafka.security.KafkaSecurityConfig -- Configured additional security settings for Kafka
16:54:08.522 [main] DEBUG com.snowflake.kafka.security.KafkaSecurityConfig -- Created secure Kafka producer properties with 18 entries
16:54:08.522 [main] DEBUG com.snowflake.kafka.security.KafkaSecurityConfig -- Configured SSL settings for Kafka
16:54:08.522 [main] DEBUG com.snowflake.kafka.security.KafkaSecurityConfig -- Configured additional security settings for Kafka
16:54:08.522 [main] DEBUG com.snowflake.kafka.security.KafkaSecurityConfig -- Created secure Kafka producer properties with 18 entries
16:54:08.522 [main] DEBUG com.snowflake.kafka.security.KafkaSecurityConfig -- Configured SSL settings for Kafka
16:54:08.522 [main] DEBUG com.snowflake.kafka.security.KafkaSecurityConfig -- Configured additional security settings for Kafka
16:54:08.522 [main] DEBUG com.snowflake.kafka.security.KafkaSecurityConfig -- Created secure Kafka producer properties with 18 entries
16:54:08.522 [main] DEBUG com.snowflake.kafka.security.KafkaSecurityConfig -- Configured SSL settings for Kafka
16:54:08.522 [main] DEBUG com.snowflake.kafka.security.KafkaSecurityConfig -- Configured additional security settings for Kafka
16:54:08.522 [main] DEBUG com.snowflake.kafka.security.KafkaSecurityConfig -- Created secure Kafka producer properties with 18 entries
16:54:08.522 [main] DEBUG com.snowflake.kafka.security.KafkaSecurityConfig -- Configured SSL settings for Kafka
16:54:08.522 [main] DEBUG com.snowflake.kafka.security.KafkaSecurityConfig -- Configured additional security settings for Kafka
16:54:08.522 [main] DEBUG com.snowflake.kafka.security.KafkaSecurityConfig -- Created secure Kafka producer properties with 18 entries
16:54:08.522 [main] DEBUG com.snowflake.kafka.security.KafkaSecurityConfig -- Configured SSL settings for Kafka
16:54:08.522 [main] DEBUG com.snowflake.kafka.security.KafkaSecurityConfig -- Configured additional security settings for Kafka
16:54:08.522 [main] DEBUG com.snowflake.kafka.security.KafkaSecurityConfig -- Created secure Kafka producer properties with 18 entries
16:54:08.522 [main] DEBUG com.snowflake.kafka.security.KafkaSecurityConfig -- Configured SSL settings for Kafka
16:54:08.522 [main] DEBUG com.snowflake.kafka.security.KafkaSecurityConfig -- Configured additional security settings for Kafka
16:54:08.522 [main] DEBUG com.snowflake.kafka.security.KafkaSecurityConfig -- Created secure Kafka producer properties with 18 entries
16:54:08.522 [main] DEBUG com.snowflake.kafka.security.KafkaSecurityConfig -- Configured SSL settings for Kafka
16:54:08.522 [main] DEBUG com.snowflake.kafka.security.KafkaSecurityConfig -- Configured additional security settings for Kafka
16:54:08.522 [main] DEBUG com.snowflake.kafka.security.KafkaSecurityConfig -- Created secure Kafka producer properties with 18 entries
16:54:08.522 [main] DEBUG com.snowflake.kafka.security.KafkaSecurityConfig -- Configured SSL settings for Kafka
16:54:08.522 [main] DEBUG com.snowflake.kafka.security.KafkaSecurityConfig -- Configured additional security settings for Kafka
16:54:08.522 [main] DEBUG com.snowflake.kafka.security.KafkaSecurityConfig -- Created secure Kafka producer properties with 18 entries
16:54:08.522 [main] DEBUG com.snowflake.kafka.security.KafkaSecurityConfig -- Configured SSL settings for Kafka
16:54:08.522 [main] DEBUG com.snowflake.kafka.security.KafkaSecurityConfig -- Configured additional security settings for Kafka
16:54:08.522 [main] DEBUG com.snowflake.kafka.security.KafkaSecurityConfig -- Created secure Kafka producer properties with 18 entries
16:54:08.522 [main] DEBUG com.snowflake.kafka.security.KafkaSecurityConfig -- Configured SSL settings for Kafka
16:54:08.523 [main] DEBUG com.snowflake.kafka.security.KafkaSecurityConfig -- Configured additional security settings for Kafka
16:54:08.523 [main] DEBUG com.snowflake.kafka.security.KafkaSecurityConfig -- Created secure Kafka producer properties with 18 entries
16:54:08.523 [main] DEBUG com.snowflake.kafka.security.KafkaSecurityConfig -- Configured SSL settings for Kafka
16:54:08.523 [main] DEBUG com.snowflake.kafka.security.KafkaSecurityConfig -- Configured additional security settings for Kafka
16:54:08.523 [main] DEBUG com.snowflake.kafka.security.KafkaSecurityConfig -- Created secure Kafka producer properties with 18 entries
16:54:08.523 [main] DEBUG com.snowflake.kafka.security.KafkaSecurityConfig -- Configured SSL settings for Kafka
16:54:08.523 [main] DEBUG com.snowflake.kafka.security.KafkaSecurityConfig -- Configured additional security settings for Kafka
16:54:08.523 [main] DEBUG com.snowflake.kafka.security.KafkaSecurityConfig -- Created secure Kafka producer properties with 18 entries
16:54:08.523 [main] DEBUG com.snowflake.kafka.security.KafkaSecurityConfig -- Configured SSL settings for Kafka
16:54:08.523 [main] DEBUG com.snowflake.kafka.security.KafkaSecurityConfig -- Configured additional security settings for Kafka
16:54:08.523 [main] DEBUG com.snowflake.kafka.security.KafkaSecurityConfig -- Created secure Kafka producer properties with 18 entries
16:54:08.523 [main] DEBUG com.snowflake.kafka.security.KafkaSecurityConfig -- Configured SSL settings for Kafka
16:54:08.523 [main] DEBUG com.snowflake.kafka.security.KafkaSecurityConfig -- Configured additional security settings for Kafka
16:54:08.523 [main] DEBUG com.snowflake.kafka.security.KafkaSecurityConfig -- Created secure Kafka producer properties with 18 entries
16:54:08.523 [main] DEBUG com.snowflake.kafka.security.KafkaSecurityConfig -- Configured SSL settings for Kafka
16:54:08.523 [main] DEBUG com.snowflake.kafka.security.KafkaSecurityConfig -- Configured additional security settings for Kafka
16:54:08.523 [main] DEBUG com.snowflake.kafka.security.KafkaSecurityConfig -- Created secure Kafka producer properties with 18 entries
16:54:08.523 [main] DEBUG com.snowflake.kafka.security.KafkaSecurityConfig -- Configured SSL settings for Kafka
16:54:08.523 [main] DEBUG com.snowflake.kafka.security.KafkaSecurityConfig -- Configured additional security settings for Kafka
16:54:08.523 [main] DEBUG com.snowflake.kafka.security.KafkaSecurityConfig -- Created secure Kafka producer properties with 18 entries
16:54:08.523 [main] DEBUG com.snowflake.kafka.security.KafkaSecurityConfig -- Configured SSL settings for Kafka
16:54:08.523 [main] DEBUG com.snowflake.kafka.security.KafkaSecurityConfig -- Configured additional security settings for Kafka
16:54:08.523 [main] DEBUG com.snowflake.kafka.security.KafkaSecurityConfig -- Created secure Kafka producer properties with 18 entries
16:54:08.523 [main] DEBUG com.snowflake.kafka.security.KafkaSecurityConfig -- Configured SSL settings for Kafka
16:54:08.523 [main] DEBUG com.snowflake.kafka.security.KafkaSecurityConfig -- Configured additional security settings for Kafka
16:54:08.523 [main] DEBUG com.snowflake.kafka.security.KafkaSecurityConfig -- Created secure Kafka producer properties with 18 entries
16:54:08.523 [main] DEBUG com.snowflake.kafka.security.KafkaSecurityConfig -- Configured SSL settings for Kafka
16:54:08.523 [main] DEBUG com.snowflake.kafka.security.KafkaSecurityConfig -- Configured additional security settings for Kafka
16:54:08.523 [main] DEBUG com.snowflake.kafka.security.KafkaSecurityConfig -- Created secure Kafka producer properties with 18 entries
16:54:08.523 [main] DEBUG com.snowflake.kafka.security.KafkaSecurityConfig -- Configured SSL settings for Kafka
16:54:08.523 [main] DEBUG com.snowflake.kafka.security.KafkaSecurityConfig -- Configured additional security settings for Kafka
16:54:08.523 [main] DEBUG com.snowflake.kafka.security.KafkaSecurityConfig -- Created secure Kafka producer properties with 18 entries
16:54:08.523 [main] DEBUG com.snowflake.kafka.security.KafkaSecurityConfig -- Configured SSL settings for Kafka
16:54:08.523 [main] DEBUG com.snowflake.kafka.security.KafkaSecurityConfig -- Configured additional security settings for Kafka
16:54:08.523 [main] DEBUG com.snowflake.kafka.security.KafkaSecurityConfig -- Created secure Kafka producer properties with 18 entries
16:54:08.523 [main] DEBUG com.snowflake.kafka.security.KafkaSecurityConfig -- Configured SSL settings for Kafka
16:54:08.523 [main] DEBUG com.snowflake.kafka.security.KafkaSecurityConfig -- Configured additional security settings for Kafka
16:54:08.523 [main] DEBUG com.snowflake.kafka.security.KafkaSecurityConfig -- Created secure Kafka producer properties with 18 entries
16:54:08.523 [main] DEBUG com.snowflake.kafka.security.KafkaSecurityConfig -- Configured SSL settings for Kafka
16:54:08.523 [main] DEBUG com.snowflake.kafka.security.KafkaSecurityConfig -- Configured additional security settings for Kafka
16:54:08.523 [main] DEBUG com.snowflake.kafka.security.KafkaSecurityConfig -- Created secure Kafka producer properties with 18 entries
16:54:08.523 [main] DEBUG com.snowflake.kafka.security.KafkaSecurityConfig -- Configured SSL settings for Kafka
16:54:08.523 [main] DEBUG com.snowflake.kafka.security.KafkaSecurityConfig -- Configured additional security settings for Kafka
16:54:08.523 [main] DEBUG com.snowflake.kafka.security.KafkaSecurityConfig -- Created secure Kafka producer properties with 18 entries
16:54:08.523 [main] DEBUG com.snowflake.kafka.security.KafkaSecurityConfig -- Configured SSL settings for Kafka
16:54:08.523 [main] DEBUG com.snowflake.kafka.security.KafkaSecurityConfig -- Configured additional security settings for Kafka
16:54:08.523 [main] DEBUG com.snowflake.kafka.security.KafkaSecurityConfig -- Created secure Kafka producer properties with 18 entries
16:54:08.523 [main] DEBUG com.snowflake.kafka.security.KafkaSecurityConfig -- Configured SSL settings for Kafka
16:54:08.523 [main] DEBUG com.snowflake.kafka.security.KafkaSecurityConfig -- Configured additional security settings for Kafka
16:54:08.523 [main] DEBUG com.snowflake.kafka.security.KafkaSecurityConfig -- Created secure Kafka producer properties with 18 entries
16:54:08.523 [main] DEBUG com.snowflake.kafka.security.KafkaSecurityConfig -- Configured SSL settings for Kafka
16:54:08.523 [main] DEBUG com.snowflake.kafka.security.KafkaSecurityConfig -- Configured additional security settings for Kafka
16:54:08.523 [main] DEBUG com.snowflake.kafka.security.KafkaSecurityConfig -- Created secure Kafka producer properties with 18 entries
16:54:08.523 [main] DEBUG com.snowflake.kafka.security.KafkaSecurityConfig -- Configured SSL settings for Kafka
16:54:08.523 [main] DEBUG com.snowflake.kafka.security.KafkaSecurityConfig -- Configured additional security settings for Kafka
16:54:08.523 [main] DEBUG com.snowflake.kafka.security.KafkaSecurityConfig -- Created secure Kafka producer properties with 18 entries
16:54:08.523 [main] DEBUG com.snowflake.kafka.security.KafkaSecurityConfig -- Configured SSL settings for Kafka
16:54:08.523 [main] DEBUG com.snowflake.kafka.security.KafkaSecurityConfig -- Configured additional security settings for Kafka
16:54:08.523 [main] DEBUG com.snowflake.kafka.security.KafkaSecurityConfig -- Created secure Kafka producer properties with 18 entries
16:54:08.523 [main] DEBUG com.snowflake.kafka.security.KafkaSecurityConfig -- Configured SSL settings for Kafka
16:54:08.523 [main] DEBUG com.snowflake.kafka.security.KafkaSecurityConfig -- Configured additional security settings for Kafka
16:54:08.524 [main] DEBUG com.snowflake.kafka.security.KafkaSecurityConfig -- Created secure Kafka producer properties with 18 entries
16:54:08.524 [main] DEBUG com.snowflake.kafka.security.KafkaSecurityConfig -- Configured SSL settings for Kafka
16:54:08.524 [main] DEBUG com.snowflake.kafka.security.KafkaSecurityConfig -- Configured additional security settings for Kafka
16:54:08.524 [main] DEBUG com.snowflake.kafka.security.KafkaSecurityConfig -- Created secure Kafka producer properties with 18 entries
16:54:08.524 [main] DEBUG com.snowflake.kafka.security.KafkaSecurityConfig -- Configured SSL settings for Kafka
16:54:08.524 [main] DEBUG com.snowflake.kafka.security.KafkaSecurityConfig -- Configured additional security settings for Kafka
16:54:08.524 [main] DEBUG com.snowflake.kafka.security.KafkaSecurityConfig -- Created secure Kafka producer properties with 18 entries
16:54:08.524 [main] DEBUG com.snowflake.kafka.security.KafkaSecurityConfig -- Configured SSL settings for Kafka
16:54:08.524 [main] DEBUG com.snowflake.kafka.security.KafkaSecurityConfig -- Configured additional security settings for Kafka
16:54:08.524 [main] DEBUG com.snowflake.kafka.security.KafkaSecurityConfig -- Created secure Kafka producer properties with 18 entries
16:54:08.524 [main] DEBUG com.snowflake.kafka.security.KafkaSecurityConfig -- Configured SSL settings for Kafka
16:54:08.524 [main] DEBUG com.snowflake.kafka.security.KafkaSecurityConfig -- Configured additional security settings for Kafka
16:54:08.524 [main] DEBUG com.snowflake.kafka.security.KafkaSecurityConfig -- Created secure Kafka producer properties with 18 entries
16:54:08.524 [main] DEBUG com.snowflake.kafka.security.KafkaSecurityConfig -- Configured SSL settings for Kafka
16:54:08.524 [main] DEBUG com.snowflake.kafka.security.KafkaSecurityConfig -- Configured additional security settings for Kafka
16:54:08.524 [main] DEBUG com.snowflake.kafka.security.KafkaSecurityConfig -- Created secure Kafka producer properties with 18 entries
16:54:08.524 [main] DEBUG com.snowflake.kafka.security.KafkaSecurityConfig -- Configured SSL settings for Kafka
16:54:08.524 [main] DEBUG com.snowflake.kafka.security.KafkaSecurityConfig -- Configured additional security settings for Kafka
16:54:08.524 [main] DEBUG com.snowflake.kafka.security.KafkaSecurityConfig -- Created secure Kafka producer properties with 18 entries
16:54:08.524 [main] DEBUG com.snowflake.kafka.security.KafkaSecurityConfig -- Configured SSL settings for Kafka
16:54:08.524 [main] DEBUG com.snowflake.kafka.security.KafkaSecurityConfig -- Configured additional security settings for Kafka
16:54:08.524 [main] DEBUG com.snowflake.kafka.security.KafkaSecurityConfig -- Created secure Kafka producer properties with 18 entries
16:54:08.524 [main] DEBUG com.snowflake.kafka.security.KafkaSecurityConfig -- Configured SSL settings for Kafka
16:54:08.524 [main] DEBUG com.snowflake.kafka.security.KafkaSecurityConfig -- Configured additional security settings for Kafka
16:54:08.524 [main] DEBUG com.snowflake.kafka.security.KafkaSecurityConfig -- Created secure Kafka producer properties with 18 entries
16:54:08.524 [main] DEBUG com.snowflake.kafka.security.KafkaSecurityConfig -- Configured SSL settings for Kafka
16:54:08.524 [main] DEBUG com.snowflake.kafka.security.KafkaSecurityConfig -- Configured additional security settings for Kafka
16:54:08.524 [main] DEBUG com.snowflake.kafka.security.KafkaSecurityConfig -- Created secure Kafka producer properties with 18 entries
16:54:08.524 [main] DEBUG com.snowflake.kafka.security.KafkaSecurityConfig -- Configured SSL settings for Kafka
16:54:08.524 [main] DEBUG com.snowflake.kafka.security.KafkaSecurityConfig -- Configured additional security settings for Kafka
16:54:08.524 [main] DEBUG com.snowflake.kafka.security.KafkaSecurityConfig -- Created secure Kafka producer properties with 18 entries
16:54:08.524 [main] DEBUG com.snowflake.kafka.security.KafkaSecurityConfig -- Configured SSL settings for Kafka
16:54:08.524 [main] DEBUG com.snowflake.kafka.security.KafkaSecurityConfig -- Configured additional security settings for Kafka
16:54:08.524 [main] DEBUG com.snowflake.kafka.security.KafkaSecurityConfig -- Created secure Kafka producer properties with 18 entries
16:54:08.524 [main] DEBUG com.snowflake.kafka.security.KafkaSecurityConfig -- Configured SSL settings for Kafka
16:54:08.524 [main] DEBUG com.snowflake.kafka.security.KafkaSecurityConfig -- Configured additional security settings for Kafka
16:54:08.524 [main] DEBUG com.snowflake.kafka.security.KafkaSecurityConfig -- Created secure Kafka producer properties with 18 entries
16:54:08.524 [main] DEBUG com.snowflake.kafka.security.KafkaSecurityConfig -- Configured SSL settings for Kafka
16:54:08.524 [main] DEBUG com.snowflake.kafka.security.KafkaSecurityConfig -- Configured additional security settings for Kafka
16:54:08.524 [main] DEBUG com.snowflake.kafka.security.KafkaSecurityConfig -- Created secure Kafka producer properties with 18 entries
16:54:08.524 [main] DEBUG com.snowflake.kafka.security.KafkaSecurityConfig -- Configured SSL settings for Kafka
16:54:08.524 [main] DEBUG com.snowflake.kafka.security.KafkaSecurityConfig -- Configured additional security settings for Kafka
16:54:08.524 [main] DEBUG com.snowflake.kafka.security.KafkaSecurityConfig -- Created secure Kafka producer properties with 18 entries
16:54:08.524 [main] DEBUG com.snowflake.kafka.security.KafkaSecurityConfig -- Configured SSL settings for Kafka
16:54:08.524 [main] DEBUG com.snowflake.kafka.security.KafkaSecurityConfig -- Configured additional security settings for Kafka
16:54:08.524 [main] DEBUG com.snowflake.kafka.security.KafkaSecurityConfig -- Created secure Kafka producer properties with 18 entries
16:54:08.524 [main] DEBUG com.snowflake.kafka.security.KafkaSecurityConfig -- Configured SSL settings for Kafka
16:54:08.524 [main] DEBUG com.snowflake.kafka.security.KafkaSecurityConfig -- Configured additional security settings for Kafka
16:54:08.524 [main] DEBUG com.snowflake.kafka.security.KafkaSecurityConfig -- Created secure Kafka producer properties with 18 entries
16:54:08.524 [main] DEBUG com.snowflake.kafka.security.KafkaSecurityConfig -- Configured SSL settings for Kafka
16:54:08.524 [main] DEBUG com.snowflake.kafka.security.KafkaSecurityConfig -- Configured additional security settings for Kafka
16:54:08.524 [main] DEBUG com.snowflake.kafka.security.KafkaSecurityConfig -- Created secure Kafka producer properties with 18 entries
16:54:08.524 [main] DEBUG com.snowflake.kafka.security.KafkaSecurityConfig -- Configured SSL settings for Kafka
16:54:08.524 [main] DEBUG com.snowflake.kafka.security.KafkaSecurityConfig -- Configured additional security settings for Kafka
16:54:08.524 [main] DEBUG com.snowflake.kafka.security.KafkaSecurityConfig -- Created secure Kafka producer properties with 18 entries
16:54:08.524 [main] DEBUG com.snowflake.kafka.security.KafkaSecurityConfig -- Configured SSL settings for Kafka
16:54:08.524 [main] DEBUG com.snowflake.kafka.security.KafkaSecurityConfig -- Configured additional security settings for Kafka
16:54:08.524 [main] DEBUG com.snowflake.kafka.security.KafkaSecurityConfig -- Created secure Kafka producer properties with 18 entries
16:54:08.524 [main] DEBUG com.snowflake.kafka.security.KafkaSecurityConfig -- Configured SSL settings for Kafka
16:54:08.524 [main] DEBUG com.snowflake.kafka.security.KafkaSecurityConfig -- Configured additional security settings for Kafka
16:54:08.524 [main] DEBUG com.snowflake.kafka.security.KafkaSecurityConfig -- Created secure Kafka producer properties with 18 entries
16:54:08.524 [main] DEBUG com.snowflake.kafka.security.KafkaSecurityConfig -- Configured SSL settings for Kafka
16:54:08.524 [main] DEBUG com.snowflake.kafka.security.KafkaSecurityConfig -- Configured additional security settings for Kafka
16:54:08.524 [main] DEBUG com.snowflake.kafka.security.KafkaSecurityConfig -- Created secure Kafka producer properties with 18 entries
16:54:08.524 [main] DEBUG com.snowflake.kafka.security.KafkaSecurityConfig -- Configured SSL settings for Kafka
16:54:08.524 [main] DEBUG com.snowflake.kafka.security.KafkaSecurityConfig -- Configured additional security settings for Kafka
16:54:08.524 [main] DEBUG com.snowflake.kafka.security.KafkaSecurityConfig -- Created secure Kafka producer properties with 18 entries
16:54:08.524 [main] DEBUG com.snowflake.kafka.security.KafkaSecurityConfig -- Configured SSL settings for Kafka
16:54:08.524 [main] DEBUG com.snowflake.kafka.security.KafkaSecurityConfig -- Configured additional security settings for Kafka
16:54:08.524 [main] DEBUG com.snowflake.kafka.security.KafkaSecurityConfig -- Created secure Kafka producer properties with 18 entries
16:54:08.524 [main] DEBUG com.snowflake.kafka.security.KafkaSecurityConfig -- Configured SSL settings for Kafka
16:54:08.524 [main] DEBUG com.snowflake.kafka.security.KafkaSecurityConfig -- Configured additional security settings for Kafka
16:54:08.524 [main] DEBUG com.snowflake.kafka.security.KafkaSecurityConfig -- Created secure Kafka producer properties with 18 entries
16:54:08.524 [main] DEBUG com.snowflake.kafka.security.KafkaSecurityConfig -- Configured SSL settings for Kafka
16:54:08.524 [main] DEBUG com.snowflake.kafka.security.KafkaSecurityConfig -- Configured additional security settings for Kafka
16:54:08.524 [main] DEBUG com.snowflake.kafka.security.KafkaSecurityConfig -- Created secure Kafka producer properties with 18 entries
16:54:08.524 [main] DEBUG com.snowflake.kafka.security.KafkaSecurityConfig -- Configured SSL settings for Kafka
16:54:08.524 [main] DEBUG com.snowflake.kafka.security.KafkaSecurityConfig -- Configured additional security settings for Kafka
16:54:08.525 [main] DEBUG com.snowflake.kafka.security.KafkaSecurityConfig -- Created secure Kafka producer properties with 18 entries
16:54:08.525 [main] DEBUG com.snowflake.kafka.security.KafkaSecurityConfig -- Configured SSL settings for Kafka
16:54:08.525 [main] DEBUG com.snowflake.kafka.security.KafkaSecurityConfig -- Configured additional security settings for Kafka
16:54:08.525 [main] DEBUG com.snowflake.kafka.security.KafkaSecurityConfig -- Created secure Kafka producer properties with 18 entries
16:54:08.525 [main] DEBUG com.snowflake.kafka.security.KafkaSecurityConfig -- Configured SSL settings for Kafka
16:54:08.525 [main] DEBUG com.snowflake.kafka.security.KafkaSecurityConfig -- Configured additional security settings for Kafka
16:54:08.525 [main] DEBUG com.snowflake.kafka.security.KafkaSecurityConfig -- Created secure Kafka producer properties with 18 entries
16:54:08.525 [main] DEBUG com.snowflake.kafka.security.KafkaSecurityConfig -- Configured SSL settings for Kafka
16:54:08.525 [main] DEBUG com.snowflake.kafka.security.KafkaSecurityConfig -- Configured additional security settings for Kafka
16:54:08.525 [main] DEBUG com.snowflake.kafka.security.KafkaSecurityConfig -- Created secure Kafka producer properties with 18 entries
16:54:08.525 [main] DEBUG com.snowflake.kafka.security.KafkaSecurityConfig -- Configured SSL settings for Kafka
16:54:08.525 [main] DEBUG com.snowflake.kafka.security.KafkaSecurityConfig -- Configured additional security settings for Kafka
16:54:08.525 [main] DEBUG com.snowflake.kafka.security.KafkaSecurityConfig -- Created secure Kafka producer properties with 18 entries
16:54:08.525 [main] DEBUG com.snowflake.kafka.security.KafkaSecurityConfig -- Configured SSL settings for Kafka
16:54:08.525 [main] DEBUG com.snowflake.kafka.security.KafkaSecurityConfig -- Configured additional security settings for Kafka
16:54:08.525 [main] DEBUG com.snowflake.kafka.security.KafkaSecurityConfig -- Created secure Kafka producer properties with 18 entries
16:54:08.525 [main] DEBUG com.snowflake.kafka.security.KafkaSecurityConfig -- Configured SSL settings for Kafka
16:54:08.525 [main] DEBUG com.snowflake.kafka.security.KafkaSecurityConfig -- Configured additional security settings for Kafka
16:54:08.525 [main] DEBUG com.snowflake.kafka.security.KafkaSecurityConfig -- Created secure Kafka producer properties with 18 entries
16:54:08.525 [main] DEBUG com.snowflake.kafka.security.KafkaSecurityConfig -- Configured SSL settings for Kafka
16:54:08.525 [main] DEBUG com.snowflake.kafka.security.KafkaSecurityConfig -- Configured additional security settings for Kafka
16:54:08.525 [main] DEBUG com.snowflake.kafka.security.KafkaSecurityConfig -- Created secure Kafka producer properties with 18 entries
16:54:08.525 [main] DEBUG com.snowflake.kafka.security.KafkaSecurityConfig -- Configured SSL settings for Kafka
16:54:08.525 [main] DEBUG com.snowflake.kafka.security.KafkaSecurityConfig -- Configured additional security settings for Kafka
16:54:08.525 [main] DEBUG com.snowflake.kafka.security.KafkaSecurityConfig -- Created secure Kafka producer properties with 18 entries
16:54:08.525 [main] DEBUG com.snowflake.kafka.security.KafkaSecurityConfig -- Configured SSL settings for Kafka
16:54:08.525 [main] DEBUG com.snowflake.kafka.security.KafkaSecurityConfig -- Configured additional security settings for Kafka
16:54:08.525 [main] DEBUG com.snowflake.kafka.security.KafkaSecurityConfig -- Created secure Kafka producer properties with 18 entries
16:54:08.525 [main] DEBUG com.snowflake.kafka.security.KafkaSecurityConfig -- Configured SSL settings for Kafka
16:54:08.525 [main] DEBUG com.snowflake.kafka.security.KafkaSecurityConfig -- Configured additional security settings for Kafka
16:54:08.525 [main] DEBUG com.snowflake.kafka.security.KafkaSecurityConfig -- Created secure Kafka producer properties with 18 entries
16:54:08.525 [main] DEBUG com.snowflake.kafka.security.KafkaSecurityConfig -- Configured SSL settings for Kafka
16:54:08.525 [main] DEBUG com.snowflake.kafka.security.KafkaSecurityConfig -- Configured additional security settings for Kafka
16:54:08.525 [main] DEBUG com.snowflake.kafka.security.KafkaSecurityConfig -- Created secure Kafka producer properties with 18 entries
16:54:08.525 [main] DEBUG com.snowflake.kafka.security.KafkaSecurityConfig -- Configured SSL settings for Kafka
16:54:08.525 [main] DEBUG com.snowflake.kafka.security.KafkaSecurityConfig -- Configured additional security settings for Kafka
16:54:08.525 [main] DEBUG com.snowflake.kafka.security.KafkaSecurityConfig -- Created secure Kafka producer properties with 18 entries
16:54:08.525 [main] DEBUG com.snowflake.kafka.security.KafkaSecurityConfig -- Configured SSL settings for Kafka
16:54:08.525 [main] DEBUG com.snowflake.kafka.security.KafkaSecurityConfig -- Configured additional security settings for Kafka
16:54:08.525 [main] DEBUG com.snowflake.kafka.security.KafkaSecurityConfig -- Created secure Kafka producer properties with 18 entries
16:54:08.525 [main] DEBUG com.snowflake.kafka.security.KafkaSecurityConfig -- Configured SSL settings for Kafka
16:54:08.525 [main] DEBUG com.snowflake.kafka.security.KafkaSecurityConfig -- Configured additional security settings for Kafka
16:54:08.525 [main] DEBUG com.snowflake.kafka.security.KafkaSecurityConfig -- Created secure Kafka producer properties with 18 entries
16:54:08.525 [main] DEBUG com.snowflake.kafka.security.KafkaSecurityConfig -- Configured SSL settings for Kafka
16:54:08.525 [main] DEBUG com.snowflake.kafka.security.KafkaSecurityConfig -- Configured additional security settings for Kafka
16:54:08.525 [main] DEBUG com.snowflake.kafka.security.KafkaSecurityConfig -- Created secure Kafka producer properties with 18 entries
16:54:08.525 [main] DEBUG com.snowflake.kafka.security.KafkaSecurityConfig -- Configured SSL settings for Kafka
16:54:08.525 [main] DEBUG com.snowflake.kafka.security.KafkaSecurityConfig -- Configured additional security settings for Kafka
16:54:08.525 [main] DEBUG com.snowflake.kafka.security.KafkaSecurityConfig -- Created secure Kafka producer properties with 18 entries
16:54:08.525 [main] DEBUG com.snowflake.kafka.security.KafkaSecurityConfig -- Configured SSL settings for Kafka
16:54:08.525 [main] DEBUG com.snowflake.kafka.security.KafkaSecurityConfig -- Configured additional security settings for Kafka
16:54:08.525 [main] DEBUG com.snowflake.kafka.security.KafkaSecurityConfig -- Created secure Kafka producer properties with 18 entries
16:54:08.525 [main] DEBUG com.snowflake.kafka.security.KafkaSecurityConfig -- Configured SSL settings for Kafka
16:54:08.525 [main] DEBUG com.snowflake.kafka.security.KafkaSecurityConfig -- Configured additional security settings for Kafka
16:54:08.525 [main] DEBUG com.snowflake.kafka.security.KafkaSecurityConfig -- Created secure Kafka producer properties with 18 entries
16:54:08.525 [main] DEBUG com.snowflake.kafka.security.KafkaSecurityConfig -- Configured SSL settings for Kafka
16:54:08.525 [main] DEBUG com.snowflake.kafka.security.KafkaSecurityConfig -- Configured additional security settings for Kafka
16:54:08.525 [main] DEBUG com.snowflake.kafka.security.KafkaSecurityConfig -- Created secure Kafka producer properties with 18 entries
16:54:08.525 [main] DEBUG com.snowflake.kafka.security.KafkaSecurityConfig -- Configured SSL settings for Kafka
16:54:08.526 [main] DEBUG com.snowflake.kafka.security.KafkaSecurityConfig -- Configured additional security settings for Kafka
16:54:08.526 [main] DEBUG com.snowflake.kafka.security.KafkaSecurityConfig -- Created secure Kafka producer properties with 18 entries
16:54:08.526 [main] DEBUG com.snowflake.kafka.security.KafkaSecurityConfig -- Configured SSL settings for Kafka
16:54:08.526 [main] DEBUG com.snowflake.kafka.security.KafkaSecurityConfig -- Configured additional security settings for Kafka
16:54:08.526 [main] DEBUG com.snowflake.kafka.security.KafkaSecurityConfig -- Created secure Kafka producer properties with 18 entries
16:54:08.526 [main] DEBUG com.snowflake.kafka.security.KafkaSecurityConfig -- Configured SSL settings for Kafka
16:54:08.526 [main] DEBUG com.snowflake.kafka.security.KafkaSecurityConfig -- Configured additional security settings for Kafka
16:54:08.526 [main] DEBUG com.snowflake.kafka.security.KafkaSecurityConfig -- Created secure Kafka producer properties with 18 entries
16:54:08.526 [main] DEBUG com.snowflake.kafka.security.KafkaSecurityConfig -- Configured SSL settings for Kafka
16:54:08.526 [main] DEBUG com.snowflake.kafka.security.KafkaSecurityConfig -- Configured additional security settings for Kafka
16:54:08.526 [main] DEBUG com.snowflake.kafka.security.KafkaSecurityConfig -- Created secure Kafka producer properties with 18 entries
16:54:08.526 [main] DEBUG com.snowflake.kafka.security.KafkaSecurityConfig -- Configured SSL settings for Kafka
16:54:08.526 [main] DEBUG com.snowflake.kafka.security.KafkaSecurityConfig -- Configured additional security settings for Kafka
16:54:08.526 [main] DEBUG com.snowflake.kafka.security.KafkaSecurityConfig -- Created secure Kafka producer properties with 18 entries
16:54:08.526 [main] DEBUG com.snowflake.kafka.security.KafkaSecurityConfig -- Configured SSL settings for Kafka
16:54:08.526 [main] DEBUG com.snowflake.kafka.security.KafkaSecurityConfig -- Configured additional security settings for Kafka
16:54:08.526 [main] DEBUG com.snowflake.kafka.security.KafkaSecurityConfig -- Created secure Kafka producer properties with 18 entries
16:54:08.526 [main] DEBUG com.snowflake.kafka.security.KafkaSecurityConfig -- Configured SSL settings for Kafka
16:54:08.526 [main] DEBUG com.snowflake.kafka.security.KafkaSecurityConfig -- Configured additional security settings for Kafka
16:54:08.526 [main] DEBUG com.snowflake.kafka.security.KafkaSecurityConfig -- Created secure Kafka producer properties with 18 entries
16:54:08.526 [main] DEBUG com.snowflake.kafka.security.KafkaSecurityConfig -- Configured SSL settings for Kafka
16:54:08.526 [main] DEBUG com.snowflake.kafka.security.KafkaSecurityConfig -- Configured additional security settings for Kafka
16:54:08.526 [main] DEBUG com.snowflake.kafka.security.KafkaSecurityConfig -- Created secure Kafka producer properties with 18 entries
16:54:08.526 [main] DEBUG com.snowflake.kafka.security.KafkaSecurityConfig -- Configured SSL settings for Kafka
16:54:08.526 [main] DEBUG com.snowflake.kafka.security.KafkaSecurityConfig -- Configured additional security settings for Kafka
16:54:08.526 [main] DEBUG com.snowflake.kafka.security.KafkaSecurityConfig -- Created secure Kafka producer properties with 18 entries
16:54:08.526 [main] DEBUG com.snowflake.kafka.security.KafkaSecurityConfig -- Configured SSL settings for Kafka
16:54:08.526 [main] DEBUG com.snowflake.kafka.security.KafkaSecurityConfig -- Configured additional security settings for Kafka
16:54:08.526 [main] DEBUG com.snowflake.kafka.security.KafkaSecurityConfig -- Created secure Kafka producer properties with 18 entries
16:54:08.526 [main] DEBUG com.snowflake.kafka.security.KafkaSecurityConfig -- Configured SSL settings for Kafka
16:54:08.526 [main] DEBUG com.snowflake.kafka.security.KafkaSecurityConfig -- Configured additional security settings for Kafka
16:54:08.526 [main] DEBUG com.snowflake.kafka.security.KafkaSecurityConfig -- Created secure Kafka producer properties with 18 entries
16:54:08.526 [main] DEBUG com.snowflake.kafka.security.KafkaSecurityConfig -- Configured SSL settings for Kafka
16:54:08.526 [main] DEBUG com.snowflake.kafka.security.KafkaSecurityConfig -- Configured additional security settings for Kafka
16:54:08.526 [main] DEBUG com.snowflake.kafka.security.KafkaSecurityConfig -- Created secure Kafka producer properties with 18 entries
16:54:08.526 [main] DEBUG com.snowflake.kafka.security.KafkaSecurityConfig -- Configured SSL settings for Kafka
16:54:08.526 [main] DEBUG com.snowflake.kafka.security.KafkaSecurityConfig -- Configured additional security settings for Kafka
16:54:08.526 [main] DEBUG com.snowflake.kafka.security.KafkaSecurityConfig -- Created secure Kafka producer properties with 18 entries
16:54:08.526 [main] DEBUG com.snowflake.kafka.security.KafkaSecurityConfig -- Configured SSL settings for Kafka
16:54:08.526 [main] DEBUG com.snowflake.kafka.security.KafkaSecurityConfig -- Configured additional security settings for Kafka
16:54:08.526 [main] DEBUG com.snowflake.kafka.security.KafkaSecurityConfig -- Created secure Kafka producer properties with 18 entries
16:54:08.526 [main] DEBUG com.snowflake.kafka.security.KafkaSecurityConfig -- Configured SSL settings for Kafka
16:54:08.526 [main] DEBUG com.snowflake.kafka.security.KafkaSecurityConfig -- Configured additional security settings for Kafka
16:54:08.526 [main] DEBUG com.snowflake.kafka.security.KafkaSecurityConfig -- Created secure Kafka producer properties with 18 entries
16:54:08.526 [main] DEBUG com.snowflake.kafka.security.KafkaSecurityConfig -- Configured SSL settings for Kafka
16:54:08.526 [main] DEBUG com.snowflake.kafka.security.KafkaSecurityConfig -- Configured additional security settings for Kafka
16:54:08.526 [main] DEBUG com.snowflake.kafka.security.KafkaSecurityConfig -- Created secure Kafka producer properties with 18 entries
16:54:08.526 [main] DEBUG com.snowflake.kafka.security.KafkaSecurityConfig -- Configured SSL settings for Kafka
16:54:08.526 [main] DEBUG com.snowflake.kafka.security.KafkaSecurityConfig -- Configured additional security settings for Kafka
16:54:08.526 [main] DEBUG com.snowflake.kafka.security.KafkaSecurityConfig -- Created secure Kafka producer properties with 18 entries
16:54:08.526 [main] DEBUG com.snowflake.kafka.security.KafkaSecurityConfig -- Configured SSL settings for Kafka
16:54:08.526 [main] DEBUG com.snowflake.kafka.security.KafkaSecurityConfig -- Configured additional security settings for Kafka
16:54:08.526 [main] DEBUG com.snowflake.kafka.security.KafkaSecurityConfig -- Created secure Kafka producer properties with 18 entries
16:54:08.526 [main] DEBUG com.snowflake.kafka.security.KafkaSecurityConfig -- Configured SSL settings for Kafka
16:54:08.526 [main] DEBUG com.snowflake.kafka.security.KafkaSecurityConfig -- Configured additional security settings for Kafka
16:54:08.526 [main] DEBUG com.snowflake.kafka.security.KafkaSecurityConfig -- Created secure Kafka producer properties with 18 entries
16:54:08.526 [main] DEBUG com.snowflake.kafka.security.KafkaSecurityConfig -- Configured SSL settings for Kafka
16:54:08.526 [main] DEBUG com.snowflake.kafka.security.KafkaSecurityConfig -- Configured additional security settings for Kafka
16:54:08.526 [main] DEBUG com.snowflake.kafka.security.KafkaSecurityConfig -- Created secure Kafka producer properties with 18 entries
16:54:08.526 [main] DEBUG com.snowflake.kafka.security.KafkaSecurityConfig -- Configured SSL settings for Kafka
16:54:08.526 [main] DEBUG com.snowflake.kafka.security.KafkaSecurityConfig -- Configured additional security settings for Kafka
16:54:08.526 [main] DEBUG com.snowflake.kafka.security.KafkaSecurityConfig -- Created secure Kafka producer properties with 18 entries
16:54:08.526 [main] DEBUG com.snowflake.kafka.security.KafkaSecurityConfig -- Configured SSL settings for Kafka
16:54:08.526 [main] DEBUG com.snowflake.kafka.security.KafkaSecurityConfig -- Configured additional security settings for Kafka
16:54:08.526 [main] DEBUG com.snowflake.kafka.security.KafkaSecurityConfig -- Created secure Kafka producer properties with 18 entries
16:54:08.526 [main] DEBUG com.snowflake.kafka.security.KafkaSecurityConfig -- Configured SSL settings for Kafka
16:54:08.526 [main] DEBUG com.snowflake.kafka.security.KafkaSecurityConfig -- Configured additional security settings for Kafka
16:54:08.526 [main] DEBUG com.snowflake.kafka.security.KafkaSecurityConfig -- Created secure Kafka producer properties with 18 entries
16:54:08.526 [main] DEBUG com.snowflake.kafka.security.KafkaSecurityConfig -- Configured SSL settings for Kafka
16:54:08.526 [main] DEBUG com.snowflake.kafka.security.KafkaSecurityConfig -- Configured additional security settings for Kafka
16:54:08.526 [main] DEBUG com.snowflake.kafka.security.KafkaSecurityConfig -- Created secure Kafka producer properties with 18 entries
16:54:08.527 [main] DEBUG com.snowflake.kafka.security.KafkaSecurityConfig -- Configured SSL settings for Kafka
16:54:08.527 [main] DEBUG com.snowflake.kafka.security.KafkaSecurityConfig -- Configured additional security settings for Kafka
16:54:08.527 [main] DEBUG com.snowflake.kafka.security.KafkaSecurityConfig -- Created secure Kafka producer properties with 18 entries
16:54:08.527 [main] DEBUG com.snowflake.kafka.security.KafkaSecurityConfig -- Configured SSL settings for Kafka
16:54:08.527 [main] DEBUG com.snowflake.kafka.security.KafkaSecurityConfig -- Configured additional security settings for Kafka
16:54:08.527 [main] DEBUG com.snowflake.kafka.security.KafkaSecurityConfig -- Created secure Kafka producer properties with 18 entries
16:54:08.527 [main] DEBUG com.snowflake.kafka.security.KafkaSecurityConfig -- Configured SSL settings for Kafka
16:54:08.527 [main] DEBUG com.snowflake.kafka.security.KafkaSecurityConfig -- Configured additional security settings for Kafka
16:54:08.527 [main] DEBUG com.snowflake.kafka.security.KafkaSecurityConfig -- Created secure Kafka producer properties with 18 entries
16:54:08.527 [main] DEBUG com.snowflake.kafka.security.KafkaSecurityConfig -- Configured SSL settings for Kafka
16:54:08.527 [main] DEBUG com.snowflake.kafka.security.KafkaSecurityConfig -- Configured additional security settings for Kafka
16:54:08.527 [main] DEBUG com.snowflake.kafka.security.KafkaSecurityConfig -- Created secure Kafka producer properties with 18 entries
16:54:08.527 [main] DEBUG com.snowflake.kafka.security.KafkaSecurityConfig -- Configured SSL settings for Kafka
16:54:08.527 [main] DEBUG com.snowflake.kafka.security.KafkaSecurityConfig -- Configured additional security settings for Kafka
16:54:08.527 [main] DEBUG com.snowflake.kafka.security.KafkaSecurityConfig -- Created secure Kafka producer properties with 18 entries
16:54:08.527 [main] DEBUG com.snowflake.kafka.security.KafkaSecurityConfig -- Configured SSL settings for Kafka
16:54:08.527 [main] DEBUG com.snowflake.kafka.security.KafkaSecurityConfig -- Configured additional security settings for Kafka
16:54:08.527 [main] DEBUG com.snowflake.kafka.security.KafkaSecurityConfig -- Created secure Kafka producer properties with 18 entries
16:54:08.527 [main] DEBUG com.snowflake.kafka.security.KafkaSecurityConfig -- Configured SSL settings for Kafka
16:54:08.527 [main] DEBUG com.snowflake.kafka.security.KafkaSecurityConfig -- Configured additional security settings for Kafka
16:54:08.527 [main] DEBUG com.snowflake.kafka.security.KafkaSecurityConfig -- Created secure Kafka producer properties with 18 entries
16:54:08.527 [main] DEBUG com.snowflake.kafka.security.KafkaSecurityConfig -- Configured SSL settings for Kafka
16:54:08.527 [main] DEBUG com.snowflake.kafka.security.KafkaSecurityConfig -- Configured additional security settings for Kafka
16:54:08.527 [main] DEBUG com.snowflake.kafka.security.KafkaSecurityConfig -- Created secure Kafka producer properties with 18 entries
16:54:08.527 [main] DEBUG com.snowflake.kafka.security.KafkaSecurityConfig -- Configured SSL settings for Kafka
16:54:08.527 [main] DEBUG com.snowflake.kafka.security.KafkaSecurityConfig -- Configured additional security settings for Kafka
16:54:08.527 [main] DEBUG com.snowflake.kafka.security.KafkaSecurityConfig -- Created secure Kafka producer properties with 18 entries
16:54:08.527 [main] DEBUG com.snowflake.kafka.security.KafkaSecurityConfig -- Configured SSL settings for Kafka
16:54:08.527 [main] DEBUG com.snowflake.kafka.security.KafkaSecurityConfig -- Configured additional security settings for Kafka
16:54:08.527 [main] DEBUG com.snowflake.kafka.security.KafkaSecurityConfig -- Created secure Kafka producer properties with 18 entries
16:54:08.527 [main] DEBUG com.snowflake.kafka.security.KafkaSecurityConfig -- Configured SSL settings for Kafka
16:54:08.527 [main] DEBUG com.snowflake.kafka.security.KafkaSecurityConfig -- Configured additional security settings for Kafka
16:54:08.527 [main] DEBUG com.snowflake.kafka.security.KafkaSecurityConfig -- Created secure Kafka producer properties with 18 entries
16:54:08.527 [main] DEBUG com.snowflake.kafka.security.KafkaSecurityConfig -- Configured SSL settings for Kafka
16:54:08.527 [main] DEBUG com.snowflake.kafka.security.KafkaSecurityConfig -- Configured additional security settings for Kafka
16:54:08.527 [main] DEBUG com.snowflake.kafka.security.KafkaSecurityConfig -- Created secure Kafka producer properties with 18 entries
16:54:08.527 [main] DEBUG com.snowflake.kafka.security.KafkaSecurityConfig -- Configured SSL settings for Kafka
16:54:08.527 [main] DEBUG com.snowflake.kafka.security.KafkaSecurityConfig -- Configured additional security settings for Kafka
16:54:08.527 [main] DEBUG com.snowflake.kafka.security.KafkaSecurityConfig -- Created secure Kafka producer properties with 18 entries
16:54:08.527 [main] DEBUG com.snowflake.kafka.security.KafkaSecurityConfig -- Configured SSL settings for Kafka
16:54:08.527 [main] DEBUG com.snowflake.kafka.security.KafkaSecurityConfig -- Configured additional security settings for Kafka
16:54:08.527 [main] DEBUG com.snowflake.kafka.security.KafkaSecurityConfig -- Created secure Kafka producer properties with 18 entries
16:54:08.527 [main] DEBUG com.snowflake.kafka.security.KafkaSecurityConfig -- Configured SSL settings for Kafka
16:54:08.527 [main] DEBUG com.snowflake.kafka.security.KafkaSecurityConfig -- Configured additional security settings for Kafka
16:54:08.527 [main] DEBUG com.snowflake.kafka.security.KafkaSecurityConfig -- Created secure Kafka producer properties with 18 entries
16:54:08.527 [main] DEBUG com.snowflake.kafka.security.KafkaSecurityConfig -- Configured SSL settings for Kafka
16:54:08.527 [main] DEBUG com.snowflake.kafka.security.KafkaSecurityConfig -- Configured additional security settings for Kafka
16:54:08.527 [main] DEBUG com.snowflake.kafka.security.KafkaSecurityConfig -- Created secure Kafka producer properties with 18 entries
16:54:08.527 [main] DEBUG com.snowflake.kafka.security.KafkaSecurityConfig -- Configured SSL settings for Kafka
16:54:08.527 [main] DEBUG com.snowflake.kafka.security.KafkaSecurityConfig -- Configured additional security settings for Kafka
16:54:08.527 [main] DEBUG com.snowflake.kafka.security.KafkaSecurityConfig -- Created secure Kafka producer properties with 18 entries
16:54:08.527 [main] DEBUG com.snowflake.kafka.security.KafkaSecurityConfig -- Configured SSL settings for Kafka
16:54:08.527 [main] DEBUG com.snowflake.kafka.security.KafkaSecurityConfig -- Configured additional security settings for Kafka
16:54:08.527 [main] DEBUG com.snowflake.kafka.security.KafkaSecurityConfig -- Created secure Kafka producer properties with 18 entries
16:54:08.527 [main] DEBUG com.snowflake.kafka.security.KafkaSecurityConfig -- Configured SSL settings for Kafka
16:54:08.527 [main] DEBUG com.snowflake.kafka.security.KafkaSecurityConfig -- Configured additional security settings for Kafka
16:54:08.527 [main] DEBUG com.snowflake.kafka.security.KafkaSecurityConfig -- Created secure Kafka producer properties with 18 entries
16:54:08.527 [main] DEBUG com.snowflake.kafka.security.KafkaSecurityConfig -- Configured SSL settings for Kafka
16:54:08.527 [main] DEBUG com.snowflake.kafka.security.KafkaSecurityConfig -- Configured additional security settings for Kafka
16:54:08.527 [main] DEBUG com.snowflake.kafka.security.KafkaSecurityConfig -- Created secure Kafka producer properties with 18 entries
16:54:08.527 [main] DEBUG com.snowflake.kafka.security.KafkaSecurityConfig -- Configured SSL settings for Kafka
16:54:08.527 [main] DEBUG com.snowflake.kafka.security.KafkaSecurityConfig -- Configured additional security settings for Kafka
16:54:08.527 [main] DEBUG com.snowflake.kafka.security.KafkaSecurityConfig -- Created secure Kafka producer properties with 18 entries
16:54:08.527 [main] DEBUG com.snowflake.kafka.security.KafkaSecurityConfig -- Configured SSL settings for Kafka
16:54:08.527 [main] DEBUG com.snowflake.kafka.security.KafkaSecurityConfig -- Configured additional security settings for Kafka
16:54:08.527 [main] DEBUG com.snowflake.kafka.security.KafkaSecurityConfig -- Created secure Kafka producer properties with 18 entries
16:54:08.527 [main] DEBUG com.snowflake.kafka.security.KafkaSecurityConfig -- Configured SSL settings for Kafka
16:54:08.527 [main] DEBUG com.snowflake.kafka.security.KafkaSecurityConfig -- Configured additional security settings for Kafka
16:54:08.527 [main] DEBUG com.snowflake.kafka.security.KafkaSecurityConfig -- Created secure Kafka producer properties with 18 entries
16:54:08.527 [main] DEBUG com.snowflake.kafka.security.KafkaSecurityConfig -- Configured SSL settings for Kafka
16:54:08.527 [main] DEBUG com.snowflake.kafka.security.KafkaSecurityConfig -- Configured additional security settings for Kafka
16:54:08.527 [main] DEBUG com.snowflake.kafka.security.KafkaSecurityConfig -- Created secure Kafka producer properties with 18 entries
16:54:08.527 [main] DEBUG com.snowflake.kafka.security.KafkaSecurityConfig -- Configured SSL settings for Kafka
16:54:08.527 [main] DEBUG com.snowflake.kafka.security.KafkaSecurityConfig -- Configured additional security settings for Kafka
16:54:08.527 [main] DEBUG com.snowflake.kafka.security.KafkaSecurityConfig -- Created secure Kafka producer properties with 18 entries
16:54:08.527 [main] DEBUG com.snowflake.kafka.security.KafkaSecurityConfig -- Configured SSL settings for Kafka
16:54:08.527 [main] DEBUG com.snowflake.kafka.security.KafkaSecurityConfig -- Configured additional security settings for Kafka
16:54:08.527 [main] DEBUG com.snowflake.kafka.security.KafkaSecurityConfig -- Created secure Kafka producer properties with 18 entries
16:54:08.527 [main] DEBUG com.snowflake.kafka.security.KafkaSecurityConfig -- Configured SSL settings for Kafka
16:54:08.527 [main] DEBUG com.snowflake.kafka.security.KafkaSecurityConfig -- Configured additional security settings for Kafka
16:54:08.527 [main] DEBUG com.snowflake.kafka.security.KafkaSecurityConfig -- Created secure Kafka producer properties with 18 entries
16:54:08.527 [main] DEBUG com.snowflake.kafka.security.KafkaSecurityConfig -- Configured SSL settings for Kafka
16:54:08.527 [main] DEBUG com.snowflake.kafka.security.KafkaSecurityConfig -- Configured additional security settings for Kafka
16:54:08.527 [main] DEBUG com.snowflake.kafka.security.KafkaSecurityConfig -- Created secure Kafka producer properties with 18 entries
16:54:08.527 [main] DEBUG com.snowflake.kafka.security.KafkaSecurityConfig -- Configured SSL settings for Kafka
16:54:08.527 [main] DEBUG com.snowflake.kafka.security.KafkaSecurityConfig -- Configured additional security settings for Kafka
16:54:08.527 [main] DEBUG com.snowflake.kafka.security.KafkaSecurityConfig -- Created secure Kafka producer properties with 18 entries
16:54:08.527 [main] DEBUG com.snowflake.kafka.security.KafkaSecurityConfig -- Configured SSL settings for Kafka
16:54:08.527 [main] DEBUG com.snowflake.kafka.security.KafkaSecurityConfig -- Configured additional security settings for Kafka
16:54:08.527 [main] DEBUG com.snowflake.kafka.security.KafkaSecurityConfig -- Created secure Kafka producer properties with 18 entries
16:54:08.527 [main] DEBUG com.snowflake.kafka.security.KafkaSecurityConfig -- Configured SSL settings for Kafka
16:54:08.527 [main] DEBUG com.snowflake.kafka.security.KafkaSecurityConfig -- Configured additional security settings for Kafka
16:54:08.527 [main] DEBUG com.snowflake.kafka.security.KafkaSecurityConfig -- Created secure Kafka producer properties with 18 entries
16:54:08.527 [main] DEBUG com.snowflake.kafka.security.KafkaSecurityConfig -- Configured SSL settings for Kafka
16:54:08.527 [main] DEBUG com.snowflake.kafka.security.KafkaSecurityConfig -- Configured additional security settings for Kafka
16:54:08.527 [main] DEBUG com.snowflake.kafka.security.KafkaSecurityConfig -- Created secure Kafka producer properties with 18 entries
16:54:08.527 [main] DEBUG com.snowflake.kafka.security.KafkaSecurityConfig -- Configured SSL settings for Kafka
16:54:08.527 [main] DEBUG com.snowflake.kafka.security.KafkaSecurityConfig -- Configured additional security settings for Kafka
16:54:08.527 [main] DEBUG com.snowflake.kafka.security.KafkaSecurityConfig -- Created secure Kafka producer properties with 18 entries
16:54:08.527 [main] DEBUG com.snowflake.kafka.security.KafkaSecurityConfig -- Configured SSL settings for Kafka
16:54:08.527 [main] DEBUG com.snowflake.kafka.security.KafkaSecurityConfig -- Configured additional security settings for Kafka
16:54:08.527 [main] DEBUG com.snowflake.kafka.security.KafkaSecurityConfig -- Created secure Kafka producer properties with 18 entries
16:54:08.527 [main] DEBUG com.snowflake.kafka.security.KafkaSecurityConfig -- Configured SSL settings for Kafka
16:54:08.527 [main] DEBUG com.snowflake.kafka.security.KafkaSecurityConfig -- Configured additional security settings for Kafka
16:54:08.527 [main] DEBUG com.snowflake.kafka.security.KafkaSecurityConfig -- Created secure Kafka producer properties with 18 entries
16:54:08.527 [main] DEBUG com.snowflake.kafka.security.KafkaSecurityConfig -- Configured SSL settings for Kafka
16:54:08.527 [main] DEBUG com.snowflake.kafka.security.KafkaSecurityConfig -- Configured additional security settings for Kafka
16:54:08.527 [main] DEBUG com.snowflake.kafka.security.KafkaSecurityConfig -- Created secure Kafka producer properties with 18 entries
16:54:08.527 [main] DEBUG com.snowflake.kafka.security.KafkaSecurityConfig -- Configured SSL settings for Kafka
16:54:08.527 [main] DEBUG com.snowflake.kafka.security.KafkaSecurityConfig -- Configured additional security settings for Kafka
16:54:08.527 [main] DEBUG com.snowflake.kafka.security.KafkaSecurityConfig -- Created secure Kafka producer properties with 18 entries
16:54:08.527 [main] DEBUG com.snowflake.kafka.security.KafkaSecurityConfig -- Configured SSL settings for Kafka
16:54:08.527 [main] DEBUG com.snowflake.kafka.security.KafkaSecurityConfig -- Configured additional security settings for Kafka
16:54:08.527 [main] DEBUG com.snowflake.kafka.security.KafkaSecurityConfig -- Created secure Kafka producer properties with 18 entries
16:54:08.527 [main] DEBUG com.snowflake.kafka.security.KafkaSecurityConfig -- Configured SSL settings for Kafka
16:54:08.527 [main] DEBUG com.snowflake.kafka.security.KafkaSecurityConfig -- Configured additional security settings for Kafka
16:54:08.527 [main] DEBUG com.snowflake.kafka.security.KafkaSecurityConfig -- Created secure Kafka producer properties with 18 entries
16:54:08.527 [main] DEBUG com.snowflake.kafka.security.KafkaSecurityConfig -- Configured SSL settings for Kafka
16:54:08.527 [main] DEBUG com.snowflake.kafka.security.KafkaSecurityConfig -- Configured additional security settings for Kafka
16:54:08.527 [main] DEBUG com.snowflake.kafka.security.KafkaSecurityConfig -- Created secure Kafka producer properties with 18 entries
16:54:08.527 [main] DEBUG com.snowflake.kafka.security.KafkaSecurityConfig -- Configured SSL settings for Kafka
16:54:08.527 [main] DEBUG com.snowflake.kafka.security.KafkaSecurityConfig -- Configured additional security settings for Kafka
16:54:08.527 [main] DEBUG com.snowflake.kafka.security.KafkaSecurityConfig -- Created secure Kafka producer properties with 18 entries
16:54:08.527 [main] DEBUG com.snowflake.kafka.security.KafkaSecurityConfig -- Configured SSL settings for Kafka
16:54:08.527 [main] DEBUG com.snowflake.kafka.security.KafkaSecurityConfig -- Configured additional security settings for Kafka
16:54:08.527 [main] DEBUG com.snowflake.kafka.security.KafkaSecurityConfig -- Created secure Kafka producer properties with 18 entries
16:54:08.527 [main] DEBUG com.snowflake.kafka.security.KafkaSecurityConfig -- Configured SSL settings for Kafka
16:54:08.527 [main] DEBUG com.snowflake.kafka.security.KafkaSecurityConfig -- Configured additional security settings for Kafka
16:54:08.527 [main] DEBUG com.snowflake.kafka.security.KafkaSecurityConfig -- Created secure Kafka producer properties with 18 entries
16:54:08.527 [main] DEBUG com.snowflake.kafka.security.KafkaSecurityConfig -- Configured SSL settings for Kafka
16:54:08.527 [main] DEBUG com.snowflake.kafka.security.KafkaSecurityConfig -- Configured additional security settings for Kafka
16:54:08.527 [main] DEBUG com.snowflake.kafka.security.KafkaSecurityConfig -- Created secure Kafka producer properties with 18 entries
16:54:08.527 [main] DEBUG com.snowflake.kafka.security.KafkaSecurityConfig -- Configured SSL settings for Kafka
16:54:08.528 [main] DEBUG com.snowflake.kafka.security.KafkaSecurityConfig -- Configured additional security settings for Kafka
16:54:08.528 [main] DEBUG com.snowflake.kafka.security.KafkaSecurityConfig -- Created secure Kafka producer properties with 18 entries
16:54:08.528 [main] DEBUG com.snowflake.kafka.security.KafkaSecurityConfig -- Configured SSL settings for Kafka
16:54:08.528 [main] DEBUG com.snowflake.kafka.security.KafkaSecurityConfig -- Configured additional security settings for Kafka
16:54:08.528 [main] DEBUG com.snowflake.kafka.security.KafkaSecurityConfig -- Created secure Kafka producer properties with 18 entries
16:54:08.528 [main] DEBUG com.snowflake.kafka.security.KafkaSecurityConfig -- Configured SSL settings for Kafka
16:54:08.528 [main] DEBUG com.snowflake.kafka.security.KafkaSecurityConfig -- Configured additional security settings for Kafka
16:54:08.528 [main] DEBUG com.snowflake.kafka.security.KafkaSecurityConfig -- Created secure Kafka producer properties with 18 entries
16:54:08.528 [main] DEBUG com.snowflake.kafka.security.KafkaSecurityConfig -- Configured SSL settings for Kafka
16:54:08.528 [main] DEBUG com.snowflake.kafka.security.KafkaSecurityConfig -- Configured additional security settings for Kafka
16:54:08.528 [main] DEBUG com.snowflake.kafka.security.KafkaSecurityConfig -- Created secure Kafka producer properties with 18 entries
16:54:08.528 [main] DEBUG com.snowflake.kafka.security.KafkaSecurityConfig -- Configured SSL settings for Kafka
16:54:08.528 [main] DEBUG com.snowflake.kafka.security.KafkaSecurityConfig -- Configured additional security settings for Kafka
16:54:08.528 [main] DEBUG com.snowflake.kafka.security.KafkaSecurityConfig -- Created secure Kafka producer properties with 18 entries
16:54:08.528 [main] DEBUG com.snowflake.kafka.security.KafkaSecurityConfig -- Configured SSL settings for Kafka
16:54:08.528 [main] DEBUG com.snowflake.kafka.security.KafkaSecurityConfig -- Configured additional security settings for Kafka
16:54:08.528 [main] DEBUG com.snowflake.kafka.security.KafkaSecurityConfig -- Created secure Kafka producer properties with 18 entries
16:54:08.528 [main] DEBUG com.snowflake.kafka.security.KafkaSecurityConfig -- Configured SSL settings for Kafka
16:54:08.528 [main] DEBUG com.snowflake.kafka.security.KafkaSecurityConfig -- Configured additional security settings for Kafka
16:54:08.528 [main] DEBUG com.snowflake.kafka.security.KafkaSecurityConfig -- Created secure Kafka producer properties with 18 entries
16:54:08.528 [main] DEBUG com.snowflake.kafka.security.KafkaSecurityConfig -- Configured SSL settings for Kafka
16:54:08.528 [main] DEBUG com.snowflake.kafka.security.KafkaSecurityConfig -- Configured additional security settings for Kafka
16:54:08.528 [main] DEBUG com.snowflake.kafka.security.KafkaSecurityConfig -- Created secure Kafka producer properties with 18 entries
16:54:08.528 [main] DEBUG com.snowflake.kafka.security.KafkaSecurityConfig -- Configured SSL settings for Kafka
16:54:08.528 [main] DEBUG com.snowflake.kafka.security.KafkaSecurityConfig -- Configured additional security settings for Kafka
16:54:08.528 [main] DEBUG com.snowflake.kafka.security.KafkaSecurityConfig -- Created secure Kafka producer properties with 18 entries
16:54:08.528 [main] DEBUG com.snowflake.kafka.security.KafkaSecurityConfig -- Configured SSL settings for Kafka
16:54:08.528 [main] DEBUG com.snowflake.kafka.security.KafkaSecurityConfig -- Configured additional security settings for Kafka
16:54:08.528 [main] DEBUG com.snowflake.kafka.security.KafkaSecurityConfig -- Created secure Kafka producer properties with 18 entries
16:54:08.528 [main] DEBUG com.snowflake.kafka.security.KafkaSecurityConfig -- Configured SSL settings for Kafka
16:54:08.528 [main] DEBUG com.snowflake.kafka.security.KafkaSecurityConfig -- Configured additional security settings for Kafka
16:54:08.528 [main] DEBUG com.snowflake.kafka.security.KafkaSecurityConfig -- Created secure Kafka producer properties with 18 entries
16:54:08.528 [main] DEBUG com.snowflake.kafka.security.KafkaSecurityConfig -- Configured SSL settings for Kafka
16:54:08.528 [main] DEBUG com.snowflake.kafka.security.KafkaSecurityConfig -- Configured additional security settings for Kafka
16:54:08.528 [main] DEBUG com.snowflake.kafka.security.KafkaSecurityConfig -- Created secure Kafka producer properties with 18 entries
16:54:08.528 [main] DEBUG com.snowflake.kafka.security.KafkaSecurityConfig -- Configured SSL settings for Kafka
16:54:08.528 [main] DEBUG com.snowflake.kafka.security.KafkaSecurityConfig -- Configured additional security settings for Kafka
16:54:08.528 [main] DEBUG com.snowflake.kafka.security.KafkaSecurityConfig -- Created secure Kafka producer properties with 18 entries
16:54:08.528 [main] DEBUG com.snowflake.kafka.security.KafkaSecurityConfig -- Configured SSL settings for Kafka
16:54:08.528 [main] DEBUG com.snowflake.kafka.security.KafkaSecurityConfig -- Configured additional security settings for Kafka
16:54:08.528 [main] DEBUG com.snowflake.kafka.security.KafkaSecurityConfig -- Created secure Kafka producer properties with 18 entries
16:54:08.528 [main] DEBUG com.snowflake.kafka.security.KafkaSecurityConfig -- Configured SSL settings for Kafka
16:54:08.528 [main] DEBUG com.snowflake.kafka.security.KafkaSecurityConfig -- Configured additional security settings for Kafka
16:54:08.528 [main] DEBUG com.snowflake.kafka.security.KafkaSecurityConfig -- Created secure Kafka producer properties with 18 entries
16:54:08.528 [main] DEBUG com.snowflake.kafka.security.KafkaSecurityConfig -- Configured SSL settings for Kafka
16:54:08.528 [main] DEBUG com.snowflake.kafka.security.KafkaSecurityConfig -- Configured additional security settings for Kafka
16:54:08.528 [main] DEBUG com.snowflake.kafka.security.KafkaSecurityConfig -- Created secure Kafka producer properties with 18 entries
16:54:08.528 [main] DEBUG com.snowflake.kafka.security.KafkaSecurityConfig -- Configured SSL settings for Kafka
16:54:08.528 [main] DEBUG com.snowflake.kafka.security.KafkaSecurityConfig -- Configured additional security settings for Kafka
16:54:08.528 [main] DEBUG com.snowflake.kafka.security.KafkaSecurityConfig -- Created secure Kafka producer properties with 18 entries
16:54:08.528 [main] DEBUG com.snowflake.kafka.security.KafkaSecurityConfig -- Configured SSL settings for Kafka
16:54:08.528 [main] DEBUG com.snowflake.kafka.security.KafkaSecurityConfig -- Configured additional security settings for Kafka
16:54:08.528 [main] DEBUG com.snowflake.kafka.security.KafkaSecurityConfig -- Created secure Kafka producer properties with 18 entries
16:54:08.528 [main] DEBUG com.snowflake.kafka.security.KafkaSecurityConfig -- Configured SSL settings for Kafka
16:54:08.528 [main] DEBUG com.snowflake.kafka.security.KafkaSecurityConfig -- Configured additional security settings for Kafka
16:54:08.528 [main] DEBUG com.snowflake.kafka.security.KafkaSecurityConfig -- Created secure Kafka producer properties with 18 entries
16:54:08.528 [main] DEBUG com.snowflake.kafka.security.KafkaSecurityConfig -- Configured SSL settings for Kafka
16:54:08.528 [main] DEBUG com.snowflake.kafka.security.KafkaSecurityConfig -- Configured additional security settings for Kafka
16:54:08.528 [main] DEBUG com.snowflake.kafka.security.KafkaSecurityConfig -- Created secure Kafka producer properties with 18 entries
16:54:08.528 [main] DEBUG com.snowflake.kafka.security.KafkaSecurityConfig -- Configured SSL settings for Kafka
16:54:08.528 [main] DEBUG com.snowflake.kafka.security.KafkaSecurityConfig -- Configured additional security settings for Kafka
16:54:08.528 [main] DEBUG com.snowflake.kafka.security.KafkaSecurityConfig -- Created secure Kafka producer properties with 18 entries
16:54:08.528 [main] DEBUG com.snowflake.kafka.security.KafkaSecurityConfig -- Configured SSL settings for Kafka
16:54:08.528 [main] DEBUG com.snowflake.kafka.security.KafkaSecurityConfig -- Configured additional security settings for Kafka
16:54:08.528 [main] DEBUG com.snowflake.kafka.security.KafkaSecurityConfig -- Created secure Kafka producer properties with 18 entries
16:54:08.528 [main] DEBUG com.snowflake.kafka.security.KafkaSecurityConfig -- Configured SSL settings for Kafka
16:54:08.528 [main] DEBUG com.snowflake.kafka.security.KafkaSecurityConfig -- Configured additional security settings for Kafka
16:54:08.528 [main] DEBUG com.snowflake.kafka.security.KafkaSecurityConfig -- Created secure Kafka producer properties with 18 entries
16:54:08.528 [main] DEBUG com.snowflake.kafka.security.KafkaSecurityConfig -- Configured SSL settings for Kafka
16:54:08.528 [main] DEBUG com.snowflake.kafka.security.KafkaSecurityConfig -- Configured additional security settings for Kafka
16:54:08.528 [main] DEBUG com.snowflake.kafka.security.KafkaSecurityConfig -- Created secure Kafka producer properties with 18 entries
16:54:08.528 [main] DEBUG com.snowflake.kafka.security.KafkaSecurityConfig -- Configured SSL settings for Kafka
16:54:08.528 [main] DEBUG com.snowflake.kafka.security.KafkaSecurityConfig -- Configured additional security settings for Kafka
16:54:08.528 [main] DEBUG com.snowflake.kafka.security.KafkaSecurityConfig -- Created secure Kafka producer properties with 18 entries
16:54:08.528 [main] DEBUG com.snowflake.kafka.security.KafkaSecurityConfig -- Configured SSL settings for Kafka
16:54:08.528 [main] DEBUG com.snowflake.kafka.security.KafkaSecurityConfig -- Configured additional security settings for Kafka
16:54:08.528 [main] DEBUG com.snowflake.kafka.security.KafkaSecurityConfig -- Created secure Kafka producer properties with 18 entries
16:54:08.528 [main] DEBUG com.snowflake.kafka.security.KafkaSecurityConfig -- Configured SSL settings for Kafka
16:54:08.528 [main] DEBUG com.snowflake.kafka.security.KafkaSecurityConfig -- Configured additional security settings for Kafka
16:54:08.528 [main] DEBUG com.snowflake.kafka.security.KafkaSecurityConfig -- Created secure Kafka producer properties with 18 entries
16:54:08.528 [main] DEBUG com.snowflake.kafka.security.KafkaSecurityConfig -- Configured SSL settings for Kafka
16:54:08.528 [main] DEBUG com.snowflake.kafka.security.KafkaSecurityConfig -- Configured additional security settings for Kafka
16:54:08.528 [main] DEBUG com.snowflake.kafka.security.KafkaSecurityConfig -- Created secure Kafka producer properties with 18 entries
16:54:08.528 [main] DEBUG com.snowflake.kafka.security.KafkaSecurityConfig -- Configured SSL settings for Kafka
16:54:08.528 [main] DEBUG com.snowflake.kafka.security.KafkaSecurityConfig -- Configured additional security settings for Kafka
16:54:08.528 [main] DEBUG com.snowflake.kafka.security.KafkaSecurityConfig -- Created secure Kafka producer properties with 18 entries
16:54:08.528 [main] DEBUG com.snowflake.kafka.security.KafkaSecurityConfig -- Configured SSL settings for Kafka
16:54:08.528 [main] DEBUG com.snowflake.kafka.security.KafkaSecurityConfig -- Configured additional security settings for Kafka
16:54:08.528 [main] DEBUG com.snowflake.kafka.security.KafkaSecurityConfig -- Created secure Kafka producer properties with 18 entries
16:54:08.528 [main] DEBUG com.snowflake.kafka.security.KafkaSecurityConfig -- Configured SSL settings for Kafka
16:54:08.528 [main] DEBUG com.snowflake.kafka.security.KafkaSecurityConfig -- Configured additional security settings for Kafka
16:54:08.528 [main] DEBUG com.snowflake.kafka.security.KafkaSecurityConfig -- Created secure Kafka producer properties with 18 entries
16:54:08.528 [main] DEBUG com.snowflake.kafka.security.KafkaSecurityConfig -- Configured SSL settings for Kafka
16:54:08.528 [main] DEBUG com.snowflake.kafka.security.KafkaSecurityConfig -- Configured additional security settings for Kafka
16:54:08.528 [main] DEBUG com.snowflake.kafka.security.KafkaSecurityConfig -- Created secure Kafka producer properties with 18 entries
16:54:08.528 [main] DEBUG com.snowflake.kafka.security.KafkaSecurityConfig -- Configured SSL settings for Kafka
16:54:08.528 [main] DEBUG com.snowflake.kafka.security.KafkaSecurityConfig -- Configured additional security settings for Kafka
16:54:08.528 [main] DEBUG com.snowflake.kafka.security.KafkaSecurityConfig -- Created secure Kafka producer properties with 18 entries
16:54:08.528 [main] DEBUG com.snowflake.kafka.security.KafkaSecurityConfig -- Configured SSL settings for Kafka
16:54:08.528 [main] DEBUG com.snowflake.kafka.security.KafkaSecurityConfig -- Configured additional security settings for Kafka
16:54:08.528 [main] DEBUG com.snowflake.kafka.security.KafkaSecurityConfig -- Created secure Kafka producer properties with 18 entries
16:54:08.528 [main] DEBUG com.snowflake.kafka.security.KafkaSecurityConfig -- Configured SSL settings for Kafka
16:54:08.528 [main] DEBUG com.snowflake.kafka.security.KafkaSecurityConfig -- Configured additional security settings for Kafka
16:54:08.528 [main] DEBUG com.snowflake.kafka.security.KafkaSecurityConfig -- Created secure Kafka producer properties with 18 entries
16:54:08.528 [main] DEBUG com.snowflake.kafka.security.KafkaSecurityConfig -- Configured SSL settings for Kafka
16:54:08.528 [main] DEBUG com.snowflake.kafka.security.KafkaSecurityConfig -- Configured additional security settings for Kafka
16:54:08.528 [main] DEBUG com.snowflake.kafka.security.KafkaSecurityConfig -- Created secure Kafka producer properties with 18 entries
16:54:08.528 [main] DEBUG com.snowflake.kafka.security.KafkaSecurityConfig -- Configured SSL settings for Kafka
16:54:08.528 [main] DEBUG com.snowflake.kafka.security.KafkaSecurityConfig -- Configured additional security settings for Kafka
16:54:08.528 [main] DEBUG com.snowflake.kafka.security.KafkaSecurityConfig -- Created secure Kafka producer properties with 18 entries
16:54:08.528 [main] DEBUG com.snowflake.kafka.security.KafkaSecurityConfig -- Configured SSL settings for Kafka
16:54:08.528 [main] DEBUG com.snowflake.kafka.security.KafkaSecurityConfig -- Configured additional security settings for Kafka
16:54:08.528 [main] DEBUG com.snowflake.kafka.security.KafkaSecurityConfig -- Created secure Kafka producer properties with 18 entries
16:54:08.528 [main] DEBUG com.snowflake.kafka.security.KafkaSecurityConfig -- Configured SSL settings for Kafka
16:54:08.528 [main] DEBUG com.snowflake.kafka.security.KafkaSecurityConfig -- Configured additional security settings for Kafka
16:54:08.528 [main] DEBUG com.snowflake.kafka.security.KafkaSecurityConfig -- Created secure Kafka producer properties with 18 entries
16:54:08.528 [main] DEBUG com.snowflake.kafka.security.KafkaSecurityConfig -- Configured SSL settings for Kafka
16:54:08.528 [main] DEBUG com.snowflake.kafka.security.KafkaSecurityConfig -- Configured additional security settings for Kafka
16:54:08.528 [main] DEBUG com.snowflake.kafka.security.KafkaSecurityConfig -- Created secure Kafka producer properties with 18 entries
16:54:08.528 [main] DEBUG com.snowflake.kafka.security.KafkaSecurityConfig -- Configured SSL settings for Kafka
16:54:08.528 [main] DEBUG com.snowflake.kafka.security.KafkaSecurityConfig -- Configured additional security settings for Kafka
16:54:08.528 [main] DEBUG com.snowflake.kafka.security.KafkaSecurityConfig -- Created secure Kafka producer properties with 18 entries
16:54:08.528 [main] DEBUG com.snowflake.kafka.security.KafkaSecurityConfig -- Configured SSL settings for Kafka
16:54:08.528 [main] DEBUG com.snowflake.kafka.security.KafkaSecurityConfig -- Configured additional security settings for Kafka
16:54:08.528 [main] DEBUG com.snowflake.kafka.security.KafkaSecurityConfig -- Created secure Kafka producer properties with 18 entries
16:54:08.528 [main] DEBUG com.snowflake.kafka.security.KafkaSecurityConfig -- Configured SSL settings for Kafka
16:54:08.528 [main] DEBUG com.snowflake.kafka.security.KafkaSecurityConfig -- Configured additional security settings for Kafka
16:54:08.528 [main] DEBUG com.snowflake.kafka.security.KafkaSecurityConfig -- Created secure Kafka producer properties with 18 entries
16:54:08.528 [main] DEBUG com.snowflake.kafka.security.KafkaSecurityConfig -- Configured SSL settings for Kafka
16:54:08.528 [main] DEBUG com.snowflake.kafka.security.KafkaSecurityConfig -- Configured additional security settings for Kafka
16:54:08.528 [main] DEBUG com.snowflake.kafka.security.KafkaSecurityConfig -- Created secure Kafka producer properties with 18 entries
16:54:08.528 [main] DEBUG com.snowflake.kafka.security.KafkaSecurityConfig -- Configured SSL settings for Kafka
16:54:08.528 [main] DEBUG com.snowflake.kafka.security.KafkaSecurityConfig -- Configured additional security settings for Kafka
16:54:08.528 [main] DEBUG com.snowflake.kafka.security.KafkaSecurityConfig -- Created secure Kafka producer properties with 18 entries
16:54:08.528 [main] DEBUG com.snowflake.kafka.security.KafkaSecurityConfig -- Configured SSL settings for Kafka
16:54:08.528 [main] DEBUG com.snowflake.kafka.security.KafkaSecurityConfig -- Configured additional security settings for Kafka
16:54:08.528 [main] DEBUG com.snowflake.kafka.security.KafkaSecurityConfig -- Created secure Kafka producer properties with 18 entries
16:54:08.528 [main] DEBUG com.snowflake.kafka.security.KafkaSecurityConfig -- Configured SSL settings for Kafka
16:54:08.528 [main] DEBUG com.snowflake.kafka.security.KafkaSecurityConfig -- Configured additional security settings for Kafka
16:54:08.528 [main] DEBUG com.snowflake.kafka.security.KafkaSecurityConfig -- Created secure Kafka producer properties with 18 entries
16:54:08.528 [main] DEBUG com.snowflake.kafka.security.KafkaSecurityConfig -- Configured SSL settings for Kafka
16:54:08.528 [main] DEBUG com.snowflake.kafka.security.KafkaSecurityConfig -- Configured additional security settings for Kafka
16:54:08.528 [main] DEBUG com.snowflake.kafka.security.KafkaSecurityConfig -- Created secure Kafka producer properties with 18 entries
16:54:08.528 [main] DEBUG com.snowflake.kafka.security.KafkaSecurityConfig -- Configured SSL settings for Kafka
16:54:08.528 [main] DEBUG com.snowflake.kafka.security.KafkaSecurityConfig -- Configured additional security settings for Kafka
16:54:08.528 [main] DEBUG com.snowflake.kafka.security.KafkaSecurityConfig -- Created secure Kafka producer properties with 18 entries
16:54:08.528 [main] DEBUG com.snowflake.kafka.security.KafkaSecurityConfig -- Configured SSL settings for Kafka
16:54:08.528 [main] DEBUG com.snowflake.kafka.security.KafkaSecurityConfig -- Configured additional security settings for Kafka
16:54:08.528 [main] DEBUG com.snowflake.kafka.security.KafkaSecurityConfig -- Created secure Kafka producer properties with 18 entries
16:54:08.528 [main] DEBUG com.snowflake.kafka.security.KafkaSecurityConfig -- Configured SSL settings for Kafka
16:54:08.528 [main] DEBUG com.snowflake.kafka.security.KafkaSecurityConfig -- Configured additional security settings for Kafka
16:54:08.528 [main] DEBUG com.snowflake.kafka.security.KafkaSecurityConfig -- Created secure Kafka producer properties with 18 entries
16:54:08.528 [main] DEBUG com.snowflake.kafka.security.KafkaSecurityConfig -- Configured SSL settings for Kafka
16:54:08.528 [main] DEBUG com.snowflake.kafka.security.KafkaSecurityConfig -- Configured additional security settings for Kafka
16:54:08.528 [main] DEBUG com.snowflake.kafka.security.KafkaSecurityConfig -- Created secure Kafka producer properties with 18 entries
16:54:08.528 [main] DEBUG com.snowflake.kafka.security.KafkaSecurityConfig -- Configured SSL settings for Kafka
16:54:08.528 [main] DEBUG com.snowflake.kafka.security.KafkaSecurityConfig -- Configured additional security settings for Kafka
16:54:08.528 [main] DEBUG com.snowflake.kafka.security.KafkaSecurityConfig -- Created secure Kafka producer properties with 18 entries
16:54:08.528 [main] DEBUG com.snowflake.kafka.security.KafkaSecurityConfig -- Configured SSL settings for Kafka
16:54:08.529 [main] DEBUG com.snowflake.kafka.security.KafkaSecurityConfig -- Configured additional security settings for Kafka
16:54:08.529 [main] DEBUG com.snowflake.kafka.security.KafkaSecurityConfig -- Created secure Kafka producer properties with 18 entries
16:54:08.529 [main] DEBUG com.snowflake.kafka.security.KafkaSecurityConfig -- Configured SSL settings for Kafka
16:54:08.529 [main] DEBUG com.snowflake.kafka.security.KafkaSecurityConfig -- Configured additional security settings for Kafka
16:54:08.529 [main] DEBUG com.snowflake.kafka.security.KafkaSecurityConfig -- Created secure Kafka producer properties with 18 entries
16:54:08.529 [main] DEBUG com.snowflake.kafka.security.KafkaSecurityConfig -- Configured SSL settings for Kafka
16:54:08.529 [main] DEBUG com.snowflake.kafka.security.KafkaSecurityConfig -- Configured additional security settings for Kafka
16:54:08.529 [main] DEBUG com.snowflake.kafka.security.KafkaSecurityConfig -- Created secure Kafka producer properties with 18 entries
16:54:08.529 [main] DEBUG com.snowflake.kafka.security.KafkaSecurityConfig -- Configured SSL settings for Kafka
16:54:08.529 [main] DEBUG com.snowflake.kafka.security.KafkaSecurityConfig -- Configured additional security settings for Kafka
16:54:08.529 [main] DEBUG com.snowflake.kafka.security.KafkaSecurityConfig -- Created secure Kafka producer properties with 18 entries
16:54:08.529 [main] DEBUG com.snowflake.kafka.security.KafkaSecurityConfig -- Configured SSL settings for Kafka
16:54:08.529 [main] DEBUG com.snowflake.kafka.security.KafkaSecurityConfig -- Configured additional security settings for Kafka
16:54:08.529 [main] DEBUG com.snowflake.kafka.security.KafkaSecurityConfig -- Created secure Kafka producer properties with 18 entries
16:54:08.529 [main] DEBUG com.snowflake.kafka.security.KafkaSecurityConfig -- Configured SSL settings for Kafka
16:54:08.529 [main] DEBUG com.snowflake.kafka.security.KafkaSecurityConfig -- Configured additional security settings for Kafka
16:54:08.529 [main] DEBUG com.snowflake.kafka.security.KafkaSecurityConfig -- Created secure Kafka producer properties with 18 entries
16:54:08.529 [main] DEBUG com.snowflake.kafka.security.KafkaSecurityConfig -- Configured SSL settings for Kafka
16:54:08.529 [main] DEBUG com.snowflake.kafka.security.KafkaSecurityConfig -- Configured additional security settings for Kafka
16:54:08.529 [main] DEBUG com.snowflake.kafka.security.KafkaSecurityConfig -- Created secure Kafka producer properties with 18 entries
16:54:08.529 [main] DEBUG com.snowflake.kafka.security.KafkaSecurityConfig -- Configured SSL settings for Kafka
16:54:08.529 [main] DEBUG com.snowflake.kafka.security.KafkaSecurityConfig -- Configured additional security settings for Kafka
16:54:08.529 [main] DEBUG com.snowflake.kafka.security.KafkaSecurityConfig -- Created secure Kafka producer properties with 18 entries
16:54:08.529 [main] DEBUG com.snowflake.kafka.security.KafkaSecurityConfig -- Configured SSL settings for Kafka
16:54:08.529 [main] DEBUG com.snowflake.kafka.security.KafkaSecurityConfig -- Configured additional security settings for Kafka
16:54:08.529 [main] DEBUG com.snowflake.kafka.security.KafkaSecurityConfig -- Created secure Kafka producer properties with 18 entries
16:54:08.529 [main] DEBUG com.snowflake.kafka.security.KafkaSecurityConfig -- Configured SSL settings for Kafka
16:54:08.529 [main] DEBUG com.snowflake.kafka.security.KafkaSecurityConfig -- Configured additional security settings for Kafka
16:54:08.529 [main] DEBUG com.snowflake.kafka.security.KafkaSecurityConfig -- Created secure Kafka producer properties with 18 entries
16:54:08.529 [main] DEBUG com.snowflake.kafka.security.KafkaSecurityConfig -- Configured SSL settings for Kafka
16:54:08.529 [main] DEBUG com.snowflake.kafka.security.KafkaSecurityConfig -- Configured additional security settings for Kafka
16:54:08.529 [main] DEBUG com.snowflake.kafka.security.KafkaSecurityConfig -- Created secure Kafka producer properties with 18 entries
16:54:08.529 [main] DEBUG com.snowflake.kafka.security.KafkaSecurityConfig -- Configured SSL settings for Kafka
16:54:08.529 [main] DEBUG com.snowflake.kafka.security.KafkaSecurityConfig -- Configured additional security settings for Kafka
16:54:08.529 [main] DEBUG com.snowflake.kafka.security.KafkaSecurityConfig -- Created secure Kafka producer properties with 18 entries
16:54:08.529 [main] DEBUG com.snowflake.kafka.security.KafkaSecurityConfig -- Configured SSL settings for Kafka
16:54:08.529 [main] DEBUG com.snowflake.kafka.security.KafkaSecurityConfig -- Configured additional security settings for Kafka
16:54:08.529 [main] DEBUG com.snowflake.kafka.security.KafkaSecurityConfig -- Created secure Kafka producer properties with 18 entries
16:54:08.529 [main] DEBUG com.snowflake.kafka.security.KafkaSecurityConfig -- Configured SSL settings for Kafka
16:54:08.529 [main] DEBUG com.snowflake.kafka.security.KafkaSecurityConfig -- Configured additional security settings for Kafka
16:54:08.529 [main] DEBUG com.snowflake.kafka.security.KafkaSecurityConfig -- Created secure Kafka producer properties with 18 entries
16:54:08.529 [main] DEBUG com.snowflake.kafka.security.KafkaSecurityConfig -- Configured SSL settings for Kafka
16:54:08.529 [main] DEBUG com.snowflake.kafka.security.KafkaSecurityConfig -- Configured additional security settings for Kafka
16:54:08.529 [main] DEBUG com.snowflake.kafka.security.KafkaSecurityConfig -- Created secure Kafka producer properties with 18 entries
16:54:08.529 [main] DEBUG com.snowflake.kafka.security.KafkaSecurityConfig -- Configured SSL settings for Kafka
16:54:08.529 [main] DEBUG com.snowflake.kafka.security.KafkaSecurityConfig -- Configured additional security settings for Kafka
16:54:08.529 [main] DEBUG com.snowflake.kafka.security.KafkaSecurityConfig -- Created secure Kafka producer properties with 18 entries
16:54:08.529 [main] DEBUG com.snowflake.kafka.security.KafkaSecurityConfig -- Configured SSL settings for Kafka
16:54:08.529 [main] DEBUG com.snowflake.kafka.security.KafkaSecurityConfig -- Configured additional security settings for Kafka
16:54:08.529 [main] DEBUG com.snowflake.kafka.security.KafkaSecurityConfig -- Created secure Kafka producer properties with 18 entries
16:54:08.529 [main] DEBUG com.snowflake.kafka.security.KafkaSecurityConfig -- Configured SSL settings for Kafka
16:54:08.529 [main] DEBUG com.snowflake.kafka.security.KafkaSecurityConfig -- Configured additional security settings for Kafka
16:54:08.529 [main] DEBUG com.snowflake.kafka.security.KafkaSecurityConfig -- Created secure Kafka producer properties with 18 entries
16:54:08.529 [main] DEBUG com.snowflake.kafka.security.KafkaSecurityConfig -- Configured SSL settings for Kafka
16:54:08.529 [main] DEBUG com.snowflake.kafka.security.KafkaSecurityConfig -- Configured additional security settings for Kafka
16:54:08.530 [main] DEBUG com.snowflake.kafka.security.KafkaSecurityConfig -- Created secure Kafka producer properties with 18 entries
16:54:08.530 [main] DEBUG com.snowflake.kafka.security.KafkaSecurityConfig -- Configured SSL settings for Kafka
16:54:08.530 [main] DEBUG com.snowflake.kafka.security.KafkaSecurityConfig -- Configured additional security settings for Kafka
16:54:08.530 [main] DEBUG com.snowflake.kafka.security.KafkaSecurityConfig -- Created secure Kafka producer properties with 18 entries
16:54:08.530 [main] DEBUG com.snowflake.kafka.security.KafkaSecurityConfig -- Configured SSL settings for Kafka
16:54:08.530 [main] DEBUG com.snowflake.kafka.security.KafkaSecurityConfig -- Configured additional security settings for Kafka
16:54:08.530 [main] DEBUG com.snowflake.kafka.security.KafkaSecurityConfig -- Created secure Kafka producer properties with 18 entries
16:54:08.530 [main] DEBUG com.snowflake.kafka.security.KafkaSecurityConfig -- Configured SSL settings for Kafka
16:54:08.530 [main] DEBUG com.snowflake.kafka.security.KafkaSecurityConfig -- Configured additional security settings for Kafka
16:54:08.530 [main] DEBUG com.snowflake.kafka.security.KafkaSecurityConfig -- Created secure Kafka producer properties with 18 entries
16:54:08.530 [main] DEBUG com.snowflake.kafka.security.KafkaSecurityConfig -- Configured SSL settings for Kafka
16:54:08.530 [main] DEBUG com.snowflake.kafka.security.KafkaSecurityConfig -- Configured additional security settings for Kafka
16:54:08.530 [main] DEBUG com.snowflake.kafka.security.KafkaSecurityConfig -- Created secure Kafka producer properties with 18 entries
16:54:08.530 [main] DEBUG com.snowflake.kafka.security.KafkaSecurityConfig -- Configured SSL settings for Kafka
16:54:08.530 [main] DEBUG com.snowflake.kafka.security.KafkaSecurityConfig -- Configured additional security settings for Kafka
16:54:08.530 [main] DEBUG com.snowflake.kafka.security.KafkaSecurityConfig -- Created secure Kafka producer properties with 18 entries
16:54:08.530 [main] DEBUG com.snowflake.kafka.security.KafkaSecurityConfig -- Configured SSL settings for Kafka
16:54:08.530 [main] DEBUG com.snowflake.kafka.security.KafkaSecurityConfig -- Configured additional security settings for Kafka
16:54:08.530 [main] DEBUG com.snowflake.kafka.security.KafkaSecurityConfig -- Created secure Kafka producer properties with 18 entries
16:54:08.530 [main] DEBUG com.snowflake.kafka.security.KafkaSecurityConfig -- Configured SSL settings for Kafka
16:54:08.530 [main] DEBUG com.snowflake.kafka.security.KafkaSecurityConfig -- Configured additional security settings for Kafka
16:54:08.530 [main] DEBUG com.snowflake.kafka.security.KafkaSecurityConfig -- Created secure Kafka producer properties with 18 entries
16:54:08.530 [main] DEBUG com.snowflake.kafka.security.KafkaSecurityConfig -- Configured SSL settings for Kafka
16:54:08.530 [main] DEBUG com.snowflake.kafka.security.KafkaSecurityConfig -- Configured additional security settings for Kafka
16:54:08.530 [main] DEBUG com.snowflake.kafka.security.KafkaSecurityConfig -- Created secure Kafka producer properties with 18 entries
16:54:08.530 [main] DEBUG com.snowflake.kafka.security.KafkaSecurityConfig -- Configured SSL settings for Kafka
16:54:08.530 [main] DEBUG com.snowflake.kafka.security.KafkaSecurityConfig -- Configured additional security settings for Kafka
16:54:08.530 [main] DEBUG com.snowflake.kafka.security.KafkaSecurityConfig -- Created secure Kafka producer properties with 18 entries
16:54:08.530 [main] DEBUG com.snowflake.kafka.security.KafkaSecurityConfig -- Configured SSL settings for Kafka
16:54:08.530 [main] DEBUG com.snowflake.kafka.security.KafkaSecurityConfig -- Configured additional security settings for Kafka
16:54:08.530 [main] DEBUG com.snowflake.kafka.security.KafkaSecurityConfig -- Created secure Kafka producer properties with 18 entries
16:54:08.530 [main] DEBUG com.snowflake.kafka.security.KafkaSecurityConfig -- Configured SSL settings for Kafka
16:54:08.530 [main] DEBUG com.snowflake.kafka.security.KafkaSecurityConfig -- Configured additional security settings for Kafka
16:54:08.530 [main] DEBUG com.snowflake.kafka.security.KafkaSecurityConfig -- Created secure Kafka producer properties with 18 entries
16:54:08.530 [main] DEBUG com.snowflake.kafka.security.KafkaSecurityConfig -- Configured SSL settings for Kafka
16:54:08.530 [main] DEBUG com.snowflake.kafka.security.KafkaSecurityConfig -- Configured additional security settings for Kafka
16:54:08.530 [main] DEBUG com.snowflake.kafka.security.KafkaSecurityConfig -- Created secure Kafka producer properties with 18 entries
16:54:08.530 [main] DEBUG com.snowflake.kafka.security.KafkaSecurityConfig -- Configured SSL settings for Kafka
16:54:08.530 [main] DEBUG com.snowflake.kafka.security.KafkaSecurityConfig -- Configured additional security settings for Kafka
16:54:08.530 [main] DEBUG com.snowflake.kafka.security.KafkaSecurityConfig -- Created secure Kafka producer properties with 18 entries
16:54:08.530 [main] DEBUG com.snowflake.kafka.security.KafkaSecurityConfig -- Configured SSL settings for Kafka
16:54:08.530 [main] DEBUG com.snowflake.kafka.security.KafkaSecurityConfig -- Configured additional security settings for Kafka
16:54:08.530 [main] DEBUG com.snowflake.kafka.security.KafkaSecurityConfig -- Created secure Kafka producer properties with 18 entries
16:54:08.530 [main] DEBUG com.snowflake.kafka.security.KafkaSecurityConfig -- Configured SSL settings for Kafka
16:54:08.530 [main] DEBUG com.snowflake.kafka.security.KafkaSecurityConfig -- Configured additional security settings for Kafka
16:54:08.530 [main] DEBUG com.snowflake.kafka.security.KafkaSecurityConfig -- Created secure Kafka producer properties with 18 entries
16:54:08.530 [main] DEBUG com.snowflake.kafka.security.KafkaSecurityConfig -- Configured SSL settings for Kafka
16:54:08.530 [main] DEBUG com.snowflake.kafka.security.KafkaSecurityConfig -- Configured additional security settings for Kafka
16:54:08.530 [main] DEBUG com.snowflake.kafka.security.KafkaSecurityConfig -- Created secure Kafka producer properties with 18 entries
16:54:08.530 [main] DEBUG com.snowflake.kafka.security.KafkaSecurityConfig -- Configured SSL settings for Kafka
16:54:08.530 [main] DEBUG com.snowflake.kafka.security.KafkaSecurityConfig -- Configured additional security settings for Kafka
16:54:08.530 [main] DEBUG com.snowflake.kafka.security.KafkaSecurityConfig -- Created secure Kafka producer properties with 18 entries
16:54:08.530 [main] DEBUG com.snowflake.kafka.security.KafkaSecurityConfig -- Configured SSL settings for Kafka
16:54:08.530 [main] DEBUG com.snowflake.kafka.security.KafkaSecurityConfig -- Configured additional security settings for Kafka
16:54:08.530 [main] DEBUG com.snowflake.kafka.security.KafkaSecurityConfig -- Created secure Kafka producer properties with 18 entries
16:54:08.530 [main] DEBUG com.snowflake.kafka.security.KafkaSecurityConfig -- Configured SSL settings for Kafka
16:54:08.530 [main] DEBUG com.snowflake.kafka.security.KafkaSecurityConfig -- Configured additional security settings for Kafka
16:54:08.530 [main] DEBUG com.snowflake.kafka.security.KafkaSecurityConfig -- Created secure Kafka producer properties with 18 entries
16:54:08.530 [main] DEBUG com.snowflake.kafka.security.KafkaSecurityConfig -- Configured SSL settings for Kafka
16:54:08.530 [main] DEBUG com.snowflake.kafka.security.KafkaSecurityConfig -- Configured additional security settings for Kafka
16:54:08.530 [main] DEBUG com.snowflake.kafka.security.KafkaSecurityConfig -- Created secure Kafka producer properties with 18 entries
16:54:08.530 [main] DEBUG com.snowflake.kafka.security.KafkaSecurityConfig -- Configured SSL settings for Kafka
16:54:08.530 [main] DEBUG com.snowflake.kafka.security.KafkaSecurityConfig -- Configured additional security settings for Kafka
16:54:08.530 [main] DEBUG com.snowflake.kafka.security.KafkaSecurityConfig -- Created secure Kafka producer properties with 18 entries
16:54:08.530 [main] DEBUG com.snowflake.kafka.security.KafkaSecurityConfig -- Configured SSL settings for Kafka
16:54:08.530 [main] DEBUG com.snowflake.kafka.security.KafkaSecurityConfig -- Configured additional security settings for Kafka
16:54:08.530 [main] DEBUG com.snowflake.kafka.security.KafkaSecurityConfig -- Created secure Kafka producer properties with 18 entries
16:54:08.530 [main] DEBUG com.snowflake.kafka.security.KafkaSecurityConfig -- Configured SSL settings for Kafka
16:54:08.530 [main] DEBUG com.snowflake.kafka.security.KafkaSecurityConfig -- Configured additional security settings for Kafka
16:54:08.530 [main] DEBUG com.snowflake.kafka.security.KafkaSecurityConfig -- Created secure Kafka producer properties with 18 entries
16:54:08.530 [main] DEBUG com.snowflake.kafka.security.KafkaSecurityConfig -- Configured SSL settings for Kafka
16:54:08.530 [main] DEBUG com.snowflake.kafka.security.KafkaSecurityConfig -- Configured additional security settings for Kafka
16:54:08.530 [main] DEBUG com.snowflake.kafka.security.KafkaSecurityConfig -- Created secure Kafka producer properties with 18 entries
16:54:08.530 [main] DEBUG com.snowflake.kafka.security.KafkaSecurityConfig -- Configured SSL settings for Kafka
16:54:08.530 [main] DEBUG com.snowflake.kafka.security.KafkaSecurityConfig -- Configured additional security settings for Kafka
16:54:08.530 [main] DEBUG com.snowflake.kafka.security.KafkaSecurityConfig -- Created secure Kafka producer properties with 18 entries
16:54:08.530 [main] DEBUG com.snowflake.kafka.security.KafkaSecurityConfig -- Configured SSL settings for Kafka
16:54:08.530 [main] DEBUG com.snowflake.kafka.security.KafkaSecurityConfig -- Configured additional security settings for Kafka
16:54:08.530 [main] DEBUG com.snowflake.kafka.security.KafkaSecurityConfig -- Created secure Kafka producer properties with 18 entries
16:54:08.530 [main] DEBUG com.snowflake.kafka.security.KafkaSecurityConfig -- Configured SSL settings for Kafka
16:54:08.530 [main] DEBUG com.snowflake.kafka.security.KafkaSecurityConfig -- Configured additional security settings for Kafka
16:54:08.530 [main] DEBUG com.snowflake.kafka.security.KafkaSecurityConfig -- Created secure Kafka producer properties with 18 entries
16:54:08.530 [main] DEBUG com.snowflake.kafka.security.KafkaSecurityConfig -- Configured SSL settings for Kafka
16:54:08.530 [main] DEBUG com.snowflake.kafka.security.KafkaSecurityConfig -- Configured additional security settings for Kafka
16:54:08.530 [main] DEBUG com.snowflake.kafka.security.KafkaSecurityConfig -- Created secure Kafka producer properties with 18 entries
16:54:08.530 [main] DEBUG com.snowflake.kafka.security.KafkaSecurityConfig -- Configured SSL settings for Kafka
16:54:08.530 [main] DEBUG com.snowflake.kafka.security.KafkaSecurityConfig -- Configured additional security settings for Kafka
16:54:08.530 [main] DEBUG com.snowflake.kafka.security.KafkaSecurityConfig -- Created secure Kafka producer properties with 18 entries
16:54:08.530 [main] DEBUG com.snowflake.kafka.security.KafkaSecurityConfig -- Configured SSL settings for Kafka
16:54:08.530 [main] DEBUG com.snowflake.kafka.security.KafkaSecurityConfig -- Configured additional security settings for Kafka
16:54:08.530 [main] DEBUG com.snowflake.kafka.security.KafkaSecurityConfig -- Created secure Kafka producer properties with 18 entries
16:54:08.530 [main] DEBUG com.snowflake.kafka.security.KafkaSecurityConfig -- Configured SSL settings for Kafka
16:54:08.530 [main] DEBUG com.snowflake.kafka.security.KafkaSecurityConfig -- Configured additional security settings for Kafka
16:54:08.530 [main] DEBUG com.snowflake.kafka.security.KafkaSecurityConfig -- Created secure Kafka producer properties with 18 entries
16:54:08.530 [main] DEBUG com.snowflake.kafka.security.KafkaSecurityConfig -- Configured SSL settings for Kafka
16:54:08.530 [main] DEBUG com.snowflake.kafka.security.KafkaSecurityConfig -- Configured additional security settings for Kafka
16:54:08.530 [main] DEBUG com.snowflake.kafka.security.KafkaSecurityConfig -- Created secure Kafka producer properties with 18 entries
16:54:08.530 [main] DEBUG com.snowflake.kafka.security.KafkaSecurityConfig -- Configured SSL settings for Kafka
16:54:08.530 [main] DEBUG com.snowflake.kafka.security.KafkaSecurityConfig -- Configured additional security settings for Kafka
16:54:08.530 [main] DEBUG com.snowflake.kafka.security.KafkaSecurityConfig -- Created secure Kafka producer properties with 18 entries
16:54:08.530 [main] DEBUG com.snowflake.kafka.security.KafkaSecurityConfig -- Configured SSL settings for Kafka
16:54:08.530 [main] DEBUG com.snowflake.kafka.security.KafkaSecurityConfig -- Configured additional security settings for Kafka
16:54:08.530 [main] DEBUG com.snowflake.kafka.security.KafkaSecurityConfig -- Created secure Kafka producer properties with 18 entries
16:54:08.530 [main] DEBUG com.snowflake.kafka.security.KafkaSecurityConfig -- Configured SSL settings for Kafka
16:54:08.530 [main] DEBUG com.snowflake.kafka.security.KafkaSecurityConfig -- Configured additional security settings for Kafka
16:54:08.530 [main] DEBUG com.snowflake.kafka.security.KafkaSecurityConfig -- Created secure Kafka producer properties with 18 entries
16:54:08.530 [main] DEBUG com.snowflake.kafka.security.KafkaSecurityConfig -- Configured SSL settings for Kafka
16:54:08.530 [main] DEBUG com.snowflake.kafka.security.KafkaSecurityConfig -- Configured additional security settings for Kafka
16:54:08.530 [main] DEBUG com.snowflake.kafka.security.KafkaSecurityConfig -- Created secure Kafka producer properties with 18 entries
16:54:08.530 [main] DEBUG com.snowflake.kafka.security.KafkaSecurityConfig -- Configured SSL settings for Kafka
16:54:08.530 [main] DEBUG com.snowflake.kafka.security.KafkaSecurityConfig -- Configured additional security settings for Kafka
16:54:08.530 [main] DEBUG com.snowflake.kafka.security.KafkaSecurityConfig -- Created secure Kafka producer properties with 18 entries
16:54:08.530 [main] DEBUG com.snowflake.kafka.security.KafkaSecurityConfig -- Configured SSL settings for Kafka
16:54:08.530 [main] DEBUG com.snowflake.kafka.security.KafkaSecurityConfig -- Configured additional security settings for Kafka
16:54:08.530 [main] DEBUG com.snowflake.kafka.security.KafkaSecurityConfig -- Created secure Kafka producer properties with 18 entries
16:54:08.530 [main] DEBUG com.snowflake.kafka.security.KafkaSecurityConfig -- Configured SSL settings for Kafka
16:54:08.530 [main] DEBUG com.snowflake.kafka.security.KafkaSecurityConfig -- Configured additional security settings for Kafka
16:54:08.530 [main] DEBUG com.snowflake.kafka.security.KafkaSecurityConfig -- Created secure Kafka producer properties with 18 entries
16:54:08.530 [main] DEBUG com.snowflake.kafka.security.KafkaSecurityConfig -- Configured SSL settings for Kafka
16:54:08.530 [main] DEBUG com.snowflake.kafka.security.KafkaSecurityConfig -- Configured additional security settings for Kafka
16:54:08.530 [main] DEBUG com.snowflake.kafka.security.KafkaSecurityConfig -- Created secure Kafka producer properties with 18 entries
16:54:08.530 [main] DEBUG com.snowflake.kafka.security.KafkaSecurityConfig -- Configured SSL settings for Kafka
16:54:08.530 [main] DEBUG com.snowflake.kafka.security.KafkaSecurityConfig -- Configured additional security settings for Kafka
16:54:08.530 [main] DEBUG com.snowflake.kafka.security.KafkaSecurityConfig -- Created secure Kafka producer properties with 18 entries
16:54:08.530 [main] DEBUG com.snowflake.kafka.security.KafkaSecurityConfig -- Configured SSL settings for Kafka
16:54:08.530 [main] DEBUG com.snowflake.kafka.security.KafkaSecurityConfig -- Configured additional security settings for Kafka
16:54:08.530 [main] DEBUG com.snowflake.kafka.security.KafkaSecurityConfig -- Created secure Kafka producer properties with 18 entries
16:54:08.530 [main] DEBUG com.snowflake.kafka.security.KafkaSecurityConfig -- Configured SSL settings for Kafka
16:54:08.530 [main] DEBUG com.snowflake.kafka.security.KafkaSecurityConfig -- Configured additional security settings for Kafka
16:54:08.530 [main] DEBUG com.snowflake.kafka.security.KafkaSecurityConfig -- Created secure Kafka producer properties with 18 entries
16:54:08.530 [main] DEBUG com.snowflake.kafka.security.KafkaSecurityConfig -- Configured SSL settings for Kafka
16:54:08.530 [main] DEBUG com.snowflake.kafka.security.KafkaSecurityConfig -- Configured additional security settings for Kafka
16:54:08.530 [main] DEBUG com.snowflake.kafka.security.KafkaSecurityConfig -- Created secure Kafka producer properties with 18 entries
16:54:08.530 [main] DEBUG com.snowflake.kafka.security.KafkaSecurityConfig -- Configured SSL settings for Kafka
16:54:08.530 [main] DEBUG com.snowflake.kafka.security.KafkaSecurityConfig -- Configured additional security settings for Kafka
16:54:08.530 [main] DEBUG com.snowflake.kafka.security.KafkaSecurityConfig -- Created secure Kafka producer properties with 18 entries
16:54:08.530 [main] DEBUG com.snowflake.kafka.security.KafkaSecurityConfig -- Configured SSL settings for Kafka
16:54:08.530 [main] DEBUG com.snowflake.kafka.security.KafkaSecurityConfig -- Configured additional security settings for Kafka
16:54:08.530 [main] DEBUG com.snowflake.kafka.security.KafkaSecurityConfig -- Created secure Kafka producer properties with 18 entries
16:54:08.530 [main] DEBUG com.snowflake.kafka.security.KafkaSecurityConfig -- Configured SSL settings for Kafka
16:54:08.530 [main] DEBUG com.snowflake.kafka.security.KafkaSecurityConfig -- Configured additional security settings for Kafka
16:54:08.530 [main] DEBUG com.snowflake.kafka.security.KafkaSecurityConfig -- Created secure Kafka producer properties with 18 entries
16:54:08.530 [main] DEBUG com.snowflake.kafka.security.KafkaSecurityConfig -- Configured SSL settings for Kafka
16:54:08.530 [main] DEBUG com.snowflake.kafka.security.KafkaSecurityConfig -- Configured additional security settings for Kafka
16:54:08.530 [main] DEBUG com.snowflake.kafka.security.KafkaSecurityConfig -- Created secure Kafka producer properties with 18 entries
16:54:08.530 [main] DEBUG com.snowflake.kafka.security.KafkaSecurityConfig -- Configured SSL settings for Kafka
16:54:08.530 [main] DEBUG com.snowflake.kafka.security.KafkaSecurityConfig -- Configured additional security settings for Kafka
16:54:08.530 [main] DEBUG com.snowflake.kafka.security.KafkaSecurityConfig -- Created secure Kafka producer properties with 18 entries
16:54:08.530 [main] DEBUG com.snowflake.kafka.security.KafkaSecurityConfig -- Configured SSL settings for Kafka
16:54:08.530 [main] DEBUG com.snowflake.kafka.security.KafkaSecurityConfig -- Configured additional security settings for Kafka
16:54:08.530 [main] DEBUG com.snowflake.kafka.security.KafkaSecurityConfig -- Created secure Kafka producer properties with 18 entries
16:54:08.530 [main] DEBUG com.snowflake.kafka.security.KafkaSecurityConfig -- Configured SSL settings for Kafka
16:54:08.530 [main] DEBUG com.snowflake.kafka.security.KafkaSecurityConfig -- Configured additional security settings for Kafka
16:54:08.530 [main] DEBUG com.snowflake.kafka.security.KafkaSecurityConfig -- Created secure Kafka producer properties with 18 entries
16:54:08.530 [main] DEBUG com.snowflake.kafka.security.KafkaSecurityConfig -- Configured SSL settings for Kafka
16:54:08.530 [main] DEBUG com.snowflake.kafka.security.KafkaSecurityConfig -- Configured additional security settings for Kafka
16:54:08.530 [main] DEBUG com.snowflake.kafka.security.KafkaSecurityConfig -- Created secure Kafka producer properties with 18 entries
16:54:08.530 [main] DEBUG com.snowflake.kafka.security.KafkaSecurityConfig -- Configured SSL settings for Kafka
16:54:08.530 [main] DEBUG com.snowflake.kafka.security.KafkaSecurityConfig -- Configured additional security settings for Kafka
16:54:08.530 [main] DEBUG com.snowflake.kafka.security.KafkaSecurityConfig -- Created secure Kafka producer properties with 18 entries
16:54:08.530 [main] DEBUG com.snowflake.kafka.security.KafkaSecurityConfig -- Configured SSL settings for Kafka
16:54:08.530 [main] DEBUG com.snowflake.kafka.security.KafkaSecurityConfig -- Configured additional security settings for Kafka
16:54:08.530 [main] DEBUG com.snowflake.kafka.security.KafkaSecurityConfig -- Created secure Kafka producer properties with 18 entries
16:54:08.530 [main] DEBUG com.snowflake.kafka.security.KafkaSecurityConfig -- Configured SSL settings for Kafka
16:54:08.530 [main] DEBUG com.snowflake.kafka.security.KafkaSecurityConfig -- Configured additional security settings for Kafka
16:54:08.530 [main] DEBUG com.snowflake.kafka.security.KafkaSecurityConfig -- Created secure Kafka producer properties with 18 entries
16:54:08.530 [main] DEBUG com.snowflake.kafka.security.KafkaSecurityConfig -- Configured SSL settings for Kafka
16:54:08.530 [main] DEBUG com.snowflake.kafka.security.KafkaSecurityConfig -- Configured additional security settings for Kafka
16:54:08.530 [main] DEBUG com.snowflake.kafka.security.KafkaSecurityConfig -- Created secure Kafka producer properties with 18 entries
16:54:08.530 [main] DEBUG com.snowflake.kafka.security.KafkaSecurityConfig -- Configured SSL settings for Kafka
16:54:08.530 [main] DEBUG com.snowflake.kafka.security.KafkaSecurityConfig -- Configured additional security settings for Kafka
16:54:08.530 [main] DEBUG com.snowflake.kafka.security.KafkaSecurityConfig -- Created secure Kafka producer properties with 18 entries
16:54:08.530 [main] DEBUG com.snowflake.kafka.security.KafkaSecurityConfig -- Configured SSL settings for Kafka
16:54:08.530 [main] DEBUG com.snowflake.kafka.security.KafkaSecurityConfig -- Configured additional security settings for Kafka
16:54:08.530 [main] DEBUG com.snowflake.kafka.security.KafkaSecurityConfig -- Created secure Kafka producer properties with 18 entries
16:54:08.530 [main] DEBUG com.snowflake.kafka.security.KafkaSecurityConfig -- Configured SSL settings for Kafka
16:54:08.530 [main] DEBUG com.snowflake.kafka.security.KafkaSecurityConfig -- Configured additional security settings for Kafka
16:54:08.530 [main] DEBUG com.snowflake.kafka.security.KafkaSecurityConfig -- Created secure Kafka producer properties with 18 entries
16:54:08.530 [main] DEBUG com.snowflake.kafka.security.KafkaSecurityConfig -- Configured SSL settings for Kafka
16:54:08.530 [main] DEBUG com.snowflake.kafka.security.KafkaSecurityConfig -- Configured additional security settings for Kafka
16:54:08.530 [main] DEBUG com.snowflake.kafka.security.KafkaSecurityConfig -- Created secure Kafka producer properties with 18 entries
16:54:08.530 [main] DEBUG com.snowflake.kafka.security.KafkaSecurityConfig -- Configured SSL settings for Kafka
16:54:08.530 [main] DEBUG com.snowflake.kafka.security.KafkaSecurityConfig -- Configured additional security settings for Kafka
16:54:08.530 [main] DEBUG com.snowflake.kafka.security.KafkaSecurityConfig -- Created secure Kafka producer properties with 18 entries
16:54:08.530 [main] DEBUG com.snowflake.kafka.security.KafkaSecurityConfig -- Configured SSL settings for Kafka
16:54:08.530 [main] DEBUG com.snowflake.kafka.security.KafkaSecurityConfig -- Configured additional security settings for Kafka
16:54:08.530 [main] DEBUG com.snowflake.kafka.security.KafkaSecurityConfig -- Created secure Kafka producer properties with 18 entries
16:54:08.530 [main] DEBUG com.snowflake.kafka.security.KafkaSecurityConfig -- Configured SSL settings for Kafka
16:54:08.530 [main] DEBUG com.snowflake.kafka.security.KafkaSecurityConfig -- Configured additional security settings for Kafka
16:54:08.530 [main] DEBUG com.snowflake.kafka.security.KafkaSecurityConfig -- Created secure Kafka producer properties with 18 entries
16:54:08.530 [main] DEBUG com.snowflake.kafka.security.KafkaSecurityConfig -- Configured SSL settings for Kafka
16:54:08.530 [main] DEBUG com.snowflake.kafka.security.KafkaSecurityConfig -- Configured additional security settings for Kafka
16:54:08.530 [main] DEBUG com.snowflake.kafka.security.KafkaSecurityConfig -- Created secure Kafka producer properties with 18 entries
16:54:08.530 [main] DEBUG com.snowflake.kafka.security.KafkaSecurityConfig -- Configured SSL settings for Kafka
16:54:08.530 [main] DEBUG com.snowflake.kafka.security.KafkaSecurityConfig -- Configured additional security settings for Kafka
16:54:08.530 [main] DEBUG com.snowflake.kafka.security.KafkaSecurityConfig -- Created secure Kafka producer properties with 18 entries
16:54:08.530 [main] DEBUG com.snowflake.kafka.security.KafkaSecurityConfig -- Configured SSL settings for Kafka
16:54:08.530 [main] DEBUG com.snowflake.kafka.security.KafkaSecurityConfig -- Configured additional security settings for Kafka
16:54:08.530 [main] DEBUG com.snowflake.kafka.security.KafkaSecurityConfig -- Created secure Kafka producer properties with 18 entries
16:54:08.530 [main] DEBUG com.snowflake.kafka.security.KafkaSecurityConfig -- Configured SSL settings for Kafka
16:54:08.530 [main] DEBUG com.snowflake.kafka.security.KafkaSecurityConfig -- Configured additional security settings for Kafka
16:54:08.530 [main] DEBUG com.snowflake.kafka.security.KafkaSecurityConfig -- Created secure Kafka producer properties with 18 entries
16:54:08.530 [main] DEBUG com.snowflake.kafka.security.KafkaSecurityConfig -- Configured SSL settings for Kafka
16:54:08.530 [main] DEBUG com.snowflake.kafka.security.KafkaSecurityConfig -- Configured additional security settings for Kafka
16:54:08.530 [main] DEBUG com.snowflake.kafka.security.KafkaSecurityConfig -- Created secure Kafka producer properties with 18 entries
16:54:08.530 [main] DEBUG com.snowflake.kafka.security.KafkaSecurityConfig -- Configured SSL settings for Kafka
16:54:08.530 [main] DEBUG com.snowflake.kafka.security.KafkaSecurityConfig -- Configured additional security settings for Kafka
16:54:08.530 [main] DEBUG com.snowflake.kafka.security.KafkaSecurityConfig -- Created secure Kafka producer properties with 18 entries
16:54:08.530 [main] DEBUG com.snowflake.kafka.security.KafkaSecurityConfig -- Configured SSL settings for Kafka
16:54:08.530 [main] DEBUG com.snowflake.kafka.security.KafkaSecurityConfig -- Configured additional security settings for Kafka
16:54:08.530 [main] DEBUG com.snowflake.kafka.security.KafkaSecurityConfig -- Created secure Kafka producer properties with 18 entries
16:54:08.530 [main] DEBUG com.snowflake.kafka.security.KafkaSecurityConfig -- Configured SSL settings for Kafka
16:54:08.530 [main] DEBUG com.snowflake.kafka.security.KafkaSecurityConfig -- Configured additional security settings for Kafka
16:54:08.530 [main] DEBUG com.snowflake.kafka.security.KafkaSecurityConfig -- Created secure Kafka producer properties with 18 entries
16:54:08.530 [main] DEBUG com.snowflake.kafka.security.KafkaSecurityConfig -- Configured SSL settings for Kafka
16:54:08.530 [main] DEBUG com.snowflake.kafka.security.KafkaSecurityConfig -- Configured additional security settings for Kafka
16:54:08.530 [main] DEBUG com.snowflake.kafka.security.KafkaSecurityConfig -- Created secure Kafka producer properties with 18 entries
16:54:08.530 [main] DEBUG com.snowflake.kafka.security.KafkaSecurityConfig -- Configured SSL settings for Kafka
16:54:08.530 [main] DEBUG com.snowflake.kafka.security.KafkaSecurityConfig -- Configured additional security settings for Kafka
16:54:08.530 [main] DEBUG com.snowflake.kafka.security.KafkaSecurityConfig -- Created secure Kafka producer properties with 18 entries
16:54:08.530 [main] DEBUG com.snowflake.kafka.security.KafkaSecurityConfig -- Configured SSL settings for Kafka
16:54:08.530 [main] DEBUG com.snowflake.kafka.security.KafkaSecurityConfig -- Configured additional security settings for Kafka
16:54:08.530 [main] DEBUG com.snowflake.kafka.security.KafkaSecurityConfig -- Created secure Kafka producer properties with 18 entries
16:54:08.530 [main] DEBUG com.snowflake.kafka.security.KafkaSecurityConfig -- Configured SSL settings for Kafka
16:54:08.530 [main] DEBUG com.snowflake.kafka.security.KafkaSecurityConfig -- Configured additional security settings for Kafka
16:54:08.530 [main] DEBUG com.snowflake.kafka.security.KafkaSecurityConfig -- Created secure Kafka producer properties with 18 entries
16:54:08.530 [main] DEBUG com.snowflake.kafka.security.KafkaSecurityConfig -- Configured SSL settings for Kafka
16:54:08.530 [main] DEBUG com.snowflake.kafka.security.KafkaSecurityConfig -- Configured additional security settings for Kafka
16:54:08.530 [main] DEBUG com.snowflake.kafka.security.KafkaSecurityConfig -- Created secure Kafka producer properties with 18 entries
16:54:08.530 [main] DEBUG com.snowflake.kafka.security.KafkaSecurityConfig -- Configured SSL settings for Kafka
16:54:08.530 [main] DEBUG com.snowflake.kafka.security.KafkaSecurityConfig -- Configured additional security settings for Kafka
16:54:08.530 [main] DEBUG com.snowflake.kafka.security.KafkaSecurityConfig -- Created secure Kafka producer properties with 18 entries
16:54:08.530 [main] DEBUG com.snowflake.kafka.security.KafkaSecurityConfig -- Configured SSL settings for Kafka
16:54:08.530 [main] DEBUG com.snowflake.kafka.security.KafkaSecurityConfig -- Configured additional security settings for Kafka
16:54:08.530 [main] DEBUG com.snowflake.kafka.security.KafkaSecurityConfig -- Created secure Kafka producer properties with 18 entries
16:54:08.530 [main] DEBUG com.snowflake.kafka.security.KafkaSecurityConfig -- Configured SSL settings for Kafka
16:54:08.530 [main] DEBUG com.snowflake.kafka.security.KafkaSecurityConfig -- Configured additional security settings for Kafka
16:54:08.530 [main] DEBUG com.snowflake.kafka.security.KafkaSecurityConfig -- Created secure Kafka producer properties with 18 entries
16:54:08.530 [main] DEBUG com.snowflake.kafka.security.KafkaSecurityConfig -- Configured SSL settings for Kafka
16:54:08.530 [main] DEBUG com.snowflake.kafka.security.KafkaSecurityConfig -- Configured additional security settings for Kafka
16:54:08.530 [main] DEBUG com.snowflake.kafka.security.KafkaSecurityConfig -- Created secure Kafka producer properties with 18 entries
16:54:08.530 [main] DEBUG com.snowflake.kafka.security.KafkaSecurityConfig -- Configured SSL settings for Kafka
16:54:08.530 [main] DEBUG com.snowflake.kafka.security.KafkaSecurityConfig -- Configured additional security settings for Kafka
16:54:08.530 [main] DEBUG com.snowflake.kafka.security.KafkaSecurityConfig -- Created secure Kafka producer properties with 18 entries
16:54:08.530 [main] DEBUG com.snowflake.kafka.security.KafkaSecurityConfig -- Configured SSL settings for Kafka
16:54:08.530 [main] DEBUG com.snowflake.kafka.security.KafkaSecurityConfig -- Configured additional security settings for Kafka
16:54:08.531 [main] DEBUG com.snowflake.kafka.security.KafkaSecurityConfig -- Created secure Kafka producer properties with 18 entries
16:54:08.531 [main] DEBUG com.snowflake.kafka.security.KafkaSecurityConfig -- Configured SSL settings for Kafka
16:54:08.531 [main] DEBUG com.snowflake.kafka.security.KafkaSecurityConfig -- Configured additional security settings for Kafka
16:54:08.531 [main] DEBUG com.snowflake.kafka.security.KafkaSecurityConfig -- Created secure Kafka producer properties with 18 entries
16:54:08.531 [main] DEBUG com.snowflake.kafka.security.KafkaSecurityConfig -- Configured SSL settings for Kafka
16:54:08.531 [main] DEBUG com.snowflake.kafka.security.KafkaSecurityConfig -- Configured additional security settings for Kafka
16:54:08.531 [main] DEBUG com.snowflake.kafka.security.KafkaSecurityConfig -- Created secure Kafka producer properties with 18 entries
16:54:08.531 [main] DEBUG com.snowflake.kafka.security.KafkaSecurityConfig -- Configured SSL settings for Kafka
16:54:08.531 [main] DEBUG com.snowflake.kafka.security.KafkaSecurityConfig -- Configured additional security settings for Kafka
16:54:08.531 [main] DEBUG com.snowflake.kafka.security.KafkaSecurityConfig -- Created secure Kafka producer properties with 18 entries
16:54:08.531 [main] DEBUG com.snowflake.kafka.security.KafkaSecurityConfig -- Configured SSL settings for Kafka
16:54:08.531 [main] DEBUG com.snowflake.kafka.security.KafkaSecurityConfig -- Configured additional security settings for Kafka
16:54:08.531 [main] DEBUG com.snowflake.kafka.security.KafkaSecurityConfig -- Created secure Kafka producer properties with 18 entries
16:54:08.531 [main] DEBUG com.snowflake.kafka.security.KafkaSecurityConfig -- Configured SSL settings for Kafka
16:54:08.531 [main] DEBUG com.snowflake.kafka.security.KafkaSecurityConfig -- Configured additional security settings for Kafka
16:54:08.531 [main] DEBUG com.snowflake.kafka.security.KafkaSecurityConfig -- Created secure Kafka producer properties with 18 entries
16:54:08.531 [main] DEBUG com.snowflake.kafka.security.KafkaSecurityConfig -- Configured SSL settings for Kafka
16:54:08.531 [main] DEBUG com.snowflake.kafka.security.KafkaSecurityConfig -- Configured additional security settings for Kafka
16:54:08.531 [main] DEBUG com.snowflake.kafka.security.KafkaSecurityConfig -- Created secure Kafka producer properties with 18 entries
16:54:08.531 [main] DEBUG com.snowflake.kafka.security.KafkaSecurityConfig -- Configured SSL settings for Kafka
16:54:08.531 [main] DEBUG com.snowflake.kafka.security.KafkaSecurityConfig -- Configured additional security settings for Kafka
16:54:08.531 [main] DEBUG com.snowflake.kafka.security.KafkaSecurityConfig -- Created secure Kafka producer properties with 18 entries
16:54:08.531 [main] DEBUG com.snowflake.kafka.security.KafkaSecurityConfig -- Configured SSL settings for Kafka
16:54:08.531 [main] DEBUG com.snowflake.kafka.security.KafkaSecurityConfig -- Configured additional security settings for Kafka
16:54:08.531 [main] DEBUG com.snowflake.kafka.security.KafkaSecurityConfig -- Created secure Kafka producer properties with 18 entries
16:54:08.531 [main] DEBUG com.snowflake.kafka.security.KafkaSecurityConfig -- Configured SSL settings for Kafka
16:54:08.531 [main] DEBUG com.snowflake.kafka.security.KafkaSecurityConfig -- Configured additional security settings for Kafka
16:54:08.531 [main] DEBUG com.snowflake.kafka.security.KafkaSecurityConfig -- Created secure Kafka producer properties with 18 entries
16:54:08.531 [main] DEBUG com.snowflake.kafka.security.KafkaSecurityConfig -- Configured SSL settings for Kafka
16:54:08.531 [main] DEBUG com.snowflake.kafka.security.KafkaSecurityConfig -- Configured additional security settings for Kafka
16:54:08.531 [main] DEBUG com.snowflake.kafka.security.KafkaSecurityConfig -- Created secure Kafka producer properties with 18 entries
16:54:08.531 [main] DEBUG com.snowflake.kafka.security.KafkaSecurityConfig -- Configured SSL settings for Kafka
16:54:08.531 [main] DEBUG com.snowflake.kafka.security.KafkaSecurityConfig -- Configured additional security settings for Kafka
16:54:08.531 [main] DEBUG com.snowflake.kafka.security.KafkaSecurityConfig -- Created secure Kafka producer properties with 18 entries
16:54:08.531 [main] DEBUG com.snowflake.kafka.security.KafkaSecurityConfig -- Configured SSL settings for Kafka
16:54:08.531 [main] DEBUG com.snowflake.kafka.security.KafkaSecurityConfig -- Configured additional security settings for Kafka
16:54:08.531 [main] DEBUG com.snowflake.kafka.security.KafkaSecurityConfig -- Created secure Kafka producer properties with 18 entries
16:54:08.531 [main] DEBUG com.snowflake.kafka.security.KafkaSecurityConfig -- Configured SSL settings for Kafka
16:54:08.531 [main] DEBUG com.snowflake.kafka.security.KafkaSecurityConfig -- Configured additional security settings for Kafka
16:54:08.531 [main] DEBUG com.snowflake.kafka.security.KafkaSecurityConfig -- Created secure Kafka producer properties with 18 entries
16:54:08.531 [main] DEBUG com.snowflake.kafka.security.KafkaSecurityConfig -- Configured SSL settings for Kafka
16:54:08.531 [main] DEBUG com.snowflake.kafka.security.KafkaSecurityConfig -- Configured additional security settings for Kafka
16:54:08.531 [main] DEBUG com.snowflake.kafka.security.KafkaSecurityConfig -- Created secure Kafka producer properties with 18 entries
16:54:08.531 [main] DEBUG com.snowflake.kafka.security.KafkaSecurityConfig -- Configured SSL settings for Kafka
16:54:08.531 [main] DEBUG com.snowflake.kafka.security.KafkaSecurityConfig -- Configured additional security settings for Kafka
16:54:08.531 [main] DEBUG com.snowflake.kafka.security.KafkaSecurityConfig -- Created secure Kafka producer properties with 18 entries
16:54:08.531 [main] DEBUG com.snowflake.kafka.security.KafkaSecurityConfig -- Configured SSL settings for Kafka
16:54:08.531 [main] DEBUG com.snowflake.kafka.security.KafkaSecurityConfig -- Configured additional security settings for Kafka
16:54:08.531 [main] DEBUG com.snowflake.kafka.security.KafkaSecurityConfig -- Created secure Kafka producer properties with 18 entries
16:54:08.531 [main] DEBUG com.snowflake.kafka.security.KafkaSecurityConfig -- Configured SSL settings for Kafka
16:54:08.531 [main] DEBUG com.snowflake.kafka.security.KafkaSecurityConfig -- Configured additional security settings for Kafka
16:54:08.531 [main] DEBUG com.snowflake.kafka.security.KafkaSecurityConfig -- Created secure Kafka producer properties with 18 entries
16:54:08.531 [main] DEBUG com.snowflake.kafka.security.KafkaSecurityConfig -- Configured SSL settings for Kafka
16:54:08.531 [main] DEBUG com.snowflake.kafka.security.KafkaSecurityConfig -- Configured additional security settings for Kafka
16:54:08.531 [main] DEBUG com.snowflake.kafka.security.KafkaSecurityConfig -- Created secure Kafka producer properties with 18 entries
16:54:08.531 [main] DEBUG com.snowflake.kafka.security.KafkaSecurityConfig -- Configured SSL settings for Kafka
16:54:08.531 [main] DEBUG com.snowflake.kafka.security.KafkaSecurityConfig -- Configured additional security settings for Kafka
16:54:08.531 [main] DEBUG com.snowflake.kafka.security.KafkaSecurityConfig -- Created secure Kafka producer properties with 18 entries
16:54:08.531 [main] DEBUG com.snowflake.kafka.security.KafkaSecurityConfig -- Configured SSL settings for Kafka
16:54:08.531 [main] DEBUG com.snowflake.kafka.security.KafkaSecurityConfig -- Configured additional security settings for Kafka
16:54:08.531 [main] DEBUG com.snowflake.kafka.security.KafkaSecurityConfig -- Created secure Kafka producer properties with 18 entries
16:54:08.531 [main] DEBUG com.snowflake.kafka.security.KafkaSecurityConfig -- Configured SSL settings for Kafka
16:54:08.531 [main] DEBUG com.snowflake.kafka.security.KafkaSecurityConfig -- Configured additional security settings for Kafka
16:54:08.531 [main] DEBUG com.snowflake.kafka.security.KafkaSecurityConfig -- Created secure Kafka producer properties with 18 entries
16:54:08.531 [main] DEBUG com.snowflake.kafka.security.KafkaSecurityConfig -- Configured SSL settings for Kafka
16:54:08.531 [main] DEBUG com.snowflake.kafka.security.KafkaSecurityConfig -- Configured additional security settings for Kafka
16:54:08.531 [main] DEBUG com.snowflake.kafka.security.KafkaSecurityConfig -- Created secure Kafka producer properties with 18 entries
16:54:08.531 [main] DEBUG com.snowflake.kafka.security.KafkaSecurityConfig -- Configured SSL settings for Kafka
16:54:08.531 [main] DEBUG com.snowflake.kafka.security.KafkaSecurityConfig -- Configured additional security settings for Kafka
16:54:08.531 [main] DEBUG com.snowflake.kafka.security.KafkaSecurityConfig -- Created secure Kafka producer properties with 18 entries
16:54:08.531 [main] DEBUG com.snowflake.kafka.security.KafkaSecurityConfig -- Configured SSL settings for Kafka
16:54:08.531 [main] DEBUG com.snowflake.kafka.security.KafkaSecurityConfig -- Configured additional security settings for Kafka
16:54:08.531 [main] DEBUG com.snowflake.kafka.security.KafkaSecurityConfig -- Created secure Kafka producer properties with 18 entries
16:54:08.531 [main] DEBUG com.snowflake.kafka.security.KafkaSecurityConfig -- Configured SSL settings for Kafka
16:54:08.531 [main] DEBUG com.snowflake.kafka.security.KafkaSecurityConfig -- Configured additional security settings for Kafka
16:54:08.531 [main] DEBUG com.snowflake.kafka.security.KafkaSecurityConfig -- Created secure Kafka producer properties with 18 entries
16:54:08.531 [main] DEBUG com.snowflake.kafka.security.KafkaSecurityConfig -- Configured SSL settings for Kafka
16:54:08.531 [main] DEBUG com.snowflake.kafka.security.KafkaSecurityConfig -- Configured additional security settings for Kafka
16:54:08.531 [main] DEBUG com.snowflake.kafka.security.KafkaSecurityConfig -- Created secure Kafka producer properties with 18 entries
16:54:08.531 [main] DEBUG com.snowflake.kafka.security.KafkaSecurityConfig -- Configured SSL settings for Kafka
16:54:08.531 [main] DEBUG com.snowflake.kafka.security.KafkaSecurityConfig -- Configured additional security settings for Kafka
16:54:08.531 [main] DEBUG com.snowflake.kafka.security.KafkaSecurityConfig -- Created secure Kafka producer properties with 18 entries
16:54:08.531 [main] DEBUG com.snowflake.kafka.security.KafkaSecurityConfig -- Configured SSL settings for Kafka
16:54:08.531 [main] DEBUG com.snowflake.kafka.security.KafkaSecurityConfig -- Configured additional security settings for Kafka
16:54:08.531 [main] DEBUG com.snowflake.kafka.security.KafkaSecurityConfig -- Created secure Kafka producer properties with 18 entries
16:54:08.531 [main] DEBUG com.snowflake.kafka.security.KafkaSecurityConfig -- Configured SSL settings for Kafka
16:54:08.531 [main] DEBUG com.snowflake.kafka.security.KafkaSecurityConfig -- Configured additional security settings for Kafka
16:54:08.531 [main] DEBUG com.snowflake.kafka.security.KafkaSecurityConfig -- Created secure Kafka producer properties with 18 entries
16:54:08.531 [main] DEBUG com.snowflake.kafka.security.KafkaSecurityConfig -- Configured SSL settings for Kafka
16:54:08.531 [main] DEBUG com.snowflake.kafka.security.KafkaSecurityConfig -- Configured additional security settings for Kafka
16:54:08.531 [main] DEBUG com.snowflake.kafka.security.KafkaSecurityConfig -- Created secure Kafka producer properties with 18 entries
16:54:08.531 [main] DEBUG com.snowflake.kafka.security.KafkaSecurityConfig -- Configured SSL settings for Kafka
16:54:08.531 [main] DEBUG com.snowflake.kafka.security.KafkaSecurityConfig -- Configured additional security settings for Kafka
16:54:08.531 [main] DEBUG com.snowflake.kafka.security.KafkaSecurityConfig -- Created secure Kafka producer properties with 18 entries
16:54:08.531 [main] DEBUG com.snowflake.kafka.security.KafkaSecurityConfig -- Configured SSL settings for Kafka
16:54:08.531 [main] DEBUG com.snowflake.kafka.security.KafkaSecurityConfig -- Configured additional security settings for Kafka
16:54:08.531 [main] DEBUG com.snowflake.kafka.security.KafkaSecurityConfig -- Created secure Kafka producer properties with 18 entries
16:54:08.531 [main] DEBUG com.snowflake.kafka.security.KafkaSecurityConfig -- Configured SSL settings for Kafka
16:54:08.531 [main] DEBUG com.snowflake.kafka.security.KafkaSecurityConfig -- Configured additional security settings for Kafka
16:54:08.531 [main] DEBUG com.snowflake.kafka.security.KafkaSecurityConfig -- Created secure Kafka producer properties with 18 entries
16:54:08.531 [main] DEBUG com.snowflake.kafka.security.KafkaSecurityConfig -- Configured SSL settings for Kafka
16:54:08.531 [main] DEBUG com.snowflake.kafka.security.KafkaSecurityConfig -- Configured additional security settings for Kafka
16:54:08.531 [main] DEBUG com.snowflake.kafka.security.KafkaSecurityConfig -- Created secure Kafka producer properties with 18 entries
16:54:08.531 [main] DEBUG com.snowflake.kafka.security.KafkaSecurityConfig -- Configured SSL settings for Kafka
16:54:08.531 [main] DEBUG com.snowflake.kafka.security.KafkaSecurityConfig -- Configured additional security settings for Kafka
16:54:08.531 [main] DEBUG com.snowflake.kafka.security.KafkaSecurityConfig -- Created secure Kafka producer properties with 18 entries
16:54:08.531 [main] DEBUG com.snowflake.kafka.security.KafkaSecurityConfig -- Configured SSL settings for Kafka
16:54:08.531 [main] DEBUG com.snowflake.kafka.security.KafkaSecurityConfig -- Configured additional security settings for Kafka
16:54:08.531 [main] DEBUG com.snowflake.kafka.security.KafkaSecurityConfig -- Created secure Kafka producer properties with 18 entries
16:54:08.531 [main] DEBUG com.snowflake.kafka.security.KafkaSecurityConfig -- Configured SSL settings for Kafka
16:54:08.531 [main] DEBUG com.snowflake.kafka.security.KafkaSecurityConfig -- Configured additional security settings for Kafka
16:54:08.531 [main] DEBUG com.snowflake.kafka.security.KafkaSecurityConfig -- Created secure Kafka producer properties with 18 entries
16:54:08.531 [main] DEBUG com.snowflake.kafka.security.KafkaSecurityConfig -- Configured SSL settings for Kafka
16:54:08.531 [main] DEBUG com.snowflake.kafka.security.KafkaSecurityConfig -- Configured additional security settings for Kafka
16:54:08.531 [main] DEBUG com.snowflake.kafka.security.KafkaSecurityConfig -- Created secure Kafka producer properties with 18 entries
16:54:08.531 [main] DEBUG com.snowflake.kafka.security.KafkaSecurityConfig -- Configured SSL settings for Kafka
16:54:08.531 [main] DEBUG com.snowflake.kafka.security.KafkaSecurityConfig -- Configured additional security settings for Kafka
16:54:08.531 [main] DEBUG com.snowflake.kafka.security.KafkaSecurityConfig -- Created secure Kafka producer properties with 18 entries
16:54:08.531 [main] DEBUG com.snowflake.kafka.security.KafkaSecurityConfig -- Configured SSL settings for Kafka
16:54:08.531 [main] DEBUG com.snowflake.kafka.security.KafkaSecurityConfig -- Configured additional security settings for Kafka
16:54:08.531 [main] DEBUG com.snowflake.kafka.security.KafkaSecurityConfig -- Created secure Kafka producer properties with 18 entries
16:54:08.531 [main] DEBUG com.snowflake.kafka.security.KafkaSecurityConfig -- Configured SSL settings for Kafka
16:54:08.531 [main] DEBUG com.snowflake.kafka.security.KafkaSecurityConfig -- Configured additional security settings for Kafka
16:54:08.531 [main] DEBUG com.snowflake.kafka.security.KafkaSecurityConfig -- Created secure Kafka producer properties with 18 entries
16:54:08.531 [main] DEBUG com.snowflake.kafka.security.KafkaSecurityConfig -- Configured SSL settings for Kafka
16:54:08.531 [main] DEBUG com.snowflake.kafka.security.KafkaSecurityConfig -- Configured additional security settings for Kafka
16:54:08.531 [main] DEBUG com.snowflake.kafka.security.KafkaSecurityConfig -- Created secure Kafka producer properties with 18 entries
16:54:08.531 [main] DEBUG com.snowflake.kafka.security.KafkaSecurityConfig -- Configured SSL settings for Kafka
16:54:08.531 [main] DEBUG com.snowflake.kafka.security.KafkaSecurityConfig -- Configured additional security settings for Kafka
16:54:08.531 [main] DEBUG com.snowflake.kafka.security.KafkaSecurityConfig -- Created secure Kafka producer properties with 18 entries
16:54:08.531 [main] DEBUG com.snowflake.kafka.security.KafkaSecurityConfig -- Configured SSL settings for Kafka
16:54:08.531 [main] DEBUG com.snowflake.kafka.security.KafkaSecurityConfig -- Configured additional security settings for Kafka
16:54:08.531 [main] DEBUG com.snowflake.kafka.security.KafkaSecurityConfig -- Created secure Kafka producer properties with 18 entries
16:54:08.531 [main] DEBUG com.snowflake.kafka.security.KafkaSecurityConfig -- Configured SSL settings for Kafka
16:54:08.531 [main] DEBUG com.snowflake.kafka.security.KafkaSecurityConfig -- Configured additional security settings for Kafka
16:54:08.531 [main] DEBUG com.snowflake.kafka.security.KafkaSecurityConfig -- Created secure Kafka producer properties with 18 entries
16:54:08.531 [main] DEBUG com.snowflake.kafka.security.KafkaSecurityConfig -- Configured SSL settings for Kafka
16:54:08.531 [main] DEBUG com.snowflake.kafka.security.KafkaSecurityConfig -- Configured additional security settings for Kafka
16:54:08.531 [main] DEBUG com.snowflake.kafka.security.KafkaSecurityConfig -- Created secure Kafka producer properties with 18 entries
16:54:08.531 [main] DEBUG com.snowflake.kafka.security.KafkaSecurityConfig -- Configured SSL settings for Kafka
16:54:08.531 [main] DEBUG com.snowflake.kafka.security.KafkaSecurityConfig -- Configured additional security settings for Kafka
16:54:08.531 [main] DEBUG com.snowflake.kafka.security.KafkaSecurityConfig -- Created secure Kafka producer properties with 18 entries
16:54:08.531 [main] DEBUG com.snowflake.kafka.security.KafkaSecurityConfig -- Configured SSL settings for Kafka
16:54:08.531 [main] DEBUG com.snowflake.kafka.security.KafkaSecurityConfig -- Configured additional security settings for Kafka
16:54:08.531 [main] DEBUG com.snowflake.kafka.security.KafkaSecurityConfig -- Created secure Kafka producer properties with 18 entries
16:54:08.531 [main] DEBUG com.snowflake.kafka.security.KafkaSecurityConfig -- Configured SSL settings for Kafka
16:54:08.531 [main] DEBUG com.snowflake.kafka.security.KafkaSecurityConfig -- Configured additional security settings for Kafka
16:54:08.531 [main] DEBUG com.snowflake.kafka.security.KafkaSecurityConfig -- Created secure Kafka producer properties with 18 entries
16:54:08.531 [main] DEBUG com.snowflake.kafka.security.KafkaSecurityConfig -- Configured SSL settings for Kafka
16:54:08.531 [main] DEBUG com.snowflake.kafka.security.KafkaSecurityConfig -- Configured additional security settings for Kafka
16:54:08.531 [main] DEBUG com.snowflake.kafka.security.KafkaSecurityConfig -- Created secure Kafka producer properties with 18 entries
16:54:08.531 [main] DEBUG com.snowflake.kafka.security.KafkaSecurityConfig -- Configured SSL settings for Kafka
16:54:08.531 [main] DEBUG com.snowflake.kafka.security.KafkaSecurityConfig -- Configured additional security settings for Kafka
16:54:08.531 [main] DEBUG com.snowflake.kafka.security.KafkaSecurityConfig -- Created secure Kafka producer properties with 18 entries
16:54:08.531 [main] DEBUG com.snowflake.kafka.security.KafkaSecurityConfig -- Configured SSL settings for Kafka
16:54:08.531 [main] DEBUG com.snowflake.kafka.security.KafkaSecurityConfig -- Configured additional security settings for Kafka
16:54:08.531 [main] DEBUG com.snowflake.kafka.security.KafkaSecurityConfig -- Created secure Kafka producer properties with 18 entries
16:54:08.531 [main] DEBUG com.snowflake.kafka.security.KafkaSecurityConfig -- Configured SSL settings for Kafka
16:54:08.531 [main] DEBUG com.snowflake.kafka.security.KafkaSecurityConfig -- Configured additional security settings for Kafka
16:54:08.531 [main] DEBUG com.snowflake.kafka.security.KafkaSecurityConfig -- Created secure Kafka producer properties with 18 entries
16:54:08.532 [main] DEBUG com.snowflake.kafka.security.KafkaSecurityConfig -- Configured SSL settings for Kafka
16:54:08.532 [main] DEBUG com.snowflake.kafka.security.KafkaSecurityConfig -- Configured additional security settings for Kafka
16:54:08.532 [main] DEBUG com.snowflake.kafka.security.KafkaSecurityConfig -- Created secure Kafka producer properties with 18 entries
16:54:08.532 [main] DEBUG com.snowflake.kafka.security.KafkaSecurityConfig -- Configured SSL settings for Kafka
16:54:08.532 [main] DEBUG com.snowflake.kafka.security.KafkaSecurityConfig -- Configured additional security settings for Kafka
16:54:08.532 [main] DEBUG com.snowflake.kafka.security.KafkaSecurityConfig -- Created secure Kafka producer properties with 18 entries
16:54:08.532 [main] DEBUG com.snowflake.kafka.security.KafkaSecurityConfig -- Configured SSL settings for Kafka
16:54:08.532 [main] DEBUG com.snowflake.kafka.security.KafkaSecurityConfig -- Configured additional security settings for Kafka
16:54:08.532 [main] DEBUG com.snowflake.kafka.security.KafkaSecurityConfig -- Created secure Kafka producer properties with 18 entries
16:54:08.532 [main] DEBUG com.snowflake.kafka.security.KafkaSecurityConfig -- Configured SSL settings for Kafka
16:54:08.532 [main] DEBUG com.snowflake.kafka.security.KafkaSecurityConfig -- Configured additional security settings for Kafka
16:54:08.532 [main] DEBUG com.snowflake.kafka.security.KafkaSecurityConfig -- Created secure Kafka producer properties with 18 entries
16:54:08.532 [main] DEBUG com.snowflake.kafka.security.KafkaSecurityConfig -- Configured SSL settings for Kafka
16:54:08.532 [main] DEBUG com.snowflake.kafka.security.KafkaSecurityConfig -- Configured additional security settings for Kafka
16:54:08.532 [main] DEBUG com.snowflake.kafka.security.KafkaSecurityConfig -- Created secure Kafka producer properties with 18 entries
16:54:08.532 [main] DEBUG com.snowflake.kafka.security.KafkaSecurityConfig -- Configured SSL settings for Kafka
16:54:08.532 [main] DEBUG com.snowflake.kafka.security.KafkaSecurityConfig -- Configured additional security settings for Kafka
16:54:08.532 [main] DEBUG com.snowflake.kafka.security.KafkaSecurityConfig -- Created secure Kafka producer properties with 18 entries
16:54:08.532 [main] DEBUG com.snowflake.kafka.security.KafkaSecurityConfig -- Configured SSL settings for Kafka
16:54:08.532 [main] DEBUG com.snowflake.kafka.security.KafkaSecurityConfig -- Configured additional security settings for Kafka
16:54:08.532 [main] DEBUG com.snowflake.kafka.security.KafkaSecurityConfig -- Created secure Kafka producer properties with 18 entries
16:54:08.532 [main] DEBUG com.snowflake.kafka.security.KafkaSecurityConfig -- Configured SSL settings for Kafka
16:54:08.532 [main] DEBUG com.snowflake.kafka.security.KafkaSecurityConfig -- Configured additional security settings for Kafka
16:54:08.532 [main] DEBUG com.snowflake.kafka.security.KafkaSecurityConfig -- Created secure Kafka producer properties with 18 entries
16:54:08.532 [main] DEBUG com.snowflake.kafka.security.KafkaSecurityConfig -- Configured SSL settings for Kafka
16:54:08.532 [main] DEBUG com.snowflake.kafka.security.KafkaSecurityConfig -- Configured additional security settings for Kafka
16:54:08.532 [main] DEBUG com.snowflake.kafka.security.KafkaSecurityConfig -- Created secure Kafka producer properties with 18 entries
16:54:08.532 [main] DEBUG com.snowflake.kafka.security.KafkaSecurityConfig -- Configured SSL settings for Kafka
16:54:08.532 [main] DEBUG com.snowflake.kafka.security.KafkaSecurityConfig -- Configured additional security settings for Kafka
16:54:08.532 [main] DEBUG com.snowflake.kafka.security.KafkaSecurityConfig -- Created secure Kafka producer properties with 18 entries
16:54:08.532 [main] DEBUG com.snowflake.kafka.security.KafkaSecurityConfig -- Configured SSL settings for Kafka
16:54:08.532 [main] DEBUG com.snowflake.kafka.security.KafkaSecurityConfig -- Configured additional security settings for Kafka
16:54:08.532 [main] DEBUG com.snowflake.kafka.security.KafkaSecurityConfig -- Created secure Kafka producer properties with 18 entries
16:54:08.532 [main] DEBUG com.snowflake.kafka.security.KafkaSecurityConfig -- Configured SSL settings for Kafka
16:54:08.532 [main] DEBUG com.snowflake.kafka.security.KafkaSecurityConfig -- Configured additional security settings for Kafka
16:54:08.532 [main] DEBUG com.snowflake.kafka.security.KafkaSecurityConfig -- Created secure Kafka producer properties with 18 entries
16:54:08.532 [main] DEBUG com.snowflake.kafka.security.KafkaSecurityConfig -- Configured SSL settings for Kafka
16:54:08.532 [main] DEBUG com.snowflake.kafka.security.KafkaSecurityConfig -- Configured additional security settings for Kafka
16:54:08.532 [main] DEBUG com.snowflake.kafka.security.KafkaSecurityConfig -- Created secure Kafka producer properties with 18 entries
16:54:08.532 [main] DEBUG com.snowflake.kafka.security.KafkaSecurityConfig -- Configured SSL settings for Kafka
16:54:08.532 [main] DEBUG com.snowflake.kafka.security.KafkaSecurityConfig -- Configured additional security settings for Kafka
16:54:08.532 [main] DEBUG com.snowflake.kafka.security.KafkaSecurityConfig -- Created secure Kafka producer properties with 18 entries
16:54:08.532 [main] DEBUG com.snowflake.kafka.security.KafkaSecurityConfig -- Configured SSL settings for Kafka
16:54:08.532 [main] DEBUG com.snowflake.kafka.security.KafkaSecurityConfig -- Configured additional security settings for Kafka
16:54:08.532 [main] DEBUG com.snowflake.kafka.security.KafkaSecurityConfig -- Created secure Kafka producer properties with 18 entries
16:54:08.532 [main] DEBUG com.snowflake.kafka.security.KafkaSecurityConfig -- Configured SSL settings for Kafka
16:54:08.532 [main] DEBUG com.snowflake.kafka.security.KafkaSecurityConfig -- Configured additional security settings for Kafka
16:54:08.532 [main] DEBUG com.snowflake.kafka.security.KafkaSecurityConfig -- Created secure Kafka producer properties with 18 entries
16:54:08.532 [main] DEBUG com.snowflake.kafka.security.KafkaSecurityConfig -- Configured SSL settings for Kafka
16:54:08.532 [main] DEBUG com.snowflake.kafka.security.KafkaSecurityConfig -- Configured additional security settings for Kafka
16:54:08.532 [main] DEBUG com.snowflake.kafka.security.KafkaSecurityConfig -- Created secure Kafka producer properties with 18 entries
16:54:08.532 [main] DEBUG com.snowflake.kafka.security.KafkaSecurityConfig -- Configured SSL settings for Kafka
16:54:08.532 [main] DEBUG com.snowflake.kafka.security.KafkaSecurityConfig -- Configured additional security settings for Kafka
16:54:08.532 [main] DEBUG com.snowflake.kafka.security.KafkaSecurityConfig -- Created secure Kafka producer properties with 18 entries
16:54:08.532 [main] DEBUG com.snowflake.kafka.security.KafkaSecurityConfig -- Configured SSL settings for Kafka
16:54:08.532 [main] DEBUG com.snowflake.kafka.security.KafkaSecurityConfig -- Configured additional security settings for Kafka
16:54:08.532 [main] DEBUG com.snowflake.kafka.security.KafkaSecurityConfig -- Created secure Kafka producer properties with 18 entries
16:54:08.532 [main] DEBUG com.snowflake.kafka.security.KafkaSecurityConfig -- Configured SSL settings for Kafka
16:54:08.532 [main] DEBUG com.snowflake.kafka.security.KafkaSecurityConfig -- Configured additional security settings for Kafka
16:54:08.532 [main] DEBUG com.snowflake.kafka.security.KafkaSecurityConfig -- Created secure Kafka producer properties with 18 entries
16:54:08.532 [main] DEBUG com.snowflake.kafka.security.KafkaSecurityConfig -- Configured SSL settings for Kafka
16:54:08.532 [main] DEBUG com.snowflake.kafka.security.KafkaSecurityConfig -- Configured additional security settings for Kafka
16:54:08.532 [main] DEBUG com.snowflake.kafka.security.KafkaSecurityConfig -- Created secure Kafka producer properties with 18 entries
16:54:08.532 [main] DEBUG com.snowflake.kafka.security.KafkaSecurityConfig -- Configured SSL settings for Kafka
16:54:08.532 [main] DEBUG com.snowflake.kafka.security.KafkaSecurityConfig -- Configured additional security settings for Kafka
16:54:08.532 [main] DEBUG com.snowflake.kafka.security.KafkaSecurityConfig -- Created secure Kafka producer properties with 18 entries
16:54:08.532 [main] DEBUG com.snowflake.kafka.security.KafkaSecurityConfig -- Configured SSL settings for Kafka
16:54:08.532 [main] DEBUG com.snowflake.kafka.security.KafkaSecurityConfig -- Configured additional security settings for Kafka
16:54:08.532 [main] DEBUG com.snowflake.kafka.security.KafkaSecurityConfig -- Created secure Kafka producer properties with 18 entries
16:54:08.532 [main] DEBUG com.snowflake.kafka.security.KafkaSecurityConfig -- Configured SSL settings for Kafka
16:54:08.532 [main] DEBUG com.snowflake.kafka.security.KafkaSecurityConfig -- Configured additional security settings for Kafka
16:54:08.532 [main] DEBUG com.snowflake.kafka.security.KafkaSecurityConfig -- Created secure Kafka producer properties with 18 entries
16:54:08.532 [main] DEBUG com.snowflake.kafka.security.KafkaSecurityConfig -- Configured SSL settings for Kafka
16:54:08.532 [main] DEBUG com.snowflake.kafka.security.KafkaSecurityConfig -- Configured additional security settings for Kafka
16:54:08.532 [main] DEBUG com.snowflake.kafka.security.KafkaSecurityConfig -- Created secure Kafka producer properties with 18 entries
16:54:08.532 [main] DEBUG com.snowflake.kafka.security.KafkaSecurityConfig -- Configured SSL settings for Kafka
16:54:08.532 [main] DEBUG com.snowflake.kafka.security.KafkaSecurityConfig -- Configured additional security settings for Kafka
16:54:08.532 [main] DEBUG com.snowflake.kafka.security.KafkaSecurityConfig -- Created secure Kafka producer properties with 18 entries
16:54:08.532 [main] DEBUG com.snowflake.kafka.security.KafkaSecurityConfig -- Configured SSL settings for Kafka
16:54:08.532 [main] DEBUG com.snowflake.kafka.security.KafkaSecurityConfig -- Configured additional security settings for Kafka
16:54:08.532 [main] DEBUG com.snowflake.kafka.security.KafkaSecurityConfig -- Created secure Kafka producer properties with 18 entries
16:54:08.532 [main] DEBUG com.snowflake.kafka.security.KafkaSecurityConfig -- Configured SSL settings for Kafka
16:54:08.532 [main] DEBUG com.snowflake.kafka.security.KafkaSecurityConfig -- Configured additional security settings for Kafka
16:54:08.532 [main] DEBUG com.snowflake.kafka.security.KafkaSecurityConfig -- Created secure Kafka producer properties with 18 entries
16:54:08.532 [main] DEBUG com.snowflake.kafka.security.KafkaSecurityConfig -- Configured SSL settings for Kafka
16:54:08.532 [main] DEBUG com.snowflake.kafka.security.KafkaSecurityConfig -- Configured additional security settings for Kafka
16:54:08.532 [main] DEBUG com.snowflake.kafka.security.KafkaSecurityConfig -- Created secure Kafka producer properties with 18 entries
16:54:08.532 [main] DEBUG com.snowflake.kafka.security.KafkaSecurityConfig -- Configured SSL settings for Kafka
16:54:08.532 [main] DEBUG com.snowflake.kafka.security.KafkaSecurityConfig -- Configured additional security settings for Kafka
16:54:08.532 [main] DEBUG com.snowflake.kafka.security.KafkaSecurityConfig -- Created secure Kafka producer properties with 18 entries
16:54:08.532 [main] DEBUG com.snowflake.kafka.security.KafkaSecurityConfig -- Configured SSL settings for Kafka
16:54:08.532 [main] DEBUG com.snowflake.kafka.security.KafkaSecurityConfig -- Configured additional security settings for Kafka
16:54:08.532 [main] DEBUG com.snowflake.kafka.security.KafkaSecurityConfig -- Created secure Kafka producer properties with 18 entries
16:54:08.532 [main] DEBUG com.snowflake.kafka.security.KafkaSecurityConfig -- Configured SSL settings for Kafka
16:54:08.532 [main] DEBUG com.snowflake.kafka.security.KafkaSecurityConfig -- Configured additional security settings for Kafka
16:54:08.532 [main] DEBUG com.snowflake.kafka.security.KafkaSecurityConfig -- Created secure Kafka producer properties with 18 entries
16:54:08.532 [main] DEBUG com.snowflake.kafka.security.KafkaSecurityConfig -- Configured SSL settings for Kafka
16:54:08.532 [main] DEBUG com.snowflake.kafka.security.KafkaSecurityConfig -- Configured additional security settings for Kafka
16:54:08.532 [main] DEBUG com.snowflake.kafka.security.KafkaSecurityConfig -- Created secure Kafka producer properties with 18 entries
16:54:08.532 [main] DEBUG com.snowflake.kafka.security.KafkaSecurityConfig -- Configured SSL settings for Kafka
16:54:08.532 [main] DEBUG com.snowflake.kafka.security.KafkaSecurityConfig -- Configured additional security settings for Kafka
16:54:08.532 [main] DEBUG com.snowflake.kafka.security.KafkaSecurityConfig -- Created secure Kafka producer properties with 18 entries
16:54:08.532 [main] DEBUG com.snowflake.kafka.security.KafkaSecurityConfig -- Configured SSL settings for Kafka
16:54:08.532 [main] DEBUG com.snowflake.kafka.security.KafkaSecurityConfig -- Configured additional security settings for Kafka
16:54:08.532 [main] DEBUG com.snowflake.kafka.security.KafkaSecurityConfig -- Created secure Kafka producer properties with 18 entries
16:54:08.532 [main] DEBUG com.snowflake.kafka.security.KafkaSecurityConfig -- Configured SSL settings for Kafka
16:54:08.532 [main] DEBUG com.snowflake.kafka.security.KafkaSecurityConfig -- Configured additional security settings for Kafka
16:54:08.532 [main] DEBUG com.snowflake.kafka.security.KafkaSecurityConfig -- Created secure Kafka producer properties with 18 entries
16:54:08.532 [main] DEBUG com.snowflake.kafka.security.KafkaSecurityConfig -- Configured SSL settings for Kafka
16:54:08.532 [main] DEBUG com.snowflake.kafka.security.KafkaSecurityConfig -- Configured additional security settings for Kafka
16:54:08.532 [main] DEBUG com.snowflake.kafka.security.KafkaSecurityConfig -- Created secure Kafka producer properties with 18 entries
16:54:08.532 [main] DEBUG com.snowflake.kafka.security.KafkaSecurityConfig -- Configured SSL settings for Kafka
16:54:08.532 [main] DEBUG com.snowflake.kafka.security.KafkaSecurityConfig -- Configured additional security settings for Kafka
16:54:08.532 [main] DEBUG com.snowflake.kafka.security.KafkaSecurityConfig -- Created secure Kafka producer properties with 18 entries
16:54:08.532 [main] DEBUG com.snowflake.kafka.security.KafkaSecurityConfig -- Configured SSL settings for Kafka
16:54:08.532 [main] DEBUG com.snowflake.kafka.security.KafkaSecurityConfig -- Configured additional security settings for Kafka
16:54:08.532 [main] DEBUG com.snowflake.kafka.security.KafkaSecurityConfig -- Created secure Kafka producer properties with 18 entries
16:54:08.532 [main] DEBUG com.snowflake.kafka.security.KafkaSecurityConfig -- Configured SSL settings for Kafka
16:54:08.532 [main] DEBUG com.snowflake.kafka.security.KafkaSecurityConfig -- Configured additional security settings for Kafka
16:54:08.532 [main] DEBUG com.snowflake.kafka.security.KafkaSecurityConfig -- Created secure Kafka producer properties with 18 entries
16:54:08.532 [main] DEBUG com.snowflake.kafka.security.KafkaSecurityConfig -- Configured SSL settings for Kafka
16:54:08.532 [main] DEBUG com.snowflake.kafka.security.KafkaSecurityConfig -- Configured additional security settings for Kafka
16:54:08.532 [main] DEBUG com.snowflake.kafka.security.KafkaSecurityConfig -- Created secure Kafka producer properties with 18 entries
16:54:08.532 [main] DEBUG com.snowflake.kafka.security.KafkaSecurityConfig -- Configured SSL settings for Kafka
16:54:08.532 [main] DEBUG com.snowflake.kafka.security.KafkaSecurityConfig -- Configured additional security settings for Kafka
16:54:08.532 [main] DEBUG com.snowflake.kafka.security.KafkaSecurityConfig -- Created secure Kafka producer properties with 18 entries
16:54:08.532 [main] DEBUG com.snowflake.kafka.security.KafkaSecurityConfig -- Configured SSL settings for Kafka
16:54:08.532 [main] DEBUG com.snowflake.kafka.security.KafkaSecurityConfig -- Configured additional security settings for Kafka
16:54:08.532 [main] DEBUG com.snowflake.kafka.security.KafkaSecurityConfig -- Created secure Kafka producer properties with 18 entries
16:54:08.532 [main] DEBUG com.snowflake.kafka.security.KafkaSecurityConfig -- Configured SSL settings for Kafka
16:54:08.532 [main] DEBUG com.snowflake.kafka.security.KafkaSecurityConfig -- Configured additional security settings for Kafka
16:54:08.532 [main] DEBUG com.snowflake.kafka.security.KafkaSecurityConfig -- Created secure Kafka producer properties with 18 entries
16:54:08.532 [main] DEBUG com.snowflake.kafka.security.KafkaSecurityConfig -- Configured SSL settings for Kafka
16:54:08.532 [main] DEBUG com.snowflake.kafka.security.KafkaSecurityConfig -- Configured additional security settings for Kafka
16:54:08.532 [main] DEBUG com.snowflake.kafka.security.KafkaSecurityConfig -- Created secure Kafka producer properties with 18 entries
16:54:08.532 [main] DEBUG com.snowflake.kafka.security.KafkaSecurityConfig -- Configured SSL settings for Kafka
16:54:08.532 [main] DEBUG com.snowflake.kafka.security.KafkaSecurityConfig -- Configured additional security settings for Kafka
16:54:08.532 [main] DEBUG com.snowflake.kafka.security.KafkaSecurityConfig -- Created secure Kafka producer properties with 18 entries
16:54:08.532 [main] DEBUG com.snowflake.kafka.security.KafkaSecurityConfig -- Configured SSL settings for Kafka
16:54:08.532 [main] DEBUG com.snowflake.kafka.security.KafkaSecurityConfig -- Configured additional security settings for Kafka
16:54:08.532 [main] DEBUG com.snowflake.kafka.security.KafkaSecurityConfig -- Created secure Kafka producer properties with 18 entries
16:54:08.532 [main] DEBUG com.snowflake.kafka.security.KafkaSecurityConfig -- Configured SSL settings for Kafka
16:54:08.532 [main] DEBUG com.snowflake.kafka.security.KafkaSecurityConfig -- Configured additional security settings for Kafka
16:54:08.532 [main] DEBUG com.snowflake.kafka.security.KafkaSecurityConfig -- Created secure Kafka producer properties with 18 entries
16:54:08.532 [main] DEBUG com.snowflake.kafka.security.KafkaSecurityConfig -- Configured SSL settings for Kafka
16:54:08.532 [main] DEBUG com.snowflake.kafka.security.KafkaSecurityConfig -- Configured additional security settings for Kafka
16:54:08.532 [main] DEBUG com.snowflake.kafka.security.KafkaSecurityConfig -- Created secure Kafka producer properties with 18 entries
16:54:08.532 [main] DEBUG com.snowflake.kafka.security.KafkaSecurityConfig -- Configured SSL settings for Kafka
16:54:08.532 [main] DEBUG com.snowflake.kafka.security.KafkaSecurityConfig -- Configured additional security settings for Kafka
16:54:08.532 [main] DEBUG com.snowflake.kafka.security.KafkaSecurityConfig -- Created secure Kafka producer properties with 18 entries
16:54:08.532 [main] DEBUG com.snowflake.kafka.security.KafkaSecurityConfig -- Configured SSL settings for Kafka
16:54:08.532 [main] DEBUG com.snowflake.kafka.security.KafkaSecurityConfig -- Configured additional security settings for Kafka
16:54:08.532 [main] DEBUG com.snowflake.kafka.security.KafkaSecurityConfig -- Created secure Kafka producer properties with 18 entries
16:54:08.532 [main] DEBUG com.snowflake.kafka.security.KafkaSecurityConfig -- Configured SSL settings for Kafka
16:54:08.532 [main] DEBUG com.snowflake.kafka.security.KafkaSecurityConfig -- Configured additional security settings for Kafka
16:54:08.532 [main] DEBUG com.snowflake.kafka.security.KafkaSecurityConfig -- Created secure Kafka producer properties with 18 entries
16:54:08.532 [main] DEBUG com.snowflake.kafka.security.KafkaSecurityConfig -- Configured SSL settings for Kafka
16:54:08.532 [main] DEBUG com.snowflake.kafka.security.KafkaSecurityConfig -- Configured additional security settings for Kafka
16:54:08.532 [main] DEBUG com.snowflake.kafka.security.KafkaSecurityConfig -- Created secure Kafka producer properties with 18 entries
16:54:08.532 [main] DEBUG com.snowflake.kafka.security.KafkaSecurityConfig -- Configured SSL settings for Kafka
16:54:08.532 [main] DEBUG com.snowflake.kafka.security.KafkaSecurityConfig -- Configured additional security settings for Kafka
16:54:08.532 [main] DEBUG com.snowflake.kafka.security.KafkaSecurityConfig -- Created secure Kafka producer properties with 18 entries
16:54:08.532 [main] DEBUG com.snowflake.kafka.security.KafkaSecurityConfig -- Configured SSL settings for Kafka
16:54:08.532 [main] DEBUG com.snowflake.kafka.security.KafkaSecurityConfig -- Configured additional security settings for Kafka
16:54:08.532 [main] DEBUG com.snowflake.kafka.security.KafkaSecurityConfig -- Created secure Kafka producer properties with 18 entries
16:54:08.532 [main] DEBUG com.snowflake.kafka.security.KafkaSecurityConfig -- Configured SSL settings for Kafka
16:54:08.532 [main] DEBUG com.snowflake.kafka.security.KafkaSecurityConfig -- Configured additional security settings for Kafka
16:54:08.532 [main] DEBUG com.snowflake.kafka.security.KafkaSecurityConfig -- Created secure Kafka producer properties with 18 entries
16:54:08.532 [main] DEBUG com.snowflake.kafka.security.KafkaSecurityConfig -- Configured SSL settings for Kafka
16:54:08.532 [main] DEBUG com.snowflake.kafka.security.KafkaSecurityConfig -- Configured additional security settings for Kafka
16:54:08.532 [main] DEBUG com.snowflake.kafka.security.KafkaSecurityConfig -- Created secure Kafka producer properties with 18 entries
16:54:08.532 [main] DEBUG com.snowflake.kafka.security.KafkaSecurityConfig -- Configured SSL settings for Kafka
16:54:08.532 [main] DEBUG com.snowflake.kafka.security.KafkaSecurityConfig -- Configured additional security settings for Kafka
16:54:08.532 [main] DEBUG com.snowflake.kafka.security.KafkaSecurityConfig -- Created secure Kafka producer properties with 18 entries
16:54:08.532 [main] DEBUG com.snowflake.kafka.security.KafkaSecurityConfig -- Configured SSL settings for Kafka
16:54:08.532 [main] DEBUG com.snowflake.kafka.security.KafkaSecurityConfig -- Configured additional security settings for Kafka
16:54:08.532 [main] DEBUG com.snowflake.kafka.security.KafkaSecurityConfig -- Created secure Kafka producer properties with 18 entries
16:54:08.532 [main] DEBUG com.snowflake.kafka.security.KafkaSecurityConfig -- Configured SSL settings for Kafka
16:54:08.532 [main] DEBUG com.snowflake.kafka.security.KafkaSecurityConfig -- Configured additional security settings for Kafka
16:54:08.532 [main] DEBUG com.snowflake.kafka.security.KafkaSecurityConfig -- Created secure Kafka producer properties with 18 entries
16:54:08.532 [main] DEBUG com.snowflake.kafka.security.KafkaSecurityConfig -- Configured SSL settings for Kafka
16:54:08.532 [main] DEBUG com.snowflake.kafka.security.KafkaSecurityConfig -- Configured additional security settings for Kafka
16:54:08.532 [main] DEBUG com.snowflake.kafka.security.KafkaSecurityConfig -- Created secure Kafka producer properties with 18 entries
16:54:08.532 [main] DEBUG com.snowflake.kafka.security.KafkaSecurityConfig -- Configured SSL settings for Kafka
16:54:08.532 [main] DEBUG com.snowflake.kafka.security.KafkaSecurityConfig -- Configured additional security settings for Kafka
16:54:08.532 [main] DEBUG com.snowflake.kafka.security.KafkaSecurityConfig -- Created secure Kafka producer properties with 18 entries
16:54:08.532 [main] DEBUG com.snowflake.kafka.security.KafkaSecurityConfig -- Configured SSL settings for Kafka
16:54:08.532 [main] DEBUG com.snowflake.kafka.security.KafkaSecurityConfig -- Configured additional security settings for Kafka
16:54:08.532 [main] DEBUG com.snowflake.kafka.security.KafkaSecurityConfig -- Created secure Kafka producer properties with 18 entries
16:54:08.532 [main] DEBUG com.snowflake.kafka.security.KafkaSecurityConfig -- Configured SSL settings for Kafka
16:54:08.532 [main] DEBUG com.snowflake.kafka.security.KafkaSecurityConfig -- Configured additional security settings for Kafka
16:54:08.532 [main] DEBUG com.snowflake.kafka.security.KafkaSecurityConfig -- Created secure Kafka producer properties with 18 entries
16:54:08.532 [main] DEBUG com.snowflake.kafka.security.KafkaSecurityConfig -- Configured SSL settings for Kafka
16:54:08.532 [main] DEBUG com.snowflake.kafka.security.KafkaSecurityConfig -- Configured additional security settings for Kafka
16:54:08.532 [main] DEBUG com.snowflake.kafka.security.KafkaSecurityConfig -- Created secure Kafka producer properties with 18 entries
16:54:08.532 [main] DEBUG com.snowflake.kafka.security.KafkaSecurityConfig -- Configured SSL settings for Kafka
16:54:08.532 [main] DEBUG com.snowflake.kafka.security.KafkaSecurityConfig -- Configured additional security settings for Kafka
16:54:08.532 [main] DEBUG com.snowflake.kafka.security.KafkaSecurityConfig -- Created secure Kafka producer properties with 18 entries
16:54:08.532 [main] DEBUG com.snowflake.kafka.security.KafkaSecurityConfig -- Configured SSL settings for Kafka
16:54:08.532 [main] DEBUG com.snowflake.kafka.security.KafkaSecurityConfig -- Configured additional security settings for Kafka
16:54:08.532 [main] DEBUG com.snowflake.kafka.security.KafkaSecurityConfig -- Created secure Kafka producer properties with 18 entries
16:54:08.532 [main] DEBUG com.snowflake.kafka.security.KafkaSecurityConfig -- Configured SSL settings for Kafka
16:54:08.532 [main] DEBUG com.snowflake.kafka.security.KafkaSecurityConfig -- Configured additional security settings for Kafka
16:54:08.532 [main] DEBUG com.snowflake.kafka.security.KafkaSecurityConfig -- Created secure Kafka producer properties with 18 entries
16:54:08.532 [main] DEBUG com.snowflake.kafka.security.KafkaSecurityConfig -- Configured SSL settings for Kafka
16:54:08.532 [main] DEBUG com.snowflake.kafka.security.KafkaSecurityConfig -- Configured additional security settings for Kafka
16:54:08.532 [main] DEBUG com.snowflake.kafka.security.KafkaSecurityConfig -- Created secure Kafka producer properties with 18 entries
16:54:08.532 [main] DEBUG com.snowflake.kafka.security.KafkaSecurityConfig -- Configured SSL settings for Kafka
16:54:08.532 [main] DEBUG com.snowflake.kafka.security.KafkaSecurityConfig -- Configured additional security settings for Kafka
16:54:08.532 [main] DEBUG com.snowflake.kafka.security.KafkaSecurityConfig -- Created secure Kafka producer properties with 18 entries
16:54:08.532 [main] DEBUG com.snowflake.kafka.security.KafkaSecurityConfig -- Configured SSL settings for Kafka
16:54:08.532 [main] DEBUG com.snowflake.kafka.security.KafkaSecurityConfig -- Configured additional security settings for Kafka
16:54:08.532 [main] DEBUG com.snowflake.kafka.security.KafkaSecurityConfig -- Created secure Kafka producer properties with 18 entries
16:54:08.532 [main] DEBUG com.snowflake.kafka.security.KafkaSecurityConfig -- Configured SSL settings for Kafka
16:54:08.532 [main] DEBUG com.snowflake.kafka.security.KafkaSecurityConfig -- Configured additional security settings for Kafka
16:54:08.532 [main] DEBUG com.snowflake.kafka.security.KafkaSecurityConfig -- Created secure Kafka producer properties with 18 entries
16:54:08.532 [main] DEBUG com.snowflake.kafka.security.KafkaSecurityConfig -- Configured SSL settings for Kafka
16:54:08.532 [main] DEBUG com.snowflake.kafka.security.KafkaSecurityConfig -- Configured additional security settings for Kafka
16:54:08.532 [main] DEBUG com.snowflake.kafka.security.KafkaSecurityConfig -- Created secure Kafka producer properties with 18 entries
16:54:08.532 [main] DEBUG com.snowflake.kafka.security.KafkaSecurityConfig -- Configured SSL settings for Kafka
16:54:08.532 [main] DEBUG com.snowflake.kafka.security.KafkaSecurityConfig -- Configured additional security settings for Kafka
16:54:08.532 [main] DEBUG com.snowflake.kafka.security.KafkaSecurityConfig -- Created secure Kafka producer properties with 18 entries
16:54:08.532 [main] DEBUG com.snowflake.kafka.security.KafkaSecurityConfig -- Configured SSL settings for Kafka
16:54:08.532 [main] DEBUG com.snowflake.kafka.security.KafkaSecurityConfig -- Configured additional security settings for Kafka
16:54:08.532 [main] DEBUG com.snowflake.kafka.security.KafkaSecurityConfig -- Created secure Kafka producer properties with 18 entries
16:54:08.532 [main] DEBUG com.snowflake.kafka.security.KafkaSecurityConfig -- Configured SSL settings for Kafka
16:54:08.532 [main] DEBUG com.snowflake.kafka.security.KafkaSecurityConfig -- Configured additional security settings for Kafka
16:54:08.532 [main] DEBUG com.snowflake.kafka.security.KafkaSecurityConfig -- Created secure Kafka producer properties with 18 entries
16:54:08.532 [main] DEBUG com.snowflake.kafka.security.KafkaSecurityConfig -- Configured SSL settings for Kafka
16:54:08.532 [main] DEBUG com.snowflake.kafka.security.KafkaSecurityConfig -- Configured additional security settings for Kafka
16:54:08.532 [main] DEBUG com.snowflake.kafka.security.KafkaSecurityConfig -- Created secure Kafka producer properties with 18 entries
16:54:08.532 [main] DEBUG com.snowflake.kafka.security.KafkaSecurityConfig -- Configured SSL settings for Kafka
16:54:08.532 [main] DEBUG com.snowflake.kafka.security.KafkaSecurityConfig -- Configured additional security settings for Kafka
16:54:08.532 [main] DEBUG com.snowflake.kafka.security.KafkaSecurityConfig -- Created secure Kafka producer properties with 18 entries
16:54:08.532 [main] DEBUG com.snowflake.kafka.security.KafkaSecurityConfig -- Configured SSL settings for Kafka
16:54:08.532 [main] DEBUG com.snowflake.kafka.security.KafkaSecurityConfig -- Configured additional security settings for Kafka
16:54:08.532 [main] DEBUG com.snowflake.kafka.security.KafkaSecurityConfig -- Created secure Kafka producer properties with 18 entries
16:54:08.532 [main] DEBUG com.snowflake.kafka.security.KafkaSecurityConfig -- Configured SSL settings for Kafka
16:54:08.532 [main] DEBUG com.snowflake.kafka.security.KafkaSecurityConfig -- Configured additional security settings for Kafka
16:54:08.532 [main] DEBUG com.snowflake.kafka.security.KafkaSecurityConfig -- Created secure Kafka producer properties with 18 entries
16:54:08.532 [main] DEBUG com.snowflake.kafka.security.KafkaSecurityConfig -- Configured SSL settings for Kafka
16:54:08.532 [main] DEBUG com.snowflake.kafka.security.KafkaSecurityConfig -- Configured additional security settings for Kafka
16:54:08.532 [main] DEBUG com.snowflake.kafka.security.KafkaSecurityConfig -- Created secure Kafka producer properties with 18 entries
16:54:08.532 [main] DEBUG com.snowflake.kafka.security.KafkaSecurityConfig -- Configured SSL settings for Kafka
16:54:08.532 [main] DEBUG com.snowflake.kafka.security.KafkaSecurityConfig -- Configured additional security settings for Kafka
16:54:08.532 [main] DEBUG com.snowflake.kafka.security.KafkaSecurityConfig -- Created secure Kafka producer properties with 18 entries
16:54:08.532 [main] DEBUG com.snowflake.kafka.security.KafkaSecurityConfig -- Configured SSL settings for Kafka
16:54:08.532 [main] DEBUG com.snowflake.kafka.security.KafkaSecurityConfig -- Configured additional security settings for Kafka
16:54:08.532 [main] DEBUG com.snowflake.kafka.security.KafkaSecurityConfig -- Created secure Kafka producer properties with 18 entries
16:54:08.532 [main] DEBUG com.snowflake.kafka.security.KafkaSecurityConfig -- Configured SSL settings for Kafka
16:54:08.532 [main] DEBUG com.snowflake.kafka.security.KafkaSecurityConfig -- Configured additional security settings for Kafka
16:54:08.532 [main] DEBUG com.snowflake.kafka.security.KafkaSecurityConfig -- Created secure Kafka producer properties with 18 entries
16:54:08.532 [main] DEBUG com.snowflake.kafka.security.KafkaSecurityConfig -- Configured SSL settings for Kafka
16:54:08.532 [main] DEBUG com.snowflake.kafka.security.KafkaSecurityConfig -- Configured additional security settings for Kafka
16:54:08.532 [main] DEBUG com.snowflake.kafka.security.KafkaSecurityConfig -- Created secure Kafka producer properties with 18 entries
16:54:08.532 [main] DEBUG com.snowflake.kafka.security.KafkaSecurityConfig -- Configured SSL settings for Kafka
16:54:08.532 [main] DEBUG com.snowflake.kafka.security.KafkaSecurityConfig -- Configured additional security settings for Kafka
16:54:08.532 [main] DEBUG com.snowflake.kafka.security.KafkaSecurityConfig -- Created secure Kafka producer properties with 18 entries
16:54:08.532 [main] DEBUG com.snowflake.kafka.security.KafkaSecurityConfig -- Configured SSL settings for Kafka
16:54:08.532 [main] DEBUG com.snowflake.kafka.security.KafkaSecurityConfig -- Configured additional security settings for Kafka
16:54:08.532 [main] DEBUG com.snowflake.kafka.security.KafkaSecurityConfig -- Created secure Kafka producer properties with 18 entries
16:54:08.532 [main] DEBUG com.snowflake.kafka.security.KafkaSecurityConfig -- Configured SSL settings for Kafka
16:54:08.532 [main] DEBUG com.snowflake.kafka.security.KafkaSecurityConfig -- Configured additional security settings for Kafka
16:54:08.532 [main] DEBUG com.snowflake.kafka.security.KafkaSecurityConfig -- Created secure Kafka producer properties with 18 entries
16:54:08.532 [main] DEBUG com.snowflake.kafka.security.KafkaSecurityConfig -- Configured SSL settings for Kafka
16:54:08.532 [main] DEBUG com.snowflake.kafka.security.KafkaSecurityConfig -- Configured additional security settings for Kafka
16:54:08.532 [main] DEBUG com.snowflake.kafka.security.KafkaSecurityConfig -- Created secure Kafka producer properties with 18 entries
16:54:08.532 [main] DEBUG com.snowflake.kafka.security.KafkaSecurityConfig -- Configured SSL settings for Kafka
16:54:08.532 [main] DEBUG com.snowflake.kafka.security.KafkaSecurityConfig -- Configured additional security settings for Kafka
16:54:08.532 [main] DEBUG com.snowflake.kafka.security.KafkaSecurityConfig -- Created secure Kafka producer properties with 18 entries
16:54:08.532 [main] DEBUG com.snowflake.kafka.security.KafkaSecurityConfig -- Configured SSL settings for Kafka
16:54:08.532 [main] DEBUG com.snowflake.kafka.security.KafkaSecurityConfig -- Configured additional security settings for Kafka
16:54:08.532 [main] DEBUG com.snowflake.kafka.security.KafkaSecurityConfig -- Created secure Kafka producer properties with 18 entries
16:54:08.532 [main] DEBUG com.snowflake.kafka.security.KafkaSecurityConfig -- Configured SSL settings for Kafka
16:54:08.532 [main] DEBUG com.snowflake.kafka.security.KafkaSecurityConfig -- Configured additional security settings for Kafka
16:54:08.533 [main] DEBUG com.snowflake.kafka.security.KafkaSecurityConfig -- Created secure Kafka producer properties with 18 entries
16:54:08.533 [main] DEBUG com.snowflake.kafka.security.KafkaSecurityConfig -- Configured SSL settings for Kafka
16:54:08.533 [main] DEBUG com.snowflake.kafka.security.KafkaSecurityConfig -- Configured additional security settings for Kafka
16:54:08.533 [main] DEBUG com.snowflake.kafka.security.KafkaSecurityConfig -- Created secure Kafka producer properties with 18 entries
16:54:08.533 [main] DEBUG com.snowflake.kafka.security.KafkaSecurityConfig -- Configured SSL settings for Kafka
16:54:08.533 [main] DEBUG com.snowflake.kafka.security.KafkaSecurityConfig -- Configured additional security settings for Kafka
16:54:08.533 [main] DEBUG com.snowflake.kafka.security.KafkaSecurityConfig -- Created secure Kafka producer properties with 18 entries
16:54:08.533 [main] DEBUG com.snowflake.kafka.security.KafkaSecurityConfig -- Configured SSL settings for Kafka
16:54:08.533 [main] DEBUG com.snowflake.kafka.security.KafkaSecurityConfig -- Configured additional security settings for Kafka
16:54:08.533 [main] DEBUG com.snowflake.kafka.security.KafkaSecurityConfig -- Created secure Kafka producer properties with 18 entries
16:54:08.533 [main] DEBUG com.snowflake.kafka.security.KafkaSecurityConfig -- Configured SSL settings for Kafka
16:54:08.533 [main] DEBUG com.snowflake.kafka.security.KafkaSecurityConfig -- Configured additional security settings for Kafka
16:54:08.533 [main] DEBUG com.snowflake.kafka.security.KafkaSecurityConfig -- Created secure Kafka producer properties with 18 entries
16:54:08.533 [main] DEBUG com.snowflake.kafka.security.KafkaSecurityConfig -- Configured SSL settings for Kafka
16:54:08.533 [main] DEBUG com.snowflake.kafka.security.KafkaSecurityConfig -- Configured additional security settings for Kafka
16:54:08.533 [main] DEBUG com.snowflake.kafka.security.KafkaSecurityConfig -- Created secure Kafka producer properties with 18 entries
16:54:08.533 [main] DEBUG com.snowflake.kafka.security.KafkaSecurityConfig -- Configured SSL settings for Kafka
16:54:08.533 [main] DEBUG com.snowflake.kafka.security.KafkaSecurityConfig -- Configured additional security settings for Kafka
16:54:08.533 [main] DEBUG com.snowflake.kafka.security.KafkaSecurityConfig -- Created secure Kafka producer properties with 18 entries
16:54:08.533 [main] DEBUG com.snowflake.kafka.security.KafkaSecurityConfig -- Configured SSL settings for Kafka
16:54:08.533 [main] DEBUG com.snowflake.kafka.security.KafkaSecurityConfig -- Configured additional security settings for Kafka
16:54:08.533 [main] DEBUG com.snowflake.kafka.security.KafkaSecurityConfig -- Created secure Kafka producer properties with 18 entries
16:54:08.533 [main] DEBUG com.snowflake.kafka.security.KafkaSecurityConfig -- Configured SSL settings for Kafka
16:54:08.533 [main] DEBUG com.snowflake.kafka.security.KafkaSecurityConfig -- Configured additional security settings for Kafka
16:54:08.533 [main] DEBUG com.snowflake.kafka.security.KafkaSecurityConfig -- Created secure Kafka producer properties with 18 entries
16:54:08.533 [main] DEBUG com.snowflake.kafka.security.KafkaSecurityConfig -- Configured SSL settings for Kafka
16:54:08.533 [main] DEBUG com.snowflake.kafka.security.KafkaSecurityConfig -- Configured additional security settings for Kafka
16:54:08.533 [main] DEBUG com.snowflake.kafka.security.KafkaSecurityConfig -- Created secure Kafka producer properties with 18 entries
16:54:08.533 [main] DEBUG com.snowflake.kafka.security.KafkaSecurityConfig -- Configured SSL settings for Kafka
16:54:08.533 [main] DEBUG com.snowflake.kafka.security.KafkaSecurityConfig -- Configured additional security settings for Kafka
16:54:08.533 [main] DEBUG com.snowflake.kafka.security.KafkaSecurityConfig -- Created secure Kafka producer properties with 18 entries
16:54:08.533 [main] DEBUG com.snowflake.kafka.security.KafkaSecurityConfig -- Configured SSL settings for Kafka
16:54:08.533 [main] DEBUG com.snowflake.kafka.security.KafkaSecurityConfig -- Configured additional security settings for Kafka
16:54:08.533 [main] DEBUG com.snowflake.kafka.security.KafkaSecurityConfig -- Created secure Kafka producer properties with 18 entries
16:54:08.533 [main] DEBUG com.snowflake.kafka.security.KafkaSecurityConfig -- Configured SSL settings for Kafka
16:54:08.533 [main] DEBUG com.snowflake.kafka.security.KafkaSecurityConfig -- Configured additional security settings for Kafka
16:54:08.533 [main] DEBUG com.snowflake.kafka.security.KafkaSecurityConfig -- Created secure Kafka producer properties with 18 entries
16:54:08.533 [main] DEBUG com.snowflake.kafka.security.KafkaSecurityConfig -- Configured SSL settings for Kafka
16:54:08.533 [main] DEBUG com.snowflake.kafka.security.KafkaSecurityConfig -- Configured additional security settings for Kafka
16:54:08.533 [main] DEBUG com.snowflake.kafka.security.KafkaSecurityConfig -- Created secure Kafka producer properties with 18 entries
16:54:08.533 [main] DEBUG com.snowflake.kafka.security.KafkaSecurityConfig -- Configured SSL settings for Kafka
16:54:08.533 [main] DEBUG com.snowflake.kafka.security.KafkaSecurityConfig -- Configured additional security settings for Kafka
16:54:08.533 [main] DEBUG com.snowflake.kafka.security.KafkaSecurityConfig -- Created secure Kafka producer properties with 18 entries
16:54:08.533 [main] DEBUG com.snowflake.kafka.security.KafkaSecurityConfig -- Configured SSL settings for Kafka
16:54:08.533 [main] DEBUG com.snowflake.kafka.security.KafkaSecurityConfig -- Configured additional security settings for Kafka
16:54:08.533 [main] DEBUG com.snowflake.kafka.security.KafkaSecurityConfig -- Created secure Kafka producer properties with 18 entries
16:54:08.533 [main] DEBUG com.snowflake.kafka.security.KafkaSecurityConfig -- Configured SSL settings for Kafka
16:54:08.533 [main] DEBUG com.snowflake.kafka.security.KafkaSecurityConfig -- Configured additional security settings for Kafka
16:54:08.533 [main] DEBUG com.snowflake.kafka.security.KafkaSecurityConfig -- Created secure Kafka producer properties with 18 entries
16:54:08.533 [main] DEBUG com.snowflake.kafka.security.KafkaSecurityConfig -- Configured SSL settings for Kafka
16:54:08.533 [main] DEBUG com.snowflake.kafka.security.KafkaSecurityConfig -- Configured additional security settings for Kafka
16:54:08.533 [main] DEBUG com.snowflake.kafka.security.KafkaSecurityConfig -- Created secure Kafka producer properties with 18 entries
16:54:08.533 [main] DEBUG com.snowflake.kafka.security.KafkaSecurityConfig -- Configured SSL settings for Kafka
16:54:08.533 [main] DEBUG com.snowflake.kafka.security.KafkaSecurityConfig -- Configured additional security settings for Kafka
16:54:08.533 [main] DEBUG com.snowflake.kafka.security.KafkaSecurityConfig -- Created secure Kafka producer properties with 18 entries
16:54:08.533 [main] DEBUG com.snowflake.kafka.security.KafkaSecurityConfig -- Configured SSL settings for Kafka
16:54:08.533 [main] DEBUG com.snowflake.kafka.security.KafkaSecurityConfig -- Configured additional security settings for Kafka
16:54:08.533 [main] DEBUG com.snowflake.kafka.security.KafkaSecurityConfig -- Created secure Kafka producer properties with 18 entries
16:54:08.533 [main] DEBUG com.snowflake.kafka.security.KafkaSecurityConfig -- Configured SSL settings for Kafka
16:54:08.533 [main] DEBUG com.snowflake.kafka.security.KafkaSecurityConfig -- Configured additional security settings for Kafka
16:54:08.533 [main] DEBUG com.snowflake.kafka.security.KafkaSecurityConfig -- Created secure Kafka producer properties with 18 entries
16:54:08.533 [main] DEBUG com.snowflake.kafka.security.KafkaSecurityConfig -- Configured SSL settings for Kafka
16:54:08.533 [main] DEBUG com.snowflake.kafka.security.KafkaSecurityConfig -- Configured additional security settings for Kafka
16:54:08.533 [main] DEBUG com.snowflake.kafka.security.KafkaSecurityConfig -- Created secure Kafka producer properties with 18 entries
16:54:08.533 [main] DEBUG com.snowflake.kafka.security.KafkaSecurityConfig -- Configured SSL settings for Kafka
16:54:08.533 [main] DEBUG com.snowflake.kafka.security.KafkaSecurityConfig -- Configured additional security settings for Kafka
16:54:08.533 [main] DEBUG com.snowflake.kafka.security.KafkaSecurityConfig -- Created secure Kafka producer properties with 18 entries
16:54:08.533 [main] DEBUG com.snowflake.kafka.security.KafkaSecurityConfig -- Configured SSL settings for Kafka
16:54:08.533 [main] DEBUG com.snowflake.kafka.security.KafkaSecurityConfig -- Configured additional security settings for Kafka
16:54:08.533 [main] DEBUG com.snowflake.kafka.security.KafkaSecurityConfig -- Created secure Kafka producer properties with 18 entries
16:54:08.533 [main] DEBUG com.snowflake.kafka.security.KafkaSecurityConfig -- Configured SSL settings for Kafka
16:54:08.533 [main] DEBUG com.snowflake.kafka.security.KafkaSecurityConfig -- Configured additional security settings for Kafka
16:54:08.533 [main] DEBUG com.snowflake.kafka.security.KafkaSecurityConfig -- Created secure Kafka producer properties with 18 entries
16:54:08.533 [main] DEBUG com.snowflake.kafka.security.KafkaSecurityConfig -- Configured SSL settings for Kafka
16:54:08.533 [main] DEBUG com.snowflake.kafka.security.KafkaSecurityConfig -- Configured additional security settings for Kafka
16:54:08.533 [main] DEBUG com.snowflake.kafka.security.KafkaSecurityConfig -- Created secure Kafka producer properties with 18 entries
16:54:08.533 [main] DEBUG com.snowflake.kafka.security.KafkaSecurityConfig -- Configured SSL settings for Kafka
16:54:08.533 [main] DEBUG com.snowflake.kafka.security.KafkaSecurityConfig -- Configured additional security settings for Kafka
16:54:08.533 [main] DEBUG com.snowflake.kafka.security.KafkaSecurityConfig -- Created secure Kafka producer properties with 18 entries
16:54:08.533 [main] DEBUG com.snowflake.kafka.security.KafkaSecurityConfig -- Configured SSL settings for Kafka
16:54:08.533 [main] DEBUG com.snowflake.kafka.security.KafkaSecurityConfig -- Configured additional security settings for Kafka
16:54:08.533 [main] DEBUG com.snowflake.kafka.security.KafkaSecurityConfig -- Created secure Kafka producer properties with 18 entries
16:54:08.533 [main] DEBUG com.snowflake.kafka.security.KafkaSecurityConfig -- Configured SSL settings for Kafka
16:54:08.533 [main] DEBUG com.snowflake.kafka.security.KafkaSecurityConfig -- Configured additional security settings for Kafka
16:54:08.533 [main] DEBUG com.snowflake.kafka.security.KafkaSecurityConfig -- Created secure Kafka producer properties with 18 entries
16:54:08.533 [main] DEBUG com.snowflake.kafka.security.KafkaSecurityConfig -- Configured SSL settings for Kafka
16:54:08.533 [main] DEBUG com.snowflake.kafka.security.KafkaSecurityConfig -- Configured additional security settings for Kafka
16:54:08.533 [main] DEBUG com.snowflake.kafka.security.KafkaSecurityConfig -- Created secure Kafka producer properties with 18 entries
16:54:08.533 [main] DEBUG com.snowflake.kafka.security.KafkaSecurityConfig -- Configured SSL settings for Kafka
16:54:08.533 [main] DEBUG com.snowflake.kafka.security.KafkaSecurityConfig -- Configured additional security settings for Kafka
16:54:08.533 [main] DEBUG com.snowflake.kafka.security.KafkaSecurityConfig -- Created secure Kafka producer properties with 18 entries
16:54:08.533 [main] DEBUG com.snowflake.kafka.security.KafkaSecurityConfig -- Configured SSL settings for Kafka
16:54:08.533 [main] DEBUG com.snowflake.kafka.security.KafkaSecurityConfig -- Configured additional security settings for Kafka
16:54:08.533 [main] DEBUG com.snowflake.kafka.security.KafkaSecurityConfig -- Created secure Kafka producer properties with 18 entries
16:54:08.533 [main] DEBUG com.snowflake.kafka.security.KafkaSecurityConfig -- Configured SSL settings for Kafka
16:54:08.533 [main] DEBUG com.snowflake.kafka.security.KafkaSecurityConfig -- Configured additional security settings for Kafka
16:54:08.533 [main] DEBUG com.snowflake.kafka.security.KafkaSecurityConfig -- Created secure Kafka producer properties with 18 entries
16:54:08.533 [main] DEBUG com.snowflake.kafka.security.KafkaSecurityConfig -- Configured SSL settings for Kafka
16:54:08.533 [main] DEBUG com.snowflake.kafka.security.KafkaSecurityConfig -- Configured additional security settings for Kafka
16:54:08.533 [main] DEBUG com.snowflake.kafka.security.KafkaSecurityConfig -- Created secure Kafka producer properties with 18 entries
16:54:08.533 [main] DEBUG com.snowflake.kafka.security.KafkaSecurityConfig -- Configured SSL settings for Kafka
16:54:08.533 [main] DEBUG com.snowflake.kafka.security.KafkaSecurityConfig -- Configured additional security settings for Kafka
16:54:08.533 [main] DEBUG com.snowflake.kafka.security.KafkaSecurityConfig -- Created secure Kafka producer properties with 18 entries
16:54:08.533 [main] DEBUG com.snowflake.kafka.security.KafkaSecurityConfig -- Configured SSL settings for Kafka
16:54:08.533 [main] DEBUG com.snowflake.kafka.security.KafkaSecurityConfig -- Configured additional security settings for Kafka
16:54:08.533 [main] DEBUG com.snowflake.kafka.security.KafkaSecurityConfig -- Created secure Kafka producer properties with 18 entries
16:54:08.533 [main] DEBUG com.snowflake.kafka.security.KafkaSecurityConfig -- Configured SSL settings for Kafka
16:54:08.533 [main] DEBUG com.snowflake.kafka.security.KafkaSecurityConfig -- Configured additional security settings for Kafka
16:54:08.533 [main] DEBUG com.snowflake.kafka.security.KafkaSecurityConfig -- Created secure Kafka producer properties with 18 entries
16:54:08.533 [main] DEBUG com.snowflake.kafka.security.KafkaSecurityConfig -- Configured SSL settings for Kafka
16:54:08.533 [main] DEBUG com.snowflake.kafka.security.KafkaSecurityConfig -- Configured additional security settings for Kafka
16:54:08.533 [main] DEBUG com.snowflake.kafka.security.KafkaSecurityConfig -- Created secure Kafka producer properties with 18 entries
16:54:08.533 [main] DEBUG com.snowflake.kafka.security.KafkaSecurityConfig -- Configured SSL settings for Kafka
16:54:08.533 [main] DEBUG com.snowflake.kafka.security.KafkaSecurityConfig -- Configured additional security settings for Kafka
16:54:08.533 [main] DEBUG com.snowflake.kafka.security.KafkaSecurityConfig -- Created secure Kafka producer properties with 18 entries
16:54:08.533 [main] DEBUG com.snowflake.kafka.security.KafkaSecurityConfig -- Configured SSL settings for Kafka
16:54:08.533 [main] DEBUG com.snowflake.kafka.security.KafkaSecurityConfig -- Configured additional security settings for Kafka
16:54:08.533 [main] DEBUG com.snowflake.kafka.security.KafkaSecurityConfig -- Created secure Kafka producer properties with 18 entries
16:54:08.533 [main] DEBUG com.snowflake.kafka.security.KafkaSecurityConfig -- Configured SSL settings for Kafka
16:54:08.533 [main] DEBUG com.snowflake.kafka.security.KafkaSecurityConfig -- Configured additional security settings for Kafka
16:54:08.533 [main] DEBUG com.snowflake.kafka.security.KafkaSecurityConfig -- Created secure Kafka producer properties with 18 entries
16:54:08.533 [main] DEBUG com.snowflake.kafka.security.KafkaSecurityConfig -- Configured SSL settings for Kafka
16:54:08.533 [main] DEBUG com.snowflake.kafka.security.KafkaSecurityConfig -- Configured additional security settings for Kafka
16:54:08.533 [main] DEBUG com.snowflake.kafka.security.KafkaSecurityConfig -- Created secure Kafka producer properties with 18 entries
16:54:08.533 [main] DEBUG com.snowflake.kafka.security.KafkaSecurityConfig -- Configured SSL settings for Kafka
16:54:08.533 [main] DEBUG com.snowflake.kafka.security.KafkaSecurityConfig -- Configured additional security settings for Kafka
16:54:08.533 [main] DEBUG com.snowflake.kafka.security.KafkaSecurityConfig -- Created secure Kafka producer properties with 18 entries
16:54:08.533 [main] DEBUG com.snowflake.kafka.security.KafkaSecurityConfig -- Configured SSL settings for Kafka
16:54:08.533 [main] DEBUG com.snowflake.kafka.security.KafkaSecurityConfig -- Configured additional security settings for Kafka
16:54:08.533 [main] DEBUG com.snowflake.kafka.security.KafkaSecurityConfig -- Created secure Kafka producer properties with 18 entries
16:54:08.533 [main] DEBUG com.snowflake.kafka.security.KafkaSecurityConfig -- Configured SSL settings for Kafka
16:54:08.533 [main] DEBUG com.snowflake.kafka.security.KafkaSecurityConfig -- Configured additional security settings for Kafka
16:54:08.533 [main] DEBUG com.snowflake.kafka.security.KafkaSecurityConfig -- Created secure Kafka producer properties with 18 entries
16:54:08.534 [main] DEBUG com.snowflake.kafka.security.KafkaSecurityConfig -- Configured SSL settings for Kafka
16:54:08.534 [main] DEBUG com.snowflake.kafka.security.KafkaSecurityConfig -- Configured additional security settings for Kafka
16:54:08.534 [main] DEBUG com.snowflake.kafka.security.KafkaSecurityConfig -- Created secure Kafka producer properties with 18 entries
16:54:08.534 [main] DEBUG com.snowflake.kafka.security.KafkaSecurityConfig -- Configured SSL settings for Kafka
16:54:08.534 [main] DEBUG com.snowflake.kafka.security.KafkaSecurityConfig -- Configured additional security settings for Kafka
16:54:08.534 [main] DEBUG com.snowflake.kafka.security.KafkaSecurityConfig -- Created secure Kafka producer properties with 18 entries
16:54:08.534 [main] DEBUG com.snowflake.kafka.security.KafkaSecurityConfig -- Configured SSL settings for Kafka
16:54:08.534 [main] DEBUG com.snowflake.kafka.security.KafkaSecurityConfig -- Configured additional security settings for Kafka
16:54:08.534 [main] DEBUG com.snowflake.kafka.security.KafkaSecurityConfig -- Created secure Kafka producer properties with 18 entries
16:54:08.534 [main] DEBUG com.snowflake.kafka.security.KafkaSecurityConfig -- Configured SSL settings for Kafka
16:54:08.534 [main] DEBUG com.snowflake.kafka.security.KafkaSecurityConfig -- Configured additional security settings for Kafka
16:54:08.534 [main] DEBUG com.snowflake.kafka.security.KafkaSecurityConfig -- Created secure Kafka producer properties with 18 entries
16:54:08.534 [main] DEBUG com.snowflake.kafka.security.KafkaSecurityConfig -- Configured SSL settings for Kafka
16:54:08.534 [main] DEBUG com.snowflake.kafka.security.KafkaSecurityConfig -- Configured additional security settings for Kafka
16:54:08.534 [main] DEBUG com.snowflake.kafka.security.KafkaSecurityConfig -- Created secure Kafka producer properties with 18 entries
16:54:08.534 [main] DEBUG com.snowflake.kafka.security.KafkaSecurityConfig -- Configured SSL settings for Kafka
16:54:08.534 [main] DEBUG com.snowflake.kafka.security.KafkaSecurityConfig -- Configured additional security settings for Kafka
16:54:08.534 [main] DEBUG com.snowflake.kafka.security.KafkaSecurityConfig -- Created secure Kafka producer properties with 18 entries
16:54:08.534 [main] DEBUG com.snowflake.kafka.security.KafkaSecurityConfig -- Configured SSL settings for Kafka
16:54:08.534 [main] DEBUG com.snowflake.kafka.security.KafkaSecurityConfig -- Configured additional security settings for Kafka
16:54:08.534 [main] DEBUG com.snowflake.kafka.security.KafkaSecurityConfig -- Created secure Kafka producer properties with 18 entries
16:54:08.534 [main] DEBUG com.snowflake.kafka.security.KafkaSecurityConfig -- Configured SSL settings for Kafka
16:54:08.534 [main] DEBUG com.snowflake.kafka.security.KafkaSecurityConfig -- Configured additional security settings for Kafka
16:54:08.534 [main] DEBUG com.snowflake.kafka.security.KafkaSecurityConfig -- Created secure Kafka producer properties with 18 entries
16:54:08.534 [main] DEBUG com.snowflake.kafka.security.KafkaSecurityConfig -- Configured SSL settings for Kafka
16:54:08.534 [main] DEBUG com.snowflake.kafka.security.KafkaSecurityConfig -- Configured additional security settings for Kafka
16:54:08.534 [main] DEBUG com.snowflake.kafka.security.KafkaSecurityConfig -- Created secure Kafka producer properties with 18 entries
16:54:08.534 [main] DEBUG com.snowflake.kafka.security.KafkaSecurityConfig -- Configured SSL settings for Kafka
16:54:08.534 [main] DEBUG com.snowflake.kafka.security.KafkaSecurityConfig -- Configured additional security settings for Kafka
16:54:08.534 [main] DEBUG com.snowflake.kafka.security.KafkaSecurityConfig -- Created secure Kafka producer properties with 18 entries
16:54:08.534 [main] DEBUG com.snowflake.kafka.security.KafkaSecurityConfig -- Configured SSL settings for Kafka
16:54:08.534 [main] DEBUG com.snowflake.kafka.security.KafkaSecurityConfig -- Configured additional security settings for Kafka
16:54:08.534 [main] DEBUG com.snowflake.kafka.security.KafkaSecurityConfig -- Created secure Kafka producer properties with 18 entries
16:54:08.534 [main] DEBUG com.snowflake.kafka.security.KafkaSecurityConfig -- Configured SSL settings for Kafka
16:54:08.534 [main] DEBUG com.snowflake.kafka.security.KafkaSecurityConfig -- Configured additional security settings for Kafka
16:54:08.534 [main] DEBUG com.snowflake.kafka.security.KafkaSecurityConfig -- Created secure Kafka producer properties with 18 entries
16:54:08.534 [main] DEBUG com.snowflake.kafka.security.KafkaSecurityConfig -- Configured SSL settings for Kafka
16:54:08.534 [main] DEBUG com.snowflake.kafka.security.KafkaSecurityConfig -- Configured additional security settings for Kafka
16:54:08.534 [main] DEBUG com.snowflake.kafka.security.KafkaSecurityConfig -- Created secure Kafka producer properties with 18 entries
16:54:08.534 [main] DEBUG com.snowflake.kafka.security.KafkaSecurityConfig -- Configured SSL settings for Kafka
16:54:08.534 [main] DEBUG com.snowflake.kafka.security.KafkaSecurityConfig -- Configured additional security settings for Kafka
16:54:08.534 [main] DEBUG com.snowflake.kafka.security.KafkaSecurityConfig -- Created secure Kafka producer properties with 18 entries
16:54:08.534 [main] DEBUG com.snowflake.kafka.security.KafkaSecurityConfig -- Configured SSL settings for Kafka
16:54:08.534 [main] DEBUG com.snowflake.kafka.security.KafkaSecurityConfig -- Configured additional security settings for Kafka
16:54:08.534 [main] DEBUG com.snowflake.kafka.security.KafkaSecurityConfig -- Created secure Kafka producer properties with 18 entries
16:54:08.534 [main] DEBUG com.snowflake.kafka.security.KafkaSecurityConfig -- Configured SSL settings for Kafka
16:54:08.534 [main] DEBUG com.snowflake.kafka.security.KafkaSecurityConfig -- Configured additional security settings for Kafka
16:54:08.534 [main] DEBUG com.snowflake.kafka.security.KafkaSecurityConfig -- Created secure Kafka producer properties with 18 entries
16:54:08.534 [main] DEBUG com.snowflake.kafka.security.KafkaSecurityConfig -- Configured SSL settings for Kafka
16:54:08.534 [main] DEBUG com.snowflake.kafka.security.KafkaSecurityConfig -- Configured additional security settings for Kafka
16:54:08.534 [main] DEBUG com.snowflake.kafka.security.KafkaSecurityConfig -- Created secure Kafka producer properties with 18 entries
16:54:08.534 [main] DEBUG com.snowflake.kafka.security.KafkaSecurityConfig -- Configured SSL settings for Kafka
16:54:08.534 [main] DEBUG com.snowflake.kafka.security.KafkaSecurityConfig -- Configured additional security settings for Kafka
16:54:08.534 [main] DEBUG com.snowflake.kafka.security.KafkaSecurityConfig -- Created secure Kafka producer properties with 18 entries
16:54:08.534 [main] DEBUG com.snowflake.kafka.security.KafkaSecurityConfig -- Configured SSL settings for Kafka
16:54:08.534 [main] DEBUG com.snowflake.kafka.security.KafkaSecurityConfig -- Configured additional security settings for Kafka
16:54:08.534 [main] DEBUG com.snowflake.kafka.security.KafkaSecurityConfig -- Created secure Kafka producer properties with 18 entries
16:54:08.534 [main] DEBUG com.snowflake.kafka.security.KafkaSecurityConfig -- Configured SSL settings for Kafka
16:54:08.534 [main] DEBUG com.snowflake.kafka.security.KafkaSecurityConfig -- Configured additional security settings for Kafka
16:54:08.534 [main] DEBUG com.snowflake.kafka.security.KafkaSecurityConfig -- Created secure Kafka producer properties with 18 entries
16:54:08.534 [main] DEBUG com.snowflake.kafka.security.KafkaSecurityConfig -- Configured SSL settings for Kafka
16:54:08.534 [main] DEBUG com.snowflake.kafka.security.KafkaSecurityConfig -- Configured additional security settings for Kafka
16:54:08.534 [main] DEBUG com.snowflake.kafka.security.KafkaSecurityConfig -- Created secure Kafka producer properties with 18 entries
16:54:08.534 [main] DEBUG com.snowflake.kafka.security.KafkaSecurityConfig -- Configured SSL settings for Kafka
16:54:08.534 [main] DEBUG com.snowflake.kafka.security.KafkaSecurityConfig -- Configured additional security settings for Kafka
16:54:08.534 [main] DEBUG com.snowflake.kafka.security.KafkaSecurityConfig -- Created secure Kafka producer properties with 18 entries
16:54:08.534 [main] DEBUG com.snowflake.kafka.security.KafkaSecurityConfig -- Configured SSL settings for Kafka
16:54:08.534 [main] DEBUG com.snowflake.kafka.security.KafkaSecurityConfig -- Configured additional security settings for Kafka
16:54:08.534 [main] DEBUG com.snowflake.kafka.security.KafkaSecurityConfig -- Created secure Kafka producer properties with 18 entries
16:54:08.534 [main] DEBUG com.snowflake.kafka.security.KafkaSecurityConfig -- Configured SSL settings for Kafka
16:54:08.534 [main] DEBUG com.snowflake.kafka.security.KafkaSecurityConfig -- Configured additional security settings for Kafka
16:54:08.534 [main] DEBUG com.snowflake.kafka.security.KafkaSecurityConfig -- Created secure Kafka producer properties with 18 entries
16:54:08.534 [main] DEBUG com.snowflake.kafka.security.KafkaSecurityConfig -- Configured SSL settings for Kafka
16:54:08.534 [main] DEBUG com.snowflake.kafka.security.KafkaSecurityConfig -- Configured additional security settings for Kafka
16:54:08.534 [main] DEBUG com.snowflake.kafka.security.KafkaSecurityConfig -- Created secure Kafka producer properties with 18 entries
16:54:08.534 [main] DEBUG com.snowflake.kafka.security.KafkaSecurityConfig -- Configured SSL settings for Kafka
16:54:08.534 [main] DEBUG com.snowflake.kafka.security.KafkaSecurityConfig -- Configured additional security settings for Kafka
16:54:08.534 [main] DEBUG com.snowflake.kafka.security.KafkaSecurityConfig -- Created secure Kafka producer properties with 18 entries
16:54:08.534 [main] DEBUG com.snowflake.kafka.security.KafkaSecurityConfig -- Configured SSL settings for Kafka
16:54:08.534 [main] DEBUG com.snowflake.kafka.security.KafkaSecurityConfig -- Configured additional security settings for Kafka
16:54:08.534 [main] DEBUG com.snowflake.kafka.security.KafkaSecurityConfig -- Created secure Kafka producer properties with 18 entries
16:54:08.534 [main] DEBUG com.snowflake.kafka.security.KafkaSecurityConfig -- Configured SSL settings for Kafka
16:54:08.534 [main] DEBUG com.snowflake.kafka.security.KafkaSecurityConfig -- Configured additional security settings for Kafka
16:54:08.534 [main] DEBUG com.snowflake.kafka.security.KafkaSecurityConfig -- Created secure Kafka producer properties with 18 entries
16:54:08.534 [main] DEBUG com.snowflake.kafka.security.KafkaSecurityConfig -- Configured SSL settings for Kafka
16:54:08.534 [main] DEBUG com.snowflake.kafka.security.KafkaSecurityConfig -- Configured additional security settings for Kafka
16:54:08.534 [main] DEBUG com.snowflake.kafka.security.KafkaSecurityConfig -- Created secure Kafka producer properties with 18 entries
16:54:08.534 [main] DEBUG com.snowflake.kafka.security.KafkaSecurityConfig -- Configured SSL settings for Kafka
16:54:08.534 [main] DEBUG com.snowflake.kafka.security.KafkaSecurityConfig -- Configured additional security settings for Kafka
16:54:08.534 [main] DEBUG com.snowflake.kafka.security.KafkaSecurityConfig -- Created secure Kafka producer properties with 18 entries
16:54:08.534 [main] DEBUG com.snowflake.kafka.security.KafkaSecurityConfig -- Configured SSL settings for Kafka
16:54:08.534 [main] DEBUG com.snowflake.kafka.security.KafkaSecurityConfig -- Configured additional security settings for Kafka
16:54:08.534 [main] DEBUG com.snowflake.kafka.security.KafkaSecurityConfig -- Created secure Kafka producer properties with 18 entries
16:54:08.534 [main] DEBUG com.snowflake.kafka.security.KafkaSecurityConfig -- Configured SSL settings for Kafka
16:54:08.534 [main] DEBUG com.snowflake.kafka.security.KafkaSecurityConfig -- Configured additional security settings for Kafka
16:54:08.534 [main] DEBUG com.snowflake.kafka.security.KafkaSecurityConfig -- Created secure Kafka producer properties with 18 entries
16:54:08.534 [main] DEBUG com.snowflake.kafka.security.KafkaSecurityConfig -- Configured SSL settings for Kafka
16:54:08.534 [main] DEBUG com.snowflake.kafka.security.KafkaSecurityConfig -- Configured additional security settings for Kafka
16:54:08.534 [main] DEBUG com.snowflake.kafka.security.KafkaSecurityConfig -- Created secure Kafka producer properties with 18 entries
16:54:08.534 [main] DEBUG com.snowflake.kafka.security.KafkaSecurityConfig -- Configured SSL settings for Kafka
16:54:08.534 [main] DEBUG com.snowflake.kafka.security.KafkaSecurityConfig -- Configured additional security settings for Kafka
16:54:08.534 [main] DEBUG com.snowflake.kafka.security.KafkaSecurityConfig -- Created secure Kafka producer properties with 18 entries
16:54:08.534 [main] DEBUG com.snowflake.kafka.security.KafkaSecurityConfig -- Configured SSL settings for Kafka
16:54:08.534 [main] DEBUG com.snowflake.kafka.security.KafkaSecurityConfig -- Configured additional security settings for Kafka
16:54:08.534 [main] DEBUG com.snowflake.kafka.security.KafkaSecurityConfig -- Created secure Kafka producer properties with 18 entries
16:54:08.534 [main] DEBUG com.snowflake.kafka.security.KafkaSecurityConfig -- Configured SSL settings for Kafka
16:54:08.534 [main] DEBUG com.snowflake.kafka.security.KafkaSecurityConfig -- Configured additional security settings for Kafka
16:54:08.534 [main] DEBUG com.snowflake.kafka.security.KafkaSecurityConfig -- Created secure Kafka producer properties with 18 entries
16:54:08.534 [main] DEBUG com.snowflake.kafka.security.KafkaSecurityConfig -- Configured SSL settings for Kafka
16:54:08.534 [main] DEBUG com.snowflake.kafka.security.KafkaSecurityConfig -- Configured additional security settings for Kafka
16:54:08.534 [main] DEBUG com.snowflake.kafka.security.KafkaSecurityConfig -- Created secure Kafka producer properties with 18 entries
16:54:08.534 [main] DEBUG com.snowflake.kafka.security.KafkaSecurityConfig -- Configured SSL settings for Kafka
16:54:08.534 [main] DEBUG com.snowflake.kafka.security.KafkaSecurityConfig -- Configured additional security settings for Kafka
16:54:08.534 [main] DEBUG com.snowflake.kafka.security.KafkaSecurityConfig -- Created secure Kafka producer properties with 18 entries
16:54:08.534 [main] DEBUG com.snowflake.kafka.security.KafkaSecurityConfig -- Configured SSL settings for Kafka
16:54:08.534 [main] DEBUG com.snowflake.kafka.security.KafkaSecurityConfig -- Configured additional security settings for Kafka
16:54:08.534 [main] DEBUG com.snowflake.kafka.security.KafkaSecurityConfig -- Created secure Kafka producer properties with 18 entries
16:54:08.534 [main] DEBUG com.snowflake.kafka.security.KafkaSecurityConfig -- Configured SSL settings for Kafka
16:54:08.534 [main] DEBUG com.snowflake.kafka.security.KafkaSecurityConfig -- Configured additional security settings for Kafka
16:54:08.534 [main] DEBUG com.snowflake.kafka.security.KafkaSecurityConfig -- Created secure Kafka producer properties with 18 entries
16:54:08.534 [main] DEBUG com.snowflake.kafka.security.KafkaSecurityConfig -- Configured SSL settings for Kafka
16:54:08.534 [main] DEBUG com.snowflake.kafka.security.KafkaSecurityConfig -- Configured additional security settings for Kafka
16:54:08.534 [main] DEBUG com.snowflake.kafka.security.KafkaSecurityConfig -- Created secure Kafka producer properties with 18 entries
16:54:08.534 [main] DEBUG com.snowflake.kafka.security.KafkaSecurityConfig -- Configured SSL settings for Kafka
16:54:08.534 [main] DEBUG com.snowflake.kafka.security.KafkaSecurityConfig -- Configured additional security settings for Kafka
16:54:08.534 [main] DEBUG com.snowflake.kafka.security.KafkaSecurityConfig -- Created secure Kafka producer properties with 18 entries
16:54:08.534 [main] DEBUG com.snowflake.kafka.security.KafkaSecurityConfig -- Configured SSL settings for Kafka
16:54:08.534 [main] DEBUG com.snowflake.kafka.security.KafkaSecurityConfig -- Configured additional security settings for Kafka
16:54:08.534 [main] DEBUG com.snowflake.kafka.security.KafkaSecurityConfig -- Created secure Kafka producer properties with 18 entries
16:54:08.534 [main] DEBUG com.snowflake.kafka.security.KafkaSecurityConfig -- Configured SSL settings for Kafka
16:54:08.534 [main] DEBUG com.snowflake.kafka.security.KafkaSecurityConfig -- Configured additional security settings for Kafka
16:54:08.534 [main] DEBUG com.snowflake.kafka.security.KafkaSecurityConfig -- Created secure Kafka producer properties with 18 entries
16:54:08.534 [main] DEBUG com.snowflake.kafka.security.KafkaSecurityConfig -- Configured SSL settings for Kafka
16:54:08.534 [main] DEBUG com.snowflake.kafka.security.KafkaSecurityConfig -- Configured additional security settings for Kafka
16:54:08.534 [main] DEBUG com.snowflake.kafka.security.KafkaSecurityConfig -- Created secure Kafka producer properties with 18 entries
16:54:08.534 [main] DEBUG com.snowflake.kafka.security.KafkaSecurityConfig -- Configured SSL settings for Kafka
16:54:08.534 [main] DEBUG com.snowflake.kafka.security.KafkaSecurityConfig -- Configured additional security settings for Kafka
16:54:08.534 [main] DEBUG com.snowflake.kafka.security.KafkaSecurityConfig -- Created secure Kafka producer properties with 18 entries
16:54:08.534 [main] DEBUG com.snowflake.kafka.security.KafkaSecurityConfig -- Configured SSL settings for Kafka
16:54:08.534 [main] DEBUG com.snowflake.kafka.security.KafkaSecurityConfig -- Configured additional security settings for Kafka
16:54:08.534 [main] DEBUG com.snowflake.kafka.security.KafkaSecurityConfig -- Created secure Kafka producer properties with 18 entries
16:54:08.534 [main] DEBUG com.snowflake.kafka.security.KafkaSecurityConfig -- Configured SSL settings for Kafka
16:54:08.534 [main] DEBUG com.snowflake.kafka.security.KafkaSecurityConfig -- Configured additional security settings for Kafka
16:54:08.534 [main] DEBUG com.snowflake.kafka.security.KafkaSecurityConfig -- Created secure Kafka producer properties with 18 entries
16:54:08.534 [main] DEBUG com.snowflake.kafka.security.KafkaSecurityConfig -- Configured SSL settings for Kafka
16:54:08.534 [main] DEBUG com.snowflake.kafka.security.KafkaSecurityConfig -- Configured additional security settings for Kafka
16:54:08.534 [main] DEBUG com.snowflake.kafka.security.KafkaSecurityConfig -- Created secure Kafka producer properties with 18 entries
16:54:08.534 [main] DEBUG com.snowflake.kafka.security.KafkaSecurityConfig -- Configured SSL settings for Kafka
16:54:08.534 [main] DEBUG com.snowflake.kafka.security.KafkaSecurityConfig -- Configured additional security settings for Kafka
16:54:08.534 [main] DEBUG com.snowflake.kafka.security.KafkaSecurityConfig -- Created secure Kafka producer properties with 18 entries
16:54:08.534 [main] DEBUG com.snowflake.kafka.security.KafkaSecurityConfig -- Configured SSL settings for Kafka
16:54:08.534 [main] DEBUG com.snowflake.kafka.security.KafkaSecurityConfig -- Configured additional security settings for Kafka
16:54:08.534 [main] DEBUG com.snowflake.kafka.security.KafkaSecurityConfig -- Created secure Kafka producer properties with 18 entries
16:54:08.534 [main] DEBUG com.snowflake.kafka.security.KafkaSecurityConfig -- Configured SSL settings for Kafka
16:54:08.534 [main] DEBUG com.snowflake.kafka.security.KafkaSecurityConfig -- Configured additional security settings for Kafka
16:54:08.534 [main] DEBUG com.snowflake.kafka.security.KafkaSecurityConfig -- Created secure Kafka producer properties with 18 entries
16:54:08.534 [main] DEBUG com.snowflake.kafka.security.KafkaSecurityConfig -- Configured SSL settings for Kafka
16:54:08.534 [main] DEBUG com.snowflake.kafka.security.KafkaSecurityConfig -- Configured additional security settings for Kafka
16:54:08.534 [main] DEBUG com.snowflake.kafka.security.KafkaSecurityConfig -- Created secure Kafka producer properties with 18 entries
16:54:08.534 [main] DEBUG com.snowflake.kafka.security.KafkaSecurityConfig -- Configured SSL settings for Kafka
16:54:08.534 [main] DEBUG com.snowflake.kafka.security.KafkaSecurityConfig -- Configured additional security settings for Kafka
16:54:08.534 [main] DEBUG com.snowflake.kafka.security.KafkaSecurityConfig -- Created secure Kafka producer properties with 18 entries
16:54:08.534 [main] DEBUG com.snowflake.kafka.security.KafkaSecurityConfig -- Configured SSL settings for Kafka
16:54:08.534 [main] DEBUG com.snowflake.kafka.security.KafkaSecurityConfig -- Configured additional security settings for Kafka
16:54:08.534 [main] DEBUG com.snowflake.kafka.security.KafkaSecurityConfig -- Created secure Kafka producer properties with 18 entries
16:54:08.534 [main] DEBUG com.snowflake.kafka.security.KafkaSecurityConfig -- Configured SSL settings for Kafka
16:54:08.534 [main] DEBUG com.snowflake.kafka.security.KafkaSecurityConfig -- Configured additional security settings for Kafka
16:54:08.534 [main] DEBUG com.snowflake.kafka.security.KafkaSecurityConfig -- Created secure Kafka producer properties with 18 entries
16:54:08.534 [main] DEBUG com.snowflake.kafka.security.KafkaSecurityConfig -- Configured SSL settings for Kafka
16:54:08.534 [main] DEBUG com.snowflake.kafka.security.KafkaSecurityConfig -- Configured additional security settings for Kafka
16:54:08.534 [main] DEBUG com.snowflake.kafka.security.KafkaSecurityConfig -- Created secure Kafka producer properties with 18 entries
16:54:08.534 [main] DEBUG com.snowflake.kafka.security.KafkaSecurityConfig -- Configured SSL settings for Kafka
16:54:08.534 [main] DEBUG com.snowflake.kafka.security.KafkaSecurityConfig -- Configured additional security settings for Kafka
16:54:08.534 [main] DEBUG com.snowflake.kafka.security.KafkaSecurityConfig -- Created secure Kafka producer properties with 18 entries
16:54:08.534 [main] DEBUG com.snowflake.kafka.security.KafkaSecurityConfig -- Configured SSL settings for Kafka
16:54:08.534 [main] DEBUG com.snowflake.kafka.security.KafkaSecurityConfig -- Configured additional security settings for Kafka
16:54:08.534 [main] DEBUG com.snowflake.kafka.security.KafkaSecurityConfig -- Created secure Kafka producer properties with 18 entries
16:54:08.534 [main] DEBUG com.snowflake.kafka.security.KafkaSecurityConfig -- Configured SSL settings for Kafka
16:54:08.534 [main] DEBUG com.snowflake.kafka.security.KafkaSecurityConfig -- Configured additional security settings for Kafka
16:54:08.534 [main] DEBUG com.snowflake.kafka.security.KafkaSecurityConfig -- Created secure Kafka producer properties with 18 entries
16:54:08.534 [main] DEBUG com.snowflake.kafka.security.KafkaSecurityConfig -- Configured SSL settings for Kafka
16:54:08.534 [main] DEBUG com.snowflake.kafka.security.KafkaSecurityConfig -- Configured additional security settings for Kafka
16:54:08.534 [main] DEBUG com.snowflake.kafka.security.KafkaSecurityConfig -- Created secure Kafka producer properties with 18 entries
16:54:08.534 [main] DEBUG com.snowflake.kafka.security.KafkaSecurityConfig -- Configured SSL settings for Kafka
16:54:08.534 [main] DEBUG com.snowflake.kafka.security.KafkaSecurityConfig -- Configured additional security settings for Kafka
16:54:08.534 [main] DEBUG com.snowflake.kafka.security.KafkaSecurityConfig -- Created secure Kafka producer properties with 18 entries
16:54:08.534 [main] DEBUG com.snowflake.kafka.security.KafkaSecurityConfig -- Configured SSL settings for Kafka
16:54:08.534 [main] DEBUG com.snowflake.kafka.security.KafkaSecurityConfig -- Configured additional security settings for Kafka
16:54:08.534 [main] DEBUG com.snowflake.kafka.security.KafkaSecurityConfig -- Created secure Kafka producer properties with 18 entries
16:54:08.534 [main] DEBUG com.snowflake.kafka.security.KafkaSecurityConfig -- Configured SSL settings for Kafka
16:54:08.534 [main] DEBUG com.snowflake.kafka.security.KafkaSecurityConfig -- Configured additional security settings for Kafka
16:54:08.534 [main] DEBUG com.snowflake.kafka.security.KafkaSecurityConfig -- Created secure Kafka producer properties with 18 entries
16:54:08.534 [main] DEBUG com.snowflake.kafka.security.KafkaSecurityConfig -- Configured SSL settings for Kafka
16:54:08.534 [main] DEBUG com.snowflake.kafka.security.KafkaSecurityConfig -- Configured additional security settings for Kafka
16:54:08.534 [main] DEBUG com.snowflake.kafka.security.KafkaSecurityConfig -- Created secure Kafka producer properties with 18 entries
16:54:08.534 [main] DEBUG com.snowflake.kafka.security.KafkaSecurityConfig -- Configured SSL settings for Kafka
16:54:08.534 [main] DEBUG com.snowflake.kafka.security.KafkaSecurityConfig -- Configured additional security settings for Kafka
16:54:08.534 [main] DEBUG com.snowflake.kafka.security.KafkaSecurityConfig -- Created secure Kafka producer properties with 18 entries
16:54:08.534 [main] DEBUG com.snowflake.kafka.security.KafkaSecurityConfig -- Configured SSL settings for Kafka
16:54:08.534 [main] DEBUG com.snowflake.kafka.security.KafkaSecurityConfig -- Configured additional security settings for Kafka
16:54:08.534 [main] DEBUG com.snowflake.kafka.security.KafkaSecurityConfig -- Created secure Kafka producer properties with 18 entries
16:54:08.534 [main] DEBUG com.snowflake.kafka.security.KafkaSecurityConfig -- Configured SSL settings for Kafka
16:54:08.534 [main] DEBUG com.snowflake.kafka.security.KafkaSecurityConfig -- Configured additional security settings for Kafka
16:54:08.534 [main] DEBUG com.snowflake.kafka.security.KafkaSecurityConfig -- Created secure Kafka producer properties with 18 entries
16:54:08.534 [main] DEBUG com.snowflake.kafka.security.KafkaSecurityConfig -- Configured SSL settings for Kafka
16:54:08.534 [main] DEBUG com.snowflake.kafka.security.KafkaSecurityConfig -- Configured additional security settings for Kafka
16:54:08.534 [main] DEBUG com.snowflake.kafka.security.KafkaSecurityConfig -- Created secure Kafka producer properties with 18 entries
16:54:08.534 [main] DEBUG com.snowflake.kafka.security.KafkaSecurityConfig -- Configured SSL settings for Kafka
16:54:08.534 [main] DEBUG com.snowflake.kafka.security.KafkaSecurityConfig -- Configured additional security settings for Kafka
16:54:08.534 [main] DEBUG com.snowflake.kafka.security.KafkaSecurityConfig -- Created secure Kafka producer properties with 18 entries
16:54:08.534 [main] DEBUG com.snowflake.kafka.security.KafkaSecurityConfig -- Configured SSL settings for Kafka
16:54:08.534 [main] DEBUG com.snowflake.kafka.security.KafkaSecurityConfig -- Configured additional security settings for Kafka
16:54:08.534 [main] DEBUG com.snowflake.kafka.security.KafkaSecurityConfig -- Created secure Kafka producer properties with 18 entries
16:54:08.534 [main] DEBUG com.snowflake.kafka.security.KafkaSecurityConfig -- Configured SSL settings for Kafka
16:54:08.534 [main] DEBUG com.snowflake.kafka.security.KafkaSecurityConfig -- Configured additional security settings for Kafka
16:54:08.534 [main] DEBUG com.snowflake.kafka.security.KafkaSecurityConfig -- Created secure Kafka producer properties with 18 entries
16:54:08.534 [main] DEBUG com.snowflake.kafka.security.KafkaSecurityConfig -- Configured SSL settings for Kafka
16:54:08.534 [main] DEBUG com.snowflake.kafka.security.KafkaSecurityConfig -- Configured additional security settings for Kafka
16:54:08.534 [main] DEBUG com.snowflake.kafka.security.KafkaSecurityConfig -- Created secure Kafka producer properties with 18 entries
16:54:08.534 [main] DEBUG com.snowflake.kafka.security.KafkaSecurityConfig -- Configured SSL settings for Kafka
16:54:08.534 [main] DEBUG com.snowflake.kafka.security.KafkaSecurityConfig -- Configured additional security settings for Kafka
16:54:08.534 [main] DEBUG com.snowflake.kafka.security.KafkaSecurityConfig -- Created secure Kafka producer properties with 18 entries
16:54:08.534 [main] DEBUG com.snowflake.kafka.security.KafkaSecurityConfig -- Configured SSL settings for Kafka
16:54:08.534 [main] DEBUG com.snowflake.kafka.security.KafkaSecurityConfig -- Configured additional security settings for Kafka
16:54:08.534 [main] DEBUG com.snowflake.kafka.security.KafkaSecurityConfig -- Created secure Kafka producer properties with 18 entries
16:54:08.534 [main] DEBUG com.snowflake.kafka.security.KafkaSecurityConfig -- Configured SSL settings for Kafka
16:54:08.534 [main] DEBUG com.snowflake.kafka.security.KafkaSecurityConfig -- Configured additional security settings for Kafka
16:54:08.534 [main] DEBUG com.snowflake.kafka.security.KafkaSecurityConfig -- Created secure Kafka producer properties with 18 entries
16:54:08.534 [main] DEBUG com.snowflake.kafka.security.KafkaSecurityConfig -- Configured SSL settings for Kafka
16:54:08.534 [main] DEBUG com.snowflake.kafka.security.KafkaSecurityConfig -- Configured additional security settings for Kafka
16:54:08.534 [main] DEBUG com.snowflake.kafka.security.KafkaSecurityConfig -- Created secure Kafka producer properties with 18 entries
16:54:08.534 [main] DEBUG com.snowflake.kafka.security.KafkaSecurityConfig -- Configured SSL settings for Kafka
16:54:08.534 [main] DEBUG com.snowflake.kafka.security.KafkaSecurityConfig -- Configured additional security settings for Kafka
16:54:08.534 [main] DEBUG com.snowflake.kafka.security.KafkaSecurityConfig -- Created secure Kafka producer properties with 18 entries
16:54:08.534 [main] DEBUG com.snowflake.kafka.security.KafkaSecurityConfig -- Configured SSL settings for Kafka
16:54:08.534 [main] DEBUG com.snowflake.kafka.security.KafkaSecurityConfig -- Configured additional security settings for Kafka
16:54:08.534 [main] DEBUG com.snowflake.kafka.security.KafkaSecurityConfig -- Created secure Kafka producer properties with 18 entries
16:54:08.534 [main] DEBUG com.snowflake.kafka.security.KafkaSecurityConfig -- Configured SSL settings for Kafka
16:54:08.534 [main] DEBUG com.snowflake.kafka.security.KafkaSecurityConfig -- Configured additional security settings for Kafka
16:54:08.534 [main] DEBUG com.snowflake.kafka.security.KafkaSecurityConfig -- Created secure Kafka producer properties with 18 entries
16:54:08.534 [main] DEBUG com.snowflake.kafka.security.KafkaSecurityConfig -- Configured SSL settings for Kafka
16:54:08.534 [main] DEBUG com.snowflake.kafka.security.KafkaSecurityConfig -- Configured additional security settings for Kafka
16:54:08.534 [main] DEBUG com.snowflake.kafka.security.KafkaSecurityConfig -- Created secure Kafka producer properties with 18 entries
16:54:08.534 [main] DEBUG com.snowflake.kafka.security.KafkaSecurityConfig -- Configured SSL settings for Kafka
16:54:08.534 [main] DEBUG com.snowflake.kafka.security.KafkaSecurityConfig -- Configured additional security settings for Kafka
16:54:08.534 [main] DEBUG com.snowflake.kafka.security.KafkaSecurityConfig -- Created secure Kafka producer properties with 18 entries
16:54:08.534 [main] DEBUG com.snowflake.kafka.security.KafkaSecurityConfig -- Configured SSL settings for Kafka
16:54:08.534 [main] DEBUG com.snowflake.kafka.security.KafkaSecurityConfig -- Configured additional security settings for Kafka
16:54:08.534 [main] DEBUG com.snowflake.kafka.security.KafkaSecurityConfig -- Created secure Kafka producer properties with 18 entries
16:54:08.534 [main] DEBUG com.snowflake.kafka.security.KafkaSecurityConfig -- Configured SSL settings for Kafka
16:54:08.534 [main] DEBUG com.snowflake.kafka.security.KafkaSecurityConfig -- Configured additional security settings for Kafka
16:54:08.535 [main] DEBUG com.snowflake.kafka.security.KafkaSecurityConfig -- Created secure Kafka producer properties with 18 entries
16:54:08.535 [main] DEBUG com.snowflake.kafka.security.KafkaSecurityConfig -- Configured SSL settings for Kafka
16:54:08.535 [main] DEBUG com.snowflake.kafka.security.KafkaSecurityConfig -- Configured additional security settings for Kafka
16:54:08.535 [main] DEBUG com.snowflake.kafka.security.KafkaSecurityConfig -- Created secure Kafka producer properties with 18 entries
16:54:08.535 [main] DEBUG com.snowflake.kafka.security.KafkaSecurityConfig -- Configured SSL settings for Kafka
16:54:08.535 [main] DEBUG com.snowflake.kafka.security.KafkaSecurityConfig -- Configured additional security settings for Kafka
16:54:08.535 [main] DEBUG com.snowflake.kafka.security.KafkaSecurityConfig -- Created secure Kafka producer properties with 18 entries
16:54:08.535 [main] DEBUG com.snowflake.kafka.security.KafkaSecurityConfig -- Configured SSL settings for Kafka
16:54:08.535 [main] DEBUG com.snowflake.kafka.security.KafkaSecurityConfig -- Configured additional security settings for Kafka
16:54:08.535 [main] DEBUG com.snowflake.kafka.security.KafkaSecurityConfig -- Created secure Kafka producer properties with 18 entries
16:54:08.535 [main] DEBUG com.snowflake.kafka.security.KafkaSecurityConfig -- Configured SSL settings for Kafka
16:54:08.535 [main] DEBUG com.snowflake.kafka.security.KafkaSecurityConfig -- Configured additional security settings for Kafka
16:54:08.535 [main] DEBUG com.snowflake.kafka.security.KafkaSecurityConfig -- Created secure Kafka producer properties with 18 entries
16:54:08.535 [main] DEBUG com.snowflake.kafka.security.KafkaSecurityConfig -- Configured SSL settings for Kafka
16:54:08.535 [main] DEBUG com.snowflake.kafka.security.KafkaSecurityConfig -- Configured additional security settings for Kafka
16:54:08.535 [main] DEBUG com.snowflake.kafka.security.KafkaSecurityConfig -- Created secure Kafka producer properties with 18 entries
16:54:08.535 [main] DEBUG com.snowflake.kafka.security.KafkaSecurityConfig -- Configured SSL settings for Kafka
16:54:08.535 [main] DEBUG com.snowflake.kafka.security.KafkaSecurityConfig -- Configured additional security settings for Kafka
16:54:08.535 [main] DEBUG com.snowflake.kafka.security.KafkaSecurityConfig -- Created secure Kafka producer properties with 18 entries
16:54:08.535 [main] DEBUG com.snowflake.kafka.security.KafkaSecurityConfig -- Configured SSL settings for Kafka
16:54:08.535 [main] DEBUG com.snowflake.kafka.security.KafkaSecurityConfig -- Configured additional security settings for Kafka
16:54:08.535 [main] DEBUG com.snowflake.kafka.security.KafkaSecurityConfig -- Created secure Kafka producer properties with 18 entries
16:54:08.535 [main] DEBUG com.snowflake.kafka.security.KafkaSecurityConfig -- Configured SSL settings for Kafka
16:54:08.535 [main] DEBUG com.snowflake.kafka.security.KafkaSecurityConfig -- Configured additional security settings for Kafka
16:54:08.535 [main] DEBUG com.snowflake.kafka.security.KafkaSecurityConfig -- Created secure Kafka producer properties with 18 entries
16:54:08.535 [main] DEBUG com.snowflake.kafka.security.KafkaSecurityConfig -- Configured SSL settings for Kafka
16:54:08.535 [main] DEBUG com.snowflake.kafka.security.KafkaSecurityConfig -- Configured additional security settings for Kafka
16:54:08.535 [main] DEBUG com.snowflake.kafka.security.KafkaSecurityConfig -- Created secure Kafka producer properties with 18 entries
16:54:08.535 [main] DEBUG com.snowflake.kafka.security.KafkaSecurityConfig -- Configured SSL settings for Kafka
16:54:08.535 [main] DEBUG com.snowflake.kafka.security.KafkaSecurityConfig -- Configured additional security settings for Kafka
16:54:08.535 [main] DEBUG com.snowflake.kafka.security.KafkaSecurityConfig -- Created secure Kafka producer properties with 18 entries
16:54:08.535 [main] DEBUG com.snowflake.kafka.security.KafkaSecurityConfig -- Configured SSL settings for Kafka
16:54:08.535 [main] DEBUG com.snowflake.kafka.security.KafkaSecurityConfig -- Configured additional security settings for Kafka
16:54:08.535 [main] DEBUG com.snowflake.kafka.security.KafkaSecurityConfig -- Created secure Kafka producer properties with 18 entries
16:54:08.535 [main] DEBUG com.snowflake.kafka.security.KafkaSecurityConfig -- Configured SSL settings for Kafka
16:54:08.535 [main] DEBUG com.snowflake.kafka.security.KafkaSecurityConfig -- Configured additional security settings for Kafka
16:54:08.535 [main] DEBUG com.snowflake.kafka.security.KafkaSecurityConfig -- Created secure Kafka producer properties with 18 entries
16:54:08.535 [main] DEBUG com.snowflake.kafka.security.KafkaSecurityConfig -- Configured SSL settings for Kafka
16:54:08.535 [main] DEBUG com.snowflake.kafka.security.KafkaSecurityConfig -- Configured additional security settings for Kafka
16:54:08.535 [main] DEBUG com.snowflake.kafka.security.KafkaSecurityConfig -- Created secure Kafka producer properties with 18 entries
16:54:08.535 [main] DEBUG com.snowflake.kafka.security.KafkaSecurityConfig -- Configured SSL settings for Kafka
16:54:08.535 [main] DEBUG com.snowflake.kafka.security.KafkaSecurityConfig -- Configured additional security settings for Kafka
16:54:08.535 [main] DEBUG com.snowflake.kafka.security.KafkaSecurityConfig -- Created secure Kafka producer properties with 18 entries
16:54:08.535 [main] DEBUG com.snowflake.kafka.security.KafkaSecurityConfig -- Configured SSL settings for Kafka
16:54:08.535 [main] DEBUG com.snowflake.kafka.security.KafkaSecurityConfig -- Configured additional security settings for Kafka
16:54:08.535 [main] DEBUG com.snowflake.kafka.security.KafkaSecurityConfig -- Created secure Kafka producer properties with 18 entries
16:54:08.535 [main] DEBUG com.snowflake.kafka.security.KafkaSecurityConfig -- Configured SSL settings for Kafka
16:54:08.535 [main] DEBUG com.snowflake.kafka.security.KafkaSecurityConfig -- Configured additional security settings for Kafka
16:54:08.535 [main] DEBUG com.snowflake.kafka.security.KafkaSecurityConfig -- Created secure Kafka producer properties with 18 entries
16:54:08.535 [main] DEBUG com.snowflake.kafka.security.KafkaSecurityConfig -- Configured SSL settings for Kafka
16:54:08.535 [main] DEBUG com.snowflake.kafka.security.KafkaSecurityConfig -- Configured additional security settings for Kafka
16:54:08.535 [main] DEBUG com.snowflake.kafka.security.KafkaSecurityConfig -- Created secure Kafka producer properties with 18 entries
16:54:08.535 [main] DEBUG com.snowflake.kafka.security.KafkaSecurityConfig -- Configured SSL settings for Kafka
16:54:08.535 [main] DEBUG com.snowflake.kafka.security.KafkaSecurityConfig -- Configured additional security settings for Kafka
16:54:08.535 [main] DEBUG com.snowflake.kafka.security.KafkaSecurityConfig -- Created secure Kafka producer properties with 18 entries
16:54:08.535 [main] DEBUG com.snowflake.kafka.security.KafkaSecurityConfig -- Configured SSL settings for Kafka
16:54:08.535 [main] DEBUG com.snowflake.kafka.security.KafkaSecurityConfig -- Configured additional security settings for Kafka
16:54:08.535 [main] DEBUG com.snowflake.kafka.security.KafkaSecurityConfig -- Created secure Kafka producer properties with 18 entries
16:54:08.535 [main] DEBUG com.snowflake.kafka.security.KafkaSecurityConfig -- Configured SSL settings for Kafka
16:54:08.535 [main] DEBUG com.snowflake.kafka.security.KafkaSecurityConfig -- Configured additional security settings for Kafka
16:54:08.535 [main] DEBUG com.snowflake.kafka.security.KafkaSecurityConfig -- Created secure Kafka producer properties with 18 entries
16:54:08.535 [main] DEBUG com.snowflake.kafka.security.KafkaSecurityConfig -- Configured SSL settings for Kafka
16:54:08.535 [main] DEBUG com.snowflake.kafka.security.KafkaSecurityConfig -- Configured additional security settings for Kafka
16:54:08.535 [main] DEBUG com.snowflake.kafka.security.KafkaSecurityConfig -- Created secure Kafka producer properties with 18 entries
16:54:08.535 [main] DEBUG com.snowflake.kafka.security.KafkaSecurityConfig -- Configured SSL settings for Kafka
16:54:08.535 [main] DEBUG com.snowflake.kafka.security.KafkaSecurityConfig -- Configured additional security settings for Kafka
16:54:08.535 [main] DEBUG com.snowflake.kafka.security.KafkaSecurityConfig -- Created secure Kafka producer properties with 18 entries
16:54:08.535 [main] DEBUG com.snowflake.kafka.security.KafkaSecurityConfig -- Configured SSL settings for Kafka
16:54:08.535 [main] DEBUG com.snowflake.kafka.security.KafkaSecurityConfig -- Configured additional security settings for Kafka
16:54:08.535 [main] DEBUG com.snowflake.kafka.security.KafkaSecurityConfig -- Created secure Kafka producer properties with 18 entries
16:54:08.535 [main] DEBUG com.snowflake.kafka.security.KafkaSecurityConfig -- Configured SSL settings for Kafka
16:54:08.535 [main] DEBUG com.snowflake.kafka.security.KafkaSecurityConfig -- Configured additional security settings for Kafka
16:54:08.535 [main] DEBUG com.snowflake.kafka.security.KafkaSecurityConfig -- Created secure Kafka producer properties with 18 entries
16:54:08.535 [main] DEBUG com.snowflake.kafka.security.KafkaSecurityConfig -- Configured SSL settings for Kafka
16:54:08.535 [main] DEBUG com.snowflake.kafka.security.KafkaSecurityConfig -- Configured additional security settings for Kafka
16:54:08.535 [main] DEBUG com.snowflake.kafka.security.KafkaSecurityConfig -- Created secure Kafka producer properties with 18 entries
16:54:08.535 [main] DEBUG com.snowflake.kafka.security.KafkaSecurityConfig -- Configured SSL settings for Kafka
16:54:08.535 [main] DEBUG com.snowflake.kafka.security.KafkaSecurityConfig -- Configured additional security settings for Kafka
16:54:08.535 [main] DEBUG com.snowflake.kafka.security.KafkaSecurityConfig -- Created secure Kafka producer properties with 18 entries
16:54:08.535 [main] DEBUG com.snowflake.kafka.security.KafkaSecurityConfig -- Configured SSL settings for Kafka
16:54:08.535 [main] DEBUG com.snowflake.kafka.security.KafkaSecurityConfig -- Configured additional security settings for Kafka
16:54:08.535 [main] DEBUG com.snowflake.kafka.security.KafkaSecurityConfig -- Created secure Kafka producer properties with 18 entries
16:54:08.535 [main] DEBUG com.snowflake.kafka.security.KafkaSecurityConfig -- Configured SSL settings for Kafka
16:54:08.535 [main] DEBUG com.snowflake.kafka.security.KafkaSecurityConfig -- Configured additional security settings for Kafka
16:54:08.535 [main] DEBUG com.snowflake.kafka.security.KafkaSecurityConfig -- Created secure Kafka producer properties with 18 entries
16:54:08.535 [main] DEBUG com.snowflake.kafka.security.KafkaSecurityConfig -- Configured SSL settings for Kafka
16:54:08.535 [main] DEBUG com.snowflake.kafka.security.KafkaSecurityConfig -- Configured additional security settings for Kafka
16:54:08.535 [main] DEBUG com.snowflake.kafka.security.KafkaSecurityConfig -- Created secure Kafka producer properties with 18 entries
16:54:08.535 [main] DEBUG com.snowflake.kafka.security.KafkaSecurityConfig -- Configured SSL settings for Kafka
16:54:08.535 [main] DEBUG com.snowflake.kafka.security.KafkaSecurityConfig -- Configured additional security settings for Kafka
16:54:08.535 [main] DEBUG com.snowflake.kafka.security.KafkaSecurityConfig -- Created secure Kafka producer properties with 18 entries
16:54:08.535 [main] DEBUG com.snowflake.kafka.security.KafkaSecurityConfig -- Configured SSL settings for Kafka
16:54:08.535 [main] DEBUG com.snowflake.kafka.security.KafkaSecurityConfig -- Configured additional security settings for Kafka
16:54:08.535 [main] DEBUG com.snowflake.kafka.security.KafkaSecurityConfig -- Created secure Kafka producer properties with 18 entries
16:54:08.535 [main] DEBUG com.snowflake.kafka.security.KafkaSecurityConfig -- Configured SSL settings for Kafka
16:54:08.535 [main] DEBUG com.snowflake.kafka.security.KafkaSecurityConfig -- Configured additional security settings for Kafka
16:54:08.535 [main] DEBUG com.snowflake.kafka.security.KafkaSecurityConfig -- Created secure Kafka producer properties with 18 entries
16:54:08.535 [main] DEBUG com.snowflake.kafka.security.KafkaSecurityConfig -- Configured SSL settings for Kafka
16:54:08.535 [main] DEBUG com.snowflake.kafka.security.KafkaSecurityConfig -- Configured additional security settings for Kafka
16:54:08.535 [main] DEBUG com.snowflake.kafka.security.KafkaSecurityConfig -- Created secure Kafka producer properties with 18 entries
16:54:08.535 [main] DEBUG com.snowflake.kafka.security.KafkaSecurityConfig -- Configured SSL settings for Kafka
16:54:08.535 [main] DEBUG com.snowflake.kafka.security.KafkaSecurityConfig -- Configured additional security settings for Kafka
16:54:08.536 [main] DEBUG com.snowflake.kafka.security.KafkaSecurityConfig -- Created secure Kafka producer properties with 18 entries
16:54:08.536 [main] DEBUG com.snowflake.kafka.security.KafkaSecurityConfig -- Configured SSL settings for Kafka
16:54:08.536 [main] DEBUG com.snowflake.kafka.security.KafkaSecurityConfig -- Configured additional security settings for Kafka
16:54:08.536 [main] DEBUG com.snowflake.kafka.security.KafkaSecurityConfig -- Created secure Kafka producer properties with 18 entries
16:54:08.536 [main] DEBUG com.snowflake.kafka.security.KafkaSecurityConfig -- Configured SSL settings for Kafka
16:54:08.536 [main] DEBUG com.snowflake.kafka.security.KafkaSecurityConfig -- Configured additional security settings for Kafka
16:54:08.536 [main] DEBUG com.snowflake.kafka.security.KafkaSecurityConfig -- Created secure Kafka producer properties with 18 entries
16:54:08.536 [main] DEBUG com.snowflake.kafka.security.KafkaSecurityConfig -- Configured SSL settings for Kafka
16:54:08.536 [main] DEBUG com.snowflake.kafka.security.KafkaSecurityConfig -- Configured additional security settings for Kafka
16:54:08.536 [main] DEBUG com.snowflake.kafka.security.KafkaSecurityConfig -- Created secure Kafka producer properties with 18 entries
16:54:08.536 [main] DEBUG com.snowflake.kafka.security.KafkaSecurityConfig -- Configured SSL settings for Kafka
16:54:08.536 [main] DEBUG com.snowflake.kafka.security.KafkaSecurityConfig -- Configured additional security settings for Kafka
16:54:08.536 [main] DEBUG com.snowflake.kafka.security.KafkaSecurityConfig -- Created secure Kafka producer properties with 18 entries
16:54:08.536 [main] DEBUG com.snowflake.kafka.security.KafkaSecurityConfig -- Configured SSL settings for Kafka
16:54:08.536 [main] DEBUG com.snowflake.kafka.security.KafkaSecurityConfig -- Configured additional security settings for Kafka
16:54:08.536 [main] DEBUG com.snowflake.kafka.security.KafkaSecurityConfig -- Created secure Kafka producer properties with 18 entries
16:54:08.536 [main] DEBUG com.snowflake.kafka.security.KafkaSecurityConfig -- Configured SSL settings for Kafka
16:54:08.536 [main] DEBUG com.snowflake.kafka.security.KafkaSecurityConfig -- Configured additional security settings for Kafka
16:54:08.536 [main] DEBUG com.snowflake.kafka.security.KafkaSecurityConfig -- Created secure Kafka producer properties with 18 entries
16:54:08.536 [main] DEBUG com.snowflake.kafka.security.KafkaSecurityConfig -- Configured SSL settings for Kafka
16:54:08.536 [main] DEBUG com.snowflake.kafka.security.KafkaSecurityConfig -- Configured additional security settings for Kafka
16:54:08.536 [main] DEBUG com.snowflake.kafka.security.KafkaSecurityConfig -- Created secure Kafka producer properties with 18 entries
16:54:08.536 [main] DEBUG com.snowflake.kafka.security.KafkaSecurityConfig -- Configured SSL settings for Kafka
16:54:08.536 [main] DEBUG com.snowflake.kafka.security.KafkaSecurityConfig -- Configured additional security settings for Kafka
16:54:08.536 [main] DEBUG com.snowflake.kafka.security.KafkaSecurityConfig -- Created secure Kafka producer properties with 18 entries
16:54:08.536 [main] DEBUG com.snowflake.kafka.security.KafkaSecurityConfig -- Configured SSL settings for Kafka
16:54:08.536 [main] DEBUG com.snowflake.kafka.security.KafkaSecurityConfig -- Configured additional security settings for Kafka
16:54:08.536 [main] DEBUG com.snowflake.kafka.security.KafkaSecurityConfig -- Created secure Kafka producer properties with 18 entries
16:54:08.536 [main] DEBUG com.snowflake.kafka.security.KafkaSecurityConfig -- Configured SSL settings for Kafka
16:54:08.536 [main] DEBUG com.snowflake.kafka.security.KafkaSecurityConfig -- Configured additional security settings for Kafka
16:54:08.536 [main] DEBUG com.snowflake.kafka.security.KafkaSecurityConfig -- Created secure Kafka producer properties with 18 entries
16:54:08.536 [main] DEBUG com.snowflake.kafka.security.KafkaSecurityConfig -- Configured SSL settings for Kafka
16:54:08.536 [main] DEBUG com.snowflake.kafka.security.KafkaSecurityConfig -- Configured additional security settings for Kafka
16:54:08.536 [main] DEBUG com.snowflake.kafka.security.KafkaSecurityConfig -- Created secure Kafka producer properties with 18 entries
16:54:08.536 [main] DEBUG com.snowflake.kafka.security.KafkaSecurityConfig -- Configured SSL settings for Kafka
16:54:08.536 [main] DEBUG com.snowflake.kafka.security.KafkaSecurityConfig -- Configured additional security settings for Kafka
16:54:08.536 [main] DEBUG com.snowflake.kafka.security.KafkaSecurityConfig -- Created secure Kafka producer properties with 18 entries
16:54:08.536 [main] DEBUG com.snowflake.kafka.security.KafkaSecurityConfig -- Configured SSL settings for Kafka
16:54:08.536 [main] DEBUG com.snowflake.kafka.security.KafkaSecurityConfig -- Configured additional security settings for Kafka
16:54:08.536 [main] DEBUG com.snowflake.kafka.security.KafkaSecurityConfig -- Created secure Kafka producer properties with 18 entries
16:54:08.536 [main] DEBUG com.snowflake.kafka.security.KafkaSecurityConfig -- Configured SSL settings for Kafka
16:54:08.536 [main] DEBUG com.snowflake.kafka.security.KafkaSecurityConfig -- Configured additional security settings for Kafka
16:54:08.536 [main] DEBUG com.snowflake.kafka.security.KafkaSecurityConfig -- Created secure Kafka producer properties with 18 entries
16:54:08.536 [main] DEBUG com.snowflake.kafka.security.KafkaSecurityConfig -- Configured SSL settings for Kafka
16:54:08.536 [main] DEBUG com.snowflake.kafka.security.KafkaSecurityConfig -- Configured additional security settings for Kafka
16:54:08.536 [main] DEBUG com.snowflake.kafka.security.KafkaSecurityConfig -- Created secure Kafka producer properties with 18 entries
16:54:08.536 [main] DEBUG com.snowflake.kafka.security.KafkaSecurityConfig -- Configured SSL settings for Kafka
16:54:08.536 [main] DEBUG com.snowflake.kafka.security.KafkaSecurityConfig -- Configured additional security settings for Kafka
16:54:08.536 [main] DEBUG com.snowflake.kafka.security.KafkaSecurityConfig -- Created secure Kafka producer properties with 18 entries
16:54:08.536 [main] DEBUG com.snowflake.kafka.security.KafkaSecurityConfig -- Configured SSL settings for Kafka
16:54:08.536 [main] DEBUG com.snowflake.kafka.security.KafkaSecurityConfig -- Configured additional security settings for Kafka
16:54:08.536 [main] DEBUG com.snowflake.kafka.security.KafkaSecurityConfig -- Created secure Kafka producer properties with 18 entries
16:54:08.536 [main] DEBUG com.snowflake.kafka.security.KafkaSecurityConfig -- Configured SSL settings for Kafka
16:54:08.536 [main] DEBUG com.snowflake.kafka.security.KafkaSecurityConfig -- Configured additional security settings for Kafka
16:54:08.536 [main] DEBUG com.snowflake.kafka.security.KafkaSecurityConfig -- Created secure Kafka producer properties with 18 entries
16:54:08.536 [main] DEBUG com.snowflake.kafka.security.KafkaSecurityConfig -- Configured SSL settings for Kafka
16:54:08.536 [main] DEBUG com.snowflake.kafka.security.KafkaSecurityConfig -- Configured additional security settings for Kafka
16:54:08.536 [main] DEBUG com.snowflake.kafka.security.KafkaSecurityConfig -- Created secure Kafka producer properties with 18 entries
16:54:08.536 [main] DEBUG com.snowflake.kafka.security.KafkaSecurityConfig -- Configured SSL settings for Kafka
16:54:08.536 [main] DEBUG com.snowflake.kafka.security.KafkaSecurityConfig -- Configured additional security settings for Kafka
16:54:08.536 [main] DEBUG com.snowflake.kafka.security.KafkaSecurityConfig -- Created secure Kafka producer properties with 18 entries
16:54:08.536 [main] DEBUG com.snowflake.kafka.security.KafkaSecurityConfig -- Configured SSL settings for Kafka
16:54:08.536 [main] DEBUG com.snowflake.kafka.security.KafkaSecurityConfig -- Configured additional security settings for Kafka
16:54:08.536 [main] DEBUG com.snowflake.kafka.security.KafkaSecurityConfig -- Created secure Kafka producer properties with 18 entries
16:54:08.536 [main] DEBUG com.snowflake.kafka.security.KafkaSecurityConfig -- Configured SSL settings for Kafka
16:54:08.536 [main] DEBUG com.snowflake.kafka.security.KafkaSecurityConfig -- Configured additional security settings for Kafka
16:54:08.536 [main] DEBUG com.snowflake.kafka.security.KafkaSecurityConfig -- Created secure Kafka producer properties with 18 entries
16:54:08.536 [main] DEBUG com.snowflake.kafka.security.KafkaSecurityConfig -- Configured SSL settings for Kafka
16:54:08.536 [main] DEBUG com.snowflake.kafka.security.KafkaSecurityConfig -- Configured additional security settings for Kafka
16:54:08.536 [main] DEBUG com.snowflake.kafka.security.KafkaSecurityConfig -- Created secure Kafka producer properties with 18 entries
16:54:08.536 [main] DEBUG com.snowflake.kafka.security.KafkaSecurityConfig -- Configured SSL settings for Kafka
16:54:08.536 [main] DEBUG com.snowflake.kafka.security.KafkaSecurityConfig -- Configured additional security settings for Kafka
16:54:08.536 [main] DEBUG com.snowflake.kafka.security.KafkaSecurityConfig -- Created secure Kafka producer properties with 18 entries
16:54:08.536 [main] DEBUG com.snowflake.kafka.security.KafkaSecurityConfig -- Configured SSL settings for Kafka
16:54:08.536 [main] DEBUG com.snowflake.kafka.security.KafkaSecurityConfig -- Configured additional security settings for Kafka
16:54:08.536 [main] DEBUG com.snowflake.kafka.security.KafkaSecurityConfig -- Created secure Kafka producer properties with 18 entries
16:54:08.536 [main] DEBUG com.snowflake.kafka.security.KafkaSecurityConfig -- Configured SSL settings for Kafka
16:54:08.536 [main] DEBUG com.snowflake.kafka.security.KafkaSecurityConfig -- Configured additional security settings for Kafka
16:54:08.536 [main] DEBUG com.snowflake.kafka.security.KafkaSecurityConfig -- Created secure Kafka producer properties with 18 entries
16:54:08.536 [main] DEBUG com.snowflake.kafka.security.KafkaSecurityConfig -- Configured SSL settings for Kafka
16:54:08.536 [main] DEBUG com.snowflake.kafka.security.KafkaSecurityConfig -- Configured additional security settings for Kafka
16:54:08.536 [main] DEBUG com.snowflake.kafka.security.KafkaSecurityConfig -- Created secure Kafka producer properties with 18 entries
16:54:08.536 [main] DEBUG com.snowflake.kafka.security.KafkaSecurityConfig -- Configured SSL settings for Kafka
16:54:08.536 [main] DEBUG com.snowflake.kafka.security.KafkaSecurityConfig -- Configured additional security settings for Kafka
16:54:08.536 [main] DEBUG com.snowflake.kafka.security.KafkaSecurityConfig -- Created secure Kafka producer properties with 18 entries
16:54:08.536 [main] DEBUG com.snowflake.kafka.security.KafkaSecurityConfig -- Configured SSL settings for Kafka
16:54:08.536 [main] DEBUG com.snowflake.kafka.security.KafkaSecurityConfig -- Configured additional security settings for Kafka
16:54:08.536 [main] DEBUG com.snowflake.kafka.security.KafkaSecurityConfig -- Created secure Kafka producer properties with 18 entries
16:54:08.536 [main] DEBUG com.snowflake.kafka.security.KafkaSecurityConfig -- Configured SSL settings for Kafka
16:54:08.536 [main] DEBUG com.snowflake.kafka.security.KafkaSecurityConfig -- Configured additional security settings for Kafka
16:54:08.536 [main] DEBUG com.snowflake.kafka.security.KafkaSecurityConfig -- Created secure Kafka producer properties with 18 entries
16:54:08.536 [main] DEBUG com.snowflake.kafka.security.KafkaSecurityConfig -- Configured SSL settings for Kafka
16:54:08.536 [main] DEBUG com.snowflake.kafka.security.KafkaSecurityConfig -- Configured additional security settings for Kafka
16:54:08.536 [main] DEBUG com.snowflake.kafka.security.KafkaSecurityConfig -- Created secure Kafka producer properties with 18 entries
16:54:08.536 [main] DEBUG com.snowflake.kafka.security.KafkaSecurityConfig -- Configured SSL settings for Kafka
16:54:08.536 [main] DEBUG com.snowflake.kafka.security.KafkaSecurityConfig -- Configured additional security settings for Kafka
16:54:08.536 [main] DEBUG com.snowflake.kafka.security.KafkaSecurityConfig -- Created secure Kafka producer properties with 18 entries
16:54:08.536 [main] DEBUG com.snowflake.kafka.security.KafkaSecurityConfig -- Configured SSL settings for Kafka
16:54:08.536 [main] DEBUG com.snowflake.kafka.security.KafkaSecurityConfig -- Configured additional security settings for Kafka
16:54:08.536 [main] DEBUG com.snowflake.kafka.security.KafkaSecurityConfig -- Created secure Kafka producer properties with 18 entries
16:54:08.536 [main] DEBUG com.snowflake.kafka.security.KafkaSecurityConfig -- Configured SSL settings for Kafka
16:54:08.536 [main] DEBUG com.snowflake.kafka.security.KafkaSecurityConfig -- Configured additional security settings for Kafka
16:54:08.536 [main] DEBUG com.snowflake.kafka.security.KafkaSecurityConfig -- Created secure Kafka producer properties with 18 entries
16:54:08.536 [main] DEBUG com.snowflake.kafka.security.KafkaSecurityConfig -- Configured SSL settings for Kafka
16:54:08.536 [main] DEBUG com.snowflake.kafka.security.KafkaSecurityConfig -- Configured additional security settings for Kafka
16:54:08.536 [main] DEBUG com.snowflake.kafka.security.KafkaSecurityConfig -- Created secure Kafka producer properties with 18 entries
16:54:08.536 [main] DEBUG com.snowflake.kafka.security.KafkaSecurityConfig -- Configured SSL settings for Kafka
16:54:08.536 [main] DEBUG com.snowflake.kafka.security.KafkaSecurityConfig -- Configured additional security settings for Kafka
16:54:08.536 [main] DEBUG com.snowflake.kafka.security.KafkaSecurityConfig -- Created secure Kafka producer properties with 18 entries
16:54:08.536 [main] DEBUG com.snowflake.kafka.security.KafkaSecurityConfig -- Configured SSL settings for Kafka
16:54:08.536 [main] DEBUG com.snowflake.kafka.security.KafkaSecurityConfig -- Configured additional security settings for Kafka
16:54:08.536 [main] DEBUG com.snowflake.kafka.security.KafkaSecurityConfig -- Created secure Kafka producer properties with 18 entries
16:54:08.536 [main] DEBUG com.snowflake.kafka.security.KafkaSecurityConfig -- Configured SSL settings for Kafka
16:54:08.536 [main] DEBUG com.snowflake.kafka.security.KafkaSecurityConfig -- Configured additional security settings for Kafka
16:54:08.536 [main] DEBUG com.snowflake.kafka.security.KafkaSecurityConfig -- Created secure Kafka producer properties with 18 entries
16:54:08.536 [main] DEBUG com.snowflake.kafka.security.KafkaSecurityConfig -- Configured SSL settings for Kafka
16:54:08.536 [main] DEBUG com.snowflake.kafka.security.KafkaSecurityConfig -- Configured additional security settings for Kafka
16:54:08.536 [main] DEBUG com.snowflake.kafka.security.KafkaSecurityConfig -- Created secure Kafka producer properties with 18 entries
16:54:08.536 [main] DEBUG com.snowflake.kafka.security.KafkaSecurityConfig -- Configured SSL settings for Kafka
16:54:08.536 [main] DEBUG com.snowflake.kafka.security.KafkaSecurityConfig -- Configured additional security settings for Kafka
16:54:08.536 [main] DEBUG com.snowflake.kafka.security.KafkaSecurityConfig -- Created secure Kafka producer properties with 18 entries
16:54:08.536 [main] DEBUG com.snowflake.kafka.security.KafkaSecurityConfig -- Configured SSL settings for Kafka
16:54:08.536 [main] DEBUG com.snowflake.kafka.security.KafkaSecurityConfig -- Configured additional security settings for Kafka
16:54:08.536 [main] DEBUG com.snowflake.kafka.security.KafkaSecurityConfig -- Created secure Kafka producer properties with 18 entries
16:54:08.536 [main] DEBUG com.snowflake.kafka.security.KafkaSecurityConfig -- Configured SSL settings for Kafka
16:54:08.536 [main] DEBUG com.snowflake.kafka.security.KafkaSecurityConfig -- Configured additional security settings for Kafka
16:54:08.536 [main] DEBUG com.snowflake.kafka.security.KafkaSecurityConfig -- Created secure Kafka producer properties with 18 entries
16:54:08.536 [main] DEBUG com.snowflake.kafka.security.KafkaSecurityConfig -- Configured SSL settings for Kafka
16:54:08.536 [main] DEBUG com.snowflake.kafka.security.KafkaSecurityConfig -- Configured additional security settings for Kafka
16:54:08.536 [main] DEBUG com.snowflake.kafka.security.KafkaSecurityConfig -- Created secure Kafka producer properties with 18 entries
16:54:08.536 [main] DEBUG com.snowflake.kafka.security.KafkaSecurityConfig -- Configured SSL settings for Kafka
16:54:08.536 [main] DEBUG com.snowflake.kafka.security.KafkaSecurityConfig -- Configured additional security settings for Kafka
16:54:08.536 [main] DEBUG com.snowflake.kafka.security.KafkaSecurityConfig -- Created secure Kafka producer properties with 18 entries
16:54:08.536 [main] DEBUG com.snowflake.kafka.security.KafkaSecurityConfig -- Configured SSL settings for Kafka
16:54:08.536 [main] DEBUG com.snowflake.kafka.security.KafkaSecurityConfig -- Configured additional security settings for Kafka
16:54:08.536 [main] DEBUG com.snowflake.kafka.security.KafkaSecurityConfig -- Created secure Kafka producer properties with 18 entries
16:54:08.536 [main] DEBUG com.snowflake.kafka.security.KafkaSecurityConfig -- Configured SSL settings for Kafka
16:54:08.536 [main] DEBUG com.snowflake.kafka.security.KafkaSecurityConfig -- Configured additional security settings for Kafka
16:54:08.536 [main] DEBUG com.snowflake.kafka.security.KafkaSecurityConfig -- Created secure Kafka producer properties with 18 entries
16:54:08.536 [main] DEBUG com.snowflake.kafka.security.KafkaSecurityConfig -- Configured SSL settings for Kafka
16:54:08.536 [main] DEBUG com.snowflake.kafka.security.KafkaSecurityConfig -- Configured additional security settings for Kafka
16:54:08.536 [main] DEBUG com.snowflake.kafka.security.KafkaSecurityConfig -- Created secure Kafka producer properties with 18 entries
16:54:08.536 [main] DEBUG com.snowflake.kafka.security.KafkaSecurityConfig -- Configured SSL settings for Kafka
16:54:08.536 [main] DEBUG com.snowflake.kafka.security.KafkaSecurityConfig -- Configured additional security settings for Kafka
16:54:08.536 [main] DEBUG com.snowflake.kafka.security.KafkaSecurityConfig -- Created secure Kafka producer properties with 18 entries
16:54:08.536 [main] DEBUG com.snowflake.kafka.security.KafkaSecurityConfig -- Configured SSL settings for Kafka
16:54:08.536 [main] DEBUG com.snowflake.kafka.security.KafkaSecurityConfig -- Configured additional security settings for Kafka
16:54:08.536 [main] DEBUG com.snowflake.kafka.security.KafkaSecurityConfig -- Created secure Kafka producer properties with 18 entries
16:54:08.536 [main] DEBUG com.snowflake.kafka.security.KafkaSecurityConfig -- Configured SSL settings for Kafka
16:54:08.536 [main] DEBUG com.snowflake.kafka.security.KafkaSecurityConfig -- Configured additional security settings for Kafka
16:54:08.536 [main] DEBUG com.snowflake.kafka.security.KafkaSecurityConfig -- Created secure Kafka producer properties with 18 entries
16:54:08.536 [main] DEBUG com.snowflake.kafka.security.KafkaSecurityConfig -- Configured SSL settings for Kafka
16:54:08.536 [main] DEBUG com.snowflake.kafka.security.KafkaSecurityConfig -- Configured additional security settings for Kafka
16:54:08.536 [main] DEBUG com.snowflake.kafka.security.KafkaSecurityConfig -- Created secure Kafka producer properties with 18 entries
16:54:08.536 [main] DEBUG com.snowflake.kafka.security.KafkaSecurityConfig -- Configured SSL settings for Kafka
16:54:08.536 [main] DEBUG com.snowflake.kafka.security.KafkaSecurityConfig -- Configured additional security settings for Kafka
16:54:08.536 [main] DEBUG com.snowflake.kafka.security.KafkaSecurityConfig -- Created secure Kafka producer properties with 18 entries
16:54:08.536 [main] DEBUG com.snowflake.kafka.security.KafkaSecurityConfig -- Configured SSL settings for Kafka
16:54:08.536 [main] DEBUG com.snowflake.kafka.security.KafkaSecurityConfig -- Configured additional security settings for Kafka
16:54:08.536 [main] DEBUG com.snowflake.kafka.security.KafkaSecurityConfig -- Created secure Kafka producer properties with 18 entries
16:54:08.536 [main] DEBUG com.snowflake.kafka.security.KafkaSecurityConfig -- Configured SSL settings for Kafka
16:54:08.536 [main] DEBUG com.snowflake.kafka.security.KafkaSecurityConfig -- Configured additional security settings for Kafka
16:54:08.536 [main] DEBUG com.snowflake.kafka.security.KafkaSecurityConfig -- Created secure Kafka producer properties with 18 entries
16:54:08.536 [main] DEBUG com.snowflake.kafka.security.KafkaSecurityConfig -- Configured SSL settings for Kafka
16:54:08.536 [main] DEBUG com.snowflake.kafka.security.KafkaSecurityConfig -- Configured additional security settings for Kafka
16:54:08.536 [main] DEBUG com.snowflake.kafka.security.KafkaSecurityConfig -- Created secure Kafka producer properties with 18 entries
16:54:08.536 [main] DEBUG com.snowflake.kafka.security.KafkaSecurityConfig -- Configured SSL settings for Kafka
16:54:08.536 [main] DEBUG com.snowflake.kafka.security.KafkaSecurityConfig -- Configured additional security settings for Kafka
16:54:08.536 [main] DEBUG com.snowflake.kafka.security.KafkaSecurityConfig -- Created secure Kafka producer properties with 18 entries
16:54:08.536 [main] DEBUG com.snowflake.kafka.security.KafkaSecurityConfig -- Configured SSL settings for Kafka
16:54:08.536 [main] DEBUG com.snowflake.kafka.security.KafkaSecurityConfig -- Configured additional security settings for Kafka
16:54:08.536 [main] DEBUG com.snowflake.kafka.security.KafkaSecurityConfig -- Created secure Kafka producer properties with 18 entries
16:54:08.536 [main] DEBUG com.snowflake.kafka.security.KafkaSecurityConfig -- Configured SSL settings for Kafka
16:54:08.536 [main] DEBUG com.snowflake.kafka.security.KafkaSecurityConfig -- Configured additional security settings for Kafka
16:54:08.536 [main] DEBUG com.snowflake.kafka.security.KafkaSecurityConfig -- Created secure Kafka producer properties with 18 entries
16:54:08.536 [main] DEBUG com.snowflake.kafka.security.KafkaSecurityConfig -- Configured SSL settings for Kafka
16:54:08.536 [main] DEBUG com.snowflake.kafka.security.KafkaSecurityConfig -- Configured additional security settings for Kafka
16:54:08.536 [main] DEBUG com.snowflake.kafka.security.KafkaSecurityConfig -- Created secure Kafka producer properties with 18 entries
16:54:08.536 [main] DEBUG com.snowflake.kafka.security.KafkaSecurityConfig -- Configured SSL settings for Kafka
16:54:08.536 [main] DEBUG com.snowflake.kafka.security.KafkaSecurityConfig -- Configured additional security settings for Kafka
16:54:08.536 [main] DEBUG com.snowflake.kafka.security.KafkaSecurityConfig -- Created secure Kafka producer properties with 18 entries
16:54:08.536 [main] DEBUG com.snowflake.kafka.security.KafkaSecurityConfig -- Configured SSL settings for Kafka
16:54:08.536 [main] DEBUG com.snowflake.kafka.security.KafkaSecurityConfig -- Configured additional security settings for Kafka
16:54:08.536 [main] DEBUG com.snowflake.kafka.security.KafkaSecurityConfig -- Created secure Kafka producer properties with 18 entries
16:54:08.536 [main] DEBUG com.snowflake.kafka.security.KafkaSecurityConfig -- Configured SSL settings for Kafka
16:54:08.536 [main] DEBUG com.snowflake.kafka.security.KafkaSecurityConfig -- Configured additional security settings for Kafka
16:54:08.536 [main] DEBUG com.snowflake.kafka.security.KafkaSecurityConfig -- Created secure Kafka producer properties with 18 entries
16:54:08.536 [main] DEBUG com.snowflake.kafka.security.KafkaSecurityConfig -- Configured SSL settings for Kafka
16:54:08.536 [main] DEBUG com.snowflake.kafka.security.KafkaSecurityConfig -- Configured additional security settings for Kafka
16:54:08.536 [main] DEBUG com.snowflake.kafka.security.KafkaSecurityConfig -- Created secure Kafka producer properties with 18 entries
16:54:08.536 [main] DEBUG com.snowflake.kafka.security.KafkaSecurityConfig -- Configured SSL settings for Kafka
16:54:08.536 [main] DEBUG com.snowflake.kafka.security.KafkaSecurityConfig -- Configured additional security settings for Kafka
16:54:08.536 [main] DEBUG com.snowflake.kafka.security.KafkaSecurityConfig -- Created secure Kafka producer properties with 18 entries
16:54:08.536 [main] DEBUG com.snowflake.kafka.security.KafkaSecurityConfig -- Configured SSL settings for Kafka
16:54:08.536 [main] DEBUG com.snowflake.kafka.security.KafkaSecurityConfig -- Configured additional security settings for Kafka
16:54:08.536 [main] DEBUG com.snowflake.kafka.security.KafkaSecurityConfig -- Created secure Kafka producer properties with 18 entries
16:54:08.536 [main] DEBUG com.snowflake.kafka.security.KafkaSecurityConfig -- Configured SSL settings for Kafka
16:54:08.536 [main] DEBUG com.snowflake.kafka.security.KafkaSecurityConfig -- Configured additional security settings for Kafka
16:54:08.536 [main] DEBUG com.snowflake.kafka.security.KafkaSecurityConfig -- Created secure Kafka producer properties with 18 entries
16:54:08.536 [main] DEBUG com.snowflake.kafka.security.KafkaSecurityConfig -- Configured SSL settings for Kafka
16:54:08.536 [main] DEBUG com.snowflake.kafka.security.KafkaSecurityConfig -- Configured additional security settings for Kafka
16:54:08.536 [main] DEBUG com.snowflake.kafka.security.KafkaSecurityConfig -- Created secure Kafka producer properties with 18 entries
16:54:08.536 [main] DEBUG com.snowflake.kafka.security.KafkaSecurityConfig -- Configured SSL settings for Kafka
16:54:08.536 [main] DEBUG com.snowflake.kafka.security.KafkaSecurityConfig -- Configured additional security settings for Kafka
16:54:08.536 [main] DEBUG com.snowflake.kafka.security.KafkaSecurityConfig -- Created secure Kafka producer properties with 18 entries
16:54:08.536 [main] DEBUG com.snowflake.kafka.security.KafkaSecurityConfig -- Configured SSL settings for Kafka
16:54:08.536 [main] DEBUG com.snowflake.kafka.security.KafkaSecurityConfig -- Configured additional security settings for Kafka
16:54:08.536 [main] DEBUG com.snowflake.kafka.security.KafkaSecurityConfig -- Created secure Kafka producer properties with 18 entries
16:54:08.536 [main] DEBUG com.snowflake.kafka.security.KafkaSecurityConfig -- Configured SSL settings for Kafka
16:54:08.536 [main] DEBUG com.snowflake.kafka.security.KafkaSecurityConfig -- Configured additional security settings for Kafka
16:54:08.536 [main] DEBUG com.snowflake.kafka.security.KafkaSecurityConfig -- Created secure Kafka producer properties with 18 entries
16:54:08.536 [main] DEBUG com.snowflake.kafka.security.KafkaSecurityConfig -- Configured SSL settings for Kafka
16:54:08.536 [main] DEBUG com.snowflake.kafka.security.KafkaSecurityConfig -- Configured additional security settings for Kafka
16:54:08.536 [main] DEBUG com.snowflake.kafka.security.KafkaSecurityConfig -- Created secure Kafka producer properties with 18 entries
16:54:08.536 [main] DEBUG com.snowflake.kafka.security.KafkaSecurityConfig -- Configured SSL settings for Kafka
16:54:08.536 [main] DEBUG com.snowflake.kafka.security.KafkaSecurityConfig -- Configured additional security settings for Kafka
16:54:08.536 [main] DEBUG com.snowflake.kafka.security.KafkaSecurityConfig -- Created secure Kafka producer properties with 18 entries
16:54:08.536 [main] DEBUG com.snowflake.kafka.security.KafkaSecurityConfig -- Configured SSL settings for Kafka
16:54:08.536 [main] DEBUG com.snowflake.kafka.security.KafkaSecurityConfig -- Configured additional security settings for Kafka
16:54:08.536 [main] DEBUG com.snowflake.kafka.security.KafkaSecurityConfig -- Created secure Kafka producer properties with 18 entries
16:54:08.536 [main] DEBUG com.snowflake.kafka.security.KafkaSecurityConfig -- Configured SSL settings for Kafka
16:54:08.536 [main] DEBUG com.snowflake.kafka.security.KafkaSecurityConfig -- Configured additional security settings for Kafka
16:54:08.536 [main] DEBUG com.snowflake.kafka.security.KafkaSecurityConfig -- Created secure Kafka producer properties with 18 entries
16:54:08.536 [main] DEBUG com.snowflake.kafka.security.KafkaSecurityConfig -- Configured SSL settings for Kafka
16:54:08.536 [main] DEBUG com.snowflake.kafka.security.KafkaSecurityConfig -- Configured additional security settings for Kafka
16:54:08.536 [main] DEBUG com.snowflake.kafka.security.KafkaSecurityConfig -- Created secure Kafka producer properties with 18 entries
16:54:08.536 [main] DEBUG com.snowflake.kafka.security.KafkaSecurityConfig -- Configured SSL settings for Kafka
16:54:08.536 [main] DEBUG com.snowflake.kafka.security.KafkaSecurityConfig -- Configured additional security settings for Kafka
16:54:08.536 [main] DEBUG com.snowflake.kafka.security.KafkaSecurityConfig -- Created secure Kafka producer properties with 18 entries
16:54:08.536 [main] DEBUG com.snowflake.kafka.security.KafkaSecurityConfig -- Configured SSL settings for Kafka
16:54:08.536 [main] DEBUG com.snowflake.kafka.security.KafkaSecurityConfig -- Configured additional security settings for Kafka
16:54:08.536 [main] DEBUG com.snowflake.kafka.security.KafkaSecurityConfig -- Created secure Kafka producer properties with 18 entries
16:54:08.536 [main] DEBUG com.snowflake.kafka.security.KafkaSecurityConfig -- Configured SSL settings for Kafka
16:54:08.536 [main] DEBUG com.snowflake.kafka.security.KafkaSecurityConfig -- Configured additional security settings for Kafka
16:54:08.536 [main] DEBUG com.snowflake.kafka.security.KafkaSecurityConfig -- Created secure Kafka producer properties with 18 entries
16:54:08.536 [main] DEBUG com.snowflake.kafka.security.KafkaSecurityConfig -- Configured SSL settings for Kafka
16:54:08.536 [main] DEBUG com.snowflake.kafka.security.KafkaSecurityConfig -- Configured additional security settings for Kafka
16:54:08.536 [main] DEBUG com.snowflake.kafka.security.KafkaSecurityConfig -- Created secure Kafka producer properties with 18 entries
16:54:08.536 [main] DEBUG com.snowflake.kafka.security.KafkaSecurityConfig -- Configured SSL settings for Kafka
16:54:08.536 [main] DEBUG com.snowflake.kafka.security.KafkaSecurityConfig -- Configured additional security settings for Kafka
16:54:08.536 [main] DEBUG com.snowflake.kafka.security.KafkaSecurityConfig -- Created secure Kafka producer properties with 18 entries
16:54:08.536 [main] DEBUG com.snowflake.kafka.security.KafkaSecurityConfig -- Configured SSL settings for Kafka
16:54:08.536 [main] DEBUG com.snowflake.kafka.security.KafkaSecurityConfig -- Configured additional security settings for Kafka
16:54:08.536 [main] DEBUG com.snowflake.kafka.security.KafkaSecurityConfig -- Created secure Kafka producer properties with 18 entries
16:54:08.536 [main] DEBUG com.snowflake.kafka.security.KafkaSecurityConfig -- Configured SSL settings for Kafka
16:54:08.536 [main] DEBUG com.snowflake.kafka.security.KafkaSecurityConfig -- Configured additional security settings for Kafka
16:54:08.536 [main] DEBUG com.snowflake.kafka.security.KafkaSecurityConfig -- Created secure Kafka producer properties with 18 entries
16:54:08.536 [main] DEBUG com.snowflake.kafka.security.KafkaSecurityConfig -- Configured SSL settings for Kafka
16:54:08.536 [main] DEBUG com.snowflake.kafka.security.KafkaSecurityConfig -- Configured additional security settings for Kafka
16:54:08.536 [main] DEBUG com.snowflake.kafka.security.KafkaSecurityConfig -- Created secure Kafka producer properties with 18 entries
16:54:08.536 [main] DEBUG com.snowflake.kafka.security.KafkaSecurityConfig -- Configured SSL settings for Kafka
16:54:08.536 [main] DEBUG com.snowflake.kafka.security.KafkaSecurityConfig -- Configured additional security settings for Kafka
16:54:08.536 [main] DEBUG com.snowflake.kafka.security.KafkaSecurityConfig -- Created secure Kafka producer properties with 18 entries
16:54:08.536 [main] DEBUG com.snowflake.kafka.security.KafkaSecurityConfig -- Configured SSL settings for Kafka
16:54:08.536 [main] DEBUG com.snowflake.kafka.security.KafkaSecurityConfig -- Configured additional security settings for Kafka
16:54:08.536 [main] DEBUG com.snowflake.kafka.security.KafkaSecurityConfig -- Created secure Kafka producer properties with 18 entries
16:54:08.536 [main] DEBUG com.snowflake.kafka.security.KafkaSecurityConfig -- Configured SSL settings for Kafka
16:54:08.536 [main] DEBUG com.snowflake.kafka.security.KafkaSecurityConfig -- Configured additional security settings for Kafka
16:54:08.536 [main] DEBUG com.snowflake.kafka.security.KafkaSecurityConfig -- Created secure Kafka producer properties with 18 entries
16:54:08.536 [main] DEBUG com.snowflake.kafka.security.KafkaSecurityConfig -- Configured SSL settings for Kafka
16:54:08.536 [main] DEBUG com.snowflake.kafka.security.KafkaSecurityConfig -- Configured additional security settings for Kafka
16:54:08.536 [main] DEBUG com.snowflake.kafka.security.KafkaSecurityConfig -- Created secure Kafka producer properties with 18 entries
16:54:08.536 [main] DEBUG com.snowflake.kafka.security.KafkaSecurityConfig -- Configured SSL settings for Kafka
16:54:08.536 [main] DEBUG com.snowflake.kafka.security.KafkaSecurityConfig -- Configured additional security settings for Kafka
16:54:08.536 [main] DEBUG com.snowflake.kafka.security.KafkaSecurityConfig -- Created secure Kafka producer properties with 18 entries
16:54:08.536 [main] DEBUG com.snowflake.kafka.security.KafkaSecurityConfig -- Configured SSL settings for Kafka
16:54:08.536 [main] DEBUG com.snowflake.kafka.security.KafkaSecurityConfig -- Configured additional security settings for Kafka
16:54:08.536 [main] DEBUG com.snowflake.kafka.security.KafkaSecurityConfig -- Created secure Kafka producer properties with 18 entries
16:54:08.536 [main] DEBUG com.snowflake.kafka.security.KafkaSecurityConfig -- Configured SSL settings for Kafka
16:54:08.536 [main] DEBUG com.snowflake.kafka.security.KafkaSecurityConfig -- Configured additional security settings for Kafka
16:54:08.536 [main] DEBUG com.snowflake.kafka.security.KafkaSecurityConfig -- Created secure Kafka producer properties with 18 entries
16:54:08.536 [main] DEBUG com.snowflake.kafka.security.KafkaSecurityConfig -- Configured SSL settings for Kafka
16:54:08.536 [main] DEBUG com.snowflake.kafka.security.KafkaSecurityConfig -- Configured additional security settings for Kafka
16:54:08.536 [main] DEBUG com.snowflake.kafka.security.KafkaSecurityConfig -- Created secure Kafka producer properties with 18 entries
16:54:08.536 [main] DEBUG com.snowflake.kafka.security.KafkaSecurityConfig -- Configured SSL settings for Kafka
16:54:08.536 [main] DEBUG com.snowflake.kafka.security.KafkaSecurityConfig -- Configured additional security settings for Kafka
16:54:08.536 [main] DEBUG com.snowflake.kafka.security.KafkaSecurityConfig -- Created secure Kafka producer properties with 18 entries
16:54:08.536 [main] DEBUG com.snowflake.kafka.security.KafkaSecurityConfig -- Configured SSL settings for Kafka
16:54:08.536 [main] DEBUG com.snowflake.kafka.security.KafkaSecurityConfig -- Configured additional security settings for Kafka
16:54:08.536 [main] DEBUG com.snowflake.kafka.security.KafkaSecurityConfig -- Created secure Kafka producer properties with 18 entries
16:54:08.536 [main] DEBUG com.snowflake.kafka.security.KafkaSecurityConfig -- Configured SSL settings for Kafka
16:54:08.536 [main] DEBUG com.snowflake.kafka.security.KafkaSecurityConfig -- Configured additional security settings for Kafka
16:54:08.536 [main] DEBUG com.snowflake.kafka.security.KafkaSecurityConfig -- Created secure Kafka producer properties with 18 entries
16:54:08.536 [main] DEBUG com.snowflake.kafka.security.KafkaSecurityConfig -- Configured SSL settings for Kafka
16:54:08.536 [main] DEBUG com.snowflake.kafka.security.KafkaSecurityConfig -- Configured additional security settings for Kafka
16:54:08.536 [main] DEBUG com.snowflake.kafka.security.KafkaSecurityConfig -- Created secure Kafka producer properties with 18 entries
16:54:08.536 [main] DEBUG com.snowflake.kafka.security.KafkaSecurityConfig -- Configured SSL settings for Kafka
16:54:08.536 [main] DEBUG com.snowflake.kafka.security.KafkaSecurityConfig -- Configured additional security settings for Kafka
16:54:08.536 [main] DEBUG com.snowflake.kafka.security.KafkaSecurityConfig -- Created secure Kafka producer properties with 18 entries
16:54:08.536 [main] DEBUG com.snowflake.kafka.security.KafkaSecurityConfig -- Configured SSL settings for Kafka
16:54:08.536 [main] DEBUG com.snowflake.kafka.security.KafkaSecurityConfig -- Configured additional security settings for Kafka
16:54:08.536 [main] DEBUG com.snowflake.kafka.security.KafkaSecurityConfig -- Created secure Kafka producer properties with 18 entries
16:54:08.536 [main] DEBUG com.snowflake.kafka.security.KafkaSecurityConfig -- Configured SSL settings for Kafka
16:54:08.536 [main] DEBUG com.snowflake.kafka.security.KafkaSecurityConfig -- Configured additional security settings for Kafka
16:54:08.536 [main] DEBUG com.snowflake.kafka.security.KafkaSecurityConfig -- Created secure Kafka producer properties with 18 entries
Created 1000 secure property sets in 27ms
]]></system-out>
  </testcase>
  <testcase name="testSSLConfiguration" classname="com.snowflake.kafka.security.KafkaSecurityConfigTest" time="0.005">
    <system-out><![CDATA[16:54:08.545 [main] INFO com.snowflake.kafka.security.KafkaSecurityConfig -- Kafka security configuration validation successful
16:54:08.545 [main] INFO com.snowflake.kafka.security.KafkaSecurityConfig -- Kafka security configuration initialized: protocol=SSL, mechanism=null
16:54:08.545 [main] DEBUG com.snowflake.kafka.security.KafkaSecurityConfig -- Configured SSL settings for Kafka
16:54:08.545 [main] DEBUG com.snowflake.kafka.security.KafkaSecurityConfig -- Configured additional security settings for Kafka
16:54:08.545 [main] DEBUG com.snowflake.kafka.security.KafkaSecurityConfig -- Created secure Kafka producer properties with 22 entries
]]></system-out>
  </testcase>
  <testcase name="testSASLScramConfiguration" classname="com.snowflake.kafka.security.KafkaSecurityConfigTest" time="0.005">
    <system-out><![CDATA[16:54:08.551 [main] INFO com.snowflake.kafka.security.KafkaSecurityConfig -- Kafka security configuration validation successful
16:54:08.551 [main] INFO com.snowflake.kafka.security.KafkaSecurityConfig -- Kafka security configuration initialized: protocol=SASL_SSL, mechanism=SCRAM_SHA_256
16:54:08.551 [main] DEBUG com.snowflake.kafka.security.KafkaSecurityConfig -- Configured SSL settings for Kafka
16:54:08.551 [main] DEBUG com.snowflake.kafka.security.KafkaSecurityConfig -- Configured SASL settings for Kafka with mechanism: SCRAM_SHA_256
16:54:08.552 [main] DEBUG com.snowflake.kafka.security.KafkaSecurityConfig -- Configured additional security settings for Kafka
16:54:08.552 [main] DEBUG com.snowflake.kafka.security.KafkaSecurityConfig -- Created secure Kafka producer properties with 20 entries
]]></system-out>
  </testcase>
  <testcase name="testValidationErrors" classname="com.snowflake.kafka.security.KafkaSecurityConfigTest" time="0.005"/>
  <testcase name="testHostnameVerificationDisabled" classname="com.snowflake.kafka.security.KafkaSecurityConfigTest" time="0.004">
    <system-out><![CDATA[16:54:08.562 [main] INFO com.snowflake.kafka.security.KafkaSecurityConfig -- Kafka security configuration validation successful
16:54:08.562 [main] INFO com.snowflake.kafka.security.KafkaSecurityConfig -- Kafka security configuration initialized: protocol=SSL, mechanism=null
16:54:08.562 [main] DEBUG com.snowflake.kafka.security.KafkaSecurityConfig -- Configured SSL settings for Kafka
16:54:08.562 [main] DEBUG com.snowflake.kafka.security.KafkaSecurityConfig -- Configured additional security settings for Kafka
16:54:08.562 [main] DEBUG com.snowflake.kafka.security.KafkaSecurityConfig -- Created secure Kafka producer properties with 17 entries
]]></system-out>
  </testcase>
  <testcase name="testConsumerProperties" classname="com.snowflake.kafka.security.KafkaSecurityConfigTest" time="0.039">
    <system-out><![CDATA[16:54:08.565 [main] INFO com.snowflake.kafka.security.KafkaSecurityConfig -- Kafka security configuration validation successful
16:54:08.566 [main] INFO com.snowflake.kafka.security.KafkaSecurityConfig -- Kafka security configuration initialized: protocol=SSL, mechanism=null
16:54:08.566 [main] DEBUG com.snowflake.kafka.security.KafkaSecurityConfig -- Configured SSL settings for Kafka
16:54:08.566 [main] DEBUG com.snowflake.kafka.security.KafkaSecurityConfig -- Configured additional security settings for Kafka
16:54:08.566 [main] DEBUG com.snowflake.kafka.security.KafkaSecurityConfig -- Created secure Kafka consumer properties with 19 entries
]]></system-out>
  </testcase>
  <testcase name="testSASLPlainConfiguration" classname="com.snowflake.kafka.security.KafkaSecurityConfigTest" time="0.019">
    <system-out><![CDATA[16:54:08.632 [main] INFO com.snowflake.kafka.security.KafkaSecurityConfig -- Kafka security configuration validation successful
16:54:08.632 [main] INFO com.snowflake.kafka.security.KafkaSecurityConfig -- Kafka security configuration initialized: protocol=SASL_PLAINTEXT, mechanism=PLAIN
16:54:08.632 [main] DEBUG com.snowflake.kafka.security.KafkaSecurityConfig -- Configured SASL settings for Kafka with mechanism: PLAIN
16:54:08.632 [main] DEBUG com.snowflake.kafka.security.KafkaSecurityConfig -- Configured additional security settings for Kafka
16:54:08.632 [main] DEBUG com.snowflake.kafka.security.KafkaSecurityConfig -- Created secure Kafka producer properties with 8 entries
]]></system-out>
  </testcase>
  <testcase name="testAllSaslMechanisms" classname="com.snowflake.kafka.security.KafkaSecurityConfigTest" time="0.018">
    <system-out><![CDATA[16:54:08.642 [main] INFO com.snowflake.kafka.security.KafkaSecurityConfig -- Kafka security configuration validation successful
16:54:08.642 [main] INFO com.snowflake.kafka.security.KafkaSecurityConfig -- Kafka security configuration initialized: protocol=SASL_PLAINTEXT, mechanism=PLAIN
16:54:08.642 [main] DEBUG com.snowflake.kafka.security.KafkaSecurityConfig -- Configured SASL settings for Kafka with mechanism: PLAIN
16:54:08.642 [main] DEBUG com.snowflake.kafka.security.KafkaSecurityConfig -- Configured additional security settings for Kafka
16:54:08.642 [main] DEBUG com.snowflake.kafka.security.KafkaSecurityConfig -- Created secure Kafka producer properties with 7 entries
16:54:08.642 [main] INFO com.snowflake.kafka.security.KafkaSecurityConfig -- Kafka security configuration validation successful
16:54:08.642 [main] INFO com.snowflake.kafka.security.KafkaSecurityConfig -- Kafka security configuration initialized: protocol=SASL_PLAINTEXT, mechanism=SCRAM_SHA_256
16:54:08.642 [main] DEBUG com.snowflake.kafka.security.KafkaSecurityConfig -- Configured SASL settings for Kafka with mechanism: SCRAM_SHA_256
16:54:08.642 [main] DEBUG com.snowflake.kafka.security.KafkaSecurityConfig -- Configured additional security settings for Kafka
16:54:08.642 [main] DEBUG com.snowflake.kafka.security.KafkaSecurityConfig -- Created secure Kafka producer properties with 7 entries
16:54:08.642 [main] INFO com.snowflake.kafka.security.KafkaSecurityConfig -- Kafka security configuration validation successful
16:54:08.642 [main] INFO com.snowflake.kafka.security.KafkaSecurityConfig -- Kafka security configuration initialized: protocol=SASL_PLAINTEXT, mechanism=SCRAM_SHA_512
16:54:08.642 [main] DEBUG com.snowflake.kafka.security.KafkaSecurityConfig -- Configured SASL settings for Kafka with mechanism: SCRAM_SHA_512
16:54:08.642 [main] DEBUG com.snowflake.kafka.security.KafkaSecurityConfig -- Configured additional security settings for Kafka
16:54:08.642 [main] DEBUG com.snowflake.kafka.security.KafkaSecurityConfig -- Created secure Kafka producer properties with 7 entries
]]></system-out>
  </testcase>
  <testcase name="testPlaintextConfiguration" classname="com.snowflake.kafka.security.KafkaSecurityConfigTest" time="0.004">
    <system-out><![CDATA[16:54:08.657 [main] INFO com.snowflake.kafka.security.KafkaSecurityConfig -- Kafka security configuration validation successful
16:54:08.657 [main] INFO com.snowflake.kafka.security.KafkaSecurityConfig -- Kafka security configuration initialized: protocol=PLAINTEXT, mechanism=null
16:54:08.657 [main] DEBUG com.snowflake.kafka.security.KafkaSecurityConfig -- Configured additional security settings for Kafka
16:54:08.657 [main] DEBUG com.snowflake.kafka.security.KafkaSecurityConfig -- Created secure Kafka producer properties with 6 entries
]]></system-out>
  </testcase>
</testsuite>