<?xml version="1.0" encoding="UTF-8"?>
<testsuite xmlns:xsi="http://www.w3.org/2001/XMLSchema-instance" xsi:noNamespaceSchemaLocation="https://maven.apache.org/surefire/maven-surefire-plugin/xsd/surefire-test-report-3.0.xsd" version="3.0" name="com.snowflake.kafka.security.SnowflakeKeyPairAuthTest" time="3.047" tests="13" errors="0" skipped="0" failures="0">
  <properties>
    <property name="java.specification.version" value="21"/>
    <property name="sun.jnu.encoding" value="UTF-8"/>
    <property name="java.class.path" value="/Users/tspann/Downloads/code/cursorai/SnowflakeToKafkaCDC/target/test-classes:/Users/tspann/Downloads/code/cursorai/SnowflakeToKafkaCDC/target/classes:/Users/tspann/.m2/repository/net/snowflake/snowflake-jdbc/3.14.4/snowflake-jdbc-3.14.4.jar:/Users/tspann/.m2/repository/org/apache/kafka/kafka-clients/3.6.0/kafka-clients-3.6.0.jar:/Users/tspann/.m2/repository/com/github/luben/zstd-jni/1.5.5-1/zstd-jni-1.5.5-1.jar:/Users/tspann/.m2/repository/org/lz4/lz4-java/1.8.0/lz4-java-1.8.0.jar:/Users/tspann/.m2/repository/org/xerial/snappy/snappy-java/1.1.10.4/snappy-java-1.1.10.4.jar:/Users/tspann/.m2/repository/com/fasterxml/jackson/core/jackson-databind/2.16.0/jackson-databind-2.16.0.jar:/Users/tspann/.m2/repository/com/fasterxml/jackson/core/jackson-annotations/2.16.0/jackson-annotations-2.16.0.jar:/Users/tspann/.m2/repository/com/fasterxml/jackson/core/jackson-core/2.16.0/jackson-core-2.16.0.jar:/Users/tspann/.m2/repository/com/fasterxml/jackson/datatype/jackson-datatype-jsr310/2.16.0/jackson-datatype-jsr310-2.16.0.jar:/Users/tspann/.m2/repository/com/zaxxer/HikariCP/5.1.0/HikariCP-5.1.0.jar:/Users/tspann/.m2/repository/org/apache/commons/commons-pool2/2.12.0/commons-pool2-2.12.0.jar:/Users/tspann/.m2/repository/org/slf4j/slf4j-api/2.0.9/slf4j-api-2.0.9.jar:/Users/tspann/.m2/repository/ch/qos/logback/logback-classic/1.4.14/logback-classic-1.4.14.jar:/Users/tspann/.m2/repository/ch/qos/logback/logback-core/1.4.14/logback-core-1.4.14.jar:/Users/tspann/.m2/repository/io/micrometer/micrometer-core/1.12.0/micrometer-core-1.12.0.jar:/Users/tspann/.m2/repository/io/micrometer/micrometer-commons/1.12.0/micrometer-commons-1.12.0.jar:/Users/tspann/.m2/repository/io/micrometer/micrometer-observation/1.12.0/micrometer-observation-1.12.0.jar:/Users/tspann/.m2/repository/org/hdrhistogram/HdrHistogram/2.1.12/HdrHistogram-2.1.12.jar:/Users/tspann/.m2/repository/org/latencyutils/LatencyUtils/2.0.3/LatencyUtils-2.0.3.jar:/Users/tspann/.m2/repository/io/micrometer/micrometer-registry-jmx/1.12.0/micrometer-registry-jmx-1.12.0.jar:/Users/tspann/.m2/repository/io/dropwizard/metrics/metrics-jmx/4.2.22/metrics-jmx-4.2.22.jar:/Users/tspann/.m2/repository/io/dropwizard/metrics/metrics-core/4.2.22/metrics-core-4.2.22.jar:/Users/tspann/.m2/repository/org/bouncycastle/bcpkix-jdk18on/1.77/bcpkix-jdk18on-1.77.jar:/Users/tspann/.m2/repository/org/bouncycastle/bcutil-jdk18on/1.77/bcutil-jdk18on-1.77.jar:/Users/tspann/.m2/repository/org/bouncycastle/bcprov-jdk18on/1.77/bcprov-jdk18on-1.77.jar:/Users/tspann/.m2/repository/com/typesafe/config/1.4.3/config-1.4.3.jar:/Users/tspann/.m2/repository/org/junit/jupiter/junit-jupiter/5.10.1/junit-jupiter-5.10.1.jar:/Users/tspann/.m2/repository/org/junit/jupiter/junit-jupiter-api/5.10.1/junit-jupiter-api-5.10.1.jar:/Users/tspann/.m2/repository/org/opentest4j/opentest4j/1.3.0/opentest4j-1.3.0.jar:/Users/tspann/.m2/repository/org/junit/platform/junit-platform-commons/1.10.1/junit-platform-commons-1.10.1.jar:/Users/tspann/.m2/repository/org/apiguardian/apiguardian-api/1.1.2/apiguardian-api-1.1.2.jar:/Users/tspann/.m2/repository/org/junit/jupiter/junit-jupiter-params/5.10.1/junit-jupiter-params-5.10.1.jar:/Users/tspann/.m2/repository/org/junit/jupiter/junit-jupiter-engine/5.10.1/junit-jupiter-engine-5.10.1.jar:/Users/tspann/.m2/repository/org/junit/platform/junit-platform-engine/1.10.1/junit-platform-engine-1.10.1.jar:/Users/tspann/.m2/repository/org/testcontainers/junit-jupiter/1.19.3/junit-jupiter-1.19.3.jar:/Users/tspann/.m2/repository/org/testcontainers/testcontainers/1.19.3/testcontainers-1.19.3.jar:/Users/tspann/.m2/repository/junit/junit/4.13.2/junit-4.13.2.jar:/Users/tspann/.m2/repository/org/hamcrest/hamcrest-core/1.3/hamcrest-core-1.3.jar:/Users/tspann/.m2/repository/org/apache/commons/commons-compress/1.24.0/commons-compress-1.24.0.jar:/Users/tspann/.m2/repository/org/rnorth/duct-tape/duct-tape/1.0.8/duct-tape-1.0.8.jar:/Users/tspann/.m2/repository/org/jetbrains/annotations/17.0.0/annotations-17.0.0.jar:/Users/tspann/.m2/repository/com/github/docker-java/docker-java-api/3.3.4/docker-java-api-3.3.4.jar:/Users/tspann/.m2/repository/com/github/docker-java/docker-java-transport-zerodep/3.3.4/docker-java-transport-zerodep-3.3.4.jar:/Users/tspann/.m2/repository/com/github/docker-java/docker-java-transport/3.3.4/docker-java-transport-3.3.4.jar:/Users/tspann/.m2/repository/net/java/dev/jna/jna/5.13.0/jna-5.13.0.jar:/Users/tspann/.m2/repository/org/testcontainers/kafka/1.19.3/kafka-1.19.3.jar:/Users/tspann/.m2/repository/org/mockito/mockito-core/5.8.0/mockito-core-5.8.0.jar:/Users/tspann/.m2/repository/net/bytebuddy/byte-buddy/1.14.10/byte-buddy-1.14.10.jar:/Users/tspann/.m2/repository/net/bytebuddy/byte-buddy-agent/1.14.10/byte-buddy-agent-1.14.10.jar:/Users/tspann/.m2/repository/org/objenesis/objenesis/3.3/objenesis-3.3.jar:"/>
    <property name="java.vm.vendor" value="Eclipse Adoptium"/>
    <property name="sun.arch.data.model" value="64"/>
    <property name="java.vendor.url" value="https://adoptium.net/"/>
    <property name="user.timezone" value="America/New_York"/>
    <property name="os.name" value="Mac OS X"/>
    <property name="java.vm.specification.version" value="21"/>
    <property name="sun.java.launcher" value="SUN_STANDARD"/>
    <property name="user.country" value="US"/>
    <property name="sun.boot.library.path" value="/Users/tspann/.sdkman/candidates/java/21.0.6-tem/lib"/>
    <property name="sun.java.command" value="/Users/tspann/Downloads/code/cursorai/SnowflakeToKafkaCDC/target/surefire/surefirebooter-20251003165408133_3.jar /Users/tspann/Downloads/code/cursorai/SnowflakeToKafkaCDC/target/surefire 2025-10-03T16-54-08_094-jvmRun1 surefire-20251003165408133_1tmp surefire_0-20251003165408133_2tmp"/>
    <property name="http.nonProxyHosts" value="local|*.local|169.254/16|*.169.254/16"/>
    <property name="jdk.debug" value="release"/>
    <property name="surefire.test.class.path" value="/Users/tspann/Downloads/code/cursorai/SnowflakeToKafkaCDC/target/test-classes:/Users/tspann/Downloads/code/cursorai/SnowflakeToKafkaCDC/target/classes:/Users/tspann/.m2/repository/net/snowflake/snowflake-jdbc/3.14.4/snowflake-jdbc-3.14.4.jar:/Users/tspann/.m2/repository/org/apache/kafka/kafka-clients/3.6.0/kafka-clients-3.6.0.jar:/Users/tspann/.m2/repository/com/github/luben/zstd-jni/1.5.5-1/zstd-jni-1.5.5-1.jar:/Users/tspann/.m2/repository/org/lz4/lz4-java/1.8.0/lz4-java-1.8.0.jar:/Users/tspann/.m2/repository/org/xerial/snappy/snappy-java/1.1.10.4/snappy-java-1.1.10.4.jar:/Users/tspann/.m2/repository/com/fasterxml/jackson/core/jackson-databind/2.16.0/jackson-databind-2.16.0.jar:/Users/tspann/.m2/repository/com/fasterxml/jackson/core/jackson-annotations/2.16.0/jackson-annotations-2.16.0.jar:/Users/tspann/.m2/repository/com/fasterxml/jackson/core/jackson-core/2.16.0/jackson-core-2.16.0.jar:/Users/tspann/.m2/repository/com/fasterxml/jackson/datatype/jackson-datatype-jsr310/2.16.0/jackson-datatype-jsr310-2.16.0.jar:/Users/tspann/.m2/repository/com/zaxxer/HikariCP/5.1.0/HikariCP-5.1.0.jar:/Users/tspann/.m2/repository/org/apache/commons/commons-pool2/2.12.0/commons-pool2-2.12.0.jar:/Users/tspann/.m2/repository/org/slf4j/slf4j-api/2.0.9/slf4j-api-2.0.9.jar:/Users/tspann/.m2/repository/ch/qos/logback/logback-classic/1.4.14/logback-classic-1.4.14.jar:/Users/tspann/.m2/repository/ch/qos/logback/logback-core/1.4.14/logback-core-1.4.14.jar:/Users/tspann/.m2/repository/io/micrometer/micrometer-core/1.12.0/micrometer-core-1.12.0.jar:/Users/tspann/.m2/repository/io/micrometer/micrometer-commons/1.12.0/micrometer-commons-1.12.0.jar:/Users/tspann/.m2/repository/io/micrometer/micrometer-observation/1.12.0/micrometer-observation-1.12.0.jar:/Users/tspann/.m2/repository/org/hdrhistogram/HdrHistogram/2.1.12/HdrHistogram-2.1.12.jar:/Users/tspann/.m2/repository/org/latencyutils/LatencyUtils/2.0.3/LatencyUtils-2.0.3.jar:/Users/tspann/.m2/repository/io/micrometer/micrometer-registry-jmx/1.12.0/micrometer-registry-jmx-1.12.0.jar:/Users/tspann/.m2/repository/io/dropwizard/metrics/metrics-jmx/4.2.22/metrics-jmx-4.2.22.jar:/Users/tspann/.m2/repository/io/dropwizard/metrics/metrics-core/4.2.22/metrics-core-4.2.22.jar:/Users/tspann/.m2/repository/org/bouncycastle/bcpkix-jdk18on/1.77/bcpkix-jdk18on-1.77.jar:/Users/tspann/.m2/repository/org/bouncycastle/bcutil-jdk18on/1.77/bcutil-jdk18on-1.77.jar:/Users/tspann/.m2/repository/org/bouncycastle/bcprov-jdk18on/1.77/bcprov-jdk18on-1.77.jar:/Users/tspann/.m2/repository/com/typesafe/config/1.4.3/config-1.4.3.jar:/Users/tspann/.m2/repository/org/junit/jupiter/junit-jupiter/5.10.1/junit-jupiter-5.10.1.jar:/Users/tspann/.m2/repository/org/junit/jupiter/junit-jupiter-api/5.10.1/junit-jupiter-api-5.10.1.jar:/Users/tspann/.m2/repository/org/opentest4j/opentest4j/1.3.0/opentest4j-1.3.0.jar:/Users/tspann/.m2/repository/org/junit/platform/junit-platform-commons/1.10.1/junit-platform-commons-1.10.1.jar:/Users/tspann/.m2/repository/org/apiguardian/apiguardian-api/1.1.2/apiguardian-api-1.1.2.jar:/Users/tspann/.m2/repository/org/junit/jupiter/junit-jupiter-params/5.10.1/junit-jupiter-params-5.10.1.jar:/Users/tspann/.m2/repository/org/junit/jupiter/junit-jupiter-engine/5.10.1/junit-jupiter-engine-5.10.1.jar:/Users/tspann/.m2/repository/org/junit/platform/junit-platform-engine/1.10.1/junit-platform-engine-1.10.1.jar:/Users/tspann/.m2/repository/org/testcontainers/junit-jupiter/1.19.3/junit-jupiter-1.19.3.jar:/Users/tspann/.m2/repository/org/testcontainers/testcontainers/1.19.3/testcontainers-1.19.3.jar:/Users/tspann/.m2/repository/junit/junit/4.13.2/junit-4.13.2.jar:/Users/tspann/.m2/repository/org/hamcrest/hamcrest-core/1.3/hamcrest-core-1.3.jar:/Users/tspann/.m2/repository/org/apache/commons/commons-compress/1.24.0/commons-compress-1.24.0.jar:/Users/tspann/.m2/repository/org/rnorth/duct-tape/duct-tape/1.0.8/duct-tape-1.0.8.jar:/Users/tspann/.m2/repository/org/jetbrains/annotations/17.0.0/annotations-17.0.0.jar:/Users/tspann/.m2/repository/com/github/docker-java/docker-java-api/3.3.4/docker-java-api-3.3.4.jar:/Users/tspann/.m2/repository/com/github/docker-java/docker-java-transport-zerodep/3.3.4/docker-java-transport-zerodep-3.3.4.jar:/Users/tspann/.m2/repository/com/github/docker-java/docker-java-transport/3.3.4/docker-java-transport-3.3.4.jar:/Users/tspann/.m2/repository/net/java/dev/jna/jna/5.13.0/jna-5.13.0.jar:/Users/tspann/.m2/repository/org/testcontainers/kafka/1.19.3/kafka-1.19.3.jar:/Users/tspann/.m2/repository/org/mockito/mockito-core/5.8.0/mockito-core-5.8.0.jar:/Users/tspann/.m2/repository/net/bytebuddy/byte-buddy/1.14.10/byte-buddy-1.14.10.jar:/Users/tspann/.m2/repository/net/bytebuddy/byte-buddy-agent/1.14.10/byte-buddy-agent-1.14.10.jar:/Users/tspann/.m2/repository/org/objenesis/objenesis/3.3/objenesis-3.3.jar:"/>
    <property name="sun.cpu.endian" value="little"/>
    <property name="user.home" value="/Users/tspann"/>
    <property name="user.language" value="en"/>
    <property name="java.specification.vendor" value="Oracle Corporation"/>
    <property name="java.version.date" value="2025-01-21"/>
    <property name="java.home" value="/Users/tspann/.sdkman/candidates/java/21.0.6-tem"/>
    <property name="file.separator" value="/"/>
    <property name="basedir" value="/Users/tspann/Downloads/code/cursorai/SnowflakeToKafkaCDC"/>
    <property name="java.vm.compressedOopsMode" value="Zero based"/>
    <property name="line.separator" value="&#10;"/>
    <property name="java.vm.specification.vendor" value="Oracle Corporation"/>
    <property name="java.specification.name" value="Java Platform API Specification"/>
    <property name="apple.awt.application.name" value="ForkedBooter"/>
    <property name="surefire.real.class.path" value="/Users/tspann/Downloads/code/cursorai/SnowflakeToKafkaCDC/target/surefire/surefirebooter-20251003165408133_3.jar"/>
    <property name="sun.management.compiler" value="HotSpot 64-Bit Tiered Compilers"/>
    <property name="ftp.nonProxyHosts" value="local|*.local|169.254/16|*.169.254/16"/>
    <property name="java.runtime.version" value="21.0.6+7-LTS"/>
    <property name="user.name" value="tspann"/>
    <property name="stdout.encoding" value="UTF-8"/>
    <property name="path.separator" value=":"/>
    <property name="os.version" value="15.7.1"/>
    <property name="java.runtime.name" value="OpenJDK Runtime Environment"/>
    <property name="file.encoding" value="UTF-8"/>
    <property name="java.vm.name" value="OpenJDK 64-Bit Server VM"/>
    <property name="java.vendor.version" value="Temurin-21.0.6+7"/>
    <property name="localRepository" value="/Users/tspann/.m2/repository"/>
    <property name="java.vendor.url.bug" value="https://github.com/adoptium/adoptium-support/issues"/>
    <property name="java.io.tmpdir" value="/var/folders/r0/v5b3ymjx2kj9nf26pmtv2rcr0000gn/T/"/>
    <property name="java.version" value="21.0.6"/>
    <property name="user.dir" value="/Users/tspann/Downloads/code/cursorai/SnowflakeToKafkaCDC"/>
    <property name="os.arch" value="aarch64"/>
    <property name="java.vm.specification.name" value="Java Virtual Machine Specification"/>
    <property name="native.encoding" value="UTF-8"/>
    <property name="java.library.path" value="/Users/tspann/Library/Java/Extensions:/Library/Java/Extensions:/Network/Library/Java/Extensions:/System/Library/Java/Extensions:/usr/lib/java:."/>
    <property name="java.vm.info" value="mixed mode, sharing"/>
    <property name="stderr.encoding" value="UTF-8"/>
    <property name="java.vendor" value="Eclipse Adoptium"/>
    <property name="java.vm.version" value="21.0.6+7-LTS"/>
    <property name="sun.io.unicode.encoding" value="UnicodeBig"/>
    <property name="socksNonProxyHosts" value="local|*.local|169.254/16|*.169.254/16"/>
    <property name="java.class.version" value="65.0"/>
  </properties>
  <testcase name="testPerformance" classname="com.snowflake.kafka.security.SnowflakeKeyPairAuthTest" time="0.335">
    <system-out><![CDATA[16:54:08.904 [main] INFO com.snowflake.kafka.security.SnowflakeKeyPairAuth -- Snowflake key-pair authentication initialized successfully
16:54:08.904 [main] DEBUG com.snowflake.kafka.security.SnowflakeKeyPairAuth -- Public key fingerprint: 2E5E630A2FAA800C47880BA3C30D5FF719919ABE45076E431C5723212F8BB5EE
Generated 100 JWT tokens in 89ms (0.89ms per token)
]]></system-out>
  </testcase>
  <testcase name="testPublicKeyFingerprint" classname="com.snowflake.kafka.security.SnowflakeKeyPairAuthTest" time="0.131">
    <system-out><![CDATA[16:54:09.070 [main] INFO com.snowflake.kafka.security.SnowflakeKeyPairAuth -- Snowflake key-pair authentication initialized successfully
16:54:09.070 [main] DEBUG com.snowflake.kafka.security.SnowflakeKeyPairAuth -- Public key fingerprint: C03616F113589CEEF8CA2BAED25AA0E9DB06AC2CCF1267537EA30495DDE97A59
16:54:09.071 [main] INFO com.snowflake.kafka.security.SnowflakeKeyPairAuth -- Snowflake key-pair authentication initialized successfully
16:54:09.071 [main] DEBUG com.snowflake.kafka.security.SnowflakeKeyPairAuth -- Public key fingerprint: C03616F113589CEEF8CA2BAED25AA0E9DB06AC2CCF1267537EA30495DDE97A59
]]></system-out>
  </testcase>
  <testcase name="testKeyPairGeneration" classname="com.snowflake.kafka.security.SnowflakeKeyPairAuthTest" time="1.64"/>
  <testcase name="testKeyPairAuthFromContent" classname="com.snowflake.kafka.security.SnowflakeKeyPairAuthTest" time="0.04">
    <system-out><![CDATA[16:54:10.806 [main] INFO com.snowflake.kafka.security.SnowflakeKeyPairAuth -- Key pair validation successful: RSA-2048 key
]]></system-out>
  </testcase>
  <testcase name="testKeyValidation" classname="com.snowflake.kafka.security.SnowflakeKeyPairAuthTest" time="0.06">
    <system-out><![CDATA[16:54:10.864 [main] INFO com.snowflake.kafka.security.SnowflakeKeyPairAuth -- Snowflake key-pair authentication initialized successfully
16:54:10.864 [main] DEBUG com.snowflake.kafka.security.SnowflakeKeyPairAuth -- Public key fingerprint: 1C4281B4AE62F679E48A46BA6819649AE91D88816198BF3EFF3E22A776C149B7
16:54:10.865 [main] INFO com.snowflake.kafka.security.SnowflakeKeyPairAuth -- Key pair validation successful: RSA-2048 key
]]></system-out>
  </testcase>
  <testcase name="testInvalidKeyContent" classname="com.snowflake.kafka.security.SnowflakeKeyPairAuthTest" time="0.145"/>
  <testcase name="testKeyPairAuthFromFile" classname="com.snowflake.kafka.security.SnowflakeKeyPairAuthTest" time="0.089">
    <system-out><![CDATA[16:54:11.099 [main] INFO com.snowflake.kafka.security.SnowflakeKeyPairAuth -- Snowflake key-pair authentication initialized successfully
16:54:11.099 [main] DEBUG com.snowflake.kafka.security.SnowflakeKeyPairAuth -- Public key fingerprint: AD9FD70C6160536D7962BB2FF7E94EBB2DC3C5503A7952D6E1FB18EE938CC3EA
16:54:11.100 [main] INFO com.snowflake.kafka.security.SnowflakeKeyPairAuth -- Key pair validation successful: RSA-2048 key
]]></system-out>
  </testcase>
  <testcase name="testJwtTokenGeneration" classname="com.snowflake.kafka.security.SnowflakeKeyPairAuthTest" time="0.099">
    <system-out><![CDATA[16:54:11.197 [main] INFO com.snowflake.kafka.security.SnowflakeKeyPairAuth -- Snowflake key-pair authentication initialized successfully
16:54:11.197 [main] DEBUG com.snowflake.kafka.security.SnowflakeKeyPairAuth -- Public key fingerprint: BE5383D780AC5EB8411028D933F32F03E16693B53F81243B179DFD829A0CD93E
]]></system-out>
  </testcase>
  <testcase name="testPublicKeyPemFormat" classname="com.snowflake.kafka.security.SnowflakeKeyPairAuthTest" time="0.065">
    <system-out><![CDATA[16:54:11.264 [main] INFO com.snowflake.kafka.security.SnowflakeKeyPairAuth -- Snowflake key-pair authentication initialized successfully
16:54:11.264 [main] DEBUG com.snowflake.kafka.security.SnowflakeKeyPairAuth -- Public key fingerprint: B205D46F967D32F0C7BB4E2FD3B10B331A07352D15FF11EF6A88F61ECCED92BF
]]></system-out>
  </testcase>
  <testcase name="testJwtTokenStructure" classname="com.snowflake.kafka.security.SnowflakeKeyPairAuthTest" time="0.054">
    <system-out><![CDATA[16:54:11.317 [main] INFO com.snowflake.kafka.security.SnowflakeKeyPairAuth -- Snowflake key-pair authentication initialized successfully
16:54:11.317 [main] DEBUG com.snowflake.kafka.security.SnowflakeKeyPairAuth -- Public key fingerprint: CE49D809B27D8811FD3998FC0C3B2CCB5F65F81550BB8419149755CBE58CFA5C
]]></system-out>
  </testcase>
  <testcase name="testConcurrentAccess" classname="com.snowflake.kafka.security.SnowflakeKeyPairAuthTest" time="0.073">
    <system-out><![CDATA[16:54:11.368 [main] INFO com.snowflake.kafka.security.SnowflakeKeyPairAuth -- Snowflake key-pair authentication initialized successfully
16:54:11.369 [main] DEBUG com.snowflake.kafka.security.SnowflakeKeyPairAuth -- Public key fingerprint: E997657698441AA371897F1EA8CDF25DE756FA274CBA9CC4E08DB5B99ACCE9C7
]]></system-out>
  </testcase>
  <testcase name="testEncryptedPrivateKey" classname="com.snowflake.kafka.security.SnowflakeKeyPairAuthTest" time="0.164">
    <system-out><![CDATA[16:54:11.555 [main] INFO com.snowflake.kafka.security.SnowflakeKeyPairAuth -- Snowflake key-pair authentication initialized successfully
16:54:11.555 [main] DEBUG com.snowflake.kafka.security.SnowflakeKeyPairAuth -- Public key fingerprint: 6E1A20AD82F93624F5647149CD507D1B1E5A5CD983A0383807C761D53CB49B71
16:54:11.556 [main] INFO com.snowflake.kafka.security.SnowflakeKeyPairAuth -- Key pair validation successful: RSA-2048 key
]]></system-out>
  </testcase>
  <testcase name="testInvalidKeyFile" classname="com.snowflake.kafka.security.SnowflakeKeyPairAuthTest" time="0.15"/>
</testsuite>